7610.963040,67.77,76.94,76.94
7610.970823,67.77,83.27,83.27
7610.979438,67.77,89.90,89.90
7610.989290,67.77,97.79,97.79
7610.999224,67.77,104.25,104.25
7611.011128,67.77,111.58,111.58
7611.022128,67.77,117.77,117.77
7611.032783,67.77,122.84,122.84
7611.043994,67.77,127.52,127.52
7611.055338,67.77,131.67,131.67
7611.066287,67.77,135.48,135.48
7611.077304,67.77,137.57,137.57
7611.088231,67.77,138.94,138.94
7611.099508,67.77,140.30,140.30
7611.111770,67.77,141.83,141.83
7611.122130,67.77,143.05,143.05
7611.134004,67.77,144.30,144.30
7611.144413,67.77,144.93,144.93
7611.155106,67.77,144.83,144.83
7611.166701,67.77,144.89,144.89
7611.178195,67.77,145.07,145.07
7611.189366,67.77,145.10,145.10
7611.200559,67.77,145.03,145.03
7611.210894,67.77,145.00,145.00
7611.221831,67.77,144.93,144.93
7611.232836,67.77,144.98,144.98
7611.243916,67.77,145.00,145.00
7611.254786,67.77,145.00,145.00
7611.266084,67.77,145.00,145.00
7611.277171,67.77,144.99,144.99
7611.289527,67.77,145.01,145.01
7611.300649,67.77,144.92,144.92
7611.311663,67.77,145.05,145.05
7611.322730,67.77,145.05,145.05
7611.333242,67.77,145.13,145.13
7611.344074,67.77,144.88,144.88
7611.356070,67.77,144.66,144.66
7611.367298,67.77,144.71,144.71
7611.378338,67.77,144.74,144.74
7611.388351,67.77,144.64,144.64
7611.400104,67.77,144.55,144.55
7611.410724,67.77,144.64,144.64
7611.421740,67.77,144.78,144.78
7611.433100,67.77,144.81,144.81
7611.447493,67.77,145.05,145.05
7611.471058,67.77,145.06,145.06
7611.477009,67.77,145.15,145.15
7611.481495,67.77,145.15,145.15
7611.488634,67.77,145.15,145.15
7611.499509,67.77,145.15,145.15
7611.520941,67.77,145.14,145.14
7611.531940,67.77,145.14,145.14
7611.543523,67.77,145.14,145.14
7611.555105,67.77,145.14,145.14
7611.566228,67.77,145.13,145.13
7611.576896,67.77,145.13,145.13
7611.588301,67.77,145.13,145.13
7611.600135,67.77,145.13,145.13
7611.611250,67.77,145.13,145.13
7611.621798,67.77,145.13,145.13
7611.632449,67.77,145.13,145.13
7611.645630,67.77,145.13,145.13
7611.661473,67.77,145.13,145.13
7611.667355,67.77,143.23,143.23
7611.678523,67.77,141.00,141.00
7611.693157,67.77,140.67,140.67
7611.702783,67.77,142.19,142.19
7611.714744,67.77,148.96,148.96
7611.724599,67.77,168.75,168.75
7611.734335,67.77,177.52,177.52
7611.747637,67.77,182.28,182.28
7611.756684,67.77,186.92,186.92
7611.768478,67.77,189.46,189.46
7611.778707,67.77,191.03,191.03
7611.793400,67.77,192.89,192.89
7611.810438,67.77,192.95,192.95
7611.823087,67.77,193.79,193.79
7611.831490,67.77,193.69,193.69
7611.846627,67.77,193.43,193.43
7611.857100,67.77,194.78,194.78
7611.868128,67.77,192.71,192.71
7611.885296,67.77,193.00,193.00
7611.891881,67.77,193.78,193.78
7611.902048,67.77,193.40,193.40
7611.913043,67.77,193.32,193.32
7611.923518,67.77,193.41,193.41
7611.935772,67.77,193.91,193.91
7611.950290,67.77,193.95,193.95
7611.963125,67.77,194.05,194.05
7611.976653,67.77,193.02,193.02
7612.009838,67.77,192.37,192.37
7612.018432,67.77,193.25,193.25
7612.043929,67.77,192.25,192.25
7612.060239,67.77,193.20,193.20
7612.071710,67.77,192.40,192.40
7612.080071,67.77,192.64,192.64
7612.093183,67.77,192.65,192.65
7612.106700,67.77,192.31,192.31
7612.115612,67.77,165.00,165.00
7612.129715,67.77,140.79,140.79
7612.137217,67.77,112.15,112.15
7612.150766,67.77,92.94,92.94
7612.158751,67.77,76.29,76.29
7612.169540,67.77,61.55,61.55
7612.180445,67.77,48.63,48.63
7612.192150,67.77,37.90,37.90
7612.203205,67.77,27.37,27.37
7612.213849,67.77,19.70,19.70
7612.224081,67.77,13.79,13.79
7612.234552,67.77,9.58,9.58
7612.246858,67.77,5.95,5.95
7612.257485,67.77,5.42,5.42
7612.266858,67.77,5.42,5.42
7612.279051,67.77,5.42,5.42
7612.288835,67.77,5.42,5.42
7612.300632,67.77,5.42,5.42
7612.311090,67.77,5.42,5.42
7612.324810,67.77,5.42,5.42
7612.332974,67.77,5.42,5.42
7612.344001,67.77,5.42,5.42
7612.357751,67.77,5.42,5.42
7612.368372,67.77,5.42,5.42
7612.377057,67.77,5.42,5.42
7612.391668,67.77,5.42,5.42
7612.398622,67.77,5.42,5.42
7612.411668,67.77,5.42,5.42
7612.422102,67.77,5.42,5.42
7612.432926,67.77,5.42,5.42
7612.442716,67.77,5.42,5.42
7612.455264,67.77,5.42,5.42
7612.465764,67.77,5.42,5.42
7612.477560,67.77,5.42,5.42
7612.488998,67.77,5.42,5.42
7612.500795,67.77,5.42,5.42
7612.509852,67.77,5.42,5.42
7612.527029,67.77,5.42,5.42
7612.537643,67.77,5.42,5.42
7612.546042,67.77,5.42,5.42
7612.559050,67.77,5.42,5.42
7612.566346,67.77,5.42,5.42
7612.576590,67.77,5.42,5.42
7612.589992,67.77,5.42,5.42
7612.599155,67.77,5.42,5.42
7612.611157,67.77,5.42,5.42
7612.622322,67.77,5.42,5.42
7612.633666,67.77,5.42,5.42
7612.643659,67.77,5.42,5.42
7612.655161,67.77,5.42,5.42
7612.665507,67.77,5.42,5.42
7612.677618,67.77,5.42,5.42
7612.690121,67.77,5.42,5.42
7612.746399,67.77,5.42,5.42
7612.809613,67.77,5.42,5.42
7612.881401,67.77,5.42,5.42
7612.942584,67.77,5.42,5.42
7613.009647,67.77,5.42,5.42
7613.076905,67.77,5.42,5.42
7613.144308,67.77,5.42,5.42
7613.211421,67.77,5.42,5.42
7613.287722,67.77,5.42,5.42
7613.354974,67.77,5.42,5.42
7613.427528,67.77,5.42,5.42
7613.494997,67.77,5.42,5.42
7613.549621,67.77,5.42,5.42
7613.565682,67.77,5.42,5.42
7613.616707,67.77,81.40,81.40
7613.633160,67.77,84.48,84.48
7613.648600,67.77,85.18,85.18
7613.665215,67.77,85.31,85.31
7613.683539,67.77,84.98,84.98
7613.700994,67.77,85.14,85.14
7613.719600,67.77,84.65,84.65
7613.731882,67.77,84.96,84.96
7613.748524,67.77,84.67,84.67
7613.765945,67.77,87.58,87.58
7613.782089,67.77,87.22,87.22
7613.799147,67.77,88.25,88.25
7613.816189,67.77,87.87,87.87
7613.832436,67.77,87.65,87.65
7613.849125,67.77,86.70,86.70
7613.865557,67.77,87.38,87.38
7613.882402,67.77,87.74,87.74
7613.898763,67.77,88.42,88.42
7613.915513,67.77,87.80,87.80
7613.932347,67.77,86.96,86.96
7613.949033,67.77,87.19,87.19
7613.965509,67.77,85.82,85.82
7613.982079,67.77,86.20,86.20
7613.998575,67.77,86.55,86.55
7614.016222,67.77,86.89,86.89
7614.032064,67.77,86.42,86.42
7614.048746,67.77,86.24,86.24
7614.066286,67.77,84.85,84.85
7614.083638,67.77,85.92,85.92
7614.100788,67.77,84.07,84.07
7614.115409,67.77,85.18,85.18
7614.132058,67.77,84.37,84.37
7614.149112,67.77,84.84,84.84
7614.165860,67.77,85.14,85.14
7614.182530,67.77,84.87,84.87
7614.199389,67.77,84.08,84.08
7614.215782,67.77,83.44,83.44
7614.233809,67.77,125.60,125.60
7614.249252,67.77,125.47,125.47
7614.275495,67.77,124.45,124.45
7614.282886,67.77,124.46,124.46
7614.299015,67.77,124.22,124.22
7614.315646,67.77,123.37,123.37
7614.332045,67.77,124.49,124.49
7614.348635,67.77,123.34,123.34
7614.365523,67.77,123.50,123.50
7614.384683,67.77,124.22,124.22
7614.399161,67.77,125.79,125.79
7614.416281,67.77,125.57,125.57
7614.432724,67.77,125.07,125.07
7614.449454,67.77,124.44,124.44
7614.465571,67.77,123.91,123.91
7614.483218,67.77,122.94,122.94
7614.498838,67.77,124.89,124.89
7614.515615,67.77,124.80,124.80
7614.532890,67.77,125.30,125.30
7614.548806,67.77,119.51,119.51
7614.565263,67.77,118.85,118.85
7614.582563,67.77,119.12,119.12
7614.598883,67.77,119.40,119.40
7614.617190,67.77,120.18,120.18
7614.632336,67.77,120.63,120.63
7614.648771,67.77,121.94,121.94
7614.665973,67.77,121.84,121.84
7614.682451,67.77,123.69,123.69
7614.701183,67.77,124.01,124.01
7614.715629,67.77,123.61,123.61
7614.732410,67.77,123.72,123.72
7614.750606,67.77,123.97,123.97
7614.765540,67.77,124.27,124.27
7614.782493,67.77,124.44,124.44
7614.798588,67.77,124.79,124.79
7614.815463,67.77,124.90,124.90
7614.833195,67.77,125.23,125.23
7614.852506,67.77,125.00,125.00
7614.864929,67.77,125.92,125.92
7614.898333,67.77,125.87,125.87
7614.915213,67.77,126.66,126.66
7614.932165,67.77,127.45,127.45
7614.948800,67.77,127.78,127.78
7614.965537,67.77,128.14,128.14
7614.981924,67.77,128.80,128.80
7614.998513,67.77,129.30,129.30
7615.016452,67.77,129.81,129.81
7615.032372,67.77,129.77,129.77
7615.048382,67.77,129.78,129.78
7615.065455,67.77,130.05,130.05
7615.081962,67.77,130.62,130.62
7615.099240,67.77,131.27,131.27
7615.115881,67.77,132.85,132.85
7615.132539,67.77,132.58,132.58
7615.148356,67.77,154.92,154.92
7615.165473,67.77,154.43,154.43
7615.182623,67.77,155.34,155.34
7615.198846,67.77,155.22,155.22
7615.215328,67.77,155.56,155.56
7615.232381,67.77,155.53,155.53
7615.249398,67.77,155.58,155.58
7615.265646,67.77,155.54,155.54
7615.282471,67.77,155.67,155.67
7615.298858,67.77,155.48,155.48
7615.315663,67.77,155.50,155.50
7615.333848,67.77,154.87,154.87
7615.349188,67.77,155.04,155.04
7615.367041,67.77,155.38,155.38
7615.382431,67.77,155.22,155.22
7615.398746,67.77,154.92,154.92
7615.415323,67.77,154.76,154.76
7615.431889,67.77,155.57,155.57
7615.448889,67.77,141.77,141.77
7615.466074,67.77,142.24,142.24
7615.482279,67.77,142.25,142.25
7615.498239,67.77,142.23,142.23
7615.515515,67.77,142.26,142.26
7615.532828,67.77,142.25,142.25
7615.549438,67.77,142.28,142.28
7615.565631,67.77,144.79,144.79
7615.581857,67.77,144.50,144.50
7615.599561,67.77,145.65,145.65
7615.615504,67.77,145.90,145.90
7615.632232,67.77,145.60,145.60
7615.649945,67.77,146.02,146.02
7615.665608,67.77,145.42,145.42
7615.684317,67.77,145.03,145.03
7615.698647,67.77,144.71,144.71
7615.717541,67.77,145.25,145.25
7615.732216,67.77,144.84,144.84
7615.748831,67.77,144.97,144.97
7615.765583,67.77,145.35,145.35
7615.782758,67.77,144.87,144.87
7615.799355,67.77,144.63,144.63
7615.815531,67.77,144.55,144.55
7615.832197,67.77,144.74,144.74
7615.849108,67.77,144.44,144.44
7615.865194,67.77,145.02,145.02
7615.884740,67.77,145.28,145.28
7615.899455,67.77,145.07,145.07
7615.915540,67.77,145.84,145.84
7615.931742,67.77,145.19,145.19
7615.948453,67.77,145.60,145.60
7615.965080,67.77,146.22,146.22
7615.984561,67.77,146.25,146.25
7615.998363,67.77,147.30,147.30
7616.015164,67.77,147.13,147.13
7616.032792,67.77,150.28,150.28
7616.048358,67.77,150.99,150.99
7616.065724,67.77,151.39,151.39
7616.082499,67.77,150.66,150.66
7616.098723,67.77,150.50,150.50
7616.118332,67.77,150.09,150.09
7616.131909,67.77,150.13,150.13
7616.148420,67.77,150.23,150.23
7616.165374,67.77,151.26,151.26
7616.182089,67.77,151.42,151.42
7616.199046,67.77,152.56,152.56
7616.216051,67.77,152.61,152.61
7616.232022,67.77,155.39,155.39
7616.248944,67.77,155.25,155.25
7616.265439,67.77,155.23,155.23
7616.282328,67.77,155.04,155.04
7616.299835,67.77,155.08,155.08
7616.315218,67.77,155.22,155.22
7616.332401,67.77,154.93,154.93
7616.348391,67.77,155.49,155.49
7616.366686,67.77,158.90,158.90
7616.381951,67.77,159.18,159.18
7616.400455,67.77,160.07,160.07
7616.415682,67.77,159.94,159.94
7616.434260,67.77,159.54,159.54
7616.449764,67.77,159.75,159.75
7616.465029,67.77,159.85,159.85
7616.484624,67.77,159.45,159.45
7616.498647,67.77,159.41,159.41
7616.515317,67.77,159.42,159.42
7616.533556,67.77,162.41,162.41
7616.548565,67.77,166.65,166.65
7616.566145,67.77,167.01,167.01
7616.584494,67.77,166.86,166.86
7616.598164,67.77,166.97,166.97
7616.615277,67.77,167.16,167.16
7616.633079,67.77,166.95,166.95
7616.650205,67.77,166.93,166.93
7616.665545,67.77,167.40,167.40
7616.682266,67.77,167.68,167.68
7616.699080,67.77,166.87,166.87
7616.715782,67.77,166.75,166.75
7616.733186,67.77,166.90,166.90
7616.748341,67.77,166.70,166.70
7616.765626,67.77,166.61,166.61
7616.781807,67.77,166.70,166.70
7616.798650,67.77,166.95,166.95
7616.815318,67.77,167.21,167.21
7616.832294,67.77,167.89,167.89
7616.848079,67.77,166.87,166.87
7616.865074,67.77,166.63,166.63
7616.883295,67.77,166.90,166.90
7616.898414,67.77,167.03,167.03
7616.915189,67.77,166.90,166.90
7616.932142,67.77,167.33,167.33
7616.948484,67.77,166.80,166.80
7616.965562,67.77,166.79,166.79
7616.982419,67.77,166.95,166.95
7616.998435,67.77,167.29,167.29
7617.015874,67.77,166.83,166.83
7617.032490,67.77,166.67,166.67
7617.050340,67.77,166.52,166.52
7617.065559,67.77,166.47,166.47
7617.082539,67.77,166.49,166.49
7617.098386,67.77,166.53,166.53
7617.115100,67.77,166.60,166.60
7617.132439,67.77,166.50,166.50
7617.148331,67.77,166.07,166.07
7617.165070,67.77,165.68,165.68
7617.182051,67.77,165.30,165.30
7617.198448,67.77,166.70,166.70
7617.215318,67.77,165.67,165.67
7617.232095,67.77,165.76,165.76
7617.248005,67.77,166.27,166.27
7617.264857,67.77,165.40,165.40
7617.282119,67.77,166.18,166.18
7617.298414,67.77,165.64,165.64
7617.315351,67.77,165.37,165.37
7617.332070,67.77,165.74,165.74
7617.348181,67.77,165.27,165.27
7617.365889,67.77,165.80,165.80
7617.381800,67.77,165.28,165.28
7617.398985,67.77,165.51,165.51
7617.415215,67.77,165.21,165.21
7617.431893,67.77,164.58,164.58
7617.448482,67.77,164.78,164.78
7617.465299,67.77,164.31,164.31
7617.482048,67.77,164.61,164.61
7617.499762,67.77,164.36,164.36
7617.516005,67.77,164.54,164.54
7617.532817,67.77,164.13,164.13
7617.549990,67.77,164.34,164.34
7617.568411,67.77,164.02,164.02
7617.582797,67.77,163.93,163.93
7617.599781,67.77,163.94,163.94
7617.616275,67.77,163.91,163.91
7617.631714,67.77,163.74,163.74
7617.650998,67.77,164.04,164.04
7617.665578,67.77,163.71,163.71
7617.682718,67.77,163.17,163.17
7617.698294,67.77,162.45,162.45
7617.717152,67.77,162.64,162.64
7617.733437,67.77,161.79,161.79
7617.749189,67.77,161.59,161.59
7617.766159,67.77,161.89,161.89
7617.785031,67.77,161.36,161.36
7617.815215,67.77,161.28,161.28
7617.831802,67.77,160.80,160.80
7617.848589,67.77,160.82,160.82
7617.864809,67.77,160.71,160.71
7617.882241,67.77,160.69,160.69
7617.899980,67.77,160.30,160.30
7617.914988,67.77,159.83,159.83
7617.932241,67.77,159.67,159.67
7617.948384,67.77,159.25,159.25
7617.965590,67.77,159.55,159.55
7617.982772,67.77,158.89,158.89
7617.998672,67.77,158.89,158.89
7618.016015,67.77,158.14,158.14
7618.032035,67.77,158.33,158.33
7618.050376,67.77,157.71,157.71
7618.065577,67.77,157.40,157.40
7618.083030,67.77,157.20,157.20
7618.098762,67.77,157.17,157.17
7618.115310,67.77,156.52,156.52
7618.131641,67.77,156.63,156.63
7618.148767,67.77,155.93,155.93
7618.168417,67.77,159.40,159.40
7618.181754,67.77,159.17,159.17
7618.198518,67.77,159.01,159.01
7618.217258,67.77,159.06,159.06
7618.231950,67.77,158.55,158.55
7618.253102,67.77,158.16,158.16
7618.266342,67.77,157.80,157.80
7618.282871,67.77,158.05,158.05
7618.298733,67.77,158.06,158.06
7618.315440,67.77,157.97,157.97
7618.332695,67.77,158.24,158.24
7618.348813,67.77,157.74,157.74
7618.368615,67.77,158.02,158.02
7618.382141,67.77,158.54,158.54
7618.398825,67.77,158.33,158.33
7618.415170,67.77,157.98,157.98
7618.431582,67.77,158.20,158.20
7618.448301,67.77,158.02,158.02
7618.465309,67.77,158.10,158.10
7618.481865,67.77,158.35,158.35
7618.498617,67.77,158.18,158.18
7618.515091,67.77,158.66,158.66
7618.536284,67.77,158.85,158.85
7618.547848,67.77,158.95,158.95
7618.565442,67.77,158.56,158.56
7618.585801,67.77,158.33,158.33
7618.599615,67.77,158.98,158.98
7618.615823,67.77,158.80,158.80
7618.632565,67.77,159.03,159.03
7618.652004,67.77,159.30,159.30
7618.665742,67.77,159.10,159.10
7618.682452,67.77,159.43,159.43
7618.699357,67.77,159.38,159.38
7618.718594,67.77,159.20,159.20
7618.734493,67.77,159.29,159.29
7618.749975,67.77,159.71,159.71
7618.765285,67.77,160.65,160.65
7618.783940,67.77,160.18,160.18
7618.802235,67.77,160.16,160.16
7618.815961,67.77,160.00,160.00
7618.831415,67.77,159.65,159.65
7618.849264,67.77,159.41,159.41
7618.865089,67.77,159.48,159.48
7618.882213,67.77,159.46,159.46
7618.898496,67.77,159.40,159.40
7618.915815,67.77,159.43,159.43
7618.932569,67.77,159.33,159.33
7618.948836,67.77,159.42,159.42
7618.964819,67.77,159.42,159.42
7618.984508,67.77,159.70,159.70
7618.999723,67.77,160.02,160.02
7619.014982,67.77,159.71,159.71
7619.031865,67.77,159.54,159.54
7619.052108,67.77,159.45,159.45
7619.065504,67.77,159.06,159.06
7619.082843,67.77,159.21,159.21
7619.099873,67.77,159.05,159.05
7619.115205,67.77,159.21,159.21
7619.131899,67.77,159.47,159.47
7619.148783,67.77,159.90,159.90
7619.164895,67.77,159.18,159.18
7619.182413,67.77,159.00,159.00
7619.198499,67.77,159.04,159.04
7619.215223,67.77,158.95,158.95
7619.233595,67.77,159.07,159.07
7619.249032,67.77,158.82,158.82
7619.265358,67.77,158.35,158.35
7619.283004,67.77,158.12,158.12
7619.299537,67.77,158.39,158.39
7619.314644,67.77,157.90,157.90
7619.331328,67.77,157.79,157.79
7619.348229,67.77,157.74,157.74
7619.369078,67.77,158.16,158.16
7619.382668,67.77,157.95,157.95
7619.398583,67.77,157.88,157.88
7619.414906,67.77,157.49,157.49
7619.432055,67.77,157.33,157.33
7619.449667,67.77,157.29,157.29
7619.466206,67.77,157.47,157.47
7619.483157,67.77,157.07,157.07
7619.499115,67.77,156.79,156.79
7619.516055,67.77,156.63,156.63
7619.531536,67.77,156.00,156.00
7619.548587,67.77,155.95,155.95
7619.564825,67.77,156.72,156.72
7619.581832,67.77,156.76,156.76
7619.598187,67.77,156.03,156.03
7619.615066,67.77,156.26,156.26
7619.632452,67.77,156.06,156.06
7619.648587,67.77,156.60,156.60
7619.665481,67.77,155.76,155.76
7619.683085,67.77,155.08,155.08
7619.699156,67.77,154.77,154.77
7619.716038,67.77,155.18,155.18
7619.732611,67.77,154.92,154.92
7619.751562,67.77,153.79,153.79
7619.766239,67.77,154.32,154.32
7619.782229,67.77,154.62,154.62
7619.799256,67.77,154.13,154.13
7619.815401,67.77,153.70,153.70
7619.832366,67.77,153.58,153.58
7619.848422,67.77,153.42,153.42
7619.869278,67.77,153.10,153.10
7619.890601,67.77,152.56,152.56
7619.898338,67.77,152.72,152.72
7619.915155,67.77,152.94,152.94
7619.932367,67.77,152.85,152.85
7619.949000,67.77,152.80,152.80
7619.966576,67.77,152.59,152.59
7619.998443,67.77,152.46,152.46
7620.014876,67.77,152.58,152.58
7620.032009,67.77,152.80,152.80
7620.050939,67.77,153.02,153.02
7620.065129,67.77,153.21,153.21
7620.081890,67.77,153.11,153.11
7620.099886,67.77,152.98,152.98
7620.115341,67.77,152.67,152.67
7620.132019,67.77,152.72,152.72
7620.148873,67.77,152.77,152.77
7620.166434,67.77,152.39,152.39
7620.181983,67.77,152.73,152.73
7620.198186,67.77,152.80,152.80
7620.215636,67.77,153.05,153.05
7620.234091,67.77,152.86,152.86
7620.248391,67.77,153.00,153.00
7620.264759,67.77,152.78,152.78
7620.282412,67.77,152.30,152.30
7620.300372,67.77,151.92,151.92
7620.314598,67.77,151.62,151.62
7620.332518,67.77,151.81,151.81
7620.348227,67.77,151.83,151.83
7620.366295,67.77,152.11,152.11
7620.382868,67.77,152.38,152.38
7620.399162,67.77,152.34,152.34
7620.414968,67.77,152.06,152.06
7620.433212,67.77,152.11,152.11
7620.448234,67.77,152.12,152.12
7620.465516,67.77,152.07,152.07
7620.483618,67.77,152.08,152.08
7620.499685,67.77,151.84,151.84
7620.515750,67.77,151.68,151.68
7620.532072,67.77,151.81,151.81
7620.548562,67.77,152.36,152.36
7620.565897,67.77,152.12,152.12
7620.582686,67.77,151.87,151.87
7620.599102,67.77,151.78,151.78
7620.614934,67.77,151.84,151.84
7620.632928,67.77,151.85,151.85
7620.648403,67.77,151.84,151.84
7620.665558,67.77,151.81,151.81
7620.682030,67.77,151.73,151.73
7620.698733,67.77,151.30,151.30
7620.715310,67.77,151.10,151.10
7620.732399,67.77,151.32,151.32
7620.748616,67.77,151.32,151.32
7620.765620,67.77,151.22,151.22
7620.782367,67.77,151.35,151.35
7620.799542,67.77,151.17,151.17
7620.815459,67.77,151.34,151.34
7620.832401,67.77,151.38,151.38
7620.854740,67.77,151.37,151.37
7620.868499,67.77,151.52,151.52
7620.882185,67.77,151.62,151.62
7620.898498,67.77,152.08,152.08
7620.915710,67.77,151.64,151.64
7620.932279,67.77,151.28,151.28
7620.948469,67.77,151.38,151.38
7620.965637,67.77,151.47,151.47
7620.981938,67.77,151.70,151.70
7620.998279,67.77,151.92,151.92
7621.015192,67.77,152.04,152.04
7621.032353,67.77,151.67,151.67
7621.048833,67.77,151.33,151.33
7621.065461,67.77,151.62,151.62
7621.082397,67.77,151.56,151.56
7621.099083,67.77,151.50,151.50
7621.115072,67.77,151.41,151.41
7621.132299,67.77,151.38,151.38
7621.148261,67.77,151.27,151.27
7621.165002,67.77,139.16,139.16
7621.183965,67.77,139.30,139.30
7621.198662,67.77,139.25,139.25
7621.215010,67.77,139.15,139.15
7621.231795,67.77,139.16,139.16
7621.248411,67.77,139.50,139.50
7621.266043,67.77,139.44,139.44
7621.281977,67.77,139.21,139.21
7621.299275,67.77,139.08,139.08
7621.318245,67.77,139.33,139.33
7621.331862,67.77,139.36,139.36
7621.348568,67.77,139.07,139.07
7621.365111,67.77,138.94,138.94
7621.383147,67.77,138.87,138.87
7621.400286,67.77,138.94,138.94
7621.417596,67.77,139.30,139.30
7621.433868,67.77,139.68,139.68
7621.451678,67.77,139.72,139.72
7621.465654,67.77,139.69,139.69
7621.485706,67.77,139.63,139.63
7621.497797,67.77,138.44,138.44
7621.515156,67.77,138.32,138.32
7621.532389,67.77,138.41,138.41
7621.548317,67.77,138.71,138.71
7621.565177,67.77,138.75,138.75
7621.583181,67.77,138.64,138.64
7621.598230,67.77,138.80,138.80
7621.615337,67.77,138.89,138.89
7621.632820,67.77,138.86,138.86
7621.648531,67.77,138.94,138.94
7621.665124,67.77,138.72,138.72
7621.698941,67.77,138.74,138.74
7621.715080,67.77,139.01,139.01
7621.731893,67.77,138.85,138.85
7621.748900,67.77,138.72,138.72
7621.765271,67.77,138.62,138.62
7621.782365,67.77,138.61,138.61
7621.799364,67.77,138.83,138.83
7621.815957,67.77,138.81,138.81
7621.832305,67.77,138.91,138.91
7621.848657,67.77,139.15,139.15
7621.864913,67.77,139.34,139.34
7621.882758,67.77,139.25,139.25
7621.899494,67.77,139.37,139.37
7621.915861,67.77,139.28,139.28
7621.932334,67.77,138.91,138.91
7621.949951,67.77,139.00,139.00
7621.965934,67.77,139.14,139.14
7621.983673,67.77,139.10,139.10
7621.998040,67.77,139.27,139.27
7622.017326,67.77,139.54,139.54
7622.032325,67.77,139.59,139.59
7622.048846,67.77,139.57,139.57
7622.066815,67.77,138.98,138.98
7622.082257,67.77,138.72,138.72
7622.099207,67.77,138.41,138.41
7622.115150,67.77,137.99,137.99
7622.133275,67.77,137.61,137.61
7622.148596,67.77,137.99,137.99
7622.165348,67.77,138.38,138.38
7622.182142,67.77,137.77,137.77
7622.198579,67.77,137.64,137.64
7622.216303,67.77,137.67,137.67
7622.234347,67.77,137.67,137.67
7622.248732,67.77,137.54,137.54
7622.265829,67.77,137.47,137.47
7622.282018,67.77,137.59,137.59
7622.316644,67.77,137.54,137.54
7622.332001,67.77,137.59,137.59
7622.349740,67.77,137.50,137.50
7622.365065,67.77,137.56,137.56
7622.382413,67.77,137.68,137.68
7622.399050,67.77,137.93,137.93
7622.415221,67.77,137.80,137.80
7622.432354,67.77,137.61,137.61
7622.449176,67.77,137.44,137.44
7622.466059,67.77,137.66,137.66
7622.482482,67.77,137.69,137.69
7622.498825,67.77,137.72,137.72
7622.515519,67.77,137.65,137.65
7622.532368,67.77,137.44,137.44
7622.548726,67.77,137.29,137.29
7622.565916,67.77,137.23,137.23
7622.584973,67.77,137.35,137.35
7622.598323,67.77,137.27,137.27
7622.615331,67.77,137.13,137.13
7622.632883,67.77,137.05,137.05
7622.648885,67.77,137.24,137.24
7622.665294,67.77,137.22,137.22
7622.682289,67.77,137.10,137.10
7622.698976,67.77,137.56,137.56
7622.715535,67.77,137.52,137.52
7622.733998,67.77,137.33,137.33
7622.748954,67.77,137.41,137.41
7622.765229,67.77,137.47,137.47
7622.798745,67.77,137.61,137.61
7622.816702,67.77,137.67,137.67
7622.832446,67.77,137.81,137.81
7622.849643,67.77,137.59,137.59
7622.865933,67.77,137.36,137.36
7622.882169,67.77,137.58,137.58
7622.899204,67.77,137.43,137.43
7622.918758,67.77,137.44,137.44
7622.932437,67.77,137.69,137.69
7622.949792,67.77,137.63,137.63
7622.964712,67.77,137.13,137.13
7622.982794,67.77,136.66,136.66
7622.999818,67.77,136.49,136.49
7623.024066,67.77,136.59,136.59
7623.035125,67.77,137.17,137.17
7623.049700,67.77,137.58,137.58
7623.065102,67.77,137.50,137.50
7623.081973,67.77,137.28,137.28
7623.098407,67.77,137.00,137.00
7623.115648,67.77,136.92,136.92
7623.132393,67.77,136.94,136.94
7623.147885,67.77,136.92,136.92
7623.166169,67.77,136.96,136.96
7623.198928,67.77,137.02,137.02
7623.215226,67.77,137.08,137.08
7623.232774,67.77,137.00,137.00
7623.249408,67.77,137.05,137.05
7623.265823,67.77,137.14,137.14
7623.282876,67.77,136.89,136.89
7623.299484,67.77,137.01,137.01
7623.315508,67.77,136.99,136.99
7623.332013,67.77,136.81,136.81
7623.348597,67.77,136.86,136.86
7623.365733,67.77,137.00,137.00
7623.382251,67.77,137.12,137.12
7623.399189,67.77,137.17,137.17
7623.415702,67.77,137.15,137.15
7623.432259,67.77,136.99,136.99
7623.448705,67.77,136.99,136.99
7623.465376,67.77,137.17,137.17
7623.482583,67.77,137.21,137.21
7623.498791,67.77,137.31,137.31
7623.515673,67.77,137.16,137.16
7623.532034,67.77,136.86,136.86
7623.548413,67.77,136.88,136.88
7623.565554,67.77,136.86,136.86
7623.581992,67.77,137.26,137.26
7623.601282,67.77,137.13,137.13
7623.614712,67.77,137.13,137.13
7623.631700,67.77,137.07,137.07
7623.648815,67.77,137.21,137.21
7623.665475,67.77,137.09,137.09
7623.682055,67.77,137.15,137.15
7623.699552,67.77,137.14,137.14
7623.719194,67.77,137.31,137.31
7623.733646,67.77,137.13,137.13
7623.751361,67.77,137.57,137.57
7623.765001,67.77,137.89,137.89
7623.783118,67.77,137.57,137.57
7623.799094,67.77,137.16,137.16
7623.817118,67.77,136.79,136.79
7623.832019,67.77,136.53,136.53
7623.848016,67.77,136.98,136.98
7623.865586,67.77,137.59,137.59
7623.883497,67.77,137.57,137.57
7623.898599,67.77,137.45,137.45
7623.916742,67.77,137.52,137.52
7623.932381,67.77,137.35,137.35
7623.948789,67.77,137.85,137.85
7623.965830,67.77,137.81,137.81
7623.981883,67.77,137.67,137.67
7623.998679,67.77,137.74,137.74
7624.017114,67.77,137.59,137.59
7624.032011,67.77,137.67,137.67
7624.048401,67.77,137.73,137.73
7624.065801,67.77,137.75,137.75
7624.083393,67.77,137.61,137.61
7624.100301,67.77,137.79,137.79
7624.116457,67.77,137.88,137.88
7624.132763,67.77,137.81,137.81
7624.149877,67.77,137.76,137.76
7624.165621,67.77,137.78,137.78
7624.182733,67.77,137.42,137.42
7624.199026,67.77,137.75,137.75
7624.214828,67.77,138.00,138.00
7624.231853,67.77,138.16,138.16
7624.249234,67.77,138.16,138.16
7624.266044,67.77,138.03,138.03
7624.282278,67.77,137.89,137.89
7624.298787,67.77,140.45,140.45
7624.315461,67.77,140.26,140.26
7624.332397,67.77,140.28,140.28
7624.349321,67.77,140.18,140.18
7624.365305,67.77,140.25,140.25
7624.382507,67.77,140.29,140.29
7624.398723,67.77,140.19,140.19
7624.416112,67.77,140.22,140.22
7624.431823,67.77,140.17,140.17
7624.448519,67.77,139.71,139.71
7624.465139,67.77,139.65,139.65
7624.483944,67.77,139.51,139.51
7624.499028,67.77,139.27,139.27
7624.515279,67.77,138.95,138.95
7624.532460,67.77,139.12,139.12
7624.548712,67.77,139.18,139.18
7624.566302,67.77,139.74,139.74
7624.583102,67.77,139.73,139.73
7624.598915,67.77,139.73,139.73
7624.615055,67.77,140.18,140.18
7624.631519,67.77,140.02,140.02
7624.650358,67.77,139.82,139.82
7624.665429,67.77,139.81,139.81
7624.681856,67.77,139.54,139.54
7624.698899,67.77,139.59,139.59
7624.715328,67.77,139.83,139.83
7624.732079,67.77,139.92,139.92
7624.748445,67.77,139.76,139.76
7624.766670,67.77,139.40,139.40
7624.782024,67.77,139.71,139.71
7624.798838,67.77,140.14,140.14
7624.815529,67.77,140.20,140.20
7624.833568,67.77,140.03,140.03
7624.849380,67.77,140.19,140.19
7624.866264,67.77,140.38,140.38
7624.882053,67.77,140.16,140.16
7624.898379,67.77,140.27,140.27
7624.915475,67.77,140.08,140.08
7624.932853,67.77,139.53,139.53
7624.948674,67.77,139.71,139.71
7624.965108,67.77,139.36,139.36
7624.983119,67.77,138.97,138.97
7624.998469,67.77,138.89,138.89
7625.015446,67.77,138.89,138.89
7625.032722,67.77,138.88,138.88
7625.049250,67.77,138.97,138.97
7625.066797,67.77,138.67,138.67
7625.082860,67.77,138.58,138.58
7625.099402,67.77,138.59,138.59
7625.117739,67.77,138.76,138.76
7625.132592,67.77,138.96,138.96
7625.150166,67.77,138.90,138.90
7625.166112,67.77,138.82,138.82
7625.183282,67.77,138.74,138.74
7625.199104,67.77,138.68,138.68
7625.215339,67.77,138.59,138.59
7625.232324,67.77,138.56,138.56
7625.248513,67.77,138.64,138.64
7625.265419,67.77,138.73,138.73
7625.284999,67.77,138.79,138.79
7625.298858,67.77,138.80,138.80
7625.315704,67.77,138.99,138.99
7625.332473,67.77,139.52,139.52
7625.352642,67.77,139.48,139.48
7625.365523,67.77,139.26,139.26
7625.384468,67.77,139.08,139.08
7625.398343,67.77,138.83,138.83
7625.416019,67.77,138.80,138.80
7625.433777,67.77,139.16,139.16
7625.448906,67.77,139.27,139.27
7625.465928,67.77,139.33,139.33
7625.482517,67.77,139.70,139.70
7625.498585,67.77,139.55,139.55
7625.517737,67.77,139.26,139.26
7625.531990,67.77,138.87,138.87
7625.548740,67.77,138.50,138.50
7625.566706,67.77,138.55,138.55
7625.585267,67.77,138.54,138.54
7625.598125,67.77,138.87,138.87
7625.618460,67.77,139.12,139.12
7625.632085,67.77,141.80,141.80
7625.648493,67.77,141.72,141.72
7625.664937,67.77,142.53,142.53
7625.682068,67.77,142.40,142.40
7625.698868,67.77,142.23,142.23
7625.715021,67.77,141.81,141.81
7625.732325,67.77,141.56,141.56
7625.751384,67.77,141.50,141.50
7625.766005,67.77,141.68,141.68
7625.781931,67.77,141.46,141.46
7625.799472,67.77,141.38,141.38
7625.815165,67.77,141.50,141.50
7625.833388,67.77,141.50,141.50
7625.848388,67.77,141.49,141.49
7625.865775,67.77,141.57,141.57
7625.884989,67.77,141.49,141.49
7625.899196,67.77,141.38,141.38
7625.914826,67.77,141.24,141.24
7625.932358,67.77,141.43,141.43
7625.948503,67.77,141.07,141.07
7625.965707,67.77,141.34,141.34
7625.984106,67.77,141.28,141.28
7625.999544,67.77,141.41,141.41
7626.014898,67.77,141.55,141.55
7626.033065,67.77,141.40,141.40
7626.051808,67.77,141.28,141.28
7626.065284,67.77,141.31,141.31
7626.082205,67.77,141.49,141.49
7626.101053,67.77,141.56,141.56
7626.116182,67.77,141.43,141.43
7626.133620,67.77,141.44,141.44
7626.148963,67.77,141.24,141.24
7626.168318,67.77,141.66,141.66
7626.182211,67.77,142.10,142.10
7626.232214,67.77,141.36,141.36
7626.250067,67.77,141.53,141.53
7626.265818,67.77,141.54,141.54
7626.281985,67.77,141.28,141.28
7626.299623,67.77,141.05,141.05
7626.315489,67.77,141.05,141.05
7626.333690,67.77,141.34,141.34
7626.348853,67.77,141.62,141.62
7626.367608,67.77,141.59,141.59
7626.383034,67.77,141.43,141.43
7626.399409,67.77,141.68,141.68
7626.416787,67.77,141.77,141.77
7626.432550,67.77,141.67,141.67
7626.448971,67.77,141.62,141.62
7626.465833,67.77,141.48,141.48
7626.498407,67.77,141.44,141.44
7626.515591,67.77,141.34,141.34
7626.531895,67.77,141.22,141.22
7626.549953,67.77,141.67,141.67
7626.565831,67.77,141.77,141.77
7626.582424,67.77,141.94,141.94
7626.598739,67.77,141.79,141.79
7626.616087,67.77,141.53,141.53
7626.633332,67.77,141.55,141.55
7626.648564,67.77,141.45,141.45
7626.665468,67.77,141.48,141.48
7626.682702,67.77,141.55,141.55
7626.698582,67.77,142.08,142.08
7626.715500,67.77,142.12,142.12
7626.731989,67.77,141.71,141.71
7626.750118,67.77,141.70,141.70
7626.765629,67.77,141.75,141.75
7626.784186,67.77,141.96,141.96
7626.798438,67.77,142.15,142.15
7626.815210,67.77,141.94,141.94
7626.833064,67.77,141.58,141.58
7626.851727,67.77,141.58,141.58
7626.869340,67.77,141.83,141.83
7626.883311,67.77,141.48,141.48
7626.900878,67.77,141.86,141.86
7626.915758,67.77,141.98,141.98
7626.933137,67.77,142.04,142.04
7626.948861,67.77,142.03,142.03
7626.965888,67.77,141.98,141.98
7626.982638,67.77,142.09,142.09
7627.001322,67.77,142.11,142.11
7627.018491,67.77,142.02,142.02
7627.033513,67.77,141.76,141.76
7627.051023,67.77,141.33,141.33
7627.065532,67.77,141.43,141.43
7627.081851,67.77,141.47,141.47
7627.098575,67.77,144.26,144.26
7627.115067,67.77,144.10,144.10
7627.132577,67.77,144.29,144.29
7627.149059,67.77,144.33,144.33
7627.165467,67.77,144.67,144.67
7627.184662,67.77,144.86,144.86
7627.208290,67.77,144.61,144.61
7627.218020,67.77,144.59,144.59
7627.234064,67.77,144.59,144.59
7627.249058,67.77,144.55,144.55
7627.265500,67.77,144.35,144.35
7627.283216,67.77,144.48,144.48
7627.298853,67.77,144.50,144.50
7627.314840,67.77,144.50,144.50
7627.332024,67.77,144.41,144.41
7627.348325,67.77,144.47,144.47
7627.365341,67.77,144.52,144.52
7627.382289,67.77,144.37,144.37
7627.398703,67.77,144.49,144.49
7627.415167,67.77,144.68,144.68
7627.433267,67.77,144.42,144.42
7627.448463,67.77,144.28,144.28
7627.466212,67.77,144.36,144.36
7627.481790,67.77,144.32,144.32
7627.498893,67.77,144.43,144.43
7627.515109,67.77,144.14,144.14
7627.531968,67.77,143.98,143.98
7627.549329,67.77,144.07,144.07
7627.565659,67.77,144.08,144.08
7627.582472,67.77,144.05,144.05
7627.599013,67.77,144.23,144.23
7627.615295,67.77,143.99,143.99
7627.633558,67.77,144.04,144.04
7627.650595,67.77,144.07,144.07
7627.665552,67.77,143.69,143.69
7627.682477,67.77,143.45,143.45
7627.699606,67.77,143.33,143.33
7627.715210,67.77,143.81,143.81
7627.733308,67.77,143.98,143.98
7627.748311,67.77,143.89,143.89
7627.765454,67.77,143.56,143.56
7627.782619,67.77,143.46,143.46
7627.799655,67.77,143.18,143.18
7627.815402,67.77,142.92,142.92
7627.831869,67.77,142.65,142.65
7627.848442,67.77,142.92,142.92
7627.866062,67.77,143.37,143.37
7627.882283,67.77,143.45,143.45
7627.900424,67.77,143.40,143.40
7627.916821,67.77,143.36,143.36
7627.932387,67.77,143.38,143.38
7627.950563,67.77,143.25,143.25
7627.965426,67.77,143.32,143.32
7627.985031,67.77,143.16,143.16
7627.999387,67.77,143.01,143.01
7628.015429,67.77,143.18,143.18
7628.032081,67.77,143.11,143.11
7628.048746,67.77,143.11,143.11
7628.065819,67.77,143.10,143.10
7628.082205,67.77,142.77,142.77
7628.150311,67.77,142.59,142.59
7628.167184,67.77,142.96,142.96
7628.182199,67.77,142.87,142.87
7628.199198,67.77,142.82,142.82
7628.217764,67.77,142.76,142.76
7628.233912,67.77,142.70,142.70
7628.249831,67.77,142.64,142.64
7628.266704,67.77,142.68,142.68
7628.283191,67.77,144.24,144.24
7628.299262,67.77,147.21,147.21
7628.316699,67.77,150.41,150.41
7628.332357,67.77,152.20,152.20
7628.350797,67.77,153.59,153.59
7628.367456,67.77,154.44,154.44
7628.382226,67.77,154.92,154.92
7628.400915,67.77,155.25,155.25
7628.416053,67.77,155.26,155.26
7628.433463,67.77,155.86,155.86
7628.448767,67.77,155.55,155.55
7628.466711,67.77,155.67,155.67
7628.484220,67.77,155.75,155.75
7628.499540,67.77,155.89,155.89
7628.515724,67.77,155.96,155.96
7628.532947,67.77,155.09,155.09
7628.549084,67.77,154.30,154.30
7628.566454,67.77,152.15,152.15
7628.583842,67.77,149.99,149.99
7628.599195,67.77,147.57,147.57
7628.615781,67.77,146.11,146.11
7628.633063,67.77,146.08,146.08
7628.649433,67.77,145.86,145.86
7628.665797,67.77,145.73,145.73
7628.683772,67.77,145.41,145.41
7628.699091,67.77,146.04,146.04
7628.715886,67.77,146.53,146.53
7628.733341,67.77,146.01,146.01
7628.749498,67.77,145.86,145.86
7628.766752,67.77,146.50,146.50
7628.782696,67.77,146.98,146.98
7628.798959,67.77,147.22,147.22
7628.817043,67.77,148.60,148.60
7628.832349,67.77,149.60,149.60
7628.848706,67.77,150.62,150.62
7628.866045,67.77,151.33,151.33
7628.882190,67.77,152.33,152.33
7628.899944,67.77,153.79,153.79
7628.915290,67.77,155.96,155.96
7628.932095,67.77,158.82,158.82
7628.948926,67.77,167.84,167.84
7628.965675,67.77,173.06,173.06
7628.998940,67.77,180.25,180.25
7629.015550,67.77,181.44,181.44
7629.032115,67.77,182.68,182.68
7629.049031,67.77,181.64,181.64
7629.065903,67.77,189.97,189.97
7629.082924,67.77,193.47,193.47
7629.099494,67.77,199.40,199.40
7629.115312,67.77,198.87,198.87
7629.132926,67.77,199.46,199.46
7629.148588,67.77,196.03,196.03
7629.166064,67.77,197.56,197.56
7629.182028,67.77,195.60,195.60
7629.199484,67.77,200.53,200.53
7629.226801,67.77,197.29,197.29
7629.236125,67.77,198.06,198.06
7629.260189,67.77,189.35,189.35
7629.276655,67.77,187.04,187.04
7629.282835,67.77,179.02,179.02
7629.299853,67.77,172.47,172.47
7629.315657,67.77,176.07,176.07
7629.333065,67.77,175.91,175.91
7629.350363,67.77,181.90,181.90
7629.366428,67.77,181.73,181.73
7629.382950,67.77,185.96,185.96
7629.399757,67.77,184.99,184.99
7629.416050,67.77,185.85,185.85
7629.433505,67.77,183.62,183.62
7629.449838,67.77,187.59,187.59
7629.466791,67.77,183.74,183.74
7629.484007,67.77,180.04,180.04
7629.501529,67.77,176.44,176.44
7629.515509,67.77,173.80,173.80
7629.532637,67.77,172.87,172.87
7629.549141,67.77,176.64,176.64
7629.572283,67.77,173.60,173.60
7629.583444,67.77,171.81,171.81
7629.598905,67.77,169.32,169.32
7629.617027,67.77,169.32,169.32
7629.632557,67.77,169.83,169.83
7629.649064,67.77,168.21,168.21
7629.667741,67.77,171.09,171.09
7629.689501,67.77,172.11,172.11
7629.701034,67.77,174.75,174.75
7629.716439,67.77,175.15,175.15
7629.733308,67.77,176.83,176.83
7629.748867,67.77,178.89,178.89
7629.765611,67.77,178.64,178.64
7629.782529,67.77,181.10,181.10
7629.809750,67.77,181.02,181.02
7629.815853,67.77,183.51,183.51
7629.832496,67.77,185.71,185.71
7629.849547,67.77,189.90,189.90
7629.865960,67.77,189.96,189.96
7629.890841,67.77,190.65,190.65
7629.908865,67.77,189.24,189.24
7629.920262,67.77,189.42,189.42
7629.933430,67.77,187.93,187.93
7629.951262,67.77,189.34,189.34
7629.965825,67.77,189.25,189.25
7629.982851,67.77,190.25,190.25
7629.999811,67.77,191.08,191.08
7630.016410,67.77,193.02,193.02
7630.031559,67.77,193.67,193.67
7630.048447,67.77,195.74,195.74
7630.065186,67.77,196.97,196.97
7630.081871,67.77,199.20,199.20
7630.098282,67.77,200.85,200.85
7630.115315,67.77,202.31,202.31
7630.132273,67.77,203.24,203.24
7630.149558,67.77,204.43,204.43
7630.166284,67.77,204.74,204.74
7630.182988,67.77,206.36,206.36
7630.199714,67.77,207.52,207.52
7630.216030,67.77,207.76,207.76
7630.232876,67.77,209.76,209.76
7630.251838,67.77,210.94,210.94
7630.266501,67.77,212.30,212.30
7630.290541,67.77,211.74,211.74
7630.299158,67.77,211.53,211.53
7630.315739,67.77,211.92,211.92
7630.332305,67.77,212.41,212.41
7630.349236,67.77,212.73,212.73
7630.365198,67.77,212.41,212.41
7630.384874,67.77,211.49,211.49
7630.398755,67.77,209.66,209.66
7630.416282,67.77,212.38,212.38
7630.432572,67.77,209.60,209.60
7630.449446,67.77,209.86,209.86
7630.466073,67.77,207.18,207.18
7630.482074,67.77,204.42,204.42
7630.515515,67.77,201.75,201.75
7630.532282,67.77,200.35,200.35
7630.548576,67.77,200.15,200.15
7630.565203,67.77,202.97,202.97
7630.582147,67.77,202.81,202.81
7630.598452,67.77,204.06,204.06
7630.615287,67.77,201.24,201.24
7630.632088,67.77,200.76,200.76
7630.648625,67.77,200.29,200.29
7630.665238,67.77,199.98,199.98
7630.683518,67.77,199.92,199.92
7630.699629,67.77,201.27,201.27
7630.715277,67.77,203.26,203.26
7630.732818,67.77,206.02,206.02
7630.749217,67.77,208.64,208.64
7630.765849,67.77,210.24,210.24
7630.782748,67.77,209.77,209.77
7630.798897,67.77,208.74,208.74
7630.815362,67.77,206.22,206.22
7630.832900,67.77,207.83,207.83
7630.849263,67.77,209.99,209.99
7630.864970,67.77,212.00,212.00
7630.900718,67.77,212.16,212.16
7630.917956,67.77,210.85,210.85
7630.933716,67.77,209.13,209.13
7630.956353,67.77,209.00,209.00
7630.969126,67.77,207.13,207.13
7630.984635,67.77,205.89,205.89
7631.001305,67.77,203.12,203.12
7631.020057,67.77,200.72,200.72
7631.036489,67.77,199.73,199.73
7631.058252,67.77,199.89,199.89
7631.073993,67.77,202.66,202.66
7631.088278,67.77,203.54,203.54
7631.101681,67.77,207.35,207.35
7631.120841,67.77,207.48,207.48
7631.133844,67.77,209.14,209.14
7631.151130,67.77,210.09,210.09
7631.167630,67.77,207.65,207.65
7631.184315,67.77,208.36,208.36
7631.201226,67.77,206.16,206.16
7631.217741,67.77,206.07,206.07
7631.233605,67.77,205.36,205.36
7631.249853,67.77,205.06,205.06
7631.266736,67.77,205.37,205.37
7631.283336,67.77,207.04,207.04
7631.300590,67.77,208.27,208.27
7631.316886,67.77,210.26,210.26
7631.341017,67.77,209.59,209.59
7631.355454,67.77,208.28,208.28
7631.374088,67.77,206.06,206.06
7631.392732,67.77,204.29,204.29
7631.451795,67.77,203.54,203.54
7631.472180,67.77,192.04,192.04
7631.491755,67.77,181.60,181.60
7631.520922,67.77,182.21,182.21
7631.534231,67.77,180.11,180.11
7631.565228,67.77,103.22,103.22
7631.583598,67.77,100.65,100.65
7631.598983,67.77,99.20,99.20
7631.613634,67.77,98.09,98.09
7631.627943,67.77,96.98,96.98
7631.643942,67.77,96.74,96.74
7631.658013,67.77,96.40,96.40
7631.670580,67.77,96.29,96.29
7631.693855,67.77,95.98,95.98
7631.711687,67.77,95.87,95.87
7631.727162,67.77,95.26,95.26
7631.746237,67.77,94.49,94.49
7631.764938,67.77,94.82,94.82
7631.779847,67.77,94.38,94.38
7631.799528,67.77,94.07,94.07
7631.811827,67.77,93.85,93.85
7631.824202,67.77,93.82,93.82
7631.841812,67.77,95.83,95.83
7631.857840,67.77,101.14,101.14
7631.868667,67.77,105.19,105.19
7631.879003,67.77,113.85,113.85
7631.906469,67.77,117.67,117.67
7631.922800,67.77,121.77,121.77
7631.940047,67.77,128.13,128.13
7631.951187,67.77,131.11,131.11
7631.966746,67.77,135.24,135.24
7631.974245,67.77,136.18,136.18
7631.986242,67.77,139.19,139.19
7631.995816,67.77,139.94,139.94
7632.011754,67.77,141.28,141.28
7632.023756,67.77,141.28,141.28
7632.034925,67.77,141.75,141.75
7632.047274,67.77,141.92,141.92
7632.059063,67.77,142.89,142.89
7632.081522,67.77,143.27,143.27
7632.109870,67.77,143.41,143.41
7632.144567,67.77,142.17,142.17
7632.156198,67.77,142.17,142.17
7632.194888,67.77,141.05,141.05
7632.231386,67.77,35.19,35.19
7632.242506,67.77,35.56,35.56
7632.256634,67.77,35.38,35.38
7632.266816,67.77,35.97,35.97
7632.281468,67.77,36.36,36.36
7632.288192,67.77,36.43,36.43
7632.297790,67.77,36.58,36.58
7632.307427,67.77,37.22,37.22
7632.329928,67.77,36.42,36.42
7632.343523,67.77,36.60,36.60
7632.352993,67.77,36.42,36.42
7632.362246,67.77,36.87,36.87
7632.378518,67.77,36.45,36.45
7632.385028,67.77,36.71,36.71
7632.395796,67.77,36.54,36.54
7632.404895,67.77,36.44,36.44
7632.412779,67.77,36.93,36.93
7632.423296,67.77,36.31,36.31
7632.434336,67.77,36.45,36.45
7632.445222,67.77,36.58,36.58
7632.456054,67.77,36.62,36.62
7632.467598,67.77,36.78,36.78
7632.478629,67.77,36.60,36.60
7632.489937,67.77,36.63,36.63
7632.501483,67.77,36.63,36.63
7632.513843,67.77,36.63,36.63
7632.523360,67.77,36.63,36.63
7632.535518,67.77,36.63,36.63
7632.546473,67.77,37.11,37.11
7632.558578,67.77,37.01,37.01
7632.574748,67.77,33.05,33.05
7632.584305,67.77,32.91,32.91
7632.596972,67.77,32.51,32.51
7632