4574.921328,67.77,5.59,5.59
4574.933346,67.77,5.59,5.59
4574.997354,67.77,5.59,5.59
4575.036089,67.77,5.59,5.59
4575.089223,67.77,5.59,5.59
4575.145416,67.77,5.59,5.59
4575.210011,67.77,5.59,5.59
4575.230567,67.77,5.59,5.59
4575.264386,67.77,104.38,104.38
4575.279338,67.77,106.87,106.87
4575.300140,67.77,107.51,107.51
4575.312239,67.77,112.96,112.96
4575.330234,67.77,113.87,113.87
4575.341576,67.77,118.44,118.44
4575.363894,67.77,119.21,119.21
4575.377585,67.77,121.66,121.66
4575.393918,67.77,121.80,121.80
4575.410473,67.77,122.41,122.41
4575.429290,67.77,121.90,121.90
4575.444424,67.77,125.59,125.59
4575.464568,67.77,124.74,124.74
4575.482019,67.77,126.47,126.47
4575.496883,67.77,126.81,126.81
4575.513024,67.77,128.39,128.39
4575.527172,67.77,128.08,128.08
4575.543601,67.77,132.45,132.45
4575.569273,67.77,132.44,132.44
4575.579794,67.77,135.29,135.29
4575.647230,67.77,135.37,135.37
4575.666178,67.77,134.05,134.05
4575.680940,67.77,135.08,135.08
4575.713849,67.77,134.75,134.75
4575.730040,67.77,138.10,138.10
4575.767040,67.77,137.88,137.88
4575.777405,67.77,166.31,166.31
4575.793929,67.77,165.41,165.41
4575.809999,67.77,165.00,165.00
4575.831004,67.77,165.38,165.38
4575.846799,67.77,164.69,164.69
4575.859313,67.77,164.93,164.93
4575.879508,67.77,164.33,164.33
4575.896263,67.77,163.96,163.96
4575.913672,67.77,164.10,164.10
4575.927940,67.77,164.35,164.35
4575.961825,67.77,164.38,164.38
4575.978313,67.77,164.88,164.88
4575.995343,67.77,164.78,164.78
4576.010419,67.77,164.69,164.69
4576.041743,67.77,164.82,164.82
4576.052936,67.77,165.34,165.34
4576.065038,67.77,166.30,166.30
4576.077126,67.77,166.34,166.34
4576.092255,67.77,166.33,166.33
4576.112682,67.77,167.05,167.05
4576.125810,67.77,167.07,167.07
4576.143999,67.77,166.81,166.81
4576.159067,67.77,167.02,167.02
4576.176946,67.77,167.70,167.70
4576.191587,67.77,167.35,167.35
4576.209124,67.77,167.21,167.21
4576.225353,67.77,167.53,167.53
4576.241690,67.77,167.83,167.83
4576.258560,67.77,167.70,167.70
4576.274638,67.77,167.89,167.89
4576.294563,67.77,167.80,167.80
4576.328745,67.77,168.08,168.08
4576.342123,67.77,167.84,167.84
4576.359538,67.77,167.92,167.92
4576.375399,67.77,167.70,167.70
4576.394459,67.77,167.45,167.45
4576.430187,67.77,167.51,167.51
4576.445018,67.77,166.95,166.95
4576.461531,67.77,166.60,166.60
4576.476362,67.77,166.48,166.48
4576.498664,67.77,166.72,166.72
4576.513362,67.77,166.34,166.34
4576.526003,67.77,165.97,165.97
4576.542740,67.77,165.90,165.90
4576.558467,67.77,166.15,166.15
4576.574753,67.77,165.98,165.98
4576.592910,67.77,166.00,166.00
4576.609830,67.77,165.84,165.84
4576.626175,67.77,165.77,165.77
4576.643110,67.77,172.10,172.10
4576.658768,67.77,171.49,171.49
4576.677523,67.77,171.20,171.20
4576.695744,67.77,170.53,170.53
4576.712860,67.77,169.34,169.34
4576.745912,67.77,167.62,167.62
4576.760591,67.77,167.04,167.04
4576.793968,67.77,165.89,165.89
4576.809930,67.77,164.74,164.74
4576.841612,67.77,163.80,163.80
4576.858870,67.77,163.64,163.64
4576.874988,67.77,162.47,162.47
4576.897322,67.77,162.32,162.32
4576.908401,67.77,161.46,161.46
4576.930389,67.77,161.03,161.03
4576.945620,67.77,160.52,160.52
4576.963087,67.77,159.48,159.48
4576.979425,67.77,158.47,158.47
4576.996338,67.77,164.16,164.16
4577.010356,67.77,164.15,164.15
4577.028217,67.77,163.58,163.58
4577.046163,67.77,162.74,162.74
4577.064585,67.77,162.54,162.54
4577.083436,67.77,161.54,161.54
4577.094948,67.77,161.37,161.37
4577.142951,67.77,161.59,161.59
4577.163120,67.77,163.46,163.46
4577.175260,67.77,164.07,164.07
4577.194285,67.77,164.20,164.20
4577.211424,67.77,165.19,165.19
4577.227308,67.77,164.33,164.33
4577.245975,67.77,166.18,166.18
4577.262989,67.77,165.40,165.40
4577.275523,67.77,166.19,166.19
4577.295635,67.77,166.03,166.03
4577.307955,67.77,166.18,166.18
4577.327179,67.77,165.26,165.26
4577.358195,67.77,164.19,164.19
4577.374985,67.77,164.21,164.21
4577.391477,67.77,163.20,163.20
4577.410577,67.77,163.35,163.35
4577.425238,67.77,163.52,163.52
4577.442307,67.77,162.99,162.99
4577.459405,67.77,163.12,163.12
4577.477220,67.77,162.32,162.32
4577.493937,67.77,162.18,162.18
4577.508353,67.77,162.27,162.27
4577.526154,67.77,160.10,160.10
4577.546793,67.77,160.16,160.16
4577.565781,67.77,159.15,159.15
4577.578802,67.77,159.51,159.51
4577.592017,67.77,159.26,159.26
4577.610317,67.77,159.41,159.41
4577.624340,67.77,159.71,159.71
4577.641249,67.77,159.42,159.42
4577.660092,67.77,159.41,159.41
4577.676061,67.77,159.01,159.01
4577.692191,67.77,159.87,159.87
4577.708589,67.77,160.82,160.82
4577.744409,67.77,159.77,159.77
4577.761050,67.77,158.94,158.94
4577.777863,67.77,159.20,159.20
4577.795216,67.77,158.50,158.50
4577.808080,67.77,158.38,158.38
4577.825723,67.77,158.29,158.29
4577.841672,67.77,158.55,158.55
4577.858690,67.77,157.96,157.96
4577.874727,67.77,158.09,158.09
4577.891416,67.77,158.09,158.09
4577.908328,67.77,158.16,158.16
4577.924859,67.77,157.55,157.55
4577.941490,67.77,157.50,157.50
4577.958356,67.77,157.23,157.23
4577.980787,67.77,157.44,157.44
4577.999860,67.77,155.89,155.89
4578.016559,67.77,155.97,155.97
4578.035216,67.77,155.37,155.37
4578.044480,67.77,155.13,155.13
4578.066653,67.77,155.75,155.75
4578.080776,67.77,156.07,156.07
4578.092244,67.77,156.22,156.22
4578.108625,67.77,155.62,155.62
4578.131854,67.77,155.88,155.88
4578.142681,67.77,156.15,156.15
4578.160269,67.77,156.30,156.30
4578.174582,67.77,156.49,156.49
4578.192585,67.77,156.28,156.28
4578.208239,67.77,156.80,156.80
4578.225901,67.77,157.38,157.38
4578.241871,67.77,157.82,157.82
4578.258708,67.77,157.95,157.95
4578.277732,67.77,158.43,158.43
4578.294518,67.77,158.40,158.40
4578.314645,67.77,157.93,157.93
4578.343131,67.77,158.36,158.36
4578.365303,67.77,158.91,158.91
4578.382845,67.77,159.65,159.65
4578.391051,67.77,159.52,159.52
4578.409027,67.77,159.47,159.47
4578.425391,67.77,159.45,159.45
4578.444530,67.77,160.74,160.74
4578.459261,67.77,159.64,159.64
4578.476002,67.77,159.11,159.11
4578.495310,67.77,158.40,158.40
4578.509295,67.77,157.86,157.86
4578.525693,67.77,158.06,158.06
4578.542622,67.77,158.56,158.56
4578.559520,67.77,158.10,158.10
4578.576269,67.77,157.98,157.98
4578.591523,67.77,158.13,158.13
4578.609067,67.77,158.43,158.43
4578.626759,67.77,158.04,158.04
4578.641846,67.77,157.75,157.75
4578.658743,67.77,157.69,157.69
4578.674945,67.77,157.03,157.03
4578.692544,67.77,156.87,156.87
4578.713283,67.77,157.16,157.16
4578.725345,67.77,156.57,156.57
4578.758730,67.77,156.35,156.35
4578.774583,67.77,156.00,156.00
4578.792694,67.77,155.77,155.77
4578.809365,67.77,155.71,155.71
4578.832142,67.77,154.87,154.87
4578.850330,67.77,154.89,154.89
4578.861325,67.77,154.51,154.51
4578.876311,67.77,154.03,154.03
4578.891767,67.77,153.58,153.58
4578.908075,67.77,153.51,153.51
4578.924839,67.77,153.21,153.21
4578.942766,67.77,153.52,153.52
4578.958508,67.77,152.77,152.77
4578.975614,67.77,152.77,152.77
4578.991588,67.77,152.07,152.07
4579.008200,67.77,152.44,152.44
4579.024477,67.77,152.00,152.00
4579.042519,67.77,151.76,151.76
4579.057928,67.77,151.60,151.60
4579.073945,67.77,150.65,150.65
4579.091030,67.77,150.77,150.77
4579.108676,67.77,151.14,151.14
4579.124335,67.77,153.48,153.48
4579.141108,67.77,153.78,153.78
4579.159698,67.77,153.80,153.80
4579.179393,67.77,153.77,153.77
4579.213321,67.77,154.01,154.01
4579.247321,67.77,153.96,153.96
4579.264578,67.77,153.91,153.91
4579.275654,67.77,153.98,153.98
4579.306595,67.77,153.69,153.69
4579.308892,67.77,153.85,153.85
4579.325253,67.77,153.27,153.27
4579.341253,67.77,153.01,153.01
4579.358155,67.77,152.89,152.89
4579.374522,67.77,153.39,153.39
4579.393629,67.77,153.65,153.65
4579.408964,67.77,152.99,152.99
4579.441854,67.77,152.20,152.20
4579.457781,67.77,152.52,152.52
4579.474159,67.77,151.87,151.87
4579.490863,67.77,150.66,150.66
4579.508026,67.77,150.57,150.57
4579.534053,67.77,151.21,151.21
4579.559094,67.77,154.10,154.10
4579.574570,67.77,154.44,154.44
4579.590975,67.77,154.81,154.81
4579.607900,67.77,154.34,154.34
4579.623827,67.77,154.78,154.78
4579.640447,67.77,154.53,154.53
4579.658189,67.77,154.17,154.17
4579.674090,67.77,154.06,154.06
4579.708832,67.77,152.58,152.58
4579.725185,67.77,152.76,152.76
4579.741140,67.77,152.82,152.82
4579.758600,67.77,152.51,152.51
4579.775055,67.77,152.70,152.70
4579.791970,67.77,153.17,153.17
4579.808171,67.77,153.06,153.06
4579.824320,67.77,153.99,153.99
4579.841924,67.77,153.99,153.99
4579.864454,67.77,153.64,153.64
4579.884842,67.77,153.71,153.71
4579.898674,67.77,154.45,154.45
4579.925083,67.77,154.05,154.05
4579.948108,67.77,154.22,154.22
4579.959132,67.77,155.00,155.00
4579.975016,67.77,155.70,155.70
4579.995636,67.77,154.75,154.75
4580.025775,67.77,154.81,154.81
4580.042463,67.77,154.67,154.67
4580.058263,67.77,154.52,154.52
4580.085452,67.77,154.87,154.87
4580.101198,67.77,155.03,155.03
4580.108938,67.77,155.17,155.17
4580.128200,67.77,155.49,155.49
4580.141241,67.77,155.44,155.44
4580.158757,67.77,155.69,155.69
4580.174296,67.77,156.16,156.16
4580.261013,67.77,155.84,155.84
4580.291135,67.77,157.21,157.21
4580.307880,67.77,157.30,157.30
4580.326797,67.77,158.58,158.58
4580.344094,67.77,158.31,158.31
4580.358217,67.77,158.67,158.67
4580.374854,67.77,160.40,160.40
4580.393824,67.77,164.64,164.64
4580.408834,67.77,168.42,168.42
4580.425891,67.77,168.20,168.20
4580.448917,67.77,170.47,170.47
4580.459311,67.77,171.95,171.95
4580.476328,67.77,172.93,172.93
4580.491312,67.77,174.46,174.46
4580.507805,67.77,175.49,175.49
4580.524922,67.77,175.62,175.62
4580.568664,67.77,176.27,176.27
4580.577145,67.77,177.03,177.03
4580.584194,67.77,176.67,176.67
4580.608446,67.77,177.22,177.22
4580.626017,67.77,177.05,177.05
4580.646547,67.77,176.99,176.99
4580.660141,67.77,176.62,176.62
4580.680131,67.77,175.86,175.86
4580.692590,67.77,174.91,174.91
4580.711221,67.77,172.56,172.56
4580.724874,67.77,170.25,170.25
4580.741730,67.77,167.61,167.61
4580.759694,67.77,165.83,165.83
4580.776822,67.77,166.15,166.15
4580.791915,67.77,165.83,165.83
4580.828051,67.77,165.58,165.58
4580.847519,67.77,165.90,165.90
4580.861294,67.77,165.47,165.47
4580.875574,67.77,166.04,166.04
4580.910468,67.77,166.09,166.09
4580.918403,67.77,165.30,165.30
4580.928555,67.77,165.77,165.77
4580.943247,67.77,166.15,166.15
4580.960016,67.77,166.77,166.77
4580.982960,67.77,167.07,167.07
4580.992618,67.77,166.59,166.59
4581.010566,67.77,166.18,166.18
4581.026192,67.77,166.10,166.10
4581.042004,67.77,166.24,166.24
4581.059587,67.77,165.58,165.58
4581.075495,67.77,164.97,164.97
4581.091631,67.77,165.49,165.49
4581.107916,67.77,165.61,165.61
4581.124143,67.77,166.11,166.11
4581.141267,67.77,166.21,166.21
4581.157938,67.77,166.05,166.05
4581.174520,67.77,166.00,166.00
4581.190928,67.77,166.12,166.12
4581.220295,67.77,166.54,166.54
4581.224901,67.77,166.65,166.65
4581.241613,67.77,166.59,166.59
4581.258029,67.77,166.73,166.73
4581.274847,67.77,166.74,166.74
4581.291022,67.77,166.25,166.25
4581.314734,67.77,166.30,166.30
4581.328501,67.77,166.33,166.33
4581.349410,67.77,165.71,165.71
4581.375956,67.77,165.12,165.12
4581.392251,67.77,165.09,165.09
4581.411360,67.77,163.85,163.85
4581.428179,67.77,163.60,163.60
4581.448339,67.77,163.16,163.16
4581.457718,67.77,162.79,162.79
4581.474355,67.77,162.49,162.49
4581.491124,67.77,162.44,162.44
4581.508484,67.77,162.45,162.45
4581.526169,67.77,160.90,160.90
4581.541877,67.77,161.26,161.26
4581.557674,67.77,160.46,160.46
4581.574836,67.77,160.22,160.22
4581.594100,67.77,159.92,159.92
4581.608528,67.77,159.83,159.83
4581.627214,67.77,159.15,159.15
4581.640953,67.77,159.08,159.08
4581.659198,67.77,156.86,156.86
4581.675462,67.77,156.43,156.43
4581.691625,67.77,156.11,156.11
4581.709868,67.77,156.54,156.54
4581.728483,67.77,156.27,156.27
4581.743461,67.77,156.09,156.09
4581.759882,67.77,156.42,156.42
4581.776042,67.77,156.68,156.68
4581.791493,67.77,157.15,157.15
4581.809815,67.77,156.93,156.93
4581.825644,67.77,157.32,157.32
4581.842370,67.77,156.96,156.96
4581.860116,67.77,156.92,156.92
4581.877487,67.77,157.23,157.23
4581.893423,67.77,157.41,157.41
4581.909012,67.77,157.28,157.28
4581.925673,67.77,157.76,157.76
4581.943303,67.77,158.30,158.30
4581.960393,67.77,158.51,158.51
4581.994784,67.77,158.69,158.69
4582.011966,67.77,158.86,158.86
4582.058999,67.77,158.63,158.63
4582.076131,67.77,158.22,158.22
4582.109448,67.77,162.36,162.36
4582.127964,67.77,163.86,163.86
4582.142003,67.77,163.98,163.98
4582.157949,67.77,163.85,163.85
4582.175428,67.77,164.04,164.04
4582.227655,67.77,163.83,163.83
4582.241823,67.77,166.84,166.84
4582.269717,67.77,167.75,167.75
4582.284934,67.77,167.53,167.53
4582.300661,67.77,167.44,167.44
4582.343641,67.77,167.45,167.45
4582.362740,67.77,167.65,167.65
4582.377809,67.77,167.77,167.77
4582.392847,67.77,167.62,167.62
4582.408378,67.77,167.38,167.38
4582.444543,67.77,167.43,167.43
4582.460231,67.77,167.45,167.45
4582.477926,67.77,167.57,167.57
4582.491401,67.77,167.61,167.61
4582.553660,67.77,167.31,167.31
4582.562444,67.77,167.25,167.25
4582.576777,67.77,167.24,167.24
4582.596575,67.77,167.02,167.02
4582.620063,67.77,166.99,166.99
4582.641220,67.77,167.27,167.27
4582.648957,67.77,166.88,166.88
4582.657746,67.77,166.89,166.89
4582.690876,67.77,166.97,166.97
4582.708065,67.77,167.02,167.02
4582.724451,67.77,167.46,167.46
4582.740577,67.77,167.73,167.73
4582.757440,67.77,167.85,167.85
4582.773915,67.77,167.44,167.44
4582.793627,67.77,170.49,170.49
4582.807369,67.77,170.43,170.43
4582.824845,67.77,171.01,171.01
4582.840271,67.77,170.87,170.87
4582.857628,67.77,171.08,171.08
4582.874119,67.77,171.19,171.19
4582.896929,67.77,171.26,171.26
4582.909120,67.77,171.44,171.44
4582.924251,67.77,171.51,171.51
4582.941248,67.77,171.21,171.21
4582.961606,67.77,171.24,171.24
4582.973832,67.77,171.13,171.13
4582.990433,67.77,171.18,171.18
4583.007990,67.77,171.36,171.36
4583.026060,67.77,171.14,171.14
4583.043844,67.77,171.31,171.31
4583.075263,67.77,171.28,171.28
4583.091433,67.77,171.05,171.05
4583.109399,67.77,171.30,171.30
4583.142376,67.77,171.32,171.32
4583.158965,67.77,171.11,171.11
4583.173453,67.77,170.94,170.94
4583.208456,67.77,171.00,171.00
4583.223741,67.77,171.27,171.27
4583.240300,67.77,171.46,171.46
4583.258250,67.77,171.66,171.66
4583.274837,67.77,171.62,171.62
4583.296464,67.77,171.02,171.02
4583.310377,67.77,171.28,171.28
4583.345260,67.77,171.37,171.37
4583.377600,67.77,171.32,171.32
4583.392843,67.77,171.61,171.61
4583.410197,67.77,171.23,171.23
4583.424438,67.77,171.49,171.49
4583.444879,67.77,171.75,171.75
4583.460511,67.77,171.45,171.45
4583.476100,67.77,171.39,171.39
4583.493589,67.77,171.47,171.47
4583.507867,67.77,171.49,171.49
4583.526513,67.77,171.52,171.52
4583.542690,67.77,171.63,171.63
4583.557342,67.77,171.71,171.71
4583.573772,67.77,171.80,171.80
4583.590619,67.77,171.59,171.59
4583.611977,67.77,171.29,171.29
4583.638047,67.77,171.32,171.32
4583.652406,67.77,171.28,171.28
4583.672576,67.77,159.51,159.51
4583.686957,67.77,168.50,168.50
4583.693767,67.77,168.84,168.84
4583.706870,67.77,169.31,169.31
4583.723816,67.77,170.08,170.08
4583.744394,67.77,170.33,170.33
4583.756650,67.77,171.59,171.59
4583.773464,67.77,180.68,180.68
4583.790189,67.77,183.14,183.14
4583.806835,67.77,182.78,182.78
4583.823461,67.77,182.78,182.78
4583.840151,67.77,182.78,182.78
4583.857330,67.77,182.78,182.78
4583.876716,67.77,182.97,182.97
4583.889654,67.77,183.02,183.02
4583.911073,67.77,183.03,183.03
4583.924856,67.77,183.06,183.06
4583.946331,67.77,182.82,182.82
4583.957109,67.77,182.77,182.77
4583.976416,67.77,182.51,182.51
4583.990786,67.77,182.85,182.85
4584.008450,67.77,182.98,182.98
4584.026953,67.77,182.66,182.66
4584.041908,67.77,182.68,182.68
4584.058378,67.77,182.84,182.84
4584.087586,67.77,182.86,182.86
4584.094002,67.77,182.94,182.94
4584.108328,67.77,182.94,182.94
4584.124719,67.77,182.88,182.88
4584.141258,67.77,183.02,183.02
4584.157634,67.77,183.12,183.12
4584.176605,67.77,182.94,182.94
4584.190103,67.77,183.01,183.01
4584.207359,67.77,182.97,182.97
4584.223921,67.77,182.86,182.86
4584.243100,67.77,182.86,182.86
4584.259320,67.77,182.98,182.98
4584.274700,67.77,182.99,182.99
4584.292104,67.77,182.46,182.46
4584.307376,67.77,183.25,183.25
4584.341191,67.77,182.43,182.43
4584.358389,67.77,181.96,181.96
4584.375326,67.77,182.28,182.28
4584.392778,67.77,182.74,182.74
4584.411709,67.77,183.16,183.16
4584.423832,67.77,182.90,182.90
4584.441131,67.77,182.85,182.85
4584.456622,67.77,183.02,183.02
4584.474070,67.77,183.01,183.01
4584.489638,67.77,183.15,183.15
4584.508366,67.77,182.90,182.90
4584.523820,67.77,182.72,182.72
4584.543426,67.77,182.48,182.48
4584.557471,67.77,182.95,182.95
4584.576415,67.77,182.31,182.31
4584.592424,67.77,182.41,182.41
4584.608692,67.77,182.65,182.65
4584.642675,67.77,182.26,182.26
4584.657134,67.77,182.34,182.34
4584.677375,67.77,182.38,182.38
4584.690918,67.77,182.27,182.27
4584.743498,67.77,182.54,182.54
4584.758218,67.77,182.50,182.50
4584.775819,67.77,182.97,182.97
4584.792012,67.77,182.43,182.43
4584.807769,67.77,182.67,182.67
4584.824944,67.77,183.40,183.40
4584.841940,67.77,195.29,195.29
4584.858626,67.77,197.96,197.96
4584.874247,67.77,199.47,199.47
4584.894537,67.77,202.16,202.16
4584.909122,67.77,202.49,202.49
4584.931263,67.77,203.78,203.78
4584.945320,67.77,203.70,203.70
4584.957700,67.77,204.04,204.04
4584.973739,67.77,204.81,204.81
4584.990701,67.77,204.58,204.58
4585.021454,67.77,205.20,205.20
4585.024457,67.77,204.75,204.75
4585.042642,67.77,204.68,204.68
4585.058375,67.77,204.66,204.66
4585.077387,67.77,205.13,205.13
4585.093732,67.77,203.89,203.89
4585.107288,67.77,203.17,203.17
4585.126442,67.77,200.62,200.62
4585.141943,67.77,197.83,197.83
4585.157897,67.77,194.94,194.94
4585.176411,67.77,193.13,193.13
4585.190858,67.77,192.65,192.65
4585.208682,67.77,192.43,192.43
4585.224002,67.77,192.63,192.63
4585.241370,67.77,192.10,192.10
4585.257207,67.77,192.84,192.84
4585.274748,67.77,193.29,193.29
4585.290886,67.77,192.46,192.46
4585.308459,67.77,192.13,192.13
4585.325491,67.77,192.05,192.05
4585.358929,67.77,191.45,191.45
4585.376385,67.77,191.62,191.62
4585.391113,67.77,191.57,191.57
4585.409105,67.77,191.40,191.40
4585.442548,67.77,191.97,191.97
4585.459174,67.77,191.70,191.70
4585.475592,67.77,191.27,191.27
4585.490586,67.77,191.71,191.71
4585.508882,67.77,191.49,191.49
4585.528670,67.77,191.59,191.59
4585.546197,67.77,191.64,191.64
4585.557865,67.77,191.56,191.56
4585.575479,67.77,191.64,191.64
4585.590767,67.77,191.53,191.53
4585.608571,67.77,191.81,191.81
4585.625167,67.77,192.21,192.21
4585.642707,67.77,191.89,191.89
4585.656960,67.77,191.89,191.89
4585.674402,67.77,192.09,192.09
4585.691090,67.77,192.10,192.10
4585.710648,67.77,192.32,192.32
4585.724895,67.77,192.52,192.52
4585.743316,67.77,192.60,192.60
4585.757466,67.77,192.65,192.65
4585.774170,67.77,193.10,193.10
4585.790245,67.77,193.19,193.19
4585.811092,67.77,193.16,193.16
4585.824907,67.77,192.93,192.93
4585.840815,67.77,192.83,192.83
4585.857257,67.77,192.83,192.83
4585.874821,67.77,192.80,192.80
4585.893589,67.77,192.96,192.96
4585.909662,67.77,193.17,193.17
4585.924413,67.77,193.53,193.53
4585.957966,67.77,193.42,193.42
4585.976043,67.77,193.84,193.84
4585.992513,67.77,193.67,193.67
4586.009539,67.77,193.37,193.37
4586.025591,67.77,192.95,192.95
4586.042627,67.77,192.92,192.92
4586.059411,67.77,180.90,180.90
4586.076957,67.77,180.83,180.83
4586.094929,67.77,180.92,180.92
4586.108729,67.77,180.70,180.70
4586.123624,67.77,180.96,180.96
4586.141620,67.77,181.07,181.07
4586.158321,67.77,180.93,180.93
4586.176663,67.77,180.92,180.92
4586.195722,67.77,181.02,181.02
4586.214923,67.77,181.27,181.27
4586.229510,67.77,181.35,181.35
4586.241813,67.77,181.54,181.54
4586.257696,67.77,181.39,181.39
4586.277863,67.77,181.15,181.15
4586.291836,67.77,181.14,181.14
4586.309323,67.77,181.33,181.33
4586.343266,67.77,181.22,181.22
4586.359937,67.77,181.42,181.42
4586.378425,67.77,181.18,181.18
4586.391046,67.77,181.63,181.63
4586.412555,67.77,181.76,181.76
4586.427685,67.77,184.52,184.52
4586.443997,67.77,184.21,184.21
4586.458885,67.77,184.34,184.34
4586.477720,67.77,184.65,184.65
4586.493247,67.77,185.16,185.16
4586.516052,67.77,184.81,184.81
4586.542858,67.77,184.57,184.57
4586.558486,67.77,184.59,184.59
4586.575351,67.77,184.63,184.63
4586.591001,67.77,184.79,184.79
4586.609589,67.77,185.00,185.00
4586.627234,67.77,184.94,184.94
4586.643425,67.77,184.72,184.72
4586.675157,67.77,184.66,184.66
4586.690925,67.77,184.68,184.68
4586.713592,67.77,184.67,184.67
4586.727822,67.77,184.64,184.64
4586.741346,67.77,184.81,184.81
4586.758874,67.77,185.28,185.28
4586.776304,67.77,185.13,185.13
4586.792726,67.77,185.16,185.16
4586.815393,67.77,184.87,184.87
4586.828041,67.77,184.75,184.75
4586.847350,67.77,184.79,184.79
4586.860101,67.77,184.54,184.54
4586.876053,67.77,185.01,185.01
4586.891304,67.77,185.18,185.18
4586.910515,67.77,184.85,184.85
4586.925149,67.77,184.60,184.60
4586.946960,67.77,185.05,185.05
4586.959756,67.77,185.22,185.22
4586.975662,67.77,185.25,185.25
4586.996713,67.77,185.08,185.08
4587.010474,67.77,184.95,184.95
4587.027561,67.77,185.19,185.19
4587.048015,67.77,185.24,185.24
4587.059106,67.77,184.93,184.93
4587.077018,67.77,184.95,184.95
4587.092326,67.77,184.70,184.70
4587.110354,67.77,184.41,184.41
4587.125308,67.77,184.40,184.40
4587.143771,67.77,184.34,184.34
4587.157694,67.77,184.22,184.22
4587.177341,67.77,184.31,184.31
4587.192489,67.77,184.33,184.33
4587.210444,67.77,184.29,184.29
4587.225790,67.77,184.21,184.21
4587.244330,67.77,184.29,184.29
4587.259333,67.77,184.19,184.19
4587.280701,67.77,184.26,184.26
4587.293828,67.77,184.48,184.48
4587.313320,67.77,184.43,184.43
4587.326845,67.77,184.29,184.29
4587.342984,67.77,184.34,184.34
4587.357992,67.77,184.23,184.23
4587.376539,67.77,184.14,184.14
4587.391630,67.77,184.08,184.08
4587.410142,67.77,184.12,184.12
4587.442710,67.77,184.26,184.26
4587.476091,67.77,183.85,183.85
4587.493260,67.77,183.95,183.95
4587.511473,67.77,183.89,183.89
4587.526122,67.77,183.94,183.94
4587.557957,67.77,183.88,183.88
4587.576326,67.77,183.93,183.93
4587.592174,67.77,183.70,183.70
4587.610811,67.77,183.97,183.97
4587.627521,67.77,184.28,184.28
4587.659251,67.77,183.78,183.78
4587.679276,67.77,183.40,183.40
4587.693716,67.77,183.68,183.68
4587.708928,67.77,183.79,183.79
4587.740289,67.77,183.97,183.97
4587.775493,67.77,192.12,192.12
4587.791215,67.77,192.02,192.02
4587.808689,67.77,191.88,191.88
4587.824140,67.77,191.78,191.78
4587.841792,67.77,191.86,191.86
4587.858376,67.77,191.63,191.63
4587.875231,67.77,191.28,191.28
4587.890367,67.77,191.04,191.04
4587.910313,67.77,190.76,190.76
4587.925474,67.77,190.78,190.78
4587.944890,67.77,190.72,190.72
4587.958486,67.77,191.06,191.06
4587.975596,67.77,191.29,191.29
4587.991230,67.77,191.37,191.37
4588.009284,67.77,191.09,191.09
4588.026739,67.77,190.93,190.93
4588.041649,67.77,190.89,190.89
4588.056912,67.77,190.37,190.37
4588.075365,67.77,190.47,190.47
4588.092572,67.77,190.22,190.22
4588.111904,67.77,189.98,189.98
4588.125655,67.77,189.96,189.96
4588.144597,67.77,190.00,190.00
4588.159281,67.77,189.69,189.69
4588.193309,67.77,189.98,189.98
4588.218579,67.77,189.96,189.96
4588.241351,67.77,189.72,189.72
4588.257006,67.77,189.83,189.83
4588.274843,67.77,189.45,189.45
4588.293225,67.77,189.65,189.65
4588.313811,67.77,189.73,189.73
4588.327105,67.77,189.96,189.96
4588.344598,67.77,190.08,190.08
4588.358150,67.77,190.18,190.18
4588.375519,67.77,190.36,190.36
4588.390275,67.77,190.40,190.40
4588.410413,67.77,190.26,190.26
4588.428257,67.77,190.74,190.74
4588.444064,67.77,190.83,190.83
4588.459339,67.77,190.66,190.66
4588.477384,67.77,191.25,191.25
4588.494601,67.77,191.33,191.33
4588.512989,67.77,191.84,191.84
4588.543609,67.77,192.23,192.23
4588.559654,67.77,192.61,192.61
4588.576895,67.77,192.74,192.74
4588.591333,67.77,192.76,192.76
4588.620863,67.77,192.54,192.54
4588.627954,67.77,192.40,192.40
4588.645175,67.77,192.84,192.84
4588.657724,67.77,192.86,192.86
4588.680626,67.77,192.59,192.59
4588.693572,67.77,192.51,192.51
4588.711702,67.77,192.70,192.70
4588.744328,67.77,192.92,192.92
4588.758083,67.77,193.03,193.03
4588.776622,67.77,193.34,193.34
4588.793236,67.77,193.17,193.17
4588.808740,67.77,193.16,193.16
4588.824441,67.77,193.05,193.05
4588.843666,67.77,192.92,192.92
4588.858087,67.77,192.96,192.96
4588.876053,67.77,194.29,194.29
4588.891534,67.77,193.90,193.90
4588.909120,67.77,195.22,195.22
4588.924943,67.77,196.13,196.13
4588.942965,67.77,197.54,197.54
4588.958065,67.77,199.54,199.54
4588.973916,67.77,205.48,205.48
4588.990485,67.77,208.23,208.23
4589.009242,67.77,214.00,214.00
4589.024060,67.77,217.98,217.98
4589.041871,67.77,223.37,223.37
4589.058600,67.77,229.23,229.23
4589.076059,67.77,231.22,231.22
4589.094243,67.77,228.78,228.78
4589.109181,67.77,226.47,226.47
4589.123822,67.77,220.70,220.70
4589.143292,67.77,218.47,218.47
4589.156947,67.77,215.47,215.47
4589.173807,67.77,214.41,214.41
4589.190251,67.77,212.68,212.68
4589.207391,67.77,212.38,212.38
4589.226131,67.77,206.84,206.84
4589.242627,67.77,205.68,205.68
4589.257239,67.77,197.50,197.50
4589.274252,67.77,194.59,194.59
4589.293885,67.77,187.84,187.84
4589.311888,67.77,183.85,183.85
4589.341669,67.77,177.02,177.02
4589.359412,67.77,165.12,165.12
4589.374336,67.77,161.85,161.85
4589.391741,67.77,155.69,155.69
4589.407563,67.77,158.12,158.12
4589.423898,67.77,157.90,157.90
4589.444142,67.77,164.81,164.81
4589.457944,67.77,166.70,166.70
4589.475252,67.77,172.71,172.71
4589.491037,67.77,173.95,173.95
4589.507063,67.77,178.19,178.19
4589.526638,67.77,175.78,175.78
4589.542503,67.77,174.35,174.35
4589.560220,67.77,174.22,174.22
4589.575336,67.77,176.59,176.59
4589.591839,67.77,181.46,181.46
4589.606566,67.77,182.03,182.03
4589.641107,67.77,186.23,186.23
4589.659103,67.77,188.97,188.97
4589.674623,67.77,191.37,191.37
4589.691776,67.77,194.43,194.43
4589.710881,67.77,192.64,192.64
4589.726186,67.77,194.06,194.06
4589.743337,67.77,193.23,193.23
4589.758421,67.77,195.01,195.01
4589.777786,67.77,197.23,197.23
4589.791371,67.77,199.43,199.43
4589.809663,67.77,201.03,201.03
4589.825417,67.77,202.78,202.78
4589.840727,67.77,203.15,203.15
4589.861978,67.77,206.06,206.06
4589.877086,67.77,207.28,207.28
4589.891298,67.77,210.59,210.59
4589.906997,67.77,212.45,212.45
4589.924462,67.77,214.06,214.06
4589.941136,67.77,214.66,214.66
4589.960395,67.77,215.51,215.51
4589.972703,67.77,215.50,215.50
4589.989205,67.77,215.82,215.82
4590.008590,67.77,215.57,215.57
4590.024348,67.77,217.67,217.67
4590.039534,67.77,219.04,219.04
4590.058674,67.77,221.53,221.53
4590.075090,67.77,222.81,222.81
4590.090651,67.77,224.46,224.46
4590.107726,67.77,226.53,226.53
4590.125826,67.77,228.18,228.18
4590.140109,67.77,228.94,228.94
4590.160850,67.77,229.62,229.62
4590.173900,67.77,230.77,230.77
4590.189932,67.77,230.95,230.95
4590.209340,67.77,230.89,230.89
4590.227010,67.77,231.04,231.04
4590.243802,67.77,230.96,230.96
4590.257785,67.77,231.98,231.98
4590.275365,67.77,232.06,232.06
4590.293579,67.77,232.17,232.17
4590.308840,67.77,232.93,232.93
4590.327364,67.77,232.34,232.34
4590.352729,67.77,232.35,232.35
4590.364566,67.77,232.37,232.37
4590.378437,67.77,233.25,233.25
4590.391912,67.77,231.93,231.93
4590.408558,67.77,227.63,227.63
4590.424656,67.77,226.98,226.98
4590.444819,67.77,226.40,226.40
4590.457774,67.77,226.97,226.97
4590.477358,67.77,225.09,225.09
4590.491874,67.77,227.02,227.02
4590.508630,67.77,226.67,226.67
4590.526741,67.77,228.31,228.31
4590.540511,67.77,227.77,227.77
4590.556351,67.77,229.21,229.21
4590.573732,67.77,230.00,230.00
4590.592477,67.77,231.36,231.36
4590.608528,67.77,231.03,231.03
4590.627784,67.77,230.56,230.56
4590.644600,67.77,229.88,229.88
4590.659458,67.77,229.16,229.16
4590.676016,67.77,227.42,227.42
4590.694096,67.77,225.15,225.15
4590.710769,67.77,224.18,224.18
4590.725230,67.77,218.35,218.35
4590.758401,67.77,202.51,202.51
4590.775378,67.77,198.86,198.86
4590.794380,67.77,188.26,188.26
4590.812380,67.77,182.71,182.71
4590.825680,67.77,177.18,177.18
4590.843063,67.77,178.34,178.34
4590.860500,67.77,177.80,177.80
4590.878407,67.77,178.96,178.96
4590.892130,67.77,180.18,180.18
4590.906669,67.77,185.52,185.52
4590.926569,67.77,189.64,189.64
4590.941479,67.77,193.06,193.06
4590.961641,67.77,195.55,195.55
4590.975741,67.77,195.78,195.78
4590.992686,67.77,196.70,196.70
4591.009533,67.77,195.07,195.07
4591.026171,67.77,195.39,195.39
4591.042539,67.77,195.08,195.08
4591.058522,67.77,197.50,197.50
4591.073970,67.77,198.70,198.70
4591.091083,67.77,199.94,199.94
4591.109303,67.77,199.31,199.31
4591.152607,67.77,198.85,198.85
4591.163188,67.77,198.36,198.36
4591.172630,67.77,197.98,197.98
4591.188860,67.77,197.16,197.16
4591.205478,67.77,194.90,194.90
4591.224773,67.77,195.33,195.33
4591.244907,67.77,191.48,191.48
4591.259967,67.77,187.73,187.73
4591.281166,67.77,186.06,186.06
4591.301828,67.77,186.06,186.06
4591.313896,67.77,185.62,185.62
4591.328310,67.77,186.09,186.09
4591.345884,67.77,185.81,185.81
4591.357613,67.77,187.91,187.91
4591.377472,67.77,189.26,189.26
4591.392791,67.77,187.23,187.23
4591.412993,67.77,186.35,186.35
4591.427425,67.77,186.02,186.02
4591.460546,67.77,182.74,182.74
4591.482651,67.77,183.65,183.65
4591.487860,67.77,181.86,181.86
4591.511061,67.77,181.65,181.65
4591.531069,67.77,181.95,181.95
4591.587364,67.77,180.84,180.84
4591.592851,67.77,181.78,181.78
4591.630758,67.77,184.04,184.04
4591.638762,67.77,185.74,185.74
4591.657238,67.77,187.40,187.40
4591.679980,67.77,187.38,187.38
4591.692247,67.77,187.74,187.74
4591.728774,67.77,185.84,185.84
4591.769495,67.77,185.84,185.84
4591.787617,67.77,184.68,184.68
4591.803642,67.77,183.42,183.42
4591.817736,67.77,185.71,185.71
4591.831532,67.77,185.71,185.71
4591.850186,67.77,184.66,184.66
4591.866820,67.77,183.65,183.65
4591.934753,67.77,183.65,183.65
4591.985294,67.77,173.89,173.89
4592.003888,67.77,176.10,176.10
4592.048357,67.77,176.10,176.10
4592.065341,67.77,186.15,186.15
4592.103286,67.77,184.12,184.12
4592.128059,67.77,176.59,176.59
4592.147401,67.77,171.43,171.43
4592.163455,67.77,146.23,146.23
4592.187383,67.77,140.42,140.42
4592.221435,67.77,137.93,137.93
4592.233529,67.77,136.80,136.80
4592.264347,67.77,134.44,134.44
4592.282039,67.77,130.72,130.72
4592.303551,67.77,131.08,131.08
4592.319525,67.77,127.04,127.04
4592.334046,67.77,118.60,118.60
4592.350095,67.77,113.37,113.37
4592.365835,67.77,105.90,105.90
4592.396739,67.77,105.49,105.49
4592.416875,67.77,101.65,101.65
4592.430322,67.77,98.12,98.12
4592.453941,67.77,97.20,97.20
4592.462323,67.77,96.45,96.45
4592.480081,67.77,94.71,94.71
4592.491927,67.77,92.86,92.86
4592.505497,67.77,93.25,93.25
4592.516764,67.77,93.42,93.42
4592.531292,67.77,93.37,93.37
4592.547649,67.77,93.62,93.62
4592.561354,67.77,94.42,94.42
4592.575265,67.77,94.13,94.13
4592.589894,67.77,94.94,94.94
4592.604515,67.77,94.94,94.94
4592.619150,67.77,95.80,95.80
4592.632183,67.77,95.94,95.94
4592.657144,67.77,95.94,95.94
4592.672530,67.77,94.38,94.38
4592.697333,67.77,94.38,94.38
4592.720521,67.77,94.76,94.76
4592.755842,67.77,94.86,94.86
4592.791010,67.77,96.31,96.31
4592.815302,67.77,96.58,96.58
4592.832837,67.77,96.72,96.72
4592.848631,67.77,91.49,91.49
4592.864766,67.77,90.46,90.46
4592.885905,67.77,53.24,53.24
4592.905758,67.77,43.13,43.13
4592.921243,67.77,34.30,34.30
4592.936443,67.77,22.96,22.96
4592.942850,67.77,18.89,18.89
4592.951424,67.77,15.65,15.65
4592.965909,67.77,14.58,14.58
4592.976432,67.77,13.56,13.56
4592.986609,67.77,12.54,12.54
4592.996091,67.77,12.67,12.67
4593.012400,67.77,12.09,12.09
4593.018897,67.77,11.89,11.89
4593.028871,67.77,11.00,11.00
4593.036473,67.77,12.16,12.16
4593.042583,67.77,11.02,11.02
4593.061063,67.77,11.73,11.73
4593.065796,67.77,11.75,11.75
4593.078477,67.77,11.36,11.36
4593.088213,67.77,11.11,11.11
4593.096075,67.77,11.14,11.14
4593.106644,67.77,11.77,11.77
4593.118554,67.77,11.30,11.30
4593.129733,67.77,10.90,10.90
4593.142682,67.77,10.85,10.85
4593.152946,67.77,11.02,11.02
4593.162804,67.77,11.10,11.10
4593.173303,67.77,11.08,11.08
4593.183839,67.77,10.99,10.99
4593.195077,67.77,10.89,10.89
4593.206037,67.77,10.82,10.82
4593.217831,67.77,10.80,10.80
4593.228235,67.77,10.98,10.98
4593.239589,67.77,10.98,10.98
4593.350707,67.77,10.98,10.98
4593.361808,67.77,10.98,10.98
4593.378418,67.77,10.98,10.98
4593.816324,67.77,10.98,10.98
4593.828616,67.77,10.98,10.98
4593.839352,67.77,10.98,10.98
4593.853027,67.77,10.98,10.98
4593.863919,67.77,11.15,11.15
4593.878525,67.77,10.13,10.13
4593.885051,67.77,8.61,8.61
4593.896507,67.77,9.20,9.20
4593.907444,67.77,11.03,11.03
4593.919347,67.77,14.52,14.52
4593.930000,67.77,13.47,13.47
4593.940827,67.77,15.15,15.15
4593.952903,67.77,14.46,14.46
4593.962915,67.77,14.05,14.05
4593.974060,67.77,15.38,15.38
4593.985876,67.77,14.80,14.80
4593.995971,67.77,16.73,16.73
4594.008127,67.77,15.89,15.89
4594.019010,67.77,16.19,16.19
4594.030358,67.77,17.10,17.10
4594.041896,67.77,16.44,16.44
4594.051676,67.77,16.15,16.15
4594.06377