12547.991518,67.77,172.52,172.52
12547.996783,67.77,172.51,172.51
12548.005244,67.77,172.40,172.40
12548.021243,67.77,173.47,173.47
12548.037685,67.77,173.92,173.92
12548.054922,67.77,173.36,173.36
12548.072904,67.77,172.80,172.80
12548.093800,67.77,173.31,173.31
12548.103518,67.77,172.44,172.44
12548.120496,67.77,172.39,172.39
12548.137639,67.77,173.19,173.19
12548.170720,67.77,174.05,174.05
12548.186507,67.77,175.15,175.15
12548.204533,67.77,177.38,177.38
12548.220570,67.77,178.95,178.95
12548.237598,67.77,179.26,179.26
12548.253532,67.77,178.75,178.75
12548.270091,67.77,178.64,178.64
12548.286999,67.77,177.97,177.97
12548.304778,67.77,177.03,177.03
12548.320531,67.77,177.20,177.20
12548.337668,67.77,177.57,177.57
12548.353387,67.77,178.54,178.54
12548.370848,67.77,180.12,180.12
12548.387084,67.77,181.96,181.96
12548.404219,67.77,182.25,182.25
12548.420880,67.77,184.04,184.04
12548.437648,67.77,184.24,184.24
12548.453033,67.77,187.40,187.40
12548.470288,67.77,186.91,186.91
12548.487108,67.77,186.18,186.18
12548.504514,67.77,185.97,185.97
12548.522515,67.77,185.00,185.00
12548.536477,67.77,183.69,183.69
12548.553103,67.77,182.95,182.95
12548.570374,67.77,182.14,182.14
12548.586623,67.77,185.74,185.74
12548.604523,67.77,184.80,184.80
12548.620451,67.77,183.58,183.58
12548.652866,67.77,181.21,181.21
12548.670228,67.77,178.66,178.66
12548.686158,67.77,176.52,176.52
12548.703546,67.77,175.68,175.68
12548.720483,67.77,174.56,174.56
12548.736798,67.77,175.17,175.17
12548.753415,67.77,174.97,174.97
12548.770887,67.77,174.05,174.05
12548.786353,67.77,173.41,173.41
12548.804511,67.77,172.38,172.38
12548.820394,67.77,171.37,171.37
12548.837364,67.77,170.92,170.92
12548.853894,67.77,171.25,171.25
12548.871164,67.77,170.17,170.17
12548.886256,67.77,170.99,170.99
12548.903739,67.77,169.28,169.28
12548.919919,67.77,169.53,169.53
12548.936704,67.77,168.66,168.66
12548.953029,67.77,168.71,168.71
12548.971529,67.77,166.83,166.83
12548.985935,67.77,166.11,166.11
12549.003807,67.77,165.52,165.52
12549.021176,67.77,165.60,165.60
12549.037236,67.77,164.73,164.73
12549.054718,67.77,164.90,164.90
12549.070060,67.77,163.69,163.69
12549.086331,67.77,162.75,162.75
12549.103737,67.77,160.72,160.72
12549.119452,67.77,160.20,160.20
12549.137362,67.77,158.95,158.95
12549.155315,67.77,158.61,158.61
12549.173930,67.77,159.36,159.36
12549.187841,67.77,159.40,159.40
12549.204083,67.77,156.62,156.62
12549.220198,67.77,156.86,156.86
12549.238824,67.77,155.87,155.87
12549.252783,67.77,156.74,156.74
12549.269778,67.77,157.13,157.13
12549.285715,67.77,156.80,156.80
12549.303631,67.77,155.77,155.77
12549.319480,67.77,156.02,156.02
12549.335770,67.77,156.45,156.45
12549.352809,67.77,157.86,157.86
12549.370596,67.77,157.91,157.91
12549.386315,67.77,158.22,158.22
12549.404026,67.77,158.81,158.81
12549.419312,67.77,159.59,159.59
12549.436928,67.77,159.16,159.16
12549.452867,67.77,159.65,159.65
12549.470292,67.77,158.82,158.82
12549.485817,67.77,159.61,159.61
12549.504208,67.77,160.23,160.23
12549.520648,67.77,161.18,161.18
12549.536205,67.77,162.85,162.85
12549.553340,67.77,164.02,164.02
12549.570367,67.77,164.62,164.62
12549.586673,67.77,165.29,165.29
12549.603939,67.77,165.71,165.71
12549.620228,67.77,165.96,165.96
12549.636978,67.77,165.16,165.16
12549.652974,67.77,164.37,164.37
12549.670068,67.77,163.45,163.45
12549.686344,67.77,162.66,162.66
12549.703533,67.77,165.74,165.74
12549.718921,67.77,166.52,166.52
12549.736103,67.77,167.06,167.06
12549.752624,67.77,167.29,167.29
12549.771608,67.77,167.60,167.60
12549.785936,67.77,168.02,168.02
12549.805597,67.77,167.89,167.89
12549.820753,67.77,168.29,168.29
12549.838163,67.77,167.72,167.72
12549.853236,67.77,167.79,167.79
12549.869447,67.77,167.33,167.33
12549.885751,67.77,168.25,168.25
12549.902630,67.77,167.92,167.92
12549.919521,67.77,167.33,167.33
12549.936067,67.77,167.18,167.18
12549.952136,67.77,167.48,167.48
12549.971297,67.77,167.26,167.26
12549.986709,67.77,167.09,167.09
12550.002304,67.77,166.88,166.88
12550.020968,67.77,166.41,166.41
12550.039393,67.77,169.51,169.51
12550.052585,67.77,169.31,169.31
12550.069068,67.77,170.61,170.61
12550.085488,67.77,169.94,169.94
12550.106100,67.77,168.92,168.92
12550.119056,67.77,167.98,167.98
12550.141892,67.77,167.63,167.63
12550.152085,67.77,166.93,166.93
12550.170879,67.77,166.77,166.77
12550.186132,67.77,165.95,165.95
12550.202402,67.77,169.63,169.63
12550.219581,67.77,168.88,168.88
12550.235817,67.77,169.10,169.10
12550.254630,67.77,168.04,168.04
12550.269770,67.77,167.50,167.50
12550.286951,67.77,167.42,167.42
12550.302519,67.77,166.93,166.93
12550.319628,67.77,166.07,166.07
12550.336281,67.77,164.14,164.14
12550.369256,67.77,162.97,162.97
12550.386177,67.77,165.57,165.57
12550.408560,67.77,164.94,164.94
12550.425487,67.77,167.12,167.12
12550.455646,67.77,165.93,165.93
12550.459044,67.77,164.48,164.48
12550.489961,67.77,160.26,160.26
12550.502494,67.77,158.77,158.77
12550.521505,67.77,157.78,157.78
12550.536604,67.77,161.86,161.86
12550.554646,67.77,161.10,161.10
12550.571462,67.77,161.89,161.89
12550.585975,67.77,160.83,160.83
12550.603104,67.77,161.00,161.00
12550.624498,67.77,160.98,160.98
12550.636217,67.77,160.96,160.96
12550.652743,67.77,161.50,161.50
12550.670646,67.77,160.68,160.68
12550.685339,67.77,161.09,161.09
12550.702488,67.77,159.90,159.90
12550.718543,67.77,159.98,159.98
12550.736797,67.77,159.37,159.37
12550.754936,67.77,159.34,159.34
12550.768816,67.77,159.59,159.59
12550.786907,67.77,159.42,159.42
12550.802678,67.77,158.94,158.94
12550.819008,67.77,157.37,157.37
12550.835641,67.77,155.28,155.28
12550.852602,67.77,153.84,153.84
12550.869142,67.77,152.85,152.85
12550.885734,67.77,152.73,152.73
12550.902442,67.77,152.38,152.38
12550.919254,67.77,153.52,153.52
12550.937313,67.77,155.12,155.12
12550.954824,67.77,156.74,156.74
12550.968774,67.77,158.52,158.52
12550.985109,67.77,157.73,157.73
12551.002215,67.77,158.92,158.92
12551.019067,67.77,156.72,156.72
12551.036912,67.77,157.13,157.13
12551.051730,67.77,155.17,155.17
12551.069561,67.77,154.63,154.63
12551.084445,67.77,150.93,150.93
12551.105209,67.77,150.05,150.05
12551.119256,67.77,149.67,149.67
12551.135275,67.77,151.53,151.53
12551.168671,67.77,151.57,151.57
12551.184955,67.77,151.96,151.96
12551.202065,67.77,150.54,150.54
12551.218905,67.77,149.76,149.76
12551.235578,67.77,146.54,146.54
12551.252257,67.77,147.77,147.77
12551.268494,67.77,147.03,147.03
12551.286841,67.77,149.35,149.35
12551.302418,67.77,149.63,149.63
12551.318603,67.77,150.90,150.90
12551.335660,67.77,149.60,149.60
12551.353381,67.77,150.01,150.01
12551.369528,67.77,149.92,149.92
12551.385781,67.77,150.87,150.87
12551.402857,67.77,150.16,150.16
12551.422805,67.77,151.49,151.49
12551.435814,67.77,150.88,150.88
12551.452775,67.77,152.58,152.58
12551.469051,67.77,152.17,152.17
12551.484788,67.77,153.51,153.51
12551.502174,67.77,152.30,152.30
12551.518095,67.77,153.02,153.02
12551.535018,67.77,150.42,150.42
12551.552015,67.77,150.87,150.87
12551.568242,67.77,148.72,148.72
12551.585194,67.77,149.12,149.12
12551.602001,67.77,148.30,148.30
12551.618215,67.77,148.63,148.63
12551.634885,67.77,147.09,147.09
12551.651708,67.77,146.57,146.57
12551.669871,67.77,145.50,145.50
12551.684433,67.77,145.85,145.85
12551.702777,67.77,144.27,144.27
12551.720765,67.77,143.67,143.67
12551.734872,67.77,142.79,142.79
12551.751422,67.77,143.51,143.51
12551.768654,67.77,143.40,143.40
12551.784720,67.77,143.00,143.00
12551.802581,67.77,141.40,141.40
12551.818201,67.77,140.81,140.81
12551.834624,67.77,139.03,139.03
12551.851856,67.77,138.62,138.62
12551.868876,67.77,137.89,137.89
12551.884839,67.77,137.99,137.99
12551.902241,67.77,137.12,137.12
12551.918419,67.77,135.42,135.42
12551.934834,67.77,134.82,134.82
12551.951312,67.77,133.86,133.86
12551.968514,67.77,133.19,133.19
12551.984326,67.77,132.89,132.89
12552.001942,67.77,132.26,132.26
12552.018289,67.77,130.91,130.91
12552.034783,67.77,130.05,130.05
12552.051222,67.77,128.97,128.97
12552.068611,67.77,128.27,128.27
12552.084790,67.77,128.48,128.48
12552.105694,67.77,128.24,128.24
12552.119369,67.77,127.78,127.78
12552.134804,67.77,127.78,127.78
12552.152118,67.77,126.99,126.99
12552.168480,67.77,126.86,126.86
12552.184357,67.77,126.99,126.99
12552.201516,67.77,127.58,127.58
12552.218495,67.77,128.07,128.07
12552.234455,67.77,128.38,128.38
12552.251879,67.77,128.56,128.56
12552.269168,67.77,128.73,128.73
12552.288246,67.77,129.34,129.34
12552.304679,67.77,129.86,129.86
12552.318088,67.77,130.65,130.65
12552.334473,67.77,134.28,134.28
12552.351349,67.77,134.62,134.62
12552.368891,67.77,121.94,121.94
12552.384669,67.77,122.08,122.08
12552.401945,67.77,122.47,122.47
12552.418093,67.77,123.52,123.52
12552.434896,67.77,124.27,124.27
12552.451536,67.77,125.28,125.28
12552.469120,67.77,135.35,135.35
12552.485425,67.77,135.82,135.82
12552.500991,67.77,139.37,139.37
12552.517905,67.77,139.76,139.76
12552.534665,67.77,140.06,140.06
12552.551224,67.77,140.26,140.26
12552.568108,67.77,141.42,141.42
12552.584184,67.77,141.48,141.48
12552.601383,67.77,142.04,142.04
12552.617624,67.77,142.20,142.20
12552.634839,67.77,145.64,145.64
12552.651301,67.77,145.46,145.46
12552.668608,67.77,147.23,147.23
12552.684389,67.77,147.61,147.61
12552.703233,67.77,147.76,147.76
12552.717550,67.77,147.07,147.07
12552.734321,67.77,146.94,146.94
12552.750768,67.77,148.41,148.41
12552.768025,67.77,148.83,148.83
12552.784260,67.77,149.27,149.27
12552.801749,67.77,149.16,149.16
12552.817744,67.77,147.79,147.79
12552.834198,67.77,146.73,146.73
12552.851398,67.77,146.06,146.06
12552.867608,67.77,146.23,146.23
12552.884143,67.77,147.06,147.06
12552.903490,67.77,151.93,151.93
12552.917537,67.77,153.21,153.21
12552.934534,67.77,152.96,152.96
12552.951549,67.77,153.94,153.94
12552.967930,67.77,154.92,154.92
12552.984653,67.77,156.16,156.16
12553.000896,67.77,157.11,157.11
12553.017624,67.77,157.70,157.70
12553.034045,67.77,158.02,158.02
12553.050885,67.77,157.77,157.77
12553.067338,67.77,158.10,158.10
12553.083602,67.77,158.67,158.67
12553.100735,67.77,159.16,159.16
12553.122584,67.77,159.33,159.33
12553.133979,67.77,159.26,159.26
12553.151819,67.77,159.96,159.96
12553.168347,67.77,160.53,160.53
12553.184031,67.77,161.20,161.20
12553.202029,67.77,164.71,164.71
12553.217763,67.77,165.38,165.38
12553.234336,67.77,166.53,166.53
12553.251090,67.77,166.72,166.72
12553.268235,67.77,167.13,167.13
12553.284026,67.77,167.57,167.57
12553.301401,67.77,167.68,167.68
12553.317243,67.77,167.45,167.45
12553.334545,67.77,167.41,167.41
12553.350670,67.77,167.35,167.35
12553.368229,67.77,166.79,166.79
12553.383567,67.77,166.02,166.02
12553.400967,67.77,165.41,165.41
12553.417305,67.77,164.90,164.90
12553.433639,67.77,164.62,164.62
12553.450498,67.77,164.12,164.12
12553.467277,67.77,163.22,163.22
12553.483459,67.77,163.00,163.00
12553.500394,67.77,162.06,162.06
12553.518048,67.77,161.12,161.12
12553.534413,67.77,160.05,160.05
12553.551960,67.77,159.20,159.20
12553.569813,67.77,159.21,159.21
12553.585183,67.77,158.76,158.76
12553.603810,67.77,158.23,158.23
12553.618703,67.77,158.07,158.07
12553.636647,67.77,158.32,158.32
12553.651792,67.77,158.92,158.92
12553.667581,67.77,162.67,162.67
12553.684040,67.77,162.72,162.72
12553.700810,67.77,160.36,160.36
12553.717568,67.77,159.24,159.24
12553.735053,67.77,156.59,156.59
12553.750617,67.77,155.93,155.93
12553.767352,67.77,154.15,154.15
12553.784029,67.77,155.15,155.15
12553.800880,67.77,153.42,153.42
12553.817836,67.77,153.69,153.69
12553.834149,67.77,151.82,151.82
12553.851155,67.77,151.16,151.16
12553.867197,67.77,147.92,147.92
12553.884054,67.77,148.48,148.48
12553.900321,67.77,147.06,147.06
12553.917447,67.77,146.93,146.93
12553.933869,67.77,145.62,145.62
12553.950246,67.77,144.90,144.90
12553.966981,67.77,142.80,142.80
12553.983717,67.77,142.78,142.78
12554.001370,67.77,141.31,141.31
12554.017860,67.77,141.01,141.01
12554.033531,67.77,139.82,139.82
12554.050435,67.77,139.13,139.13
12554.067093,67.77,137.48,137.48
12554.084203,67.77,137.41,137.41
12554.101259,67.77,136.29,136.29
12554.116794,67.77,135.53,135.53
12554.134192,67.77,134.55,134.55
12554.150159,67.77,134.28,134.28
12554.166827,67.77,133.77,133.77
12554.183997,67.77,133.63,133.63
12554.200357,67.77,132.84,132.84
12554.217051,67.77,132.59,132.59
12554.233588,67.77,130.29,130.29
12554.250459,67.77,130.37,130.37
12554.266974,67.77,130.47,130.47
12554.284307,67.77,129.89,129.89
12554.300912,67.77,129.42,129.42
12554.317153,67.77,129.19,129.19
12554.333225,67.77,129.09,129.09
12554.350125,67.77,128.99,128.99
12554.367013,67.77,128.59,128.59
12554.383998,67.77,128.63,128.63
12554.400625,67.77,128.81,128.81
12554.416829,67.77,128.94,128.94
12554.434523,67.77,128.68,128.68
12554.450735,67.77,128.68,128.68
12554.467131,67.77,128.84,128.84
12554.483781,67.77,128.83,128.83
12554.501194,67.77,129.22,129.22
12554.516909,67.77,129.62,129.62
12554.534304,67.77,129.96,129.96
12554.550552,67.77,130.40,130.40
12554.566846,67.77,130.46,130.46
12554.584370,67.77,131.21,131.21
12554.600672,67.77,131.50,131.50
12554.616877,67.77,131.52,131.52
12554.634346,67.77,131.96,131.96
12554.650669,67.77,131.93,131.93
12554.667050,67.77,132.14,132.14
12554.687698,67.77,132.00,132.00
12554.701160,67.77,135.98,135.98
12554.716785,67.77,136.51,136.51
12554.733912,67.77,139.15,139.15
12554.750262,67.77,138.77,138.77
12554.766942,67.77,139.07,139.07
12554.782939,67.77,138.71,138.71
12554.800491,67.77,138.45,138.45
12554.817064,67.77,138.82,138.82
12554.833895,67.77,140.82,140.82
12554.850121,67.77,140.64,140.64
12554.869291,67.77,143.78,143.78
12554.883240,67.77,143.43,143.43
12554.900712,67.77,143.53,143.53
12554.916933,67.77,143.24,143.24
12554.933185,67.77,143.11,143.11
12554.949721,67.77,143.77,143.77
12554.968856,67.77,143.72,143.72
12554.983075,67.77,143.58,143.58
12555.000728,67.77,142.97,142.97
12555.016753,67.77,143.40,143.40
12555.034193,67.77,143.07,143.07
12555.049461,67.77,143.28,143.28
12555.066643,67.77,146.94,146.94
12555.083039,67.77,146.52,146.52
12555.099818,67.77,148.19,148.19
12555.116788,67.77,148.51,148.51
12555.133716,67.77,148.54,148.54
12555.150256,67.77,148.77,148.77
12555.166772,67.77,149.15,149.15
12555.185209,67.77,150.32,150.32
12555.200440,67.77,150.27,150.27
12555.216994,67.77,150.68,150.68
12555.233527,67.77,154.09,154.09
12555.249401,67.77,154.01,154.01
12555.266012,67.77,155.26,155.26
12555.283933,67.77,155.12,155.12
12555.300285,67.77,154.79,154.79
12555.316582,67.77,155.37,155.37
12555.333375,67.77,155.71,155.71
12555.349463,67.77,155.63,155.63
12555.367118,67.77,156.08,156.08
12555.383383,67.77,156.71,156.71
12555.399986,67.77,158.09,158.09
12555.416466,67.77,158.57,158.57
12555.433974,67.77,159.21,159.21
12555.449844,67.77,160.76,160.76
12555.466010,67.77,162.28,162.28
12555.483221,67.77,162.97,162.97
12555.499311,67.77,164.29,164.29
12555.517083,67.77,165.27,165.27
12555.534028,67.77,165.76,165.76
12555.550618,67.77,166.34,166.34
12555.566254,67.77,167.22,167.22
12555.583762,67.77,168.90,168.90
12555.599767,67.77,175.76,175.76
12555.617374,67.77,177.62,177.62
12555.633395,67.77,181.00,181.00
12555.649239,67.77,181.02,181.02
12555.666144,67.77,181.49,181.49
12555.683511,67.77,181.84,181.84
12555.699812,67.77,182.53,182.53
12555.716718,67.77,183.84,183.84
12555.733893,67.77,184.89,184.89
12555.749990,67.77,184.58,184.58
12555.766796,67.77,184.86,184.86
12555.783388,67.77,183.42,183.42
12555.807107,67.77,181.69,181.69
12555.816873,67.77,179.08,179.08
12555.833191,67.77,180.42,180.42
12555.850277,67.77,179.02,179.02
12555.866006,67.77,177.75,177.75
12555.883147,67.77,175.80,175.80
12555.899819,67.77,174.57,174.57
12555.916430,67.77,172.88,172.88
12555.933045,67.77,172.92,172.92
12555.949802,67.77,172.72,172.72
12555.966435,67.77,172.86,172.86
12555.982754,67.77,172.47,172.47
12555.999442,67.77,171.76,171.76
12556.016342,67.77,171.30,171.30
12556.034042,67.77,169.55,169.55
12556.052018,67.77,169.69,169.69
12556.065988,67.77,167.80,167.80
12556.082967,67.77,167.37,167.37
12556.098917,67.77,166.80,166.80
12556.116094,67.77,166.57,166.57
12556.134027,67.77,167.23,167.23
12556.150631,67.77,168.61,168.61
12556.165956,67.77,168.34,168.34
12556.183283,67.77,168.76,168.76
12556.199220,67.77,169.01,169.01
12556.216220,67.77,169.97,169.97
12556.233174,67.77,169.75,169.75
12556.249606,67.77,170.41,170.41
12556.267605,67.77,170.72,170.72
12556.284061,67.77,170.53,170.53
12556.299218,67.77,168.87,168.87
12556.316448,67.77,169.20,169.20
12556.333039,67.77,169.78,169.78
12556.349323,67.77,171.51,171.51
12556.365905,67.77,173.16,173.16
12556.382768,67.77,175.37,175.37
12556.399151,67.77,177.27,177.27
12556.416415,67.77,178.84,178.84
12556.432220,67.77,178.84,178.84
12556.449157,67.77,178.86,178.86
12556.465515,67.77,179.36,179.36
12556.482888,67.77,178.88,178.88
12556.498632,67.77,178.38,178.38
12556.516106,67.77,177.34,177.34
12556.532627,67.77,176.75,176.75
12556.549767,67.77,176.68,176.68
12556.565742,67.77,176.36,176.36
12556.583637,67.77,176.85,176.85
12556.600445,67.77,175.77,175.77
12556.616544,67.77,174.67,174.67
12556.635308,67.77,172.84,172.84
12556.665957,67.77,172.53,172.53
12556.682823,67.77,171.14,171.14
12556.698873,67.77,170.57,170.57
12556.715820,67.77,168.81,168.81
12556.732562,67.77,168.64,168.64
12556.748898,67.77,168.40,168.40
12556.765510,67.77,168.22,168.22
12556.782394,67.77,169.21,169.21
12556.799200,67.77,170.34,170.34
12556.816289,67.77,169.98,169.98
12556.833486,67.77,169.41,169.41
12556.849538,67.77,168.16,168.16
12556.866182,67.77,167.98,167.98
12556.883713,67.77,169.96,169.96
12556.899024,67.77,171.92,171.92
12556.916030,67.77,173.68,173.68
12556.932816,67.77,173.83,173.83
12556.950441,67.77,174.10,174.10
12556.965412,67.77,177.58,177.58
12556.982474,67.77,179.15,179.15
12556.998556,67.77,180.85,180.85
12557.016060,67.77,181.98,181.98
12557.048904,67.77,181.07,181.07
12557.065482,67.77,184.21,184.21
12557.083131,67.77,183.01,183.01
12557.099934,67.77,183.89,183.89
12557.115422,67.77,184.38,184.38
12557.133083,67.77,183.30,183.30
12557.149718,67.77,181.77,181.77
12557.165306,67.77,180.90,180.90
12557.182239,67.77,180.31,180.31
12557.198886,67.77,180.25,180.25
12557.216219,67.77,179.86,179.86
12557.232648,67.77,179.77,179.77
12557.248614,67.77,179.42,179.42
12557.265523,67.77,179.17,179.17
12557.282333,67.77,178.96,178.96
12557.298736,67.77,178.29,178.29
12557.316068,67.77,177.57,177.57
12557.332285,67.77,177.11,177.11
12557.350087,67.77,176.03,176.03
12557.366168,67.77,175.67,175.67
12557.384033,67.77,175.01,175.01
12557.398704,67.77,175.31,175.31
12557.416168,67.77,175.59,175.59
12557.432909,67.77,174.85,174.85
12557.448749,67.77,175.54,175.54
12557.466563,67.77,175.36,175.36
12557.482274,67.77,174.56,174.56
12557.498577,67.77,173.25,173.25
12557.515187,67.77,175.06,175.06
12557.532595,67.77,174.69,174.69
12557.550802,67.77,175.66,175.66
12557.565382,67.77,176.18,176.18
12557.583709,67.77,176.78,176.78
12557.598929,67.77,177.31,177.31
12557.616592,67.77,178.28,178.28
12557.632063,67.77,177.80,177.80
12557.648579,67.77,177.47,177.47
12557.665710,67.77,178.00,178.00
12557.681845,67.77,178.65,178.65
12557.698682,67.77,178.12,178.12
12557.715498,67.77,178.30,178.30
12557.732630,67.77,179.64,179.64
12557.748693,67.77,180.01,180.01
12557.765900,67.77,181.00,181.00
12557.782190,67.77,181.69,181.69
12557.798881,67.77,181.62,181.62
12557.816144,67.77,182.40,182.40
12557.832012,67.77,182.02,182.02
12557.850438,67.77,182.71,182.71
12557.865176,67.77,183.09,183.09
12557.883746,67.77,183.86,183.86
12557.898264,67.77,184.70,184.70
12557.915486,67.77,185.47,185.47
12557.932238,67.77,184.92,184.92
12557.948975,67.77,185.34,185.34
12557.965729,67.77,184.65,184.65
12557.983608,67.77,183.98,183.98
12557.999166,67.77,184.78,184.78
12558.015452,67.77,184.56,184.56
12558.032308,67.77,183.98,183.98
12558.048697,67.77,183.57,183.57
12558.065464,67.77,183.43,183.43
12558.082119,67.77,183.33,183.33
12558.098053,67.77,180.85,180.85
12558.116039,67.77,180.60,180.60
12558.131723,67.77,179.68,179.68
12558.148955,67.77,179.54,179.54
12558.165377,67.77,178.83,178.83
12558.182643,67.77,178.57,178.57
12558.198687,67.77,177.76,177.76
12558.215897,67.77,177.08,177.08
12558.231384,67.77,176.66,176.66
12558.248936,67.77,176.31,176.31
12558.264557,67.77,176.05,176.05
12558.282079,67.77,175.90,175.90
12558.298301,67.77,175.43,175.43
12558.315595,67.77,175.24,175.24
12558.331441,67.77,175.61,175.61
12558.349214,67.77,175.69,175.69
12558.364947,67.77,175.20,175.20
12558.382891,67.77,174.99,174.99
12558.398477,67.77,174.27,174.27
12558.416326,67.77,173.81,173.81
12558.431624,67.77,173.51,173.51
12558.450993,67.77,173.46,173.46
12558.465411,67.77,173.19,173.19
12558.482076,67.77,172.80,172.80
12558.498341,67.77,172.97,172.97
12558.515594,67.77,173.17,173.17
12558.532352,67.77,175.92,175.92
12558.548641,67.77,175.57,175.57
12558.565842,67.77,176.34,176.34
12558.581992,67.77,176.17,176.17
12558.598027,67.77,175.47,175.47
12558.615318,67.77,176.39,176.39
12558.631940,67.77,176.51,176.51
12558.648576,67.77,176.06,176.06
12558.665025,67.77,175.74,175.74
12558.682001,67.77,175.68,175.68
12558.698691,67.77,175.49,175.49
12558.716197,67.77,175.86,175.86
12558.731892,67.77,176.20,176.20
12558.748183,67.77,175.12,175.12
12558.764443,67.77,175.12,175.12
12558.781737,67.77,175.00,175.00
12558.798239,67.77,175.16,175.16
12558.815567,67.77,175.18,175.18
12558.831175,67.77,174.43,174.43
12558.849646,67.77,174.49,174.49
12558.864641,67.77,174.40,174.40
12558.882397,67.77,174.21,174.21
12558.898266,67.77,174.29,174.29
12558.915501,67.77,173.82,173.82
12558.931109,67.77,173.96,173.96
12558.947918,67.77,173.69,173.69
12558.964773,67.77,174.69,174.69
12558.982357,67.77,173.83,173.83
12558.998310,67.77,173.77,173.77
12559.014732,67.77,173.51,173.51
12559.031603,67.77,174.03,174.03
12559.048392,67.77,174.08,174.08
12559.065432,67.77,173.53,173.53
12559.082378,67.77,172.83,172.83
12559.097924,67.77,172.52,172.52
12559.114627,67.77,173.32,173.32
12559.131671,67.77,173.72,173.72
12559.148039,67.77,173.61,173.61
12559.164693,67.77,173.37,173.37
12559.183038,67.77,172.38,172.38
12559.198295,67.77,171.95,171.95
12559.214729,67.77,170.32,170.32
12559.231158,67.77,169.97,169.97
12559.248185,67.77,169.14,169.14
12559.264425,67.77,168.81,168.81
12559.281660,67.77,168.52,168.52
12559.297639,67.77,168.30,168.30
12559.316113,67.77,168.66,168.66
12559.331032,67.77,168.38,168.38
12559.347805,67.77,168.29,168.29
12559.364504,67.77,168.26,168.26
12559.384256,67.77,167.58,167.58
12559.397780,67.77,167.22,167.22
12559.416307,67.77,168.23,168.23
12559.430951,67.77,168.87,168.87
12559.449270,67.77,169.14,169.14
12559.464771,67.77,169.79,169.79
12559.482028,67.77,169.45,169.45
12559.498199,67.77,169.30,169.30
12559.515444,67.77,169.67,169.67
12559.531379,67.77,169.53,169.53
12559.547955,67.77,169.57,169.57
12559.564295,67.77,169.96,169.96
12559.581745,67.77,170.90,170.90
12559.597633,67.77,170.93,170.93
12559.616452,67.77,170.74,170.74
12559.631945,67.77,170.85,170.85
12559.649487,67.77,170.81,170.81
12559.664215,67.77,170.65,170.65
12559.681850,67.77,170.66,170.66
12559.703539,67.77,171.12,171.12
12559.715475,67.77,170.79,170.79
12559.731106,67.77,170.75,170.75
12559.747875,67.77,170.43,170.43
12559.765011,67.77,169.79,169.79
12559.781766,67.77,169.27,169.27
12559.797093,67.77,168.35,168.35
12559.814881,67.77,168.62,168.62
12559.830706,67.77,169.22,169.22
12559.848516,67.77,169.26,169.26
12559.864132,67.77,169.48,169.48
12559.881285,67.77,169.29,169.29
12559.897690,67.77,168.88,168.88
12559.914884,67.77,169.00,169.00
12559.931910,67.77,168.64,168.64
12559.948043,67.77,168.22,168.22
12559.964330,67.77,167.72,167.72
12559.982613,67.77,167.60,167.60
12559.997496,67.77,167.54,167.54
12560.015355,67.77,167.32,167.32
12560.030569,67.77,167.51,167.51
12560.051537,67.77,167.37,167.37
12560.063857,67.77,167.21,167.21
12560.082120,67.77,166.47,166.47
12560.097367,67.77,166.82,166.82
12560.115413,67.77,166.87,166.87
12560.131515,67.77,166.00,166.00
12560.147622,67.77,166.16,166.16
12560.164908,67.77,166.10,166.10
12560.183133,67.77,165.92,165.92
12560.197821,67.77,165.66,165.66
12560.215119,67.77,165.65,165.65
12560.230818,67.77,165.67,165.67
12560.248836,67.77,165.61,165.61
12560.264359,67.77,165.50,165.50
12560.282549,67.77,164.86,164.86
12560.297629,67.77,164.92,164.92
12560.315618,67.77,164.96,164.96
12560.331121,67.77,164.83,164.83
12560.348889,67.77,164.86,164.86
12560.363653,67.77,165.63,165.63
12560.380729,67.77,164.89,164.89
12560.397346,67.77,165.08,165.08
12560.415218,67.77,164.94,164.94
12560.430770,67.77,165.36,165.36
12560.448330,67.77,165.48,165.48
12560.464095,67.77,165.99,165.99
12560.481462,67.77,166.17,166.17
12560.498690,67.77,165.88,165.88
12560.514506,67.77,166.06,166.06
12560.530962,67.77,166.13,166.13
12560.548008,67.77,165.97,165.97
12560.563416,67.77,166.01,166.01
12560.581761,67.77,166.14,166.14
12560.598851,67.77,165.75,165.75
12560.615012,67.77,166.04,166.04
12560.631758,67.77,166.80,166.80
12560.647580,67.77,166.80,166.80
12560.663629,67.77,166.34,166.34
12560.681481,67.77,165.77,165.77
12560.698001,67.77,165.58,165.58
12560.714249,67.77,165.97,165.97
12560.731291,67.77,166.73,166.73
12560.747926,67.77,167.27,167.27
12560.763766,67.77,167.32,167.32
12560.781817,67.77,166.93,166.93
12560.798192,67.77,167.18,167.18
12560.816532,67.77,167.46,167.46
12560.831386,67.77,167.20,167.20
12560.849070,67.77,167.04,167.04
12560.863689,67.77,167.01,167.01
12560.882329,67.77,166.79,166.79
12560.896646,67.77,166.71,166.71
12560.915001,67.77,166.83,166.83
12560.931192,67.77,166.69,166.69
12560.948593,67.77,166.71,166.71
12560.963855,67.77,166.41,166.41
12560.981865,67.77,166.72,166.72
12560.997399,67.77,167.26,167.26
12561.030062,67.77,167.12,167.12
12561.051041,67.77,166.98,166.98
12561.063881,67.77,166.95,166.95
12561.083372,67.77,166.71,166.71
12561.097224,67.77,166.85,166.85
12561.115069,67.77,167.01,167.01
12561.131111,67.77,167.30,167.30
12561.147835,67.77,166.90,166.90
12561.163520,67.77,166.66,166.66
12561.180954,67.77,166.60,166.60
12561.196576,67.77,166.59,166.59
12561.214315,67.77,166.47,166.47
12561.231327,67.77,166.44,166.44
12561.249238,67.77,165.77,165.77
12561.265173,67.77,165.48,165.48
12561.283112,67.77,165.70,165.70
12561.296985,67.77,165.83,165.83
12561.315424,67.77,165.82,165.82
12561.330414,67.77,165.82,165.82
12561.347452,67.77,165.83,165.83
12561.363951,67.77,166.29,166.29
12561.381068,67.77,166.41,166.41
12561.396792,67.77,166.73,166.73
12561.415994,67.77,166.87,166.87
12561.430077,67.77,165.66,165.66
12561.448049,67.77,165.53,165.53
12561.463309,67.77,164.94,164.94
12561.481566,67.77,164.44,164.44
12561.496679,67.77,163.46,163.46
12561.514042,67.77,163.87,163.87
12561.530215,67.77,163.73,163.73
12561.547947,67.77,163.52,163.52
12561.563137,67.77,163.59,163.59
12561.581541,67.77,163.63,163.63
12561.597226,67.77,163.35,163.35
12561.615579,67.77,163.19,163.19
12561.630402,67.77,163.13,163.13
12561.663572,67.77,163.24,163.24
12561.682092,67.77,163.49,163.49
12561.698265,67.77,163.63,163.63
12561.715874,67.77,163.72,163.72
12561.730917,67.77,163.53,163.53
12561.747915,67.77,163.39,163.39
12561.763223,67.77,163.00,163.00
12561.780756,67.77,162.76,162.76
12561.796478,67.77,162.71,162.71
12561.814543,67.77,162.86,162.86
12561.830461,67.77,163.51,163.51
12561.848291,67.77,163.86,163.86
12561.864236,67.77,163.39,163.39
12561.881404,67.77,163.47,163.47
12561.900129,67.77,163.42,163.42
12561.914538,67.77,163.82,163.82
12561.930645,67.77,163.63,163.63
12561.947206,67.77,163.50,163.50
12561.962906,67.77,163.46,163.46
12561.980941,67.77,163.54,163.54
12561.996179,67.77,163.44,163.44
12562.014391,67.77,163.81,163.81
12562.029713,67.77,164.04,164.04
12562.047518,67.77,163.55,163.55
12562.062998,67.77,163.26,163.26
12562.081253,67.77,163.16,163.16
12562.097245,67.77,163.23,163.23
12562.113999,67.77,163.21,163.21
12562.129543,67.77,163.21,163.21
12562.149298,67.77,163.08,163.08
12562.163474,67.77,163.20,163.20
12562.181761,67.77,163.17,163.17
12562.197241,67.77,163.15,163.15
12562.213909,67.77,163.10,163.10
12562.230692,67.77,163.12,163.12
12562.249370,67.77,163.36,163.36
12562.266603,67.77,163.50,163.50
12562.283147,67.77,163.35,163.35
12562.296823,67.77,163.34,163.34
12562.318866,67.77,163.24,163.24
12562.330060,67.77,163.08,163.08
12562.347270,67.77,163.20,163.20
12562.362646,67.77,163.29,163.29
12562.380527,67.77,163.21,163.21
12562.396767,67.77,163.35,163.35
12562.414512,67.77,163.28,163.28
12562.429809,67.77,163.27,163.27
12562.447697,67.77,163.31,163.31
12562.463460,67.77,163.37,163.37
12562.481360,67.77,163.49,163.49
12562.496984,67.77,163.48,163.48
12562.514544,67.77,163.48,163.48
12562.531893,67.77,163.34,163.34
12562.548285,67.77,163.40,163.40
12562.563059,67.77,163.51,163.51
12562.581217,67.77,163.40,163.40
12562.596568,67.77,163.46,163.46
12562.614690,67.77,163.56,163.56
12562.630892,67.77,163.50,163.50
12562.647422,67.77,163.40,163.40
12562.663277,67.77,163.40,163.40
12562.680183,67.77,163.32,163.32
12562.697357,67.77,163.30,163.30
12562.714819,67.77,163.37,163.37
12562.729699,67.77,163.77,163.77
12562.746388,67.77,163.42,163.42
12562.763943,67.77,163.15,163.15
12562.781360,67.77,163.52,163.52
12562.795961,67.77,163.50,163.50
12562.814208,67.77,163.51,163.51
12562.829494,67.77,163.28,163.28
12562.847429,67.77,163.15,163.15
12562.863079,67.77,163.16,163.16
12562.880065,67.77,163.04,163.04
12562.896360,67.77,163.11,163.11
12562.914640,67.77,162.98,162.98
12562.929318,67.77,162.63,162.63
12562.946580,67.77,162.38,162.38
12562.962355,67.77,162.37,162.37
12562.980768,67.77,162.53,162.53
12562.995952,67.77,162.80,162.80
12563.029113,67.77,162.63,162.63
12563.049440,67.77,162.67,162.67
12563.063045,67.77,162.52,162.52
12563.080752,67.77,162.54,162.54
12563.096405,67.77,162.56,162.56
12563.113433,67.77,162.66,162.66
12563.129765,67.77,162.63,162.63
12563.147185,67.77,162.88,162.88
12563.163078,67.77,163.37,163.37
12563.180059,67.77,163.73,163.73
12563.196087,67.77,163.60,163.60
12563.215330,67.77,163.44,163.44
12563.229581,67.77,163.44,163.44
12563.248823,67.77,163.26,163.26
12563.263300,67.77,163.89,163.89
12563.280093,67.77,164.00,164.00
12563.296582,67.77,163.42,163.42
12563.314901,67.77,163.54,163.54
12563.329989,67.77,163.56,163.56
12563.346523,67.77,163.68,163.68
12563.363496,67.77,163.60,163.60
12563.381480,67.77,163.74,163.74
12563.397916,67.77,163.74,163.74
12563.413319,67.77,163.48,163.48
12563.429695,67.77,163.37,163.37
12563.447262,67.77,163.53,163.53
12563.462873,67.77,163.32,163.32
12563.479420,67.77,163.46,163.46
12563.495888,67.77,163.47,163.47
12563.514108,67.77,163.44,163.44
12563.529624,67.77,163.33,163.33
12563.548374,67.77,163.27,163.27
12563.563422,67.77,163.39,163.39
12563.582305,67.77,163.81,163.81
12563.596944,67.77,163.70,163.70
12563.615532,67.77,163.68,163.68
12563.630192,67.77,163.96,163.96
12563.649058,67.77,163.90,163.90
12563.662946,67.77,163.95,163.95
12563.681663,67.77,163.79,163.79
12563.695992,67.77,163.69,163.69
12563.713712,67.77,163.65,163.65
12563.729420,67.77,163.80,163.80
12563.747163,67.77,163.85,163.85
12563.762618,67.77,163.70,163.70
12563.780696,67.77,163.55,163.55
12563.800956,67.77,163.49,163.49
12563.814057,67.77,163.56,163.56
12563.829289,67.77,163.97,163.97
12563.849083,67.77,163.99,163.99
12563.863542,67.77,164.01,164.01
12563.882311,67.77,163.86,163.86
12563.897169,67.77,164.11,164.11
12563.914996,67.77,164.19,164.19
12563.946810,67.77,164.61,164.61
12563.962997,67.77,164.42,164.42
12563.979670,67.77,164.50,164.50
12563.995435,67.77,164.71,164.71
12564.014081,67.77,164.82,164.82
12564.028955,67.77,164.92,164.92
12564.046506,67.77,165.15,165.15
12564.062526,67.77,165.13,165.13
12564.083045,67.77,165.20,165.20
12564.097112,67.77,165.46,165.46
12564.114186,67.77,165.04,165.04
12564.130156,67.77,165.49,165.49
12564.147802,67.77,165.30,165.30
12564.163262,67.77,165.83,165.83
12564.179217,67.77,166.06,166.06
12564.195587,67.77,166.42,166.42
12564.214153,67.77,166.19,166.19
12564.229468,67.77,165.74,165.74
12564.247677,67.77,166.25,166.25
12564.262304,67.77,166.41,166.41
12564.280697,67.77,166.07,166.07
12564.295436,67.77,165.66,165.66
12564.313633,67.77,165.91,165.91
12564.329887,67.77,165.96,165.96
12564.346859,67.77,166.05,166.05
12564.362285,67.77,166.30,166.30
12564.382058,67.77,166.18,166.18
12564.397460,67.77,166.58,166.58
12564.414897,67.77,166.48,166.48
12564.429834,67.77,167.00,167.00
12564.447765,67.77,166.43,166.43
12564.463962,67.77,166.66,166.66
12564.480839,67.77,166.97,166.97
12564.495588,67.77,166.17,166.17
12564.513995,67.77,166.35,166.35
12564.529647,67.77,166.88,166.88
12564.546462,67.77,166.95,166.95
12564.562548,67.77,166.77,166.77
12564.579697,67.77,166.80,166.80
12564.596607,67.77,166.65,166.65
12564.614446,67.77,167.06,167.06
12564.629732,67.77,166.69,166.69
12564.649028,67.77,166.55,166.55
12564.663110,67.77,166.78,166.78
12564.681091,67.77,166.75,166.75
12564.696151,67.77,166.68,166.68
12564.714369,67.77,166.74,166.74
12564.729721,67.77,166.99,166.99
12564.746883,67.77,166.87,166.87
12564.761934,67.77,166.85,166.85
12564.780674,67.77,166.76,166.76
12564.794977,67.77,166.67,166.67
12564.813831,67.77,166.67,166.67
12564.830392,67.77,166.54,166.54
12564.848083,67.77,166.60,166.60
12564.863092,67.77,166.71,166.71
12564.882323,67.77,166.61,166.61
12564.897465,67.77,166.68,166.68
12564.915222,67.77,166.46,166.46
12564.929168,67.77,166.41,166.41
12564.949219,67.77,166.43,166.43
12564.962392,67.77,167.08,167.08
12564.979582,67.77,166.84,166.84
12564.995876,67.77,166.09,166.09
12565.015140,67.77,166.28,166.28
12565.029165,67.77,166.63,166.63
12565.048305,67.77,166.76,166.76
12565.061997,67.77,166.95,166.95
12565.079342,67.77,167.37,167.37
12565.095790,67.77,167.23,167.23
12565.114761,67.77,167.44,167.44
12565.129490,67.77,167.29,167.29
12565.148742,67.77,167.96,167.96
12565.162367,67.77,167.95,167.95
12565.179888,67.77,167.78,167.78
12565.195728,67.77,167.56,167.56
12565.214046,67.77,167.35,167.35
12565.229624,67.77,167.79,167.79
12565.246269,67.77,167.48,167.48
12565.261696,67.77,167.70,167.70
12565.281865,67.77,167.64,167.64
12565.296122,67.77,167.09,167.09
12565.315110,67.77,167.02,167.02
12565.329770,67.77,167.10,167.10
12565.348379,67.77,166.90,166.90
12565.363098,67.77,170.01,170.01
12565.379950,67.77,169.86,169.86
12565.395233,67.77,169.67,169.67
12565.413743,67.77,169.46,169.46
12565.429234,67.77,169.40,169.40
12565.447222,67.77,169.37,169.37
12565.463964,67.77,169.48,169.48
12565.483491,67.77,169.38,169.38
12565.497182,67.77,168.97,168.97
12565.514013,67.77,168.79,168.79
12565.529926,67.77,168.71,168.71
12565.546628,67.77,169.32,169.32
12565.562241,67.77,168.59,168.59
12565.581908,67.77,168.37,168.37
12565.596556,67.77,167.74,167.74
12565.614980,67.77,167.71,167.71
12565.629373,67.77,167.88,167.88
12565.646158,67.77,167.52,167.52
12565.663018,67.77,167.17,167.17
12565.682960,67.77,166.99,166.99
12565.695105,67.77,166.83,166.83
12565.713623,67.77,167.54,167.54
12565.729730,67.77,167.67,167.67
12565.748512,67.77,167.38,167.38
12565.763262,67.77,167.52,167.52
12565.781474,67.77,167.62,167.62
12565.794565,67.77,167.99,167.99
12565.814556,67.77,167.28,167.28
12565.830318,67.77,166.74,166.74
12565.847355,67.77,166.78,166.78
12565.865352,67.77,166.70,166.70
12565.880593,67.77,167.03,167.03
12565.896081,67.77,167.16,167.16
12565.914349,67.77,167.12,167.12
12565.929428,67.77,166.94,166.94
12565.947480,67.77,166.43,166.43
12565.962066,67.77,166.29,166.29
12565.981594,67.77,166.49,166.49
12565.994578,67.77,166.64,166.64
12566.013482,67.77,166.37,166.37
12566.028936,67.77,166.03,166.03
12566.047285,67.77,166.03,166.03
12566.061671,67.77,166.00,166.00
12566.079827,67.77,166.05,166.05
12566.095414,67.77,166.05,166.05
12566.113123,67.77,165.91,165.91
12566.129263,67.77,165.26,165.26
12566.146458,67.77,165.50,165.50
12566.161839,67.77,164.18,164.18
12566.179348,67.77,163.96,163.96
12566.195539,67.77,162.75,162.75
12566.212399,67.77,162.80,162.80
12566.228470,67.77,162.88,162.88
12566.248496,67.77,162.91,162.91
12566.262640,67.77,162.86,162.86
12566.280272,67.77,163.01,163.01
12566.295976,67.77,162.77,162.77
12566.313898,67.77,163.05,163.05
12566.329465,67.77,162.81,162.81
12566.363037,67.77,163.07,163.07
12566.379927,67.77,162.97,162.97
12566.394895,67.77,162.92,162.92
12566.414594,67.77,163.05,163.05
12566.445671,67.77,162.97,162.97
12566.461496,67.77,162.92,162.92
12566.483469,67.77,163.07,163.07
12566.496718,67.77,162.77,162.77
12566.512150,67.77,163.03,163.03
12566.529108,67.77,163.06,163.06
12566.548313,67.77,162.89,162.89
12566.563226,67.77,162.65,162.65
12566.583056,67.77,162.43,162.43
12566.596715,67.77,162.55,162.55
12566.613494,67.77,162.34,162.34
12566.646288,67.77,162.64,162.64
12566.661544,67.77,162.55,162.55
12566.678969,67.77,162.52,162.52
12566.693953,67.77,162.43,162.43
12566.716263,67.77,162.40,162.40
12566.730344,67.77,162.59,162.59
12566.746992,67.77,162.72,162.72
12566.761023,67.77,162.34,162.34
12566.782305,67.77,162.27,162.27
12566.795528,67.77,162.06,162.06
12566.812980,67.77,162.27,162.27
12566.828815,67.77,162.28,162.28
12566.845192,67.77,162.17,162.17
12566.861759,67.77,162.27,162.27
12566.879854,67.77,162.15,162.15
12566.894281,67.77,162.18,162.18
12566.913725,67.77,162.10,162.10
12566.928056,67.77,162.31,162.31
12566.945306,67.77,162.47,162.47
12566.961468,67.77,162.21,162.21
12566.979679,67.77,162.32,162.32
12566.996254,67.77,162.08,162.08
12567.013916,67.77,162.30,162.30
12567.027959,67.77,162.25,162.25
12567.048472,67.77,162.17,162.17
12567.062120,67.77,162.54,162.54
12567.081048,67.77,162.35,162.35
12567.094457,67.77,162.21,162.21
12567.114031,67.77,162.35,162.35
12567.128489,67.77,162.29,162.29
12567.146707,67.77,162.39,162.39
12567.161818,67.77,161.84,161.84
12567.181302,67.77,161.69,161.69
12567.194732,67.77,161.46,161.46
12567.212106,67.77,161.18,161.18
12567.228006,67.77,161.11,161.11
12567.247019,67.77,161.09,161.09
12567.262134,67.77,161.09,161.09
12567.280739,67.77,161.38,161.38
12567.294489,67.77,160.72,160.72
12567.315433,67.77,160.50,160.50
12567.328508,67.77,160.57,160.57
12567.347402,67.77,160.50,160.50
12567.362440,67.77,160.73,160.73
12567.378482,67.77,161.21,161.21
12567.396681,67.77,161.34,161.34
12567.413624,67.77,160.33,160.33
12567.429597,67.77,160.18,160.18
12567.447243,67.77,160.16,160.16
12567.460804,67.77,160.08,160.08
12567.480762,67.77,160.27,160.27
12567.496495,67.77,160.15,160.15
12567.511501,67.77,159.88,159.88
12567.546200,67.77,160.02,160.02
12567.561111,67.77,160.42,160.42
12567.581315,67.77,160.55,160.55
12567.594895,67.77,160.13,160.13
12567.614284,67.77,160.03,160.03
12567.627760,67.77,160.28,160.28
12567.645436,67.77,160.17,160.17
12567.662760,67.77,160.22,160.22
12567.678117,67.77,160.34,160.34
12567.697950,67.77,160.10,160.10
12567.712256,67.77,159.86,159.86
12567.731216,67.77,160.07,160.07
12567.745185,67.77,160.19,160.19
12567.762154,67.77,160.16,160.16
12567.779248,67.77,159.97,159.97
12567.794812,67.77,159.93,159.93
12567.812912,67.77,159.98,159.98
12567.827623,67.77,159.88,159.88
12567.848983,67.77,159.94,159.94
12567.860997,67.77,159.82,159.82
12567.878514,67.77,159.93,159.93
12567.894187,67.77,160.21,160.21
12567.913425,67.77,160.26,160.26
12567.929405,67.77,160.09,160.09
12567.945862,67.77,160.07,160.07
12567.961134,67.77,160.17,160.17
12567.978089,67.77,160.56,160.56
12567.994214,67.77,160.88,160.88
12568.014753,67.77,160.62,160.62
12568.028782,67.77,160.55,160.55
12568.044898,67.77,160.80,160.80
12568.063055,67.77,160.89,160.89
12568.125493,67.77,160.47,160.47
12568.129631,67.77,160.39,160.39
12568.145604,67.77,160.51,160.51
12568.161238,67.77,160.34,160.34
12568.180128,67.77,159.92,159.92
12568.194468,67.77,160.08,160.08
12568.213715,67.77,162.31,162.31
12568.228472,67.77,165.73,165.73
12568.246943,67.77,169.18,169.18
12568.262228,67.77,171.52,171.52
12568.279168,67.77,173.23,173.23
12568.294085,67.77,174.43,174.43
12568.313488,67.77,175.32,175.32
12568.328633,67.77,176.11,176.11
12568.345967,67.77,176.01,176.01
12568.360676,67.77,177.05,177.05
12568.381560,67.77,177.03,177.03
12568.394697,67.77,176.68,176.68
12568.411598,67.77,176.74,176.74
12568.427458,67.77,176.88,176.88
12568.445072,67.77,176.82,176.82
12568.461266,67.77,175.99,175.99
12568.477422,67.77,175.02,175.02
12568.494327,67.77,172.41,172.41
12568.512329,67.77,169.84,169.84
12568.534563,67.77,166.85,166.85
12568.544602,67.77,164.98,164.98
12568.560395,67.77,164.99,164.99
12568.578317,67.77,165.15,165.15
12568.595640,67.77,165.05,165.05
12568.613151,67.77,164.54,164.54
12568.628162,67.77,164.86,164.86
12568.648616,67.77,165.32,165.32
12568.662649,67.77,165.54,165.54
12568.680075,67.77,165.67,165.67
12568.695749,67.77,165.58,165.58
12568.711315,67.77,165.71,165.71
12568.744836,67.77,166.33,166.33
12568.761375,67.77,167.78,167.78
12568.780043,67.77,170.53,170.53
12568.793936,67.77,172.99,172.99
12568.812743,67.77,176.11,176.11
12568.826488,67.77,180.11,180.11
12568.846564,67.77,185.04,185.04
12568.863472,67.77,194.63,194.63
12568.878467,67.77,199.26,199.26
12568.895735,67.77,205.71,205.71
12568.912030,67.77,205.94,205.94
12568.927757,67.77,208.15,208.15
12568.947413,67.77,208.99,208.99
12568.959365,67.77,214.73,214.73
12568.980926,67.77,216.84,216.84
12568.996439,67.77,223.77,223.77
12569.011539,67.77,224.46,224.46
12569.027773,67.77,230.50,230.50
12569.045192,67.77,229.79,229.79
12569.060039,67.77,232.51,232.51
12569.078975,67.77,232.60,232.60
12569.111196,67.77,234.51,234.51
12569.128493,67.77,234.02,234.02
12569.144355,67.77,236.88,236.88
12569.164069,67.77,237.18,237.18
12569.179768,67.77,238.19,238.19
12569.194394,67.77,233.52,233.52
12569.211120,67.77,230.42,230.42
12569.227283,67.77,225.01,225.01
12569.244623,67.77,224.08,224.08
12569.260403,67.77,220.66,220.66
12569.280415,67.77,224.09,224.09
12569.296257,67.77,226.19,226.19
12569.311287,67.77,234.06,234.06
12569.328100,67.77,236.23,236.23
12569.346032,67.77,241.20,241.20
12569.366719,67.77,240.53,240.53
12569.379990,67.77,247.11,247.11
12569.395059,67.77,246.26,246.26
12569.411161,67.77,245.11,245.11
12569.428054,67.77,243.18,243.18
12569.446911,67.77,241.25,241.25
12569.461220,67.77,240.05,240.05
12569.479018,67.77,239.42,239.42
12569.495462,67.77,237.19,237.19
12569.512574,67.77,236.05,236.05
12569.530772,67.77,231.08,231.08
12569.543957,67.77,227.55,227.55
12569.563246,67.77,237.63,237.63
12569.581432,67.77,239.95,239.95
12569.596240,67.77,240.14,240.14
12569.613824,67.77,239.43,239.43
12569.627388,67.77,228.96,228.96
12569.645890,67.77,230.97,230.97
12569.660769,67.77,233.27,233.27
12569.680489,67.77,235.73,235.73
12569.692540,67.77,242.31,242.31
12569.713028,67.77,243.05,243.05
12569.732935,67.77,247.95,247.95
12569.747089,67.77,249.07,249.07
12569.759251,67.77,248.75,248.75
12569.787029,67.77,249.33,249.33
12569.801778,67.77,247.00,247.00
12569.813752,67.77,247.47,247.47
12569.829356,67.77,247.44,247.44
12569.847041,67.77,246.57,246.57
12569.859498,67.77,248.18,248.18
12569.877743,67.77,248.67,248.67
12569.892347,67.77,249.83,249.83
12569.912504,67.77,250.15,250.15
12569.930625,67.77,249.54,249.54
12569.946518,67.77,245.46,245.46
12569.960982,67.77,244.00,244.00
12569.977930,67.77,241.59,241.59
12569.993531,67.77,241.38,241.38
12570.010892,67.77,237.78,237.78
12570.027740,67.77,235.96,235.96
12570.044899,67.77,232.11,232.11
12570.060739,67.77,232.62,232.62
12570.081067,67.77,227.90,227.90
12570.093369,67.77,227.20,227.20
12570.117800,67.77,225.54,225.54
12570.129173,67.77,226.62,226.62
12570.143631,67.77,228.18,228.18
12570.159138,67.77,233.49,233.49
12570.177522,67.77,236.17,236.17
12570.192209,67.77,241.12,241.12
12570.209458,67.77,243.92,243.92
12570.227394,67.77,247.39,247.39
12570.244192,67.77,252.06,252.06
12570.260429,67.77,252.82,252.82
12570.279577,67.77,257.83,257.83
12570.292671,67.77,259.33,259.33
12570.313638,67.77,261.93,261.93
12570.328050,67.77,260.95,260.95
12570.347348,67.77,259.60,259.60
12570.365184,67.77,259.60,259.60
12570.379400,67.77,257.15,257.15
12570.395391,67.77,255.96,255.96
12570.414632,67.77,251.81,251.81
12570.429238,67.77,249.97,249.97
12570.447786,67.77,250.42,250.42
12570.461589,67.77,251.35,251.35
12570.480991,67.77,251.94,251.94
12570.495178,67.77,251.61,251.61
12570.514661,67.77,250.70,250.70
12570.528771,67.77,247.93,247.93
12570.547251,67.77,246.88,246.88
12570.562291,67.77,245.32,245.32
12570.578996,67.77,246.62,246.62
12570.596175,67.77,247.59,247.59
12570.615313,67.77,248.80,248.80
12570.629817,67.77,248.42,248.42
12570.647350,67.77,247.89,247.89
12570.662389,67.77,247.81,247.81
12570.677535,67.77,248.35,248.35
12570.693909,67.77,249.78,249.78
12570.709347,67.77,252.33,252.33
12570.729017,67.77,252.33,252.33
12570.747580,67.77,254.34,254.34
12570.762585,67.77,255.14,255.14
12570.778007,67.77,255.14,255.14
12570.804255,67.77,255.14,255.14
12570.830641,67.77,254.10,254.10
12570.866482,67.77,253.29,253.29
12570.880714,67.77,233.13,233.13
12570.896690,67.77,129.06,129.06
12570.915995,67.77,126.41,126.41
12570.928087,67.77,126.65,126.65
12570.939541,67.77,121.59,121.59
12570.953618,67.77,120.08,120.08
12570.974079,67.77,118.48,118.48
12570.996045,67.77,119.02,119.02
12571.006714,67.77,118.65,118.65
12571.017490,67.77,117.11,117.11
12571.035674,67.77,117.11,117.11
12571.046789,67.77,116.04,116.04
12571.057351,67.77,115.07,115.07
12571.071878,67.77,114.92,114.92
12571.083382,67.77,114.45,114.45
12571.097417,67.77,114.10,114.10
12571.107103,67.77,114.21,114.21
12571.122146,67.77,113.35,113.35
12571.132629,67.77,113.14,113.14
12571.147121,67.77,112.94,112.94
12571.156618,67.77,112.88,112.88
12571.166591,67.77,112.59,112.59
12571.181241,67.77,111.64,111.64
12571.190620,67.77,110.91,110.91
12571.205246,67.77,117.69,117.69
12571.216505,67.77,122.45,122.45
12571.229040,67.77,127.13,127.13
12571.238613,67.77,132.19,132.19
12571.249426,67.77,137.06,137.06
12571.264902,67.77,141.16,141.16
12571.275968,67.77,143.72,143.72
12571.288285,67.77,150.83,150.83
12571.298608,67.77,153.83,153.83
12571.313950,67.77,155.33,155.33
12571.328632,67.77,155.99,155.99
12571.341991,67.77,158.62,158.62
12571.365138,67.77,160.12,160.12
12571.380221,67.77,161.02,161.02
12571.398630,67.77,162.10,162.10
12571.414601,67.77,161.82,161.82
12571.428730,67.77,162.42,162.42
12571.445412,67.77,162.43,162.43
12571.462347,67.77,162.77,162.77
12571.483138,67.77,162.98,162.98
12571.498395,67.77,163.90,163.90
12571.514445,67.77,162.68,162.68
12571.527806,67.77,168.45,168.45
12571.547800,67.77,168.45,168.45
12571.561568,67.77,159.14,159.14
12571.574076,67.77,159.14,159.14
12571.585785,67.77,159.14,159.14
12571.592916,67.77,151.58,151.58
12571.602077,67.77,131.75,131.75
12571.679550,67.77,131.75,131.75
12571.691250,67.77,92.97,92.97
12571.731098,67.77,59.38,59.38
12571.739560,67.77,36.99,36.99
12571.753220,67.77,33.56,33.56
12571.779599,67.77,33.44,33.44
12571.806490,67.77,33.40,33.40
12571.820967,67.77,33.62,33.62
12571.835948,67.77,33.89,33.89
12571.849202,67.77,33.54,33.54
12571.855476,67.77,33.28,33.28
12571.865657,67.77,33.39,33.39
12571.872149,67.77,33.37,33.37
12571.887137,67.77,33.46,33.46
12571.896733,67.77,33.35,33.35
12571.907226,67.77,33.33,33.33
12571.915520,67.77,33.33,33.33
12571.927570,67.77,33.35,33.35
12571.938089,67.77,33.38,33.38
12571.950767,67.77,33.45,33.45
12571.960471,67.77,33.44,33.44
12571.980475,67.77,33.38,33.38
12571.984038,67.77,33.38,33.38
12572.004103,67.77,33.38,33.38
12572.015519,67.77,33.38,33.38
12572.026506,67.77,33.38,33.38
12572.038589,67.77,33.38,33.38
12572.053300,67.77,33.96,33.96
12572.063799,67.77,32.46,32.46
12572.073158,67.77,30.78,30.78
12572.083350,67.77,30.34,30.34
12572.094095,67.77,28.11,28.11
12572.105809,67.77,28.66,28.66
12572.117081,67.77,27.24,27.24
12572.144992,67.77,25.29,25.29
12572.161685,67.77,23.54,23.54
12572.170541,67.77,20.83,20.83
12572.180110,67.77,21.11,21.11
12572.189029,67.77,19.38,19.38
12572.197977,67.77,17.76,17.76
12572.206570,67.77,16.67,16.67
12572.216619,67.77,18.35,18.35
12572.231001,67.77,16.65,16.65
12572.238601,67.77,15.45,15.45
12572.253278,67.77,14.93,14.93
12572.262117,67.77,14.87,14.87
12572.273241,67.77,15.43,15.43
12572.283328,67.77,14.22,14.22
12572.294969,67.77,12.95,12.95
12572.305729,67.77,13.06,13.06
12572.317696,67.77,13.40,13.40
12572.329419,67.77,16.11,16.11
12572.344033,67.77,15.98,15.98
12572.351886,67.77,18.23,18.23
12572.362404,67.77,20.05,20.05
12572.374097,67.77,20.13,20.13
12572.383685,67.77,20.04,20.04
12572.394577,67.77,20.92,20.92
12572.405369,67.77,21.01,21.01
12572.416135,67.77,20.60,20.60
12572.428027,67.77,21.14,21.14
12572.438299,67.77,20.41,20.41
12572.450912,67.77,21.32,21.32
12572.462532,67.77,20.72,20.72
12572.471732,67.77,20.72,20.72
12572.482934,67.77,20.72,20.72
12572.493811,67.77,19.69,19.69
12572.504974,67.77,18.84,18.84
12572.517560,67.77,18.09,18.09
12572.527894,67.77,17.58,17.58
12572.538727,67.77,17.26,17.26
12572.549476,67.77,17.10,17.10
12572.559423,67.77,17.11,17.11
12572.570968,67.77,17.25,17.25
12572.582603,67.77,17.60,17.60
12572.594022,67.77,18.11,18.11
12572.605149,67.77,18.75,18.75
12572.615724,67.77,19.62,19.62
12572.627517,67.77,20.71,20.71
12572.638192,67.77,21.31,21.31
12572.647951,67.77,21.31,21.31
12572.659415,67.77,21.31,21.31
12572.670315,67.77,21.31,21.31
12572.681492,67.77,21.31,21.31
12572.692787,67.77,21.31,21.31
12573.593160,67.77,21.83,21.83
12573.635365,67.77,21.30,21.30
12573.658437,67.77,21.