1363200 1363200 1363200 1363200 1363200 1363200 1478400 1766400 
1516800 1516800 1516800 1516800 1516800 1516800 1152000 1766400 
1651200 1651200 1651200 1651200 1651200 1651200 940800 1766400 
864000 864000 864000 864000 864000 864000 1478400 1766400 
576000 576000 576000 576000 576000 576000 1478400 1766400 
1804800 1804800 1804800 1804800 1804800 1804800 2092800 2304000 
1804800 1804800 1804800 1804800 1804800 1804800 2092800 2304000 
1804800 1804800 1804800 1804800 1804800 1804800 2092800 2304000 
1804800 1804800 1804800 1804800 1804800 1804800 2092800 2304000 
1804800 1804800 1804800 1804800 1804800 1804800 2092800 2304000 
1804800 1804800 1804800 1804800 1804800 1804800 2092800 2304000 
1804800 1804800 1804800 1804800 1804800 1804800 2092800 2304000 
1804800 1804800 1804800 1804800 1804800 1804800 1728000 1766400 
1804800 1804800 1804800 1804800 1804800 1804800 1728000 1766400 
1804800 1804800 1804800 1804800 1804800 1804800 1728000 1766400 
1804800 1804800 1804800 1804800 1804800 1804800 1728000 1766400 
1804800 1804800 1804800 1804800 1804800 1804800 1728000 1766400 
1804800 1804800 1804800 1804800 1804800 1804800 1728000 1401600 
1516800 1516800 1516800 1516800 1516800 1516800 1728000 1766400 
1804800 1804800 1804800 1804800 1804800 1804800 1478400 1401600 
1516800 1516800 1516800 1516800 1516800 1516800 1728000 1766400 
1804800 1804800 1804800 1804800 1804800 1804800 1728000 1766400 
1804800 1804800 1804800 1804800 1804800 1804800 1728000 1401600 
1804800 1804800 1804800 1804800 1804800 1804800 1728000 1766400 
1804800 1804800 1804800 1804800 1804800 1804800 1728000 1094400 
1804800 1804800 1804800 1804800 1804800 1804800 1728000 1766400 
1804800 1804800 1804800 1804800 1804800 1804800 1728000 1766400 
1804800 1804800 1804800 1804800 1804800 1804800 1728000 1766400 
1804800 1804800 1804800 1804800 1804800 1804800 1728000 1766400 
1804800 1804800 1804800 1804800 1804800 1804800 1728000 1766400 
1804800 1804800 1804800 1804800 1804800 1804800 1728000 1766400 
1804800 1804800 1804800 1804800 1804800 1804800 1728000 1401600 
1804800 1804800 1804800 1804800 1804800 1804800 1728000 1766400 
1804800 1804800 1804800 1804800 1804800 1804800 1728000 1094400 
1804800 1804800 1804800 1804800 1804800 1804800 1728000 1766400 
1804800 1804800 1804800 1804800 1804800 1804800 1728000 1766400 
1804800 1804800 1804800 1804800 1804800 1804800 1728000 1766400 
1804800 1804800 1804800 1804800 1804800 1804800 1728000 1766400 
1804800 1804800 1804800 1804800 1804800 1804800 1728000 1766400 
1804800 1804800 1804800 1804800 1804800 1804800 1728000 1766400 
1804800 1804800 1804800 1804800 1804800 1804800 1728000 1766400 
1804800 1804800 1804800 1804800 1804800 1804800 1728000 1766400 
1804800 1804800 1804800 1804800 1804800 1804800 1728000 1766400 
1804800 1804800 1804800 1804800 1804800 1804800 1728000 1401600 
1804800 1804800 1804800 1804800 1804800 1804800 1728000 1766400 
1804800 1804800 1804800 1804800 1804800 1804800 1728000 1766400 
1804800 1804800 1804800 1804800 1804800 1804800 1728000 1766400 
1804800 1804800 1804800 1804800 1804800 1804800 1478400 1766400 
1804800 1804800 1804800 1804800 1804800 1804800 1728000 1766400 
1804800 1804800 1804800 1804800 1804800 1804800 1728000 1766400 
1516800 1516800 1516800 1516800 1516800 1516800 1728000 1766400 
1804800 1804800 1804800 1804800 1804800 1804800 1728000 1766400 
1804800 1804800 1804800 1804800 1804800 1804800 1728000 1766400 
1804800 1804800 1804800 1804800 1804800 1804800 1728000 1766400 
1804800 1804800 1804800 1804800 1804800 1804800 1728000 1766400 
1804800 1804800 1804800 1804800 1804800 1804800 1478400 1401600 
1804800 1804800 1804800 1804800 1804800 1804800 1728000 1766400 
1804800 1804800 1804800 1804800 1804800 1804800 1728000 1766400 
1804800 1804800 1804800 1804800 1804800 1804800 1728000 1766400 
1804800 1804800 1804800 1804800 1804800 1804800 1728000 1766400 
1804800 1804800 1804800 1804800 1804800 1804800 1728000 1766400 
1804800 1804800 1804800 1804800 1804800 1804800 1728000 1766400 
1804800 1804800 1804800 1804800 1804800 1804800 1728000 1766400 
1804800 1804800 1804800 1804800 1804800 1804800 1728000 1766400 
1804800 1804800 1804800 1804800 1804800 1804800 1728000 1766400 
1804800 1804800 1804800 1804800 1804800 1804800 1728000 1766400 
1804800 1804800 1804800 1804800 1804800 1804800 1478400 1766400 
1804800 1804800 1804800 1804800 1804800 1804800 1728000 1401600 
1804800 1804800 1804800 1804800 1804800 1804800 1728000 1766400 
1804800 1804800 1804800 1804800 1804800 1804800 1728000 1766400 
1804800 1804800 1804800 1804800 1804800 1804800 1728000 1766400 
1804800 1804800 1804800 1804800 1804800 1804800 1728000 1766400 
1804800 1804800 1804800 1804800 1804800 1804800 2208000 2400000 
1804800 1804800 1804800 1804800 1804800 1804800 2208000 2400000 
1804800 1804800 1804800 1804800 1804800 1804800 2092800 2304000 
1804800 1804800 1804800 1804800 1804800 1804800 1900800 2188800 
1804800 1804800 1804800 1804800 1804800 1804800 2092800 2304000 
1804800 1804800 1804800 1804800 1804800 1804800 2092800 2188800 
1804800 1804800 1804800 1804800 1804800 1804800 940800 1996800 
1651200 1651200 1651200 1651200 1651200 1651200 940800 1766400 
1804800 1804800 1804800 1804800 1804800 1804800 2092800 2188800 
1363200 1363200 1363200 1363200 1363200 1363200 1728000 806400 
