-530395
-891419
-403747
-497742
-639038
-937195
-1090393
-1200257
-1126404
-795899
-1933900
-1562195
-2102967
-2031556
-1565858
-2093202
-1326905
-1392823
-1573487
-1632996
-1553651
-1860352
-1923219
-1870423
-1554566
-1743775
-1817933
-1784974
-1500550
-1328125
-1547547
-1741639
-1464844
-1822816
-1985780
-1394654
-1737672
-1859437
-1810609
-2072755
-1790467
-1948548
-1955567
-1932374
-1918641
-1816407
-1557007
-1348877
-1399842
-1288758
-1230469
-1710511
-1949159
-2183839
-1253052
-1178894
-1226807
-1881410
-1246949
-1544800
-1540528
-1175232
-1338807
-1361390
-1125794
-1241150
-1316529
-1745606
-1213379
-1347962
-2021180
-1479188
-1775819
-1759339
-1234742
-780335
-1236573
-1237488
-646362
-949707
-627747
-465088
