                    CPU0       CPU1       CPU2       CPU3       CPU4       CPU5       CPU6       CPU7       
          HI:      15460      13303          2          4          0          0          0          0
       TIMER:      73882      64426      64205      63477      69524      69331      48623      45574
      NET_TX:        881        701       3705       4955        740        586       3740       2991
      NET_RX:      17622      19468       4332       5733         42         44       2716       2034
       BLOCK:      55884       3085          2          4          0          0      10296      19676
    IRQ_POLL:          0          0          0          0          0          0          0          0
     TASKLET:      13524      34025        396        509        208        128         59          5
       SCHED:      57436      49270      45558      45013      45630      46173      38147      32564
     HRTIMER:          1          0        256        756          0          0        465        308
         RCU:      48854      47382      50433      49730      53815      53985      40194      39334
                    CPU0       CPU1       CPU2       CPU3       CPU4       CPU5       CPU6       CPU7       
          HI:      15460      13303          2          4          0          0          0          0
       TIMER:      73902      64448      64239      63495      69540      69354      48634      45597
      NET_TX:        881        701       3705       4955        740        588       3740       2993
      NET_RX:      17634      19480       4332       5733         42         44       2716       2040
       BLOCK:      55884       3085          2          4          0          0      10296      19676
    IRQ_POLL:          0          0          0          0          0          0          0          0
     TASKLET:      13533      34025        396        509        208        128         59          5
       SCHED:      57456      49292      45592      45030      45645      46195      38158      32587
     HRTIMER:          1          0        256        756          0          0        465        308
         RCU:      48873      47401      50465      49747      53828      54006      40205      39357
                    CPU0       CPU1       CPU2       CPU3       CPU4       CPU5       CPU6       CPU7       
          HI:      15460      13303          2          4          0          0          0          0
       TIMER:      73921      64479      64251      63510      69579      69370      48645      45626
      NET_TX:        881        701       3705       4955        740        588       3740       2993
      NET_RX:      17634      19480       4332       5733         42         44       2716       2040
       BLOCK:      55884       3085          2          4          0          0      10296      19676
    IRQ_POLL:          0          0          0          0          0          0          0          0
     TASKLET:      13534      34025        396        509        208        128         59          5
       SCHED:      57473      49320      45604      45045      45684      46211      38169      32616
     HRTIMER:          1          0        256        756          0          0        465        308
         RCU:      48889      47426      50477      49760      53866      54021      40216      39381
                    CPU0       CPU1       CPU2       CPU3       CPU4       CPU5       CPU6       CPU7       
          HI:      15460      13303          2          4          0          0          0          0
       TIMER:      73930      64511      64263      63528      69617      69383      48664      45630
      NET_TX:        881        701       3705       4955        740        588       3740       2993
      NET_RX:      17634      19480       4332       5733         42         44       2716       2040
       BLOCK:      55898       3085          2          4          0          0      10296      19676
    IRQ_POLL:          0          0          0          0          0          0          0          0
     TASKLET:      13534      34025        396        509        208        128         59          5
       SCHED:      57483      49343      45615      45060      45719      46223      38188      32621
     HRTIMER:          1          0        256        756          0          0        465        308
         RCU:      48898      47448      50488      49775      53897      54032      40234      39386
                    CPU0       CPU1       CPU2       CPU3       CPU4       CPU5       CPU6       CPU7       
          HI:      15460      13303          2          4          0          0          0          0
       TIMER:      73949      64542      64300      63541      69631      69400      48677      45636
      NET_TX:        881        701       3705       4955        740        588       3740       2993
      NET_RX:      17634      19480       4332       5733         42         44       2716       2040
       BLOCK:      55914       3085          2          4          0          0      10296      19676
    IRQ_POLL:          0          0          0          0          0          0          0          0
     TASKLET:      13534      34025        396        509        208        128         59          5
       SCHED:      57500      49370      45650      45072      45734      46240      38202      32628
     HRTIMER:          1          0        256        756          0          0        465        308
         RCU:      48914      47474      50517      49787      53910      54045      40248      39392
                    CPU0       CPU1       CPU2       CPU3       CPU4       CPU5       CPU6       CPU7       
          HI:      15460      13303          2          4          0          0          0          0
       TIMER:      73986      64575      64340      63567      69647      69432      48708      45660
      NET_TX:        881        701       3705       4955        740        588       3740       2993
      NET_RX:      17634      19480       4332       5733         42         44       2716       2040
       BLOCK:      55918       3085          2          4          0          0      10296      19676
    IRQ_POLL:          0          0          0          0          0          0          0          0
     TASKLET:      13534      34025        396        509        208        128         59          5
       SCHED:      57535      49402      45689      45094      45749      46265      38234      32652
     HRTIMER:          1          0        256        756          0          0        465        308
         RCU:      48942      47504      50551      49813      53925      54073      40279      39414
                    CPU0       CPU1       CPU2       CPU3       CPU4       CPU5       CPU6       CPU7       
          HI:      15460      13303          2          4          0          0          0          0
       TIMER:      74018      64588      64352      63579      69660      69455      48719      45677
      NET_TX:        882        701       3705       4955        740        588       3740       2993
      NET_RX:      17634      19480       4332       5733         42         44       2716       2040
       BLOCK:      55918       3085          2          4          0          0      10296      19676
    IRQ_POLL:          0          0          0          0          0          0          0          0
     TASKLET:      13534      34025        396        509        208        128         59          5
       SCHED:      57564      49414      45700      45106      45761      46288      38245      32669
     HRTIMER:          1          0        256        756          0          0        465        308
         RCU:      48971      47516      50562      49825      53937      54095      40290      39431
                    CPU0       CPU1       CPU2       CPU3       CPU4       CPU5       CPU6       CPU7       
          HI:      15460      13303          2          4          0          0          0          0
       TIMER:      74030      64606      64363      63588      69689      69470      48727      45689
      NET_TX:        882        701       3705       4955        740        588       3740       2993
      NET_RX:      17634      19480       4332       5733         42         44       2716       2040
       BLOCK:      55918       3085          2          4          0          0      10296      19676
    IRQ_POLL:          0          0          0          0          0          0          0          0
     TASKLET:      13536      34025        396        509        208        128         59          5
       SCHED:      57574      49429      45710      45114      45789      46302      38253      32681
     HRTIMER:          1          0        256        756          0          0        465        308
         RCU:      48981      47531      50572      49833      53956      54107      40298      39443
                    CPU0       CPU1       CPU2       CPU3       CPU4       CPU5       CPU6       CPU7       
          HI:      15460      13303          2          4          0          0          0          0
       TIMER:      74045      64619      64373      63597      69717      69486      48734      45704
      NET_TX:        882        701       3705       4955        740        588       3740       2993
      NET_RX:      17634      19480       4332       5733         42         44       2716       2040
       BLOCK:      55920       3085          2          4          0          0      10296      19676
    IRQ_POLL:          0          0          0          0          0          0          0          0
     TASKLET:      13536      34025        396        509        208        128         59          5
       SCHED:      57586      49440      45718      45123      45817      46318      38260      32696
     HRTIMER:          1          0        256        756          0          0        465        308
         RCU:      48993      47541      50580      49842      53976      54123      40305      39458
                    CPU0       CPU1       CPU2       CPU3       CPU4       CPU5       CPU6       CPU7       
          HI:      15460      13303          2          4          0          0          0          0
       TIMER:      74055      64641      64391      63605      69738      69502      48745      45716
      NET_TX:        882        701       3705       4955        740        588       3740       2993
      NET_RX:      17634      19480       4332       5733         42         44       2716       2040
       BLOCK:      55922       3085          2          4          0          0      10296      19676
    IRQ_POLL:          0          0          0          0          0          0          0          0
     TASKLET:      13536      34025        396        509        208        128         59          5
       SCHED:      57596      49459      45735      45131      45837      46334      38271      32708
     HRTIMER:          1          0        256        756          0          0        465        308
         RCU:      49003      47559      50597      49850      53996      54139      40316      39470
                    CPU0       CPU1       CPU2       CPU3       CPU4       CPU5       CPU6       CPU7       
          HI:      15460      13303          2          4          0          0          0          0
       TIMER:      74110      64705      64454      63664      69795      69574      48789      45775
      NET_TX:        882        701       3705       4955        740        588       3740       2993
      NET_RX:      17634      19480       4332       5733         42         44       2716       2040
       BLOCK:      55926       3085          2          4          0          0      10296      19678
    IRQ_POLL:          0          0          0          0          0          0          0          0
     TASKLET:      13536      34025        396        509        208        128         59          5
       SCHED:      57627      49513      45793      45171      45876      46379      38302      32728
     HRTIMER:          1          0        256        756          0          0        465        308
         RCU:      49052      47614      50653      49908      54045      54197      40357      39524
                    CPU0       CPU1       CPU2       CPU3       CPU4       CPU5       CPU6       CPU7       
          HI:      15460      13303          2          4          0          0          0          0
       TIMER:      74210      64797      64546      63738      69887      69668      48869      45858
      NET_TX:        882        701       3705       4955        740        588       3740       2993
      NET_RX:      17634      19480       4332       5733         42         44       2716       2040
       BLOCK:      55931       3085          2          4          0          0      10298      19678
    IRQ_POLL:          0          0          0          0          0          0          0          0
     TASKLET:      13536      34025        396        509        208        128         59          5
       SCHED:      57683      49564      45844      45229      45925      46438      38349      32778
     HRTIMER:          1          0        256        756          0          0        465        308
         RCU:      49129      47696      50739      49973      54119      54271      40430      39604
                    CPU0       CPU1       CPU2       CPU3       CPU4       CPU5       CPU6       CPU7       
          HI:      15460      13370          2          4          0          0          0          0
       TIMER:      74274      64856      64615      63799      69936      69722      48925      45910
      NET_TX:        882        701       3705       4955        740        588       3740       2993
      NET_RX:      17634      19480       4332       5733         42         44       2716       2040
       BLOCK:      55933       3085          2          4          0          0      10298      19678
    IRQ_POLL:          0          0          0          0          0          0          0          0
     TASKLET:      13536      34025        396        509        208        128         59          5
       SCHED:      57732      49615      45896      45275      45969      46484      38391      32813
     HRTIMER:          1          0        256        756          0          0        465        308
         RCU:      49186      47751      50796      50022      54166      54321      40484      39649
                    CPU0       CPU1       CPU2       CPU3       CPU4       CPU5       CPU6       CPU7       
          HI:      15460      13459          2          4          0          0          0          0
       TIMER:      74336      64921      64679      63869      69984      69772      48982      45974
      NET_TX:        882        701       3705       4955        740        588       3740       2993
      NET_RX:      17634      19480       4332       5733         42         44       2716       2040
       BLOCK:      55933       3085          2          4          0          0      10298      19678
    IRQ_POLL:          0          0          0          0          0          0          0          0
     TASKLET:      13536      34025        396        509        208        128         59          5
       SCHED:      57781      49673      45947      45327      46004      46532      38434      32845
     HRTIMER:          1          0        256        756          0          0        465        308
         RCU:      49244      47805      50857      50081      54206      54370      40536      39706
                    CPU0       CPU1       CPU2       CPU3       CPU4       CPU5       CPU6       CPU7       
          HI:      15460      13548          2          4          0          0          0          0
       TIMER:      74393      64978      64747      63921      70035      69843      49039      46024
      NET_TX:        882        701       3705       4955        740        588       3740       2993
      NET_RX:      17634      19480       4332       5733         42         44       2716       2040
       BLOCK:      55933       3085          2          4          0          0      10298      19678
    IRQ_POLL:          0          0          0          0          0          0          0          0
     TASKLET:      13536      34025        396        509        208        128         59          5
       SCHED:      57835      49720      45997      45360      46042      46572      38474      32881
     HRTIMER:          1          0        256        756          0          0        465        308
         RCU:      49297      47855      50914      50131      54255      54423      40589      39753
                    CPU0       CPU1       CPU2       CPU3       CPU4       CPU5       CPU6       CPU7       
          HI:      15460      13644          2          4          0          0          0          0
       TIMER:      74455      65035      64817      63985      70091      69912      49096      46075
      NET_TX:        882        701       3705       4955        740        588       3740       2993
      NET_RX:      17634      19480       4332       5733         42         44       2716       2040
       BLOCK:      55933       3085          2          4          0          0      10298      19678
    IRQ_POLL:          0          0          0          0          0          0          0          0
     TASKLET:      13536      34025        396        509        208        128         59          5
       SCHED:      57891      49768      46054      45411      46088      46615      38519      32916
     HRTIMER:          1          0        256        756          0          0        465        308
         RCU:      49355      47911      50970      50189      54308      54484      40643      39802
                    CPU0       CPU1       CPU2       CPU3       CPU4       CPU5       CPU6       CPU7       
          HI:      15460      13760          2          4          0          0          0          0
       TIMER:      74544      65116      64921      64072      70165      69984      49175      46156
      NET_TX:        882        701       3705       4955        740        588       3740       2993
      NET_RX:      17634      19480       4332       5733         42         44       2716       2040
       BLOCK:      55933       3085          2          4          0          0      10298      19678
    IRQ_POLL:          0          0          0          0          0          0          0          0
     TASKLET:      13536      34025        396        509        208        128         59          5
       SCHED:      57964      49832      46131      45463      46149      46669      38561      32959
     HRTIMER:          1          0        256        756          0          0        465        308
         RCU:      49436      47984      51029      50262      54381      54552      40704      39870
                    CPU0       CPU1       CPU2       CPU3       CPU4       CPU5       CPU6       CPU7       
          HI:      15460      13861          2          4          0          0          0          0
       TIMER:      74616      65188      64988      64154      70236      70053      49249      46219
      NET_TX:        882        701       3705       4955        740        588       3740       2993
      NET_RX:      17634      19480       4332       5733         42         44       2716       2040
       BLOCK:      55933       3085          2          4          0          0      10298      19678
    IRQ_POLL:          0          0          0          0          0          0          0          0
     TASKLET:      13536      34025        396        509        208        128         59          5
       SCHED:      58021      49884      46173      45529      46209      46717      38598      33005
     HRTIMER:          1          0        256        756          0          0        465        308
         RCU:      49505      48053      51089      50333      54441      54618      40771      39928
                    CPU0       CPU1       CPU2       CPU3       CPU4       CPU5       CPU6       CPU7       
          HI:      15460      13935          2          4          0          0          0          0
       TIMER:      74667      65238      65035      64214      70282      70113      49297      46263
      NET_TX:        882        701       3705       4955        740        588       3740       2993
      NET_RX:      17634      19480       4332       5733         42         44       2716       2040
       BLOCK:      55933       3085          2          4          0          0      10298      19678
    IRQ_POLL:          0          0          0          0          0          0          0          0
     TASKLET:      13536      34025        396        509        208        128         59          5
       SCHED:      58064      49920      46217      45575      46248      46765      38635      33034
     HRTIMER:          1          0        256        756          0          0        465        308
         RCU:      49553      48099      51135      50379      54484      54666      40814      39967
                    CPU0       CPU1       CPU2       CPU3       CPU4       CPU5       CPU6       CPU7       
          HI:      15460      14011          2          4          0          0          0          0
       TIMER:      74723      65287      65102      64278      70332      70170      49354      46314
      NET_TX:        882        701       3705       4955        740        588       3740       2993
      NET_RX:      17634      19480       4332       5733         42         44       2716       2040
       BLOCK:      55935       3085          2          4          0          0      10298      19678
    IRQ_POLL:          0          0          0          0          0          0          0          0
     TASKLET:      13536      34025        396        509        208        128         59          5
       SCHED:      58118      49966      46282      45635      46288      46813      38684      33080
     HRTIMER:          1          0        256        756          0          0        465        308
         RCU:      49608      48146      51188      50436      54532      54718      40869      40016
                    CPU0       CPU1       CPU2       CPU3       CPU4       CPU5       CPU6       CPU7       
          HI:      15460      14082          2          4          0          0          0          0
       TIMER:      74776      65329      65160      64329      70372      70217      49398      46359
      NET_TX:        882        701       3705       4955        740        588       3740       2993
      NET_RX:      17634      19480       4332       5733         42         44       2716       2040
       BLOCK:      55935       3085          2          4          0          0      10298      19678
    IRQ_POLL:          0          0          0          0          0          0          0          0
     TASKLET:      13536      34025        396        509        208        128         59          5
       SCHED:      58164      50005      46333      45682      46324      46856      38718      33117
     HRTIMER:          1          0        256        756          0          0        465        308
         RCU:      49660      48188      51234      50480      54571      54761      40911      40060
                    CPU0       CPU1       CPU2       CPU3       CPU4       CPU5       CPU6       CPU7       
          HI:      15460      14160          2          4          0          0          0          0
       TIMER:      74825      65384      65221      64392      70414      70264      49455      46416
      NET_TX:        882        701       3705       4955        740        588       3740       2993
      NET_RX:      17634      19480       4332       5733         42         44       2716       2040
       BLOCK:      55935       3085          2          4          0          0      10298      19678
    IRQ_POLL:          0          0          0          0          0          0          0          0
     TASKLET:      13536      34025        396        509        208        128         59          5
       SCHED:      58204      50054      46383      45732      46356      46899      38752      33149
     HRTIMER:          1          0        256        756          0          0        465        308
         RCU:      49706      48238      51290      50529      54612      54804      40962      40114
                    CPU0       CPU1       CPU2       CPU3       CPU4       CPU5       CPU6       CPU7       
          HI:      15460      14244          2          4          0          0          0          0
       TIMER:      74891      65427      65268      64427      70472      70307      49507      46467
      NET_TX:        882        701       3705       4955        740        588       3740       2993
      NET_RX:      17634      19480       4332       5733         42         44       2716       2040
       BLOCK:      55935       3085          2          4          0          0      10298      19678
    IRQ_POLL:          0          0          0          0          0          0          0          0
     TASKLET:      13536      34025        396        509        208        128         59          5
       SCHED:      58267      50096      46426      45766      46410      46940      38799      33198
     HRTIMER:          1          0        256        756          0          0        465        308
         RCU:      49762      48279      51333      50563      54657      54845      41012      40161
                    CPU0       CPU1       CPU2       CPU3       CPU4       CPU5       CPU6       CPU7       
          HI:      15460      14324          2          4          0          0          0          0
       TIMER:      74954      65484      65315      64481      70532      70344      49558      46517
      NET_TX:        882        701       3705       4955        740        588       3740       2993
      NET_RX:      17634      19480       4332       5733         42         44       2716       2040
       BLOCK:      55935       3085          2          4          0          0      10298      19678
    IRQ_POLL:          0          0          0          0          0          0          0          0
     TASKLET:      13536      34025        396        509        208        128         59          5
       SCHED:      58319      50148      46466      45808      46440      46975      38845      33241
     HRTIMER:          1          0        256        756          0          0        465        308
         RCU:      49816      48327      51379      50613      54713      54881      41063      40210
                    CPU0       CPU1       CPU2       CPU3       CPU4       CPU5       CPU6       CPU7       
          HI:      15460      14397          2          4          0          0          0          0
       TIMER:      75006      65519      65358      64535      70589      70405      49599      46561
      NET_TX:        882        701       3705       4955        740        588       3740       2993
      NET_RX:      17634      19480       4332       5733         42         44       2716       2040
       BLOCK:      55935       3085          2          4          0          0      10298      19678
    IRQ_POLL:          0          0          0          0          0          0          0          0
     TASKLET:      13536      34025        396        509        208        128         59          5
       SCHED:      58372      50184      46504      45858      46461      46991      38864      33272
     HRTIMER:          1          0        256        756          0          0        465        308
         RCU:      49863      48363      51421      50651      54761      54936      41103      40258
                    CPU0       CPU1       CPU2       CPU3       CPU4       CPU5       CPU6       CPU7       
          HI:      15460      14481          2          4          0          0          0          0
       TIMER:      75057      65573      65407      64601      70639      70446      49664      46629
      NET_TX:        882        701       3705       4955        740        588       3740       2993
      NET_RX:      17634      19480       4332       5733         42         44       2716       2040
       BLOCK:      55935       3085          2          4          0          0      10298      19678
    IRQ_POLL:          0          0          0          0          0          0          0          0
     TASKLET:      13536      34025        396        509        208        128         59          5
       SCHED:      58420      50228      46550      45910      46499      47029      38909      33306
     HRTIMER:          1          0        256        756          0          0        465        308
         RCU:      49912      48416      51469      50687      54809      54975      41165      40316
                    CPU0       CPU1       CPU2       CPU3       CPU4       CPU5       CPU6       CPU7       
          HI:      15460      14568          2          4          0          0          0          0
       TIMER:      75113      65634      65459      64655      70697      70504      49722      46699
      NET_TX:        882        701       3705       4955        740        588       3740       2993
      NET_RX:      17634      19480       4332       5733         42         44       2716       2040
       BLOCK:      55935       3085          2          4          0          0      10298      19678
    IRQ_POLL:          0          0          0          0          0          0          0          0
     TASKLET:      13536      34025        396        509        208        128         59          5
       SCHED:      58473      50282      46593      45958      46540      47078      38952      33345
     HRTIMER:          1          0        256        756          0          0        465        308
         RCU:      49960      48471      51513      50737      54860      55030      41214      40371
                    CPU0       CPU1       CPU2       CPU3       CPU4       CPU5       CPU6       CPU7       
          HI:      15460      14647          2          4          0          0          0          0
       TIMER:      75169      65687      65517      64694      70750      70546      49759      46750
      NET_TX:        882        701       3705       4955        740        588       3740       2993
      NET_RX:      17634      19480       4332       5733         42         44       2716       2040
       BLOCK:      55935       3085          2          4          0          0      10298      19678
    IRQ_POLL:          0          0          0          0          0          0          0          0
     TASKLET:      13536      34025        396        509        208        128         59          5
       SCHED:      58526      50330      46641      45997      46590      47115      38988      33394
     HRTIMER:          1          0        256        756          0          0        465        308
         RCU:      50006      48522      51565      50776      54904      55070      41250      40415
                    CPU0       CPU1       CPU2       CPU3       CPU4       CPU5       CPU6       CPU7       
          HI:      15460      14728          2          4          0          0          0          0
       TIMER:      75218      65757      65567      64744      70806      70596      49808      46800
      NET_TX:        882        701       3705       4955        740        588       3740       2993
      NET_RX:      17634      19480       4332       5733         42         44       2716       2040
       BLOCK:      55935       3085          2          4          0          0      10298      19678
    IRQ_POLL:          0          0          0          0          0          0          0          0
     TASKLET:      13536      34025        396        509        208        128         59          5
       SCHED:      58574      50399      46691      46048      46647      47165      39034      33442
     HRTIMER:          1          0        256        756          0          0        465        308
         RCU:      50055      48578      51609      50825      54956      55118      41296      40464
                    CPU0       CPU1       CPU2       CPU3       CPU4       CPU5       CPU6       CPU7       
          HI:      15460      14809          2          4          0          0          0          0
       TIMER:      75276      65813      65617      64802      70879      70669      49865      46862
      NET_TX:        882        701       3705       4955        740        588       3740       2993
      NET_RX:      17634      19480       4332       5733         42         44       2716       2040
       BLOCK:      55935       3085          2          4          0          0      10298      19678
    IRQ_POLL:          0          0          0          0          0          0          0          0
     TASKLET:      13536      34025        396        509        208        128         59          5
       SCHED:      58633      50453      46732      46104      46687      47205      39068      33468
     HRTIMER:          1          0        256        756          0          0        465        308
         RCU:      50110      48627      51657      50876      55013      55184      41347      40521
                    CPU0       CPU1       CPU2       CPU3       CPU4       CPU5       CPU6       CPU7       
          HI:      15460      14888          2          4          0          0          0          0
       TIMER:      75327      65861      65664      64857      70941      70715      49917      46901
      NET_TX:        882        701       3705       4955        740        588       3740       2993
      NET_RX:      17634      19480       4332       5733         42         44       2716       2040
       BLOCK:      55939       3085          2          4          0          0      10298      19678
    IRQ_POLL:          0          0          0          0          0          0          0          0
     TASKLET:      13536      34025        396        509        208        128         59          5
       SCHED:      58684      50498      46777      46156      46742      47231      39108      33498
     HRTIMER:          1          0        256        756          0          0        465        308
         RCU:      50156      48676      51703      50922      55060      55229      41394      40559
                    CPU0       CPU1       CPU2       CPU3       CPU4       CPU5       CPU6       CPU7       
          HI:      15460      14973          2          4          0          0          0          0
       TIMER:      75393      65915      65729      64900      70978      70765      49975      46953
      NET_TX:        882        701       3705       4955        740        588       3740       2993
      NET_RX:      17634      19480       4332       5733         42         44       2716       2040
       BLOCK:      55939       3085          2          4          0          0      10298      19678
    IRQ_POLL:          0          0          0          0          0          0          0          0
     TASKLET:      13536      34025        396        509        208        128         59          5
       SCHED:      58746      50550      46840      46198      46776      47277      39155      33548
     HRTIMER:          1          0        256        756          0          0        465        308
         RCU:      50211      48726      51756      50963      55093      55276      41448      40608
                    CPU0       CPU1       CPU2       CPU3       CPU4       CPU5       CPU6       CPU7       
          HI:      15460      15047          2          4          0          0          0          0
       TIMER:      75440      65973      65769      64942      71042      70808      50020      47004
      NET_TX:        882        701       3705       4955        740        588       3740       2993
      NET_RX:      17634      19480       4332       5733         42         44       2716       2040
       BLOCK:      55939       3085          2          4          0          0      10298      19678
    IRQ_POLL:          0          0          0          0          0          0          0          0
     TASKLET:      13536      34025        396        509        208        128         59          5
       SCHED:      58789      50604      46871      46234      46830      47312      39188      33590
     HRTIMER:          1          0        256        756          0          0        465        308
         RCU:      50256      48771      51794      51001      55147      55317      41491      40658
                    CPU0       CPU1       CPU2       CPU3       CPU4       CPU5       CPU6       CPU7       
          HI:      15460      15142          2          4          0          0          0          0
       TIMER:      75511      66048      65829      65005      71102      70860      50084      47067
      NET_TX:        882        701       3705       4955        740        588       3740       2993
      NET_RX:      17634      19480       4332       5733         42         44       2716       2040
       BLOCK:      55939       3085          2          4          0          0      10298      19678
    IRQ_POLL:          0          0          0          0          0          0          0          0
     TASKLET:      13536      34025        396        509        208        128         59          5
       SCHED:      58853      50667      46921      46288      46880      47355      39228      33631
     HRTIMER:          1          0        256        756          0          0        465        308
         RCU:      50319      48832      51852      51061      55200      55368      41553      40719
                    CPU0       CPU1       CPU2       CPU3       CPU4       CPU5       CPU6       CPU7       
          HI:      15460      15221          2          4          0          0          0          0
       TIMER:      75556      66098      65894      65042      71143      70901      50133      47118
      NET_TX:        882        701       3705       4955        740        588       3740       2993
      NET_RX:      17634      19480       4332       5733         42         44       2716       2040
       BLOCK:      55939       3085          2          4          0          0      10298      19678
    IRQ_POLL:          0          0          0          0          0          0          0          0
     TASKLET:      13536      34025        396        509        208        128         59          5
       SCHED:      58898      50710      46983      46325      46918      47395      39275      33680
     HRTIMER:          1          0        256        756          0          0        465        308
         RCU:      50362      48872      51883      51095      55240      55405      41592      40763
                    CPU0       CPU1       CPU2       CPU3       CPU4       CPU5       CPU6       CPU7       
          HI:      15460      15291          2          4          0          0          0          0
       TIMER:      75598      66144      65954      65083      71180      70954      50174      47163
      NET_TX:        882        701       3705       4955        740        588       3740       2993
      NET_RX:      17634      19480       4332       5733         42         44       2716       2040
       BLOCK:      55939       3085          2          4          0          0      10298      19678
    IRQ_POLL:          0          0          0          0          0          0          0          0
     TASKLET:      13536      34025        396        509        208        128         59          5
       SCHED:      58935      50755      47040      46364      46953      47448      39315      33723
     HRTIMER:          1          0        256        756          0          0        465        308
         RCU:      50400      48913      51924      51135      55275      55448      41628      40804
                    CPU0       CPU1       CPU2       CPU3       CPU4       CPU5       CPU6       CPU7       
          HI:      15460      15377          2          4          0          0          0          0
       TIMER:      75648      66195      66021      65142      71243      71009      50233      47217
      NET_TX:        882        701       3705       4955        740        588       3740       2993
      NET_RX:      17634      19480       4332       5733         42         44       2716       2040
       BLOCK:      55939       3085          2          4          0          0      10298      19678
    IRQ_POLL:          0          0          0          0          0          0          0          0
     TASKLET:      13536      34025        396        509        208        128         59          5
       SCHED:      58987      50798      47108      46408      47011      47496      39356      33773
     HRTIMER:          1          0        256        756          0          0        465        308
         RCU:      50450      48962      51977      51191      55330      55500      41685      40858
                    CPU0       CPU1       CPU2       CPU3       CPU4       CPU5       CPU6       CPU7       
          HI:      15460      15495          2          4          0          0          0          0
       TIMER:      75719      66284      66115      65227      71310      71096      50306      47299
      NET_TX:        882        701       3705       4955        740        588       3740       2993
      NET_RX:      17634      19480       4332       5733         42         44       2716       2040
       BLOCK:      55939       3085          2          4          0          0      10298      19678
    IRQ_POLL:          0          0          0          0          0          0          0          0
     TASKLET:      13536      34025        396        509        208        128         59          5
       SCHED:      59058      50868      47189      46476      47066      47559      39395      33815
     HRTIMER:          1          0        256        756          0          0        465        308
         RCU:      50519      49040      52047      51266      55393      55577      41744      40930
                    CPU0       CPU1       CPU2       CPU3       CPU4       CPU5       CPU6       CPU7       
          HI:      15460      15575          2          4          0          0          0          0
       TIMER:      75772      66335      66178      65284      71369      71142      50368      47352
      NET_TX:        882        701       3705       4955        740        588       3740       2993
      NET_RX:      17634      19480       4332       5733         42         44       2716       2040
       BLOCK:      55939       3085          2          4          0          0      10298      19678
    IRQ_POLL:          0          0          0          0          0          0          0          0
     TASKLET:      13536      34025        396        509        208        128         59          5
       SCHED:      59108      50916      47246      46521      47111      47599      39426      33850
     HRTIMER:          1          0        256        756          0          0        465        308
         RCU:      50572      49090      52100      51314      55445      55621      41800      40979
                    CPU0       CPU1       CPU2       CPU3       CPU4       CPU5       CPU6       CPU7       
          HI:      15460      15689          2          4          0          0          0          0
       TIMER:      75860      66423      66253      65368      71468      71225      50463      47436
      NET_TX:        883        701       3707       4957        740        590       3742       2994
      NET_RX:      17652      19497       4336       5734         42         44       2716       2043
       BLOCK:      55939       3085          2          4          0          0      10298      19678
    IRQ_POLL:          0          0          0          0          0          0          0          0
     TASKLET:      13555      34025        396        509        208        128         59          5
       SCHED:      59172      50986      47303      46585      47178      47653      39476      33895
     HRTIMER:          1          0        256        756          0          0        465        308
         RCU:      50651      49166      52175      51390      55525      55689      41879      41054
                    CPU0       CPU1       CPU2       CPU3       CPU4       CPU5       CPU6       CPU7       
          HI:      15460      15784          2          4          0          0          0          0
       TIMER:      75915      66480      66314      65434      71517      71283      50528      47497
      NET_TX:        883        701       3707       4960        740        590       3745       2994
      NET_RX:      17664      19511       4336       5737         42         46       2718       2045
       BLOCK:      55939       3085          2          4          0          0      10298      19678
    IRQ_POLL:          0          0          0          0          0          0          0          0
     TASKLET:      13571      34025        396        509        208        128         59          5
       SCHED:      59223      51027      47353      46639      47213      47693      39529      33937
     HRTIMER:          1          0        256        756          0          0        465        308
         RCU:      50704      49217      52224      51450      55573      55742      41940      41111
                    CPU0       CPU1       CPU2       CPU3       CPU4       CPU5       CPU6       CPU7       
          HI:      15460      15880          2          4          0          0          0          0
       TIMER:      75976      66548      66385      65489      71562      71342      50586      47562
      NET_TX:        884        701       3707       4960        740        590       3750       2994
      NET_RX:      17668      19515       4338       5737         42         46       2718       2045
       BLOCK:      55940       3085          2          4          0          0      10298      19678
    IRQ_POLL:          0          0          0          0          0          0          0          0
     TASKLET:      13577      34025        396        509        208        128         59          5
       SCHED:      59272      51087      47407      46685      47250      47730      39577      33990
     HRTIMER:          1          0        256        756          0          0        465        308
         RCU:      50763      49275      52284      51501      55616      55798      41996      41174
                    CPU0       CPU1       CPU2       CPU3       CPU4       CPU5       CPU6       CPU7       
          HI:      15460      15986          2          4          0          0          0          0
       TIMER:      76046      66616      66460      65565      71638      71409      50664      47629
      NET_TX:        887        701       3793       4961        741        590       3750       2995
      NET_RX:      17788      19635       4398       5737         42         46       2718       2045
       BLOCK:      55940       3085          2          4          0          0      10298      19678
    IRQ_POLL:          0          0          0          0          0          0          0          0
     TASKLET:      13639      34025        408        509        208        128         59          5
       SCHED:      59328      51137      47468      46748      47304      47789      39626      34035
     HRTIMER:          1          0        256        756          0          0        465        308
         RCU:      50827      49342      52353      51550      55685      55861      42068      41238
                    CPU0       CPU1       CPU2       CPU3       CPU4       CPU5       CPU6       CPU7       
          HI:      15460      16084          2          4          0          0          0          0
       TIMER:      76111      66684      66517      65651      71703      71475      50718      47686
      NET_TX:        888        703       3874       4961        741        591       3750       2995
      NET_RX:      17896      19743       4452       5737         42         46       2718       2045
       BLOCK:      55940       3085          2          4          0          0      10298      19678
    IRQ_POLL:          0          0          0          0          0          0          0          0
     TASKLET:      13699      34025        424        509        208        128         59          5
       SCHED:      59385      51201      47520      46810      47361      47845      39670      34086
     HRTIMER:          1          0        256        756          0          0        465        308
         RCU:      50889      49408      52409      51596      55747      55923      42121      41294
                    CPU0       CPU1       CPU2       CPU3       CPU4       CPU5       CPU6       CPU7       
          HI:      15460      16162          2          4          0          0          0          0
       TIMER:      76165      66729      66566      65713      71760      71517      50783      47734
      NET_TX:        889        704       3915       4961        741        591       3750       2995
      NET_RX:      17986      19833       4497       5737         42         46       2718       2045
       BLOCK:      55940       3085          2          4          0          0      10298      19678
    IRQ_POLL:          0          0          0          0          0          0          0          0
     TASKLET:      13733      34025        436        509        208        128         59          5
       SCHED:      59434      51244      47568      46868      47409      47888      39715      34128
     HRTIMER:          1          0        256        756          0          0        465        308
         RCU:      50937      49451      52455      51633      55799      55964      42173      41341
                    CPU0       CPU1       CPU2       CPU3       CPU4       CPU5       CPU6       CPU7       
          HI:      15460      16244          2          4          0          0          0          0
       TIMER:      76228      66786      66612      65765      71804      71560      50841      47786
      NET_TX:        889        704       3915       4961        741        591       3750       2995
      NET_RX:      18044      19891       4526       5737         42         46       2718       2045
       BLOCK:      55940       3085          2          4          0          0      10298      19678
    IRQ_POLL:          0          0          0          0          0          0          0          0
     TASKLET:      13735      34025        436        509        208        128         59          5
       SCHED:      59495      51304      47614      46921      47453      47930      39775      34177
     HRTIMER:          1          0        256        756          0          0        465        308
         RCU:      50991      49502      52501      51680      55843      56004      42227      41390
                    CPU0       CPU1       CPU2       CPU3       CPU4       CPU5       CPU6       CPU7       
          HI:      15460      16337          2          4          0          0          0          0
       TIMER:      76307      66867      66674      65831      71877      71632      50928      47868
      NET_TX:        889        704       3915       4961        741        591       3750       2995
      NET_RX:      18044      19891       4526       5737         42         46       2718       2045
       BLOCK:      55940       3085          2          4          0          0      10298      19678
    IRQ_POLL:          0          0          0          0          0          0          0          0
     TASKLET:      13735      34025        436        509        208        128         59          5
       SCHED:      59554      51373      47664      46978      47502      47971      39807      34206
     HRTIMER:          1          0        256        756          0          0        465        308
         RCU:      51052      49568      52553      51743      55905      56068      42303      41460
                    CPU0       CPU1       CPU2       CPU3       CPU4       CPU5       CPU6       CPU7       
          HI:      15460      16436          2          4          0          0          0          0
       TIMER:      76364      66919      66730      65906      71933      71694      51016      47950
      NET_TX:        889        704       3915       4961        741        591       3750       2995
      NET_RX:      18044      19891       4526       5737         42         46       2718       2045
       BLOCK:      55941       3085          2          4          0          0      10298      19678
    IRQ_POLL:          0          0          0          0          0          0          0          0
     TASKLET:      13735      34025        436        509        208        128         59          5
       SCHED:      59605      51420      47711      47041      47539      48013      39821      34245
     HRTIMER:          1          0        256        756          0          0        465        308
         RCU:      51102      49618      52608      51788      55956      56124      42372      41525
                    CPU0       CPU1       CPU2       CPU3       CPU4       CPU5       CPU6       CPU7       
          HI:      15460      16513          2          4          0          0          0          0
       TIMER:      76416      66970      66797      65963      71981      71743      51071      47998
      NET_TX:        889        704       3915       4961        741        591       3750       2995
      NET_RX:      18044      19891       4526       5737         42         46       2718       2045
       BLOCK:      55947       3085          2          4          0          0      10298      19678
    IRQ_POLL:          0          0          0          0          0          0          0          0
     TASKLET:      13735      34025        436        509        208        128         59          5
       SCHED:      59659      51465      47774      47096      47587      48058      39870      34291
     HRTIMER:          1          0        256        756          0          0        465        308
         RCU:      51152      49668      52647      51841      56003      56173      42425      41574
                    CPU0       CPU1       CPU2       CPU3       CPU4       CPU5       CPU6       CPU7       
          HI:      15460      16606          2          4          0          0          0          0
       TIMER:      76487      67038      66874      66027      72046      71809      51123      48064
      NET_TX:        889        704       3915       4962        742        591       3750       2995
      NET_RX:      18044      19893       4526       5740         42         46       2718       2045
       BLOCK:      55947       3085          2          4          0          0      10298      19678
    IRQ_POLL:          0          0          0          0          0          0          0          0
     TASKLET:      13740      34025        436        509        208        128         59          5
       SCHED:      59723      51522      47844      47148      47642      48119      39911      34329
     HRTIMER:          1          0        256        756          0          0        465        308
         RCU:      51221      49731      52702      51903      56068      56238      42481      41642
                    CPU0       CPU1       CPU2       CPU3       CPU4       CPU5       CPU6       CPU7       
          HI:      15460      16695          2          4          0          0          0          0
       TIMER:      76550      67108      66940      66085      72107      71865      51175      48114
      NET_TX:        889        704       3915       4962        742        591       3750       2995
      NET_RX:      18044      19893       4526       5740         42         46       2718       2045
       BLOCK:      55947       3085          2          4          0          0      10298      19678
    IRQ_POLL:          0          0          0          0          0          0          0          0
     TASKLET:      13740      34025        436        509        208        128         59          5
       SCHED:      59784      51586      47902      47200      47690      48171      39961      34377
     HRTIMER:          1          0        256        756          0          0        465        308
         RCU:      51279      49784      52759      51958      56125      56294      42529      41691
                    CPU0       CPU1       CPU2       CPU3       CPU4       CPU5       CPU6       CPU7       
          HI:      15460      16769          2          4          0          0          0          0
       TIMER:      76608      67165      67005      66151      72152      71910      51226      48164
      NET_TX:        889        704       3915       4962        742        591       3750       2995
      NET_RX:      18044      19893       4526       5740         42         46       2718       2045
       BLOCK:      55947       3085          2          4          0          0      10298      19678
    IRQ_POLL:          0          0          0          0          0          0          0          0
     TASKLET:      13740      34025        436        509        208        128         59          5
       SCHED:      59836      51639      47961      47260      47734      48215      40005      34422
     HRTIMER:          1          0        256        756          0          0        465        308
         RCU:      51331      49833      52810      52013      56167      56336      42579      41736
                    CPU0       CPU1       CPU2       CPU3       CPU4       CPU5       CPU6       CPU7       
          HI:      15460      16848          2          4          0          0          0          0
       TIMER:      76677      67226      67053      66202      72198      71966      51274      48226
      NET_TX:        889        704       3915       4962        742        592       3750       2996
      NET_RX:      18046      19895       4526       5740         42         46       2719       2045
       BLOCK:      55947       3085          2          4          0          0      10298      19678
    IRQ_POLL:          0          0          0          0          0          0          0          0
     TASKLET:      13743      34025        436        509        208        128         59          5
       SCHED:      59894      51694      48004      47311      47777      48260      40051      34475
     HRTIMER:          1          0        256        756          0          0        465        308
         RCU:      51385      49885      52854      52061      56210      56388      42624      41789
                    CPU0       CPU1       CPU2       CPU3       CPU4       CPU5       CPU6       CPU7       
          HI:      15460      16927          2          4          0          0          0          0
       TIMER:      76731      67289      67104      66254      72255      72018      51328      48289
      NET_TX:        889        704       3915       4962        742        592       3750       2996
      NET_RX:      18048      19899       4526       5742         42         48       2719       2045
       BLOCK:      55947       3085          2          4          0          0      10298      19678
    IRQ_POLL:          0          0          0          0          0          0          0          0
     TASKLET:      13747      34025        436        509        208        128         59          5
       SCHED:      59950      51748      48053      47352      47833      48307      40100      34519
     HRTIMER:          1          0        256        756          0          0        465        308
         RCU:      51438      49931      52904      52111      56260      56437      42677      41840
                    CPU0       CPU1       CPU2       CPU3       CPU4       CPU5       CPU6       CPU7       
          HI:      15460      17011          2          4          0          0          0          0
       TIMER:      76779      67342      67139      66300      72314      72067      51377      48336
      NET_TX:        889        704       3915       4962        742        592       3750       2996
      NET_RX:      18048      19899       4526       5742         42         48       2719       2045
       BLOCK:      55947       3085          2          4          0          0      10298      19678
    IRQ_POLL:          0          0          0          0          0          0          0          0
     TASKLET:      13747      34025        436        509        208        128         59          5
       SCHED:      59996      51790      48086      47389      47881      48346      40136      34558
     HRTIMER:          1          0        256        756          0          0        465        308
         RCU:      51480      49979      52939      52156      56311      56480      42718      41884
                    CPU0       CPU1       CPU2       CPU3       CPU4       CPU5       CPU6       CPU7       
          HI:      15460      17083          2          4          0          0          0          0
       TIMER:      76831      67392      67178      66361      72365      72128      51425      48378
      NET_TX:        889        704       3915       4962        742        592       3750       2996
      NET_RX:      18048      19899       4526       5742         42         48       2719       2045
       BLOCK:      55947       3085          2          4          0          0      10298      19678
    IRQ_POLL:          0          0          0          0          0          0          0          0
     TASKLET:      13747      34025        436        509        208        128         59          5
       SCHED:      60047      51836      48124      47446      47928      48405      40182      34597
     HRTIMER:          1          0        256        756          0          0        465        308
         RCU:      51528      50029      52978      52202      56359      56528      42762      41924
                    CPU0       CPU1       CPU2       CPU3       CPU4       CPU5       CPU6       CPU7       
          HI:      15460      17168          2          4          0          0          0          0
       TIMER:      76889      67455      67228      66426      72411      72181      51479      48432
      NET_TX:        889        704       3915       4962        742        592       3750       2996
      NET_RX:      18048      19899       4526       5742         42         48       2719       2045
       BLOCK:      55947       3085          2          4          0          0      10298      19678
    IRQ_POLL:          0          0          0          0          0          0          0          0
     TASKLET:      13747      34025        436        509        208        128         59          5
       SCHED:      60100      51892      48169      47501      47971      48451      40232      34647
     HRTIMER:          1          0        256        756          0          0        465        308
         RCU:      51576      50088      53027      52258      56405      56576      42811      41976
                    CPU0       CPU1       CPU2       CPU3       CPU4       CPU5       CPU6       CPU7       
          HI:      15460      17258          2          4          0          0          0          0
       TIMER:      76962      67507      67285      66488      72479      72239      51541      48494
      NET_TX:        889        705       3915       4962        742        592       3750       2997
      NET_RX:      18050      19903       4526       5743         42         50       2720       2045
       BLOCK:      55947       3085          2          4          0          0      10298      19678
    IRQ_POLL:          0          0          0          0          0          0          0          0
     TASKLET:      13751      34025        436        509        208        128         59          5
       SCHED:      60170      51940      48221      47552      48020      48506      40284      34682
     HRTIMER:          1          0        256        756          0          0        465        308
         RCU:      51633      50139      53082      52316      56466      56630      42867      42032
                    CPU0       CPU1       CPU2       CPU3       CPU4       CPU5       CPU6       CPU7       
          HI:      15460      17341          2          4          0          0          0          0
       TIMER:      77034      67562      67336      66531      72528      72291      51594      48547
      NET_TX:        889        705       3919       4962        742        592       3751       2998
      NET_RX:      18064      19917       4529       5743         42         50       2724       2045
       BLOCK:      55947       3085          2          4          0          0      10298      19678
    IRQ_POLL:          0          0          0          0          0          0          0          0
     TASKLET:      13761      34025        436        509        208        128         59          5
       SCHED:      60236      51992      48270      47595      48066      48556      40334      34728
     HRTIMER:          1          0        256        756          0          0        465        308
         RCU:      51671      50193      53130      52359      56514      56676      42918      42080
                    CPU0       CPU1       CPU2       CPU3       CPU4       CPU5       CPU6       CPU7       
          HI:      15460      17434          2          4          0          0          0          0
       TIMER:      77109      67622      67409      66596      72596      72357      51653      48610
      NET_TX:        889        705       3919       4962        742        592       3751       2998
      NET_RX:      18064      19917       4529       5743         42         50       2724       2045
       BLOCK:      55947       3085          2          4          0          0      10298      19678
    IRQ_POLL:          0          0          0          0          0          0          0          0
     TASKLET:      13761      34025        436        509        208        128         59          5
       SCHED:      60299      52046      48343      47649      48123      48602      40390      34781
     HRTIMER:          1          0        256        756          0          0        465        308
         RCU:      51732      50250      53196      52420      56569      56732      42976      42144
                    CPU0       CPU1       CPU2       CPU3       CPU4       CPU5       CPU6       CPU7       
          HI:      15460      17530          2          4          0          0          0          0
       TIMER:      77169      67697      67473      66654      72671      72413      51720      48681
      NET_TX:        889        705       3919       4962        742        592       3751       2998
      NET_RX:      18064      19917       4529       5743         42         50       2724       2045
       BLOCK:      55947       3085          2          4          0          0      10298      19678
    IRQ_POLL:          0          0          0          0          0          0          0          0
     TASKLET:      13761      34025        436        509        208        128         59          5
       SCHED:      60355      52100      48399      47685      48161      48642      40424      34830
     HRTIMER:          1          0        256        756          0          0        465        308
         RCU:      51781      50310      53251      52474      56627      56779      43034      42203
                    CPU0       CPU1       CPU2       CPU3       CPU4       CPU5       CPU6       CPU7       
          HI:      15460      17612          2          4          0          0          0          0
       TIMER:      77209      67748      67516      66709      72729      72448      51778      48730
      NET_TX:        889        705       3919       4962        742        592       3751       2998
      NET_RX:      18064      19917       4529       5743         42         50       2724       2045
       BLOCK:      55949       3085          2          4          0          0      10298      19678
    IRQ_POLL:          0          0          0          0          0          0          0          0
     TASKLET:      13761      34025        436        509        208        128         59          5
       SCHED:      60396      52147      48439      47726      48214      48673      40468      34870
     HRTIMER:          1          0        256        756          0          0        465        308
         RCU:      51818      50355      53291      52522      56658      56813      43078      42246
                    CPU0       CPU1       CPU2       CPU3       CPU4       CPU5       CPU6       CPU7       
          HI:      15460      17689          2          4          0          0          0          0
       TIMER:      77247      67799      67560      66777      72766      72493      51831      48775
      NET_TX:        889        705       3919       4962        742        592       3751       2998
      NET_RX:      18064      19917       4529       5743         42         50       2724       2045
       BLOCK:      55949       3085          2          4          0          0      10298      19678
    IRQ_POLL:          0          0          0          0          0          0          0          0
     TASKLET:      13761      34025        436        509        208        128         59          5
       SCHED:      60433      52194      48481      47792      48251      48709      40515      34912
     HRTIMER:          1          0        256        756          0          0        465        308
         RCU:      51856      50398      53334      52564      56695      56857      43127      42291
                    CPU0       CPU1       CPU2       CPU3       CPU4       CPU5       CPU6       CPU7       
          HI:      15460      17772          2          4          0          0          0          0
       TIMER:      77312      67844      67608      66840      72817      72534      51885      48821
      NET_TX:        889        705       3919       4962        742        592       3751       2998
      NET_RX:      18064      19917       4529       5743         42         50       2724       2045
       BLOCK:      55949       3085          2          4          0          0      10298      19678
    IRQ_POLL:          0          0          0          0          0          0          0          0
     TASKLET:      13761      34025        436        509        208        128         59          5
       SCHED:      60492      52235      48525      47847      48293      48747      40565      34948
     HRTIMER:          1          0        256        756          0          0        465        308
         RCU:      51908      50441      53382      52616      56744      56897      43175      42337
                    CPU0       CPU1       CPU2       CPU3       CPU4       CPU5       CPU6       CPU7       
          HI:      15460      17864          2          4          0          0          0          0
       TIMER:      77387      67908      67673      66907      72878      72600      51952      48897
      NET_TX:        889        705       3919       4962        742        592       3751       2998
      NET_RX:      18064      19917       4529       5743         42         50       2724       2045
       BLOCK:      55949       3085          2          4          0          0      10298      19678
    IRQ_POLL:          0          0          0          0          0          0          0          0
     TASKLET:      13761      34025        436        509        208        128         59          5
       SCHED:      60561      52283      48580      47895      48336      48795      40604      34976
     HRTIMER:          1          0        256        756          0          0        465        308
         RCU:      51970      50501      53444      52675      56803      56960      43235      42405
                    CPU0       CPU1       CPU2       CPU3       CPU4       CPU5       CPU6       CPU7       
          HI:      15460      17952          2          4          0          0          0          0
       TIMER:      77457      67972      67718      66965      72933      72659      52007      48951
      NET_TX:        889        705       3919       4962        742        592       3751       2998
      NET_RX:      18064      19917       4529       5743         42         50       2724       2045
       BLOCK:      55949       3085          2          4          0          0      10298      19678
    IRQ_POLL:          0          0          0          0          0          0          0          0
     TASKLET:      13761      34025        436        509        208        128         59          5
       SCHED:      60627      52348      48626      47948      48390      48849      40653      35028
     HRTIMER:          1          0        256        756          0          0        465        308
         RCU:      52029      50555      53490      52726      56855      57013      43285      42457
                    CPU0       CPU1       CPU2       CPU3       CPU4       CPU5       CPU6       CPU7       
          HI:      15460      18036          2          4          0          0          0          0
       TIMER:      77514      68036      67772      67001      72982      72697      52063      49015
      NET_TX:        889        705       3919       4962        742        592       3751       2998
      NET_RX:      18064      19917       4529       5743         42         50       2724       2045
       BLOCK:      55949       3085          2          4          0          0      10298      19678
    IRQ_POLL:          0          0          0          0          0          0          0          0
     TASKLET:      13761      34025        436        509        208        128         59          5
       SCHED:      60684      52408      48672      47983      48437      48887      40703      35088
     HRTIMER:          1          0        256        756          0          0        465        308
         RCU:      52082      50611      53537      52761      56901      57049      43333      42510
                    CPU0       CPU1       CPU2       CPU3       CPU4       CPU5       CPU6       CPU7       
          HI:      15460      18110          2          4          0          0          0          0
       TIMER:      77560      68090      67819      67050      73027      72743      52111      49059
      NET_TX:        889        705       3919       4962        742        592       3751       2998
      NET_RX:      18064      19917       4529       5743         42         50       2724       2045
       BLOCK:      55949       3085          2          4          0          0      10298      19678
    IRQ_POLL:          0          0          0          0          0          0          0          0
     TASKLET:      13761      34025        436        509        208        128         59          5
       SCHED:      60727      52456      48710      48028      48478      48934      40747      35129
     HRTIMER:          1          0        256        756          0          0        465        308
         RCU:      52126      50657      53582      52806      56945      57093      43378      42548
                    CPU0       CPU1       CPU2       CPU3       CPU4       CPU5       CPU6       CPU7       
          HI:      15460      18217          2          4          0          0          0          0
       TIMER:      77636      68164      67909      67109      73096      72803      52181      49131
      NET_TX:        889        705       3919       4962        742        592       3751       2998
      NET_RX:      18064      19917       4529       5743         42         50       2724       2045
       BLOCK:      55949       3085          2          4          0          0      10298      19678
    IRQ_POLL:          0          0          0          0          0          0          0          0
     TASKLET:      13761      34025        436        509        208        128         59          5
       SCHED:      60794      52524      48782      48081      48535      48983      40803      35169
     HRTIMER:          1          0        256        756          0          0        465        308
         RCU:      52192      50725      53652      52864      57009      57151      43443      42616
                    CPU0       CPU1       CPU2       CPU3       CPU4       CPU5       CPU6       CPU7       
          HI:      15460      18302          2          4          0          0          0          0
       TIMER:      77694      68224      67985      67159      73143      72866      52239      49193
      NET_TX:        889        705       3919       4962        742        592       3751       2998
      NET_RX:      18064      19917       4529       5743         42         50       2724       2045
       BLOCK:      55949       3085          2          4          0          0      10298      19678
    IRQ_POLL:          0          0          0          0          0          0          0          0
     TASKLET:      13761      34025        436        509        208        128         59          5
       SCHED:      60843      52560      48840      48130      48579      49022      40850      35222
     HRTIMER:          1          0        256        756          0          0        465        308
         RCU:      52247      50781      53694      52912      57053      57207      43502      42675
                    CPU0       CPU1       CPU2       CPU3       CPU4       CPU5       CPU6       CPU7       
          HI:      15460      18395          2          4          0          0          0          0
       TIMER:      77749      68287      68053      67222      73215      72930      52302      49244
      NET_TX:        889        705       3919       4962        742        592       3751       2998
      NET_RX:      18064      19917       4529       5743         42         50       2724       2045
       BLOCK:      55949       3085          2          4          0          0      10298      19678
    IRQ_POLL:          0          0          0          0          0          0          0          0
     TASKLET:      13761      34025        436        509        208        128         59          5
       SCHED:      60893      52598      48894      48183      48633      49078      40894      35254
     HRTIMER:          1          0        256        756          0          0        465        308
         RCU:      52294      50832      53753      52969      57100      57261      43554      42717
                    CPU0       CPU1       CPU2       CPU3       CPU4       CPU5       CPU6       CPU7       
          HI:      15460      18486          2          4          0          0          0          0
       TIMER:      77818      68358      68134      67290      73282      73006      52360      49306
      NET_TX:        889        705       3919       4962        742        592       3751       2998
      NET_RX:      18064      19917       4529       5743         42         50       2724       2045
       BLOCK:      55950       3085          2          4          0          0      10298      19678
    IRQ_POLL:          0          0          0          0          0          0          0          0
     TASKLET:      13761      34025        436        509        208        128         59          5
       SCHED:      60959      52653      48962      48245      48685      49145      40929      35294
     HRTIMER:          1          0        256        756          0          0        465        308
         RCU:      52356      50893      53813      53032      57159      57318      43607      42774
                    CPU0       CPU1       CPU2       CPU3       CPU4       CPU5       CPU6       CPU7       
          HI:      15460      18606          2          4          0          0          0          0
       TIMER:      77925      68463      68247      67398      73386      73124      52450      49406
      NET_TX:        889        705       3919       4962        742        592       3751       2998
      NET_RX:      18064      19917       4529       5743         42         50       2724       2045
       BLOCK:      55955       3085          2          4          0          0      10298      19678
    IRQ_POLL:          0          0          0          0          0          0          0          0
     TASKLET:      13761      34025        436        509        208        128         59          5
       SCHED:      61009      52703      49007      48296      48733      49164      40975      35342
     HRTIMER:          1          0        256        756          0          0        465        308
         RCU:      52447      50980      53911      53125      57252      57398      43692      42864
                    CPU0       CPU1       CPU2       CPU3       CPU4       CPU5       CPU6       CPU7       
          HI:      15460      18695          2          4          0          0          0          0
       TIMER:      77997      68544      68321      67467      73463      73189      52511      49469
      NET_TX:        889        705       3919       4962        742        592       3751       2998
      NET_RX:      18064      19917       4529       5743         42         50       2724       2045
       BLOCK:      55955       3085          2          4          0          0      10298      19678
    IRQ_POLL:          0          0          0          0          0          0          0          0
     TASKLET:      13761      34025        436        509        208        128         59          5
       SCHED:      61063      52749      49051      48352      48782      49205      41018      35387
     HRTIMER:          1          0        256        756          0          0        465        308
         RCU:      52504      51036      53981      53186      57317      57458      43746      42916
                    CPU0       CPU1       CPU2       CPU3       CPU4       CPU5       CPU6       CPU7       
          HI:      15460      18792          2          4          0          0          0          0
       TIMER:      78114      68666      68428      67585      73592      73308      52626      49575
      NET_TX:        890        705       3919       4962        742        592       3751       2998
      NET_RX:      18064      19917       4529       5743         42         50       2724       2045
       BLOCK:      55964       3085          2          4          0          0      10298      19678
    IRQ_POLL:          0          0          0          0          0          0          0          0
     TASKLET:      13761      34025        436        509        208        128         59          5
       SCHED:      61113      52802      49117      48402      48837      49257      41065      35424
     HRTIMER:          1          0        256        756          0          0        465        308
         RCU:      52614      51141      54079      53302      57419      57561      43855      43011
                    CPU0       CPU1       CPU2       CPU3       CPU4       CPU5       CPU6       CPU7       
          HI:      15460      18792          2          4          0          0          0          0
       TIMER:      78141      68693      68447      67607      73638      73338      52643      49597
      NET_TX:        890        705       3919       4962        742        592       3751       2998
      NET_RX:      18064      19917       4529       5743         42         50       2724       2045
       BLOCK:      55964       3085          2          4          0          0      10298      19678
    IRQ_POLL:          0          0          0          0          0          0          0          0
     TASKLET:      13761      34025        436        509        208        128         59          5
       SCHED:      61142      52830      49137      48423      48852      49288      41081      35446
     HRTIMER:          1          0        256        756          0          0        465        308
         RCU:      52638      51169      54099      53324      57449      57588      43871      43031
                    CPU0       CPU1       CPU2       CPU3       CPU4       CPU5       CPU6       CPU7       
          HI:      15460      18792          2          4          0          0          0          0
       TIMER:      78194      68732      68488      67654      73676      73394      52667      49635
      NET_TX:        890        705       3920       4963        743        597       3752       2998
      NET_RX:      18072      19924       4531       5744         42         50       2725       2045
       BLOCK:      55969       3085          2          4          0          0      10298      19678
    IRQ_POLL:          0          0          0          0          0          0          0          0
     TASKLET:      13768      34025        436        509        208        128         59          5
       SCHED:      61185      52864      49166      48465      48883      49326      41103      35480
     HRTIMER:          1          0        256        756          0          0        465        308
         RCU:      52672      51206      54137      53365      57483      57635      43895      43065
                    CPU0       CPU1       CPU2       CPU3       CPU4       CPU5       CPU6       CPU7       
          HI:      15460      18792          2          4          0          0          0          0
       TIMER:      78223      68751      68511      67696      73710      73425      52686      49657
      NET_TX:        890        705       3920       4963        743        597       3752       2998
      NET_RX:      18072      19924       4531       5744         42         50       2725       2045
       BLOCK:      55974       3085          2          4          0          0      10299      19678
    IRQ_POLL:          0          0          0          0          0          0          0          0
     TASKLET:      13768      34025        436        509        208        128         59          5
       SCHED:      61213      52882      49187      48508      48917      49354      41121      35502
     HRTIMER:          1          0        256        756          0          0        465        308
         RCU:      52694      51224      54161      53397      57516      57664      43913      43085
                    CPU0       CPU1       CPU2       CPU3       CPU4       CPU5       CPU6       CPU7       
          HI:      15460      18792          2          4          0          0          0          0
       TIMER:      78258      68779      68534      67713      73723      73443      52704      49677
      NET_TX:        890        705       3920       4963        743        597       3752       2998
      NET_RX:      18072      19924       4531       5744         42         50       2725       2045
       BLOCK:      55975       3085          2          4          0          0      10299      19679
    IRQ_POLL:          0          0          0          0          0          0          0          0
     TASKLET:      13768      34025        436        509        208        128         59          5
       SCHED:      61246      52906      49209      48524      48928      49371      41139      35522
     HRTIMER:          1          0        256        756          0          0        465        308
         RCU:      52711      51247      54182      53414      57527      57678      43929      43104
                    CPU0       CPU1       CPU2       CPU3       CPU4       CPU5       CPU6       CPU7       
          HI:      15460      18792          2          4          0          0          0          0
       TIMER:      78282      68796      68542      67722      73733      73478      52708      49692
      NET_TX:        890        705       3920       4963        743        597       3752       2998
      NET_RX:      18072      19924       4531       5744         42         50       2725       2045
       BLOCK:      55975       3085          2          4          0          0      10299      19679
    IRQ_POLL:          0          0          0          0          0          0          0          0
     TASKLET:      13768      34025        436        509        208        128         59          5
       SCHED:      61269      52919      49217      48532      48938      49407      41143      35537
     HRTIMER:          1          0        256        756          0          0        465        308
         RCU:      52733      51256      54190      53421      57536      57697      43933      43119
                    CPU0       CPU1       CPU2       CPU3       CPU4       CPU5       CPU6       CPU7       
          HI:      15460      18792          2          4          0          0          0          0
       TIMER:      78310      68814      68558      67732      73740      73495      52714      49706
      NET_TX:        890        705       3920       4963        743        597       3752       2998
      NET_RX:      18072      19924       4531       5744         42         50       2725       2045
       BLOCK:      55975       3085          2          4          0          0      10299      19679
    IRQ_POLL:          0          0          0          0          0          0          0          0
     TASKLET:      13768      34025        436        509        208        128         59          5
       SCHED:      61293      52926      49228      48539      48945      49423      41149      35548
     HRTIMER:          1          0        256        756          0          0        465        308
         RCU:      52755      51262      54201      53428      57543      57713      43939      43133
                    CPU0       CPU1       CPU2       CPU3       CPU4       CPU5       CPU6       CPU7       
          HI:      15460      18792          2          4          0          0          0          0
       TIMER:      78331      68831      68579      67753      73753      73511      52725      49717
      NET_TX:        890        705       3920       4963        743        597       3752       2998
      NET_RX:      18072      19924       4531       5744         42         50       2725       2045
       BLOCK:      55975       3085          2          4          0          0      10299      19679
    IRQ_POLL:          0          0          0          0          0          0          0          0
     TASKLET:      13768      34025        436        509        208        128         59          5
       SCHED:      61313      52937      49249      48558      48957      49439      41161      35558
     HRTIMER:          1          0        256        756          0          0        465        308
         RCU:      52774      51273      54222      53447      57551      57727      43950      43143
