637.38 3687.03
637.60 3688.48
637.83 3690.01
638.05 3691.46
638.26 3692.89
638.45 3693.67
638.61 3694.69
638.77 3695.80
638.93 3696.86
639.11 3697.95
639.45 3698.77
639.80 3699.64
640.09 3700.61
640.41 3701.64
640.71 3702.69
641.12 3703.92
641.49 3705.18
641.80 3706.04
642.05 3706.85
642.32 3707.67
642.55 3708.36
642.82 3709.25
643.10 3710.36
643.36 3711.13
643.61 3711.95
643.92 3713.06
644.21 3713.97
644.48 3714.92
644.74 3715.83
645.02 3716.54
645.30 3717.62
645.57 3718.57
645.82 3719.37
646.17 3720.49
646.42 3721.41
646.66 3722.23
647.04 3723.44
647.35 3724.41
647.69 3725.35
648.05 3726.39
648.37 3727.50
648.72 3728.86
649.07 3730.00
649.35 3730.97
649.62 3731.96
649.91 3733.00
650.27 3733.77
650.56 3734.68
650.84 3735.58
651.17 3736.47
651.45 3737.43
651.72 3738.29
652.01 3739.26
652.31 3740.19
652.57 3741.28
652.84 3742.21
653.12 3743.15
653.44 3744.19
653.72 3745.08
654.06 3745.94
654.39 3747.07
654.66 3748.14
654.92 3749.19
655.22 3750.26
655.55 3751.22
655.82 3752.13
656.10 3753.13
656.43 3754.17
656.73 3755.27
657.03 3756.19
657.35 3757.12
657.72 3757.93
658.09 3758.32
658.42 3758.92
658.81 3759.64
659.00 3760.53
659.25 3761.52
659.43 3762.47
659.62 3763.60
659.83 3765.05
660.03 3766.41
660.25 3767.89
