4183527
4166983
4197930
4188198
4170681
4153942
4152385
4169124
4137593
4176520
4099055
4111511
4065577
4066940
4087377
4082705
4123384
4127472
4130781
4109954
4113069
4095941
4087377
4112874
4117935
4088544
4084457
4094578
4096719
4123774
4093800
4090685
4116961
4088544
4075114
4112679
4071027
4084262
4093410
4066550
4082316
4076477
4063825
4079202
4070638
4079980
4097498
4115794
4115599
4103726
4124747
4094578
4083289
4057208
4125525
4130197
4122606
4069081
4118713
4110538
4113652
4133700
4114236
4110344
4108981
4133895
4120854
4085430
4123968
4121243
4079980
4114820
4091659
4113847
4127472
4158419
4138177
4139539
4180608
4162312
4181970
4197346
