7254.431783,67.77,161.01,161.01
7254.439193,67.77,160.49,160.49
7254.460834,67.77,164.21,164.21
7254.477331,67.77,163.95,163.95
7254.494078,67.77,163.78,163.78
7254.511160,67.77,163.61,163.61
7254.527366,67.77,163.73,163.73
7254.544066,67.77,161.76,161.76
7254.577877,67.77,161.23,161.23
7254.595759,67.77,161.19,161.19
7254.611669,67.77,160.81,160.81
7254.627475,67.77,160.14,160.14
7254.644442,67.77,159.80,159.80
7254.661102,67.77,159.74,159.74
7254.678252,67.77,159.20,159.20
7254.694110,67.77,158.44,158.44
7254.710852,67.77,158.13,158.13
7254.727987,67.77,157.56,157.56
7254.744238,67.77,156.84,156.84
7254.760548,67.77,156.26,156.26
7254.776949,67.77,156.10,156.10
7254.793582,67.77,156.63,156.63
7254.810361,67.77,156.11,156.11
7254.826777,67.77,155.40,155.40
7254.844334,67.77,155.89,155.89
7254.860886,67.77,155.15,155.15
7254.877219,67.77,154.55,154.55
7254.893634,67.77,154.62,154.62
7254.910824,67.77,154.69,154.69
7254.927287,67.77,154.16,154.16
7254.943883,67.77,154.17,154.17
7254.961444,67.77,153.87,153.87
7254.977051,67.77,153.64,153.64
7254.994584,67.77,153.78,153.78
7255.010409,67.77,154.05,154.05
7255.033502,67.77,152.94,152.94
7255.045006,67.77,152.62,152.62
7255.060832,67.77,152.56,152.56
7255.077226,67.77,152.64,152.64
7255.094495,67.77,152.90,152.90
7255.110839,67.77,153.03,153.03
7255.127987,67.77,153.06,153.06
7255.144530,67.77,153.11,153.11
7255.160671,67.77,153.22,153.22
7255.177115,67.77,152.73,152.73
7255.193908,67.77,153.06,153.06
7255.210631,67.77,153.35,153.35
7255.227365,67.77,153.55,153.55
7255.244820,67.77,153.20,153.20
7255.262120,67.77,152.62,152.62
7255.277235,67.77,152.23,152.23
7255.294161,67.77,153.02,153.02
7255.310708,67.77,151.75,151.75
7255.327549,67.77,152.09,152.09
7255.344042,67.77,151.34,151.34
7255.361002,67.77,152.12,152.12
7255.377086,67.77,152.45,152.45
7255.398482,67.77,152.68,152.68
7255.411637,67.77,153.19,153.19
7255.427247,67.77,154.08,154.08
7255.444371,67.77,154.92,154.92
7255.460987,67.77,156.00,156.00
7255.477121,67.77,156.17,156.17
7255.494744,67.77,156.82,156.82
7255.511142,67.77,157.58,157.58
7255.528910,67.77,158.13,158.13
7255.544113,67.77,159.41,159.41
7255.560837,67.77,159.59,159.59
7255.577215,67.77,160.33,160.33
7255.594967,67.77,159.45,159.45
7255.610876,67.77,160.48,160.48
7255.627901,67.77,159.63,159.63
7255.645502,67.77,160.02,160.02
7255.661394,67.77,160.35,160.35
7255.678749,67.77,160.17,160.17
7255.695222,67.77,159.38,159.38
7255.715455,67.77,159.61,159.61
7255.728310,67.77,159.49,159.49
7255.744620,67.77,159.45,159.45
7255.760991,67.77,159.40,159.40
7255.777296,67.77,159.61,159.61
7255.795002,67.77,158.96,158.96
7255.811174,67.77,158.25,158.25
7255.827197,67.77,158.62,158.62
7255.844179,67.77,157.80,157.80
7255.861504,67.77,157.46,157.46
7255.878263,67.77,156.98,156.98
7255.894970,67.77,157.66,157.66
7255.911517,67.77,157.20,157.20
7255.929210,67.77,157.31,157.31
7255.952127,67.77,156.95,156.95
7255.966323,67.77,156.11,156.11
7255.977484,67.77,156.62,156.62
7255.994020,67.77,156.23,156.23
7256.012082,67.77,155.37,155.37
7256.029536,67.77,155.22,155.22
7256.060902,67.77,154.82,154.82
7256.077779,67.77,154.44,154.44
7256.094059,67.77,154.57,154.57
7256.110507,67.77,154.49,154.49
7256.128024,67.77,154.34,154.34
7256.144702,67.77,153.90,153.90
7256.161724,67.77,153.90,153.90
7256.177772,67.77,153.98,153.98
7256.194382,67.77,153.67,153.67
7256.211172,67.77,154.14,154.14
7256.232995,67.77,153.95,153.95
7256.247211,67.77,153.76,153.76
7256.261773,67.77,153.51,153.51
7256.277396,67.77,153.77,153.77
7256.294456,67.77,153.56,153.56
7256.310929,67.77,153.66,153.66
7256.327513,67.77,153.91,153.91
7256.344184,67.77,153.75,153.75
7256.365174,67.77,153.26,153.26
7256.377417,67.77,152.43,152.43
7256.394234,67.77,152.41,152.41
7256.411032,67.77,151.84,151.84
7256.427548,67.77,151.35,151.35
7256.444417,67.77,149.46,149.46
7256.461526,67.77,149.71,149.71
7256.478015,67.77,150.15,150.15
7256.494827,67.77,149.99,149.99
7256.510976,67.77,148.37,148.37
7256.527695,67.77,148.32,148.32
7256.544183,67.77,147.91,147.91
7256.561389,67.77,147.48,147.48
7256.577818,67.77,147.80,147.80
7256.594110,67.77,147.38,147.38
7256.610795,67.77,147.68,147.68
7256.627973,67.77,147.60,147.60
7256.644609,67.77,147.44,147.44
7256.661039,67.77,148.11,148.11
7256.677923,67.77,145.38,145.38
7256.695673,67.77,145.75,145.75
7256.711065,67.77,144.42,144.42
7256.728137,67.77,144.70,144.70
7256.745581,67.77,144.50,144.50
7256.762130,67.77,144.25,144.25
7256.779205,67.77,144.39,144.39
7256.795772,67.77,145.02,145.02
7256.817961,67.77,144.06,144.06
7256.828166,67.77,144.28,144.28
7256.844932,67.77,144.76,144.76
7256.863380,67.77,144.63,144.63
7256.878528,67.77,145.35,145.35
7256.897018,67.77,144.97,144.97
7256.911960,67.77,144.93,144.93
7256.928582,67.77,144.68,144.68
7256.944747,67.77,144.12,144.12
7256.961384,67.77,143.91,143.91
7256.977834,67.77,142.85,142.85
7256.995329,67.77,142.63,142.63
7257.010539,67.77,141.80,141.80
7257.028388,67.77,142.08,142.08
7257.044600,67.77,141.77,141.77
7257.061773,67.77,142.59,142.59
7257.078375,67.77,140.81,140.81
7257.094778,67.77,140.67,140.67
7257.111287,67.77,140.57,140.57
7257.128800,67.77,140.24,140.24
7257.144884,67.77,140.38,140.38
7257.161262,67.77,140.25,140.25
7257.178427,67.77,139.90,139.90
7257.196842,67.77,139.61,139.61
7257.211355,67.77,138.47,138.47
7257.227674,67.77,138.71,138.71
7257.245449,67.77,138.42,138.42
7257.262297,67.77,138.41,138.41
7257.285471,67.77,138.33,138.33
7257.294551,67.77,138.54,138.54
7257.311677,67.77,139.41,139.41
7257.330823,67.77,140.70,140.70
7257.345424,67.77,140.73,140.73
7257.363237,67.77,141.07,141.07
7257.377919,67.77,141.31,141.31
7257.394337,67.77,140.81,140.81
7257.411422,67.77,140.05,140.05
7257.428339,67.77,140.79,140.79
7257.461562,67.77,141.23,141.23
7257.477720,67.77,141.55,141.55
7257.494981,67.77,141.64,141.64
7257.511052,67.77,140.78,140.78
7257.527896,67.77,141.20,141.20
7257.545106,67.77,140.46,140.46
7257.561527,67.77,140.54,140.54
7257.577664,67.77,140.17,140.17
7257.594620,67.77,140.84,140.84
7257.611290,67.77,140.95,140.95
7257.628196,67.77,140.37,140.37
7257.647010,67.77,139.85,139.85
7257.662010,67.77,139.60,139.60
7257.678128,67.77,139.41,139.41
7257.694656,67.77,139.23,139.23
7257.711450,67.77,138.00,138.00
7257.727957,67.77,137.95,137.95
7257.744831,67.77,137.97,137.97
7257.762506,67.77,137.78,137.78
7257.778835,67.77,137.65,137.65
7257.795190,67.77,137.15,137.15
7257.812658,67.77,136.83,136.83
7257.827930,67.77,136.47,136.47
7257.844831,67.77,136.21,136.21
7257.862321,67.77,135.81,135.81
7257.878106,67.77,135.46,135.46
7257.894408,67.77,135.46,135.46
7257.911519,67.77,135.07,135.07
7257.928657,67.77,135.00,135.00
7257.944326,67.77,134.16,134.16
7257.961673,67.77,134.47,134.47
7257.978320,67.77,134.09,134.09
7257.995550,67.77,133.64,133.64
7258.012736,67.77,133.57,133.57
7258.028058,67.77,133.51,133.51
7258.045540,67.77,133.09,133.09
7258.061539,67.77,133.25,133.25
7258.080350,67.77,133.23,133.23
7258.096174,67.77,132.59,132.59
7258.111625,67.77,132.29,132.29
7258.128354,67.77,132.38,132.38
7258.147179,67.77,132.67,132.67
7258.178059,67.77,132.02,132.02
7258.194706,67.77,132.15,132.15
7258.214213,67.77,131.80,131.80
7258.228189,67.77,131.83,131.83
7258.245296,67.77,131.55,131.55
7258.261669,67.77,131.29,131.29
7258.278676,67.77,131.33,131.33
7258.295087,67.77,131.76,131.76
7258.312134,67.77,131.49,131.49
7258.328316,67.77,130.81,130.81
7258.345204,67.77,131.05,131.05
7258.361944,67.77,131.10,131.10
7258.378532,67.77,130.52,130.52
7258.395118,67.77,130.62,130.62
7258.411604,67.77,130.61,130.61
7258.433664,67.77,130.49,130.49
7258.445322,67.77,130.69,130.69
7258.462157,67.77,130.34,130.34
7258.478165,67.77,130.16,130.16
7258.495134,67.77,130.17,130.17
7258.511740,67.77,129.45,129.45
7258.533056,67.77,129.88,129.88
7258.561724,67.77,130.07,130.07
7258.578052,67.77,129.59,129.59
7258.595632,67.77,129.25,129.25
7258.611904,67.77,129.22,129.22
7258.628544,67.77,129.26,129.26
7258.645394,67.77,129.10,129.10
7258.665183,67.77,128.83,128.83
7258.677991,67.77,129.52,129.52
7258.695451,67.77,128.73,128.73
7258.711797,67.77,128.76,128.76
7258.728741,67.77,128.86,128.86
7258.745090,67.77,131.37,131.37
7258.761800,67.77,131.59,131.59
7258.777852,67.77,131.89,131.89
7258.794885,67.77,132.05,132.05
7258.811726,67.77,131.86,131.86
7258.828019,67.77,131.65,131.65
7258.845690,67.77,131.65,131.65
7258.862221,67.77,131.98,131.98
7258.878589,67.77,132.01,132.01
7258.895736,67.77,132.35,132.35
7258.914255,67.77,132.33,132.33
7258.928870,67.77,131.92,131.92
7258.945100,67.77,131.89,131.89
7258.964675,67.77,132.52,132.52
7258.978390,67.77,132.89,132.89
7258.995255,67.77,132.31,132.31
7259.012001,67.77,131.82,131.82
7259.028636,67.77,132.03,132.03
7259.044902,67.77,132.95,132.95
7259.061773,67.77,133.54,133.54
7259.077890,67.77,132.52,132.52
7259.095040,67.77,132.64,132.64
7259.111743,67.77,133.50,133.50
7259.128510,67.77,133.72,133.72
7259.144961,67.77,133.56,133.56
7259.161718,67.77,133.71,133.71
7259.178018,67.77,133.30,133.30
7259.194957,67.77,133.61,133.61
7259.211670,67.77,133.63,133.63
7259.228423,67.77,133.80,133.80
7259.246839,67.77,133.76,133.76
7259.261577,67.77,133.27,133.27
7259.278010,67.77,133.23,133.23
7259.295311,67.77,133.53,133.53
7259.313204,67.77,133.96,133.96
7259.328748,67.77,133.97,133.97
7259.345485,67.77,134.72,134.72
7259.361806,67.77,134.49,134.49
7259.378765,67.77,133.64,133.64
7259.395127,67.77,133.69,133.69
7259.411996,67.77,132.98,132.98
7259.428607,67.77,133.22,133.22
7259.445422,67.77,131.96,131.96
7259.462229,67.77,132.14,132.14
7259.478257,67.77,132.40,132.40
7259.495413,67.77,132.32,132.32
7259.512529,67.77,132.33,132.33
7259.528642,67.77,132.13,132.13
7259.545593,67.77,131.84,131.84
7259.562640,67.77,132.47,132.47
7259.579143,67.77,132.32,132.32
7259.595252,67.77,132.11,132.11
7259.611696,67.77,132.24,132.24
7259.629417,67.77,132.08,132.08
7259.645192,67.77,133.00,133.00
7259.661843,67.77,132.76,132.76
7259.678496,67.77,133.01,133.01
7259.698569,67.77,133.03,133.03
7259.716231,67.77,133.03,133.03
7259.728838,67.77,133.28,133.28
7259.745829,67.77,133.11,133.11
7259.779900,67.77,133.23,133.23
7259.795197,67.77,133.59,133.59
7259.817780,67.77,133.45,133.45
7259.828797,67.77,133.28,133.28
7259.858681,67.77,133.37,133.37
7259.867414,67.77,133.79,133.79
7259.888914,67.77,133.70,133.70
7259.901722,67.77,134.05,134.05
7259.918875,67.77,134.05,134.05
7259.933686,67.77,134.12,134.12
7259.961880,67.77,134.64,134.64
7259.978764,67.77,134.29,134.29
7259.995245,67.77,134.67,134.67
7260.012245,67.77,134.93,134.93
7260.028613,67.77,135.16,135.16
7260.045533,67.77,135.28,135.28
7260.061792,67.77,135.18,135.18
7260.080578,67.77,135.18,135.18
7260.095286,67.77,135.65,135.65
7260.112033,67.77,135.80,135.80
7260.129796,67.77,136.21,136.21
7260.145191,67.77,136.58,136.58
7260.161586,67.77,136.61,136.61
7260.178824,67.77,136.68,136.68
7260.195499,67.77,136.34,136.34
7260.212603,67.77,136.37,136.37
7260.228742,67.77,136.16,136.16
7260.246758,67.77,136.51,136.51
7260.263745,67.77,136.91,136.91
7260.278783,67.77,136.75,136.75
7260.295210,67.77,137.67,137.67
7260.311873,67.77,137.25,137.25
7260.328953,67.77,137.23,137.23
7260.345001,67.77,136.96,136.96
7260.362120,67.77,136.63,136.63
7260.378812,67.77,137.18,137.18
7260.394942,67.77,137.32,137.32
7260.412115,67.77,137.62,137.62
7260.429583,67.77,137.73,137.73
7260.445446,67.77,136.92,136.92
7260.465038,67.77,137.13,137.13
7260.478419,67.77,136.11,136.11
7260.495296,67.77,136.26,136.26
7260.512377,67.77,135.45,135.45
7260.529066,67.77,136.08,136.08
7260.545187,67.77,135.70,135.70
7260.564602,67.77,135.39,135.39
7260.578433,67.77,134.68,134.68
7260.595353,67.77,134.69,134.69
7260.612252,67.77,134.04,134.04
7260.628980,67.77,133.68,133.68
7260.646908,67.77,132.96,132.96
7260.663767,67.77,132.93,132.93
7260.678925,67.77,132.33,132.33
7260.695755,67.77,132.32,132.32
7260.712031,67.77,131.51,131.51
7260.728747,67.77,131.18,131.18
7260.745661,67.77,130.21,130.21
7260.762107,67.77,130.37,130.37
7260.786438,67.77,129.85,129.85
7260.796713,67.77,129.39,129.39
7260.813474,67.77,128.37,128.37
7260.828616,67.77,127.40,127.40
7260.846756,67.77,127.22,127.22
7260.878731,67.77,126.64,126.64
7260.896900,67.77,127.12,127.12
7260.912009,67.77,126.26,126.26
7260.930681,67.77,126.40,126.40
7260.945352,67.77,125.86,125.86
7260.963639,67.77,125.31,125.31
7260.979669,67.77,124.61,124.61
7260.998054,67.77,124.61,124.61
7261.012332,67.77,124.21,124.21
7261.033460,67.77,124.47,124.47
7261.045720,67.77,124.19,124.19
7261.062260,67.77,124.20,124.20
7261.078548,67.77,124.15,124.15
7261.095199,67.77,124.48,124.48
7261.111807,67.77,123.39,123.39
7261.130257,67.77,123.61,123.61
7261.145311,67.77,123.70,123.70
7261.162478,67.77,123.64,123.64
7261.178488,67.77,123.08,123.08
7261.195233,67.77,123.48,123.48
7261.212099,67.77,123.75,123.75
7261.228795,67.77,124.67,124.67
7261.246649,67.77,124.26,124.26
7261.262350,67.77,125.64,125.64
7261.279750,67.77,125.74,125.74
7261.296244,67.77,128.54,128.54
7261.313372,67.77,128.69,128.69
7261.329983,67.77,128.25,128.25
7261.346363,67.77,128.12,128.12
7261.362036,67.77,127.97,127.97
7261.378722,67.77,127.89,127.89
7261.395587,67.77,128.37,128.37
7261.413101,67.77,128.23,128.23
7261.433265,67.77,131.89,131.89
7261.448418,67.77,131.93,131.93
7261.465405,67.77,132.98,132.98
7261.479837,67.77,132.85,132.85
7261.496222,67.77,133.00,133.00
7261.513547,67.77,133.02,133.02
7261.529619,67.77,133.09,133.09
7261.546834,67.77,133.08,133.08
7261.565403,67.77,133.07,133.07
7261.582519,67.77,133.13,133.13
7261.596225,67.77,132.76,132.76
7261.613142,67.77,132.74,132.74
7261.629291,67.77,132.74,132.74
7261.649631,67.77,132.67,132.67
7261.662023,67.77,132.65,132.65
7261.679068,67.77,132.41,132.41
7261.695814,67.77,133.03,133.03
7261.712597,67.77,132.98,132.98
7261.730462,67.77,133.00,133.00
7261.753243,67.77,133.05,133.05
7261.763673,67.77,133.11,133.11
7261.779663,67.77,133.03,133.03
7261.795282,67.77,133.35,133.35
7261.812802,67.77,132.97,132.97
7261.832116,67.77,132.66,132.66
7261.850217,67.77,132.61,132.61
7261.865109,67.77,135.88,135.88
7261.880600,67.77,135.97,135.97
7261.913094,67.77,137.16,137.16
7261.930547,67.77,136.99,136.99
7261.947296,67.77,137.42,137.42
7261.963910,67.77,137.21,137.21
7261.979941,67.77,136.93,136.93
7261.998746,67.77,136.67,136.67
7262.013049,67.77,137.00,137.00
7262.035219,67.77,137.30,137.30
7262.050879,67.77,137.64,137.64
7262.064801,67.77,137.56,137.56
7262.079203,67.77,141.33,141.33
7262.096570,67.77,141.86,141.86
7262.117809,67.77,142.17,142.17
7262.130308,67.77,141.76,141.76
7262.152736,67.77,141.70,141.70
7262.165168,67.77,141.82,141.82
7262.183597,67.77,141.95,141.95
7262.198561,67.77,142.06,142.06
7262.215304,67.77,141.91,141.91
7262.231965,67.77,141.55,141.55
7262.246879,67.77,141.41,141.41
7262.262835,67.77,141.30,141.30
7262.279065,67.77,141.41,141.41
7262.296227,67.77,141.45,141.45
7262.312319,67.77,141.34,141.34
7262.329006,67.77,141.50,141.50
7262.348261,67.77,141.44,141.44
7262.365476,67.77,141.27,141.27
7262.379015,67.77,141.46,141.46
7262.398624,67.77,141.76,141.76
7262.413700,67.77,141.94,141.94
7262.430762,67.77,141.67,141.67
7262.450278,67.77,141.60,141.60
7262.463325,67.77,141.79,141.79
7262.480400,67.77,141.81,141.81
7262.495495,67.77,141.54,141.54
7262.514882,67.77,141.44,141.44
7262.531798,67.77,141.39,141.39
7262.547273,67.77,141.27,141.27
7262.563582,67.77,141.56,141.56
7262.582419,67.77,141.88,141.88
7262.600353,67.77,141.69,141.69
7262.614436,67.77,141.98,141.98
7262.633458,67.77,142.12,142.12
7262.664594,67.77,141.94,141.94
7262.684546,67.77,141.59,141.59
7262.703651,67.77,141.55,141.55
7262.713142,67.77,141.79,141.79
7262.730164,67.77,141.82,141.82
7262.746976,67.77,141.82,141.82
7262.772563,67.77,141.97,141.97
7262.781133,67.77,141.92,141.92
7262.797492,67.77,141.88,141.88
7262.816407,67.77,141.81,141.81
7262.830217,67.77,141.73,141.73
7262.851162,67.77,141.78,141.78
7262.865042,67.77,141.84,141.84
7262.882912,67.77,141.66,141.66
7262.896217,67.77,141.58,141.58
7262.913583,67.77,141.64,141.64
7262.930214,67.77,141.70,141.70
7262.947896,67.77,141.83,141.83
7262.965117,67.77,142.04,142.04
7262.982228,67.77,142.12,142.12
7262.996855,67.77,142.02,142.02
7263.013513,67.77,142.03,142.03
7263.031537,67.77,141.53,141.53
7263.051671,67.77,141.83,141.83
7263.065914,67.77,142.03,142.03
7263.082359,67.77,141.59,141.59
7263.100435,67.77,141.61,141.61
7263.120235,67.77,141.69,141.69
7263.131897,67.77,141.78,141.78
7263.152180,67.77,141.61,141.61
7263.185729,67.77,141.85,141.85
7263.201645,67.77,141.63,141.63
7263.215605,67.77,141.62,141.62
7263.292581,67.77,141.74,141.74
7263.303189,67.77,141.73,141.73
7263.313513,67.77,141.60,141.60
7263.324358,67.77,141.63,141.63
7263.351589,67.77,143.71,143.71
7263.404795,67.77,143.69,143.69
7263.416872,67.77,143.62,143.62
7263.458169,67.77,143.77,143.77
7263.481382,67.77,143.85,143.85
7263.511852,67.77,144.02,144.02
7263.524158,67.77,143.82,143.82
7263.531864,67.77,143.52,143.52
7263.560201,67.77,143.93,143.93
7263.569711,67.77,143.72,143.72
7263.584986,67.77,143.82,143.82
7263.617665,67.77,143.46,143.46
7263.634747,67.77,143.32,143.32
7263.647541,67.77,143.19,143.19
7263.663606,67.77,143.49,143.49
7263.682945,67.77,143.57,143.57
7263.698338,67.77,143.48,143.48
7263.713531,67.77,143.37,143.37
7263.732771,67.77,143.27,143.27
7263.751492,67.77,143.56,143.56
7263.765332,67.77,143.69,143.69
7263.784527,67.77,143.56,143.56
7263.797230,67.77,143.59,143.59
7263.815270,67.77,143.54,143.54
7263.830209,67.77,143.43,143.43
7263.851180,67.77,143.49,143.49
7263.863439,67.77,143.43,143.43
7263.881756,67.77,143.45,143.45
7263.897327,67.77,143.40,143.40
7263.915754,67.77,143.32,143.32
7263.930333,67.77,143.46,143.46
7263.949023,67.77,143.59,143.59
7263.967441,67.77,143.66,143.66
7263.984742,67.77,143.74,143.74
7263.999116,67.77,143.68,143.68
7264.016188,67.77,143.66,143.66
7264.030271,67.77,143.65,143.65
7264.049297,67.77,143.60,143.60
7264.067010,67.77,143.51,143.51
7264.086439,67.77,143.42,143.42
7264.098358,67.77,143.61,143.61
7264.117190,67.77,143.68,143.68
7264.150177,67.77,143.60,143.60
7264.183581,67.77,143.42,143.42
7264.200963,67.77,143.27,143.27
7264.217105,67.77,141.19,141.19
7264.230972,67.77,141.06,141.06
7264.248378,67.77,141.12,141.12
7264.264870,67.77,141.26,141.26
7264.280217,67.77,141.08,141.08
7264.297815,67.77,141.12,141.12
7264.316936,67.77,141.11,141.11
7264.331477,67.77,141.26,141.26
7264.347477,67.77,141.25,141.25
7264.364467,67.77,141.13,141.13
7264.380546,67.77,141.05,141.05
7264.398220,67.77,141.04,141.04
7264.415027,67.77,140.97,140.97
7264.431592,67.77,140.76,140.76
7264.458343,67.77,140.77,140.77
7264.467319,67.77,140.64,140.64
7264.485671,67.77,140.44,140.44
7264.498295,67.77,140.25,140.25
7264.514003,67.77,140.19,140.19
7264.532243,67.77,140.42,140.42
7264.548321,67.77,140.33,140.33
7264.564922,67.77,140.35,140.35
7264.581915,67.77,140.39,140.39
7264.599943,67.77,140.27,140.27
7264.614573,67.77,140.16,140.16
7264.632640,67.77,140.03,140.03
7264.648422,67.77,140.05,140.05
7264.682407,67.77,140.39,140.39
7264.699029,67.77,140.38,140.38
7264.716351,67.77,139.85,139.85
7264.731767,67.77,139.95,139.95
7264.765014,67.77,139.42,139.42
7264.781624,67.77,138.24,138.24
7264.798872,67.77,138.27,138.27
7264.814960,67.77,138.24,138.24
7264.832444,67.77,138.29,138.29
7264.849142,67.77,138.55,138.55
7264.866594,67.77,138.70,138.70
7264.882981,67.77,138.61,138.61
7264.898223,67.77,138.75,138.75
7264.914974,67.77,138.81,138.81
7264.932082,67.77,139.16,139.16
7264.948347,67.77,139.04,139.04
7264.963571,67.77,139.22,139.22
7264.983555,67.77,139.54,139.54
7264.998744,67.77,139.61,139.61
7265.015437,67.77,139.67,139.67
7265.031139,67.77,139.62,139.62
7265.051760,67.77,139.38,139.38
7265.067162,67.77,139.40,139.40
7265.081832,67.77,139.41,139.41
7265.098537,67.77,139.44,139.44
7265.115417,67.77,139.39,139.39
7265.133100,67.77,142.48,142.48
7265.156077,67.77,142.69,142.69
7265.167972,67.77,143.34,143.34
7265.182288,67.77,143.06,143.06
7265.216558,67.77,142.84,142.84
7265.234412,67.77,142.89,142.89
7265.258944,67.77,142.91,142.91
7265.278689,67.77,142.99,142.99
7265.302671,67.77,142.90,142.90
7265.332675,67.77,143.02,143.02
7265.343403,67.77,143.13,143.13
7265.365382,67.77,143.10,143.10
7265.418168,67.77,143.01,143.01
7265.430823,67.77,142.91,142.91
7265.466509,67.77,142.68,142.68
7265.550496,67.77,142.99,142.99
7265.581970,67.77,143.41,143.41
7265.601317,67.77,143.05,143.05
7265.616399,67.77,142.81,142.81
7265.632793,67.77,143.20,143.20
7265.649965,67.77,143.28,143.28
7265.667723,67.77,143.33,143.33
7265.701050,67.77,143.07,143.07
7265.715449,67.77,143.32,143.32
7265.733501,67.77,143.35,143.35
7265.749291,67.77,143.17,143.17
7265.773679,67.77,143.17,143.17
7265.785059,67.77,143.05,143.05
7265.799037,67.77,142.98,142.98
7265.817163,67.77,143.03,143.03
7265.836039,67.77,142.98,142.98
7265.848480,67.77,142.92,142.92
7265.868602,67.77,142.62,142.62
7265.889254,67.77,142.85,142.85
7265.906329,67.77,142.95,142.95
7265.917276,67.77,143.08,143.08
7265.932295,67.77,143.40,143.40
7265.965656,67.77,143.22,143.22
7265.987751,67.77,143.11,143.11
7266.002601,67.77,143.11,143.11
7266.017576,67.77,143.23,143.23
7266.034492,67.77,143.31,143.31
7266.051010,67.77,143.11,143.11
7266.083022,67.77,143.07,143.07
7266.110636,67.77,143.07,143.07
7266.125992,67.77,143.23,143.23
7266.167988,67.77,143.31,143.31
7266.186646,67.77,143.39,143.39
7266.200426,67.77,143.43,143.43
7266.217708,67.77,143.39,143.39
7266.233225,67.77,142.96,142.96
7266.276849,67.77,142.93,142.93
7266.290313,67.77,143.04,143.04
7266.336842,67.77,143.06,143.06
7266.351670,67.77,143.04,143.04
7266.390955,67.77,143.07,143.07
7266.399387,67.77,142.87,142.87
7266.468975,67.77,142.87,142.87
7266.483186,67.77,143.78,143.78
7266.500376,67.77,143.51,143.51
7266.515602,67.77,143.09,143.09
7266.534306,67.77,142.97,142.97
7266.549314,67.77,142.98,142.98
7266.566151,67.77,143.00,143.00
7266.599693,67.77,142.88,142.88
7266.618591,67.77,142.95,142.95
7266.635105,67.77,142.78,142.78
7266.649365,67.77,142.89,142.89
7266.668743,67.77,142.79,142.79
7266.701621,67.77,142.93,142.93
7266.715335,67.77,143.04,143.04
7266.733692,67.77,143.23,143.23
7266.748924,67.77,142.70,142.70
7266.765607,67.77,142.39,142.39
7266.782669,67.77,142.22,142.22
7266.799028,67.77,142.38,142.38
7266.815208,67.77,142.43,142.43
7266.832463,67.77,142.51,142.51
7266.847559,67.77,142.49,142.49
7266.902748,67.77,142.82,142.82
7266.916668,67.77,142.80,142.80
7266.934291,67.77,142.80,142.80
7266.949765,67.77,142.50,142.50
7266.966892,67.77,142.29,142.29
7267.002522,67.77,141.36,141.36
7267.016549,67.77,141.12,141.12
7267.032959,67.77,141.28,141.28
7267.048826,67.77,141.45,141.45
7267.081924,67.77,141.46,141.46
7267.309991,67.77,140.38,140.38
7267.381558,67.77,139.52,139.52
7267.435370,67.77,139.17,139.17
7267.474305,67.77,139.15,139.15
7267.480993,67.77,139.20,139.20
7267.527645,67.77,139.16,139.16
7267.554965,67.77,147.07,147.07
7267.568530,67.77,151.73,151.73
7267.576352,67.77,152.63,152.63
7267.589754,67.77,154.26,154.26
7267.603717,67.77,154.61,154.61
7267.663895,67.77,155.85,155.85
7267.706926,67.77,155.86,155.86
7267.719474,67.77,156.06,156.06
7267.726596,67.77,156.62,156.62
7267.749648,67.77,156.61,156.61
7267.765624,67.77,157.19,157.19
7267.782976,67.77,156.89,156.89
7267.802925,67.77,155.98,155.98
7267.815326,67.77,153.44,153.44
7267.833414,67.77,153.55,153.55
7267.850948,67.77,150.99,150.99
7267.868801,67.77,148.01,148.01
7267.883394,67.77,146.27,146.27
7267.899434,67.77,146.41,146.41
7267.915522,67.77,146.37,146.37
7267.931742,67.77,146.45,146.45
7267.948451,67.77,146.52,146.52
7267.966834,67.77,147.17,147.17
7267.984917,67.77,147.53,147.53
7268.000876,67.77,147.80,147.80
7268.017922,67.77,148.27,148.27
7268.033158,67.77,149.10,149.10
7268.049648,67.77,150.03,150.03
7268.066605,67.77,151.48,151.48
7268.082272,67.77,152.16,152.16
7268.100424,67.77,157.17,157.17
7268.166575,67.77,164.48,164.48
7268.181884,67.77,185.60,185.60
7268.201041,67.77,187.79,187.79
7268.216936,67.77,189.61,189.61
7268.249206,67.77,189.21,189.21
7268.267026,67.77,193.84,193.84
7268.286126,67.77,197.30,197.30
7268.302215,67.77,204.51,204.51
7268.318139,67.77,207.74,207.74
7268.334365,67.77,213.72,213.72
7268.384137,67.77,214.17,214.17
7268.399422,67.77,214.34,214.34
7268.416316,67.77,212.16,212.16
7268.435587,67.77,214.07,214.07
7268.457632,67.77,212.30,212.30
7268.481793,67.77,208.27,208.27
7268.501705,67.77,191.06,191.06
7268.599345,67.77,191.06,191.06
7268.615295,67.77,192.28,192.28
7268.634705,67.77,198.48,198.48
7268.650341,67.77,199.63,199.63
7268.667527,67.77,206.41,206.41
7268.684944,67.77,206.59,206.59
7268.699771,67.77,207.49,207.49
7268.714838,67.77,209.52,209.52
7268.732073,67.77,211.06,211.06
7268.749401,67.77,211.53,211.53
7268.767270,67.77,213.42,213.42
7268.783668,67.77,215.07,215.07
7268.799953,67.77,216.06,216.06
7268.815390,67.77,221.59,221.59
7268.836380,67.77,220.54,220.54
7268.848827,67.77,219.20,219.20
7268.883370,67.77,215.57,215.57
7268.899645,67.77,214.22,214.22
7268.916784,67.77,212.25,212.25
7268.935348,67.77,209.47,209.47
7268.948438,67.77,210.11,210.11
7268.965819,67.77,210.16,210.16
7268.985106,67.77,211.83,211.83
7269.003003,67.77,214.29,214.29
7269.016343,67.77,219.06,219.06
7269.032831,67.77,225.02,225.02
7269.088035,67.77,229.98,229.98
7269.100935,67.77,235.74,235.74
7269.118258,67.77,235.78,235.78
7269.137906,67.77,234.44,234.44
7269.149486,67.77,234.11,234.11
7269.171084,67.77,234.97,234.97
7269.184735,67.77,233.81,233.81
7269.202099,67.77,234.02,234.02
7269.217945,67.77,233.57,233.57
7269.235688,67.77,234.18,234.18
7269.250060,67.77,232.87,232.87
7269.267968,67.77,233.58,233.58
7269.284827,67.77,233.72,233.72
7269.302566,67.77,234.45,234.45
7269.316637,67.77,234.82,234.82
7269.336193,67.77,237.74,237.74
7269.349407,67.77,237.69,237.69
7269.369521,67.77,238.49,238.49
7269.383762,67.77,237.84,237.84
7269.410322,67.77,237.81,237.81
7269.436069,67.77,236.83,236.83
7269.453623,67.77,234.88,234.88
7269.467690,67.77,235.18,235.18
7269.483329,67.77,234.17,234.17
7269.499101,67.77,234.57,234.57
7269.516537,67.77,234.19,234.19
7269.549079,67.77,234.82,234.82
7269.568509,67.77,234.28,234.28
7269.582614,67.77,234.09,234.09
7269.601366,67.77,233.66,233.66
7269.616159,67.77,233.24,233.24
7269.636151,67.77,231.63,231.63
7269.654684,67.77,231.54,231.54
7269.681897,67.77,232.36,232.36
7269.701362,67.77,232.61,232.61
7269.716436,67.77,233.59,233.59
7269.740074,67.77,233.97,233.97
7269.750332,67.77,234.61,234.61
7269.772055,67.77,234.14,234.14
7269.785403,67.77,233.17,233.17
7269.802207,67.77,230.17,230.17
7269.818246,67.77,228.01,228.01
7269.835212,67.77,223.73,223.73
7269.850381,67.77,222.17,222.17
7269.866507,67.77,217.51,217.51
7269.882887,67.77,213.85,213.85
7269.901957,67.77,206.29,206.29
7269.916723,67.77,201.34,201.34
7269.934222,67.77,195.48,195.48
7269.950116,67.77,194.73,194.73
7269.966367,67.77,192.44,192.44
7269.982674,67.77,193.27,193.27
7270.000919,67.77,190.53,190.53
7270.016754,67.77,191.28,191.28
7270.035986,67.77,190.72,190.72
7270.050345,67.77,198.09,198.09
7270.067260,67.77,200.77,200.77
7270.083781,67.77,202.96,202.96
7270.100732,67.77,203.88,203.88
7270.115964,67.77,193.55,193.55
7270.133646,67.77,195.60,195.60
7270.150985,67.77,195.80,195.80
7270.168430,67.77,197.58,197.58
7270.183375,67.77,199.20,199.20
7270.201258,67.77,201.48,201.48
7270.216893,67.77,201.16,201.16
7270.236953,67.77,201.80,201.80
7270.250260,67.77,200.45,200.45
7270.267754,67.77,199.34,199.34
7270.300760,67.77,200.57,200.57
7270.316173,67.77,205.09,205.09
7270.336390,67.77,209.27,209.27
7270.350754,67.77,212.48,212.48
7270.366530,67.77,212.45,212.45
7270.426590,67.77,208.67,208.67
7270.449258,67.77,202.77,202.77
7270.475072,67.77,202.77,202.77
7270.484307,67.77,200.23,200.23
7270.500843,67.77,203.57,203.57
7270.517230,67.77,204.48,204.48
7270.534401,67.77,204.60,204.60
7270.550754,67.77,204.81,204.81
7270.569372,67.77,200.91,200.91
7270.583672,67.77,199.02,199.02
7270.602781,67.77,199.60,199.60
7270.617942,67.77,199.34,199.34
7270.641268,67.77,199.75,199.75
7270.650717,67.77,201.08,201.08
7270.668799,67.77,201.46,201.46
7270.684338,67.77,201.02,201.02
7270.702786,67.77,200.47,200.47
7270.717878,67.77,199.33,199.33
7270.732358,67.77,201.33,201.33
7270.749792,67.77,202.47,202.47
7270.766925,67.77,204.00,204.00
7270.781986,67.77,203.93,203.93
7270.803038,67.77,203.71,203.71
7270.839444,67.77,201.04,201.04
7270.849153,67.77,197.36,197.36
7270.868449,67.77,194.08,194.08
7270.887497,67.77,193.19,193.19
7270.896104,67.77,192.86,192.86
7270.907969,67.77,192.56,192.56
7270.924724,67.77,192.56,192.56
7270.950845,67.77,192.56,192.56
7271.003779,67.77,166.36,166.36
7271.018562,67.77,134.89,134.89
7271.040407,67.77,132.61,132.61
7271.080934,67.77,129.33,129.33
7271.092333,67.77,128.66,128.66
7271.125717,67.77,128.33,128.33
7271.146290,67.77,127.70,127.70
7271.168451,67.77,127.83,127.83
7271.181991,67.77,127.14,127.14
7271.192885,67.77,126.03,126.03
7271.205939,67.77,126.01,126.01
7271.218520,67.77,125.83,125.83
7271.234360,67.77,125.17,125.17
7271.244289,67.77,125.17,125.17
7271.271287,67.77,125.13,125.13
7271.289358,67.77,125.21,125.21
7271.303805,67.77,124.36,124.36
7271.321840,67.77,124.36,124.36
7271.336952,67.77,124.30,124.30
7271.349642,67.77,124.04,124.04
7271.361615,67.77,122.95,122.95
7271.375808,67.77,122.93,122.93
7271.408252,67.77,124.49,124.49
7271.420544,67.77,126.47,126.47
7271.437117,67.77,128.10,128.10
7271.462503,67.77,128.83,128.83
7271.475376,67.77,129.92,129.92
7271.527509,67.77,132.19,132.19
7271.550388,67.77,133.49,133.49
7271.575302,67.77,135.39,135.39
7271.585282,67.77,135.35,135.35
7271.595947,67.77,136.30,136.30
7271.617577,67.77,136.36,136.36
7271.636281,67.77,136.86,136.86
7271.660532,67.77,137.17,137.17
7271.671278,67.77,136.65,136.65
7271.693203,67.77,136.57,136.57
7271.707401,67.77,136.35,136.35
7271.724055,67.77,136.80,136.80
7271.737515,67.77,136.40,136.40
7271.753998,67.77,136.21,136.21
7271.768178,67.77,136.08,136.08
7271.784958,67.77,136.08,136.08
7271.800758,67.77,136.87,136.87
7271.818497,67.77,136.87,136.87
7271.828783,67.77,136.88,136.88
7271.836327,67.77,136.90,136.90
7271.867254,67.77,137.00,137.00
7271.884234,67.77,137.00,137.00
7271.901999,67.77,138.07,138.07
7271.910764,67.77,138.24,138.24
7271.920338,67.77,138.41,138.41
7271.929982,67.77,138.53,138.53
7271.942509,67.77,138.57,138.57
7271.951395,67.77,138.57,138.57
7271.959898,67.77,138.57,138.57
7271.973587,67.77,138.57,138.57
7271.990753,67.77,138.57,138.57
7272.002032,67.77,138.57,138.57
7272.010888,67.77,138.57,138.57
7272.018616,67.77,138.57,138.57
7272.042249,67.77,138.57,138.57
7272.048732,67.77,138.57,138.57
7272.068129,67.77,138.57,138.57
7272.077860,67.77,138.57,138.57
7272.091671,67.77,138.57,138.57
7272.102667,67.77,138.57,138.57
7272.136124,67.77,138.57,138.57
7272.144263,67.77,138.57,138.57
7272.171022,67.77,138.57,138.57
7272.187606,67.77,138.57,138.57
7272.204283,67.77,138.57,138.57
7272.215744,67.77,138.57,138.57
7272.224367,67.77,138.57,138.57
7272.241391,67.77,138.57,138.57
7272.252807,67.77,138.57,138.57
7272.259315,67.77,138.57,138.57
7272.273552,67.77,138.57,138.57
7272.285307,67.77,138.57,138.57
7272.293696,67.77,138.57,138.57
7272.305608,67.77,138.57,138.57
7272.320233,67.77,138.57,138.57
7272.332480,67.77,138.57,138.57
7272.341499,67.77,138.57,138.57
7272.352244,67.77,138.57,138.57
7272.361212,67.77,138.57,138.57
7272.369966,67.77,138.57,138.57
7272.381412,67.77,138.57,138.57
7272.392178,67.77,138.57,138.57
7272.404069,67.77,138.57,138.57
7272.414900,67.77,138.57,138.57
7272.426357,67.77,138.57,138.57
7272.437915,67.77,138.57,138.57
7272.449626,67.77,138.57,138.57
7272.458770,67.77,138.57,138.57
7272.470628,67.77,138.57,138.57
7272.482398,67.77,138.57,138.57
7272.492774,67.77,138.57,138.57
7272.504888,67.77,138.57,138.57
7272.517915,67.77,138.57,138.57
7272.526442,67.77,138.23,138.23
7272.537795,67.77,137.82,137.82
7272.548875,67.77,136.49,136.49
7272.560358,67.77,131.30,131.30
7272.570247,67.77,113.83,113.83
7272.580949,67.77,93.29,93.29
7272.594054,67.77,76.63,76.63
7272.610487,67.77,61.40,61.40
7272.622866,67.77,50.38,50.38
7272.639409,67.77,44.07,44.07
7272.648735,67.77,39.76,39.76
7272.658446,67.77,36.96,36.96
7272.662783,67.77,35.93,35.93
7272.671097,67.77,35.45,35.45
7272.680942,67.77,35.37,35.37
7272.693329,67.77,35.34,35.34
7272.703741,67.77,36.00,36.00
7272.714493,67.77,36.02,36.02
7272.725879,67.77,36.04,36.04
7272.737403,67.77,35.64,35.64
7272.748403,67.77,36.50,36.50
7272.761033,67.77,35.83,35.83
7272.769889,67.77,35.93,35.93
7272.781851,67.77,36.64,36.64
7272.792434,67.77,36.43,36.43
7272.803250,67.77,35.79,35.79
7272.815140,67.77,35.57,35.57
7272.830390,67.77,35.92,35.92
7272.841066,67.77,36.02,36.02
7272.850205,67.77,36.15,36.15
7272.859017,67.77,36.14,36.14
7272.869913,67.77,36.16,36.16
7272.881237,67.77,36.1