7102.582827,67.77,41.90,41.90
7102.588215,67.77,56.85,56.85
7102.599918,67.77,76.71,76.71
7102.613043,67.77,122.77,122.77
7102.620320,67.77,130.94,130.94
7102.626220,67.77,135.47,135.47
7102.635678,67.77,137.49,137.49
7102.646468,67.77,138.79,138.79
7102.657811,67.77,138.79,138.79
7102.668899,67.77,138.79,138.79
7102.680210,67.77,141.87,141.87
7102.690962,67.77,143.76,143.76
7102.702166,67.77,144.91,144.91
7102.713753,67.77,144.88,144.88
7102.725046,67.77,144.96,144.96
7102.738145,67.77,145.05,145.05
7102.748549,67.77,145.10,145.10
7102.759856,67.77,144.92,144.92
7102.770916,67.77,144.69,144.69
7102.779713,67.77,144.58,144.58
7102.791053,67.77,144.53,144.53
7102.808681,67.77,144.49,144.49
7102.813320,67.77,144.56,144.56
7102.824105,67.77,144.66,144.66
7102.836218,67.77,144.79,144.79
7102.846880,67.77,144.90,144.90
7102.857624,67.77,145.00,145.00
7102.869517,67.77,144.91,144.91
7102.879884,67.77,145.03,145.03
7102.891047,67.77,145.03,145.03
7102.902791,67.77,144.91,144.91
7102.913146,67.77,144.86,144.86
7102.925433,67.77,144.63,144.63
7102.935677,67.77,144.70,144.70
7102.946577,67.77,144.60,144.60
7102.957681,67.77,144.61,144.61
7102.969669,67.77,144.54,144.54
7102.979824,67.77,144.63,144.63
7102.990680,67.77,144.76,144.76
7103.002414,67.77,145.02,145.02
7103.013344,67.77,145.02,145.02
7103.024146,67.77,145.02,145.02
7103.037434,67.77,145.12,145.12
7103.047180,67.77,145.12,145.12
7103.058530,67.77,145.12,145.12
7103.068261,67.77,145.12,145.12
7103.087832,67.77,145.12,145.12
7103.093583,67.77,145.12,145.12
7103.102400,67.77,145.12,145.12
7103.113168,67.77,145.11,145.11
7103.124231,67.77,145.11,145.11
7103.135535,67.77,145.11,145.11
7103.147166,67.77,145.11,145.11
7103.157423,67.77,145.10,145.10
7103.168294,67.77,145.10,145.10
7103.179369,67.77,145.10,145.10
7103.190806,67.77,145.10,145.10
7103.202361,67.77,145.10,145.10
7103.213235,67.77,145.10,145.10
7103.224487,67.77,145.10,145.10
7103.235445,67.77,145.10,145.10
7103.246388,67.77,145.10,145.10
7103.257798,67.77,145.10,145.10
7103.268450,67.77,145.10,145.10
7103.279900,67.77,145.10,145.10
7103.291409,67.77,145.10,145.10
7103.302135,67.77,145.10,145.10
7103.317573,67.77,145.10,145.10
7103.327861,67.77,145.10,145.10
7103.335676,67.77,145.10,145.10
7103.346747,67.77,145.10,145.10
7103.357505,67.77,145.10,145.10
7103.368936,67.77,145.10,145.10
7103.379796,67.77,145.10,145.10
7103.391956,67.77,145.10,145.10
7103.402092,67.77,145.10,145.10
7103.413487,67.77,145.10,145.10
7103.424511,67.77,145.10,145.10
7103.436245,67.77,145.09,145.09
7103.448148,67.77,145.09,145.09
7103.457741,67.77,145.10,145.10
7103.469710,67.77,145.10,145.10
7103.480904,67.77,145.10,145.10
7103.491325,67.77,145.10,145.10
7103.502372,67.77,145.10,145.10
7103.517235,67.77,145.10,145.10
7103.526809,67.77,145.10,145.10
7103.536342,67.77,143.61,143.61
7103.547281,67.77,141.79,141.79
7103.569100,67.77,140.21,140.21
7103.577669,67.77,140.50,140.50
7103.585166,67.77,142.82,142.82
7103.592806,67.77,153.40,153.40
7103.605619,67.77,175.48,175.48
7103.615275,67.77,186.13,186.13
7103.626317,67.77,191.46,191.46
7103.636714,67.77,196.51,196.51
7103.647398,67.77,200.74,200.74
7103.659035,67.77,202.03,202.03
7103.670409,67.77,204.06,204.06
7103.681167,67.77,205.50,205.50
7103.692877,67.77,205.46,205.46
7103.703508,67.77,205.88,205.88
7103.716125,67.77,206.40,206.40
7103.725567,67.77,207.98,207.98
7103.737426,67.77,206.75,206.75
7103.747681,67.77,207.06,207.06
7103.764721,67.77,207.91,207.91
7103.771358,67.77,207.10,207.10
7103.783355,67.77,207.24,207.24
7103.795341,67.77,208.26,208.26
7103.804249,67.77,208.52,208.52
7103.816042,67.77,208.00,208.00
7103.830114,67.77,207.90,207.90
7103.855310,67.77,206.80,206.80
7103.864468,67.77,207.51,207.51
7103.875155,67.77,207.76,207.76
7103.883634,67.77,207.23,207.23
7103.894059,67.77,208.13,208.13
7103.903911,67.77,208.17,208.17
7103.914580,67.77,208.06,208.06
7103.928526,67.77,207.19,207.19
7103.940940,67.77,207.26,207.26
7103.949644,67.77,207.24,207.24
7103.960168,67.77,207.18,207.18
7103.971236,67.77,207.17,207.17
7103.984450,67.77,206.76,206.76
7103.994773,67.77,206.76,206.76
7104.005725,67.77,206.78,206.78
7104.046278,67.77,206.79,206.79
7104.050466,67.77,206.82,206.82
7104.059542,67.77,206.83,206.83
7104.075949,67.77,206.76,206.76
7104.082278,67.77,206.83,206.83
7104.096588,67.77,206.80,206.80
7104.105217,67.77,206.66,206.66
7104.115306,67.77,176.73,176.73
7104.126648,67.77,149.77,149.77
7104.137459,67.77,123.81,123.81
7104.148794,67.77,102.71,102.71
7104.160772,67.77,83.93,83.93
7104.174043,67.77,67.82,67.82
7104.181970,67.77,53.62,53.62
7104.197472,67.77,40.90,40.90
7104.204907,67.77,30.85,30.85
7104.216057,67.77,22.12,22.12
7104.226530,67.77,14.76,14.76
7104.238170,67.77,10.17,10.17
7104.251061,67.77,6.48,6.48
7104.259347,67.77,5.43,5.43
7104.279990,67.77,5.43,5.43
7104.286292,67.77,5.43,5.43
7104.292555,67.77,5.43,5.43
7104.302536,67.77,5.43,5.43
7104.315656,67.77,5.43,5.43
7104.324614,67.77,5.43,5.43
7104.340109,67.77,5.43,5.43
7104.347689,67.77,5.43,5.43
7104.360403,67.77,5.43,5.43
7104.368540,67.77,5.43,5.43
7104.379214,67.77,5.43,5.43
7104.390864,67.77,5.43,5.43
7104.406136,67.77,5.43,5.43
7104.419643,67.77,5.43,5.43
7104.425096,67.77,5.43,5.43
7104.435481,67.77,5.43,5.43
7104.446295,67.77,5.43,5.43
7104.457798,67.77,5.43,5.43
7104.468438,67.77,5.43,5.43
7104.480205,67.77,5.43,5.43
7104.491774,67.77,5.43,5.43
7104.502546,67.77,5.43,5.43
7104.512794,67.77,5.43,5.43
7104.524440,67.77,5.43,5.43
7104.536441,67.77,5.43,5.43
7104.559786,67.77,5.43,5.43
7104.570811,67.77,5.43,5.43
7104.579428,67.77,5.43,5.43
7104.590727,67.77,5.43,5.43
7104.601719,67.77,5.43,5.43
7104.612767,67.77,5.43,5.43
7104.626189,67.77,5.43,5.43
7104.647021,67.77,5.43,5.43
7104.657325,67.77,5.43,5.43
7104.693633,67.77,5.43,5.43
7104.698683,67.77,5.43,5.43
7104.702943,67.77,5.43,5.43
7104.720500,67.77,5.43,5.43
7104.727507,67.77,5.43,5.43
7104.736797,67.77,5.43,5.43
7104.747898,67.77,5.43,5.43
7104.759270,67.77,5.43,5.43
7104.771520,67.77,5.43,5.43
7104.793812,67.77,5.43,5.43
7104.812181,67.77,5.43,5.43
7104.824712,67.77,5.43,5.43
7104.835871,67.77,5.43,5.43
7104.857492,67.77,5.43,5.43
7104.867186,67.77,5.43,5.43
7104.891683,67.77,5.43,5.43
7104.903767,67.77,5.43,5.43
7104.916135,67.77,5.43,5.43
7104.946891,67.77,5.43,5.43
7104.970589,67.77,5.43,5.43
7104.980603,67.77,5.43,5.43
7104.992145,67.77,5.43,5.43
7105.001956,67.77,5.43,5.43
7105.025260,67.77,5.43,5.43
7105.391349,67.77,5.43,5.43
7105.487696,67.77,5.43,5.43
7105.509897,67.77,5.43,5.43
7105.523240,67.77,5.43,5.43
7105.529600,67.77,5.43,5.43
7105.850909,67.77,5.43,5.43
7106.087812,67.77,5.43,5.43
7106.157206,67.77,5.43,5.43
7106.223515,67.77,5.43,5.43
7106.290532,67.77,5.43,5.43
7106.360514,67.77,5.43,5.43
7106.426744,67.77,5.43,5.43
7106.492319,67.77,5.43,5.43
7106.559007,67.77,5.43,5.43
7106.624092,67.77,5.43,5.43
7106.691040,67.77,5.43,5.43
7106.757303,67.77,5.43,5.43
7106.845955,67.77,5.43,5.43
7106.897076,67.77,5.43,5.43
7106.957506,67.77,5.43,5.43
7106.967532,67.77,5.43,5.43
7107.024333,67.77,5.43,5.43
7107.074909,67.77,5.43,5.43
7107.119458,67.77,106.80,106.80
7107.127159,67.77,111.80,111.80
7107.160680,67.77,117.23,117.23
7107.175900,67.77,122.14,122.14
7107.193618,67.77,123.30,123.30
7107.207673,67.77,124.52,124.52
7107.226363,67.77,123.61,123.61
7107.242316,67.77,123.08,123.08
7107.261177,67.77,122.08,122.08
7107.274744,67.77,126.67,126.67
7107.291672,67.77,127.19,127.19
7107.307365,67.77,131.14,131.14
7107.325308,67.77,132.26,132.26
7107.341736,67.77,138.13,138.13
7107.359278,67.77,138.12,138.12
7107.374372,67.77,138.36,138.36
7107.392653,67.77,137.71,137.71
7107.407452,67.77,137.29,137.29
7107.425518,67.77,137.72,137.72
7107.441325,67.77,140.55,140.55
7107.459003,67.77,141.10,141.10
7107.475515,67.77,147.90,147.90
7107.491767,67.77,148.50,148.50
7107.507409,67.77,149.61,149.61
7107.525705,67.77,148.92,148.92
7107.541529,67.77,147.92,147.92
7107.558298,67.77,146.37,146.37
7107.574288,67.77,145.07,145.07
7107.591905,67.77,143.96,143.96
7107.607813,67.77,149.47,149.47
7107.625643,67.77,149.07,149.07
7107.641782,67.77,152.21,152.21
7107.658501,67.77,151.95,151.95
7107.674586,67.77,151.65,151.65
7107.693240,67.77,151.53,151.53
7107.708611,67.77,150.66,150.66
7107.727781,67.77,150.62,150.62
7107.743001,67.77,149.44,149.44
7107.757989,67.77,149.52,149.52
7107.781367,67.77,149.13,149.13
7107.810115,67.77,149.54,149.54
7107.826437,67.77,149.11,149.11
7107.843588,67.77,149.75,149.75
7107.863563,67.77,150.97,150.97
7107.874971,67.77,149.83,149.83
7107.892648,67.77,150.69,150.69
7107.908280,67.77,150.57,150.57
7107.924975,67.77,151.09,151.09
7107.941834,67.77,151.79,151.79
7107.959017,67.77,152.58,152.58
7107.974767,67.77,153.16,153.16
7107.993296,67.77,153.40,153.40
7108.011871,67.77,154.47,154.47
7108.027023,67.77,154.71,154.71
7108.042664,67.77,154.72,154.72
7108.059932,67.77,156.10,156.10
7108.076454,67.77,156.34,156.34
7108.129444,67.77,156.51,156.51
7108.146259,67.77,195.42,195.42
7108.159148,67.77,194.91,194.91
7108.174982,67.77,194.32,194.32
7108.192471,67.77,194.30,194.30
7108.208222,67.77,197.40,197.40
7108.226861,67.77,197.03,197.03
7108.242083,67.77,198.95,198.95
7108.259092,67.77,198.00,198.00
7108.274947,67.77,195.82,195.82
7108.292792,67.77,193.88,193.88
7108.308473,67.77,192.51,192.51
7108.325486,67.77,191.17,191.17
7108.341928,67.77,193.13,193.13
7108.359267,67.77,192.67,192.67
7108.374206,67.77,195.30,195.30
7108.393014,67.77,195.17,195.17
7108.408419,67.77,196.22,196.22
7108.424592,67.77,196.27,196.27
7108.441455,67.77,195.52,195.52
7108.458647,67.77,194.65,194.65
7108.475248,67.77,194.26,194.26
7108.492337,67.77,193.20,193.20
7108.508216,67.77,192.25,192.25
7108.525326,67.77,191.50,191.50
7108.540914,67.77,191.40,191.40
7108.558774,67.77,191.13,191.13
7108.574455,67.77,190.31,190.31
7108.642265,67.77,189.61,189.61
7108.657790,67.77,188.77,188.77
7108.674110,67.77,188.20,188.20
7108.691741,67.77,188.19,188.19
7108.707977,67.77,187.52,187.52
7108.725918,67.77,187.55,187.55
7108.740827,67.77,187.06,187.06
7108.759301,67.77,185.66,185.66
7108.775886,67.77,184.07,184.07
7108.792144,67.77,184.82,184.82
7108.808778,67.77,183.34,183.34
7108.825852,67.77,184.87,184.87
7108.841236,67.77,183.84,183.84
7108.858932,67.77,184.36,184.36
7108.874520,67.77,184.35,184.35
7108.892130,67.77,184.44,184.44
7108.909043,67.77,183.72,183.72
7108.926346,67.77,183.97,183.97
7108.941776,67.77,183.40,183.40
7108.958602,67.77,182.57,182.57
7108.974235,67.77,181.73,181.73
7108.992170,67.77,181.68,181.68
7109.007922,67.77,180.93,180.93
7109.025605,67.77,180.02,180.02
7109.041587,67.77,180.42,180.42
7109.059466,67.77,179.68,179.68
7109.075112,67.77,180.05,180.05
7109.092125,67.77,180.38,180.38
7109.107729,67.77,180.57,180.57
7109.125764,67.77,181.28,181.28
7109.143499,67.77,180.64,180.64
7109.178668,67.77,180.55,180.55
7109.193340,67.77,181.81,181.81
7109.225906,67.77,183.25,183.25
7109.240875,67.77,182.30,182.30
7109.258333,67.77,182.70,182.70
7109.274287,67.77,182.58,182.58
7109.293917,67.77,182.68,182.68
7109.311108,67.77,182.61,182.61
7109.325858,67.77,182.98,182.98
7109.341314,67.77,182.95,182.95
7109.359342,67.77,183.32,183.32
7109.375049,67.77,183.36,183.36
7109.392222,67.77,183.79,183.79
7109.409587,67.77,183.60,183.60
7109.424951,67.77,183.58,183.58
7109.441667,67.77,182.83,182.83
7109.459180,67.77,183.25,183.25
7109.474636,67.77,184.53,184.53
7109.503786,67.77,184.64,184.64
7109.508899,67.77,184.94,184.94
7109.526583,67.77,185.09,185.09
7109.540916,67.77,185.80,185.80
7109.560222,67.77,185.82,185.82
7109.575366,67.77,185.89,185.89
7109.591968,67.77,186.00,186.00
7109.609161,67.77,186.51,186.51
7109.626684,67.77,186.57,186.57
7109.642995,67.77,186.59,186.59
7109.661414,67.77,187.07,187.07
7109.678170,67.77,186.19,186.19
7109.692218,67.77,186.21,186.21
7109.708561,67.77,185.24,185.24
7109.725331,67.77,185.52,185.52
7109.741246,67.77,185.97,185.97
7109.759924,67.77,186.38,186.38
7109.774156,67.77,185.96,185.96
7109.791963,67.77,186.04,186.04
7109.810655,67.77,185.90,185.90
7109.825984,67.77,186.12,186.12
7109.841001,67.77,186.52,186.52
7109.859475,67.77,186.48,186.48
7109.875441,67.77,186.12,186.12
7109.892464,67.77,186.03,186.03
7109.911557,67.77,185.86,185.86
7109.926056,67.77,186.57,186.57
7109.942762,67.77,186.07,186.07
7109.960248,67.77,186.27,186.27
7109.975189,67.77,185.79,185.79
7109.993113,67.77,185.72,185.72
7110.009829,67.77,186.42,186.42
7110.025492,67.77,185.50,185.50
7110.041656,67.77,186.45,186.45
7110.059298,67.77,186.43,186.43
7110.074817,67.77,186.65,186.65
7110.093194,67.77,186.43,186.43
7110.108651,67.77,186.33,186.33
7110.126419,67.77,186.49,186.49
7110.141125,67.77,185.76,185.76
7110.158954,67.77,186.05,186.05
7110.177434,67.77,186.53,186.53
7110.193219,67.77,185.62,185.62
7110.209217,67.77,185.55,185.55
7110.225666,67.77,184.89,184.89
7110.242115,67.77,184.89,184.89
7110.262126,67.77,185.52,185.52
7110.294187,67.77,184.93,184.93
7110.313747,67.77,184.74,184.74
7110.331457,67.77,184.87,184.87
7110.341582,67.77,184.76,184.76
7110.359744,67.77,184.81,184.81
7110.375770,67.77,185.91,185.91
7110.392485,67.77,185.35,185.35
7110.412085,67.77,185.54,185.54
7110.426708,67.77,185.44,185.44
7110.441941,67.77,185.03,185.03
7110.460208,67.77,184.95,184.95
7110.475224,67.77,184.80,184.80
7110.492776,67.77,184.56,184.56
7110.508979,67.77,184.06,184.06
7110.526916,67.77,184.21,184.21
7110.541872,67.77,184.72,184.72
7110.560310,67.77,184.80,184.80
7110.588612,67.77,184.80,184.80
7110.602066,67.77,185.03,185.03
7110.622645,67.77,184.97,184.97
7110.639600,67.77,184.44,184.44
7110.659380,67.77,185.06,185.06
7110.692275,67.77,184.45,184.45
7110.710818,67.77,184.55,184.55
7110.726343,67.77,184.49,184.49
7110.743030,67.77,184.37,184.37
7110.762729,67.77,185.07,185.07
7110.774730,67.77,185.21,185.21
7110.792127,67.77,184.45,184.45
7110.809537,67.77,184.29,184.29
7110.826282,67.77,184.35,184.35
7110.845277,67.77,184.40,184.40
7110.872183,67.77,184.40,184.40
7110.897749,67.77,185.12,185.12
7110.930301,67.77,185.22,185.22
7110.940780,67.77,185.35,185.35
7110.948661,67.77,185.39,185.39
7110.959545,67.77,185.40,185.40
7110.974494,67.77,185.77,185.77
7111.008688,67.77,185.69,185.69
7111.025993,67.77,185.75,185.75
7111.041306,67.77,185.67,185.67
7111.058847,67.77,185.31,185.31
7111.074567,67.77,184.68,184.68
7111.092078,67.77,184.96,184.96
7111.110591,67.77,185.14,185.14
7111.125926,67.77,185.04,185.04
7111.142093,67.77,184.99,184.99
7111.158397,67.77,185.03,185.03
7111.176102,67.77,184.79,184.79
7111.192273,67.77,184.46,184.46
7111.209085,67.77,184.26,184.26
7111.227118,67.77,184.26,184.26
7111.244008,67.77,184.44,184.44
7111.260043,67.77,184.50,184.50
7111.274670,67.77,185.01,185.01
7111.292240,67.77,185.66,185.66
7111.309849,67.77,185.23,185.23
7111.327114,67.77,185.23,185.23
7111.341597,67.77,185.22,185.22
7111.362281,67.77,185.63,185.63
7111.376831,67.77,185.88,185.88
7111.393159,67.77,185.87,185.87
7111.409002,67.77,185.58,185.58
7111.426540,67.77,185.21,185.21
7111.441349,67.77,185.45,185.45
7111.458994,67.77,185.80,185.80
7111.474336,67.77,185.94,185.94
7111.492264,67.77,185.62,185.62
7111.508162,67.77,185.24,185.24
7111.524921,67.77,185.33,185.33
7111.541125,67.77,185.24,185.24
7111.559173,67.77,185.45,185.45
7111.574514,67.77,185.25,185.25
7111.591412,67.77,185.53,185.53
7111.608554,67.77,185.70,185.70
7111.626127,67.77,186.13,186.13
7111.641175,67.77,185.70,185.70
7111.658551,67.77,185.58,185.58
7111.674871,67.77,185.54,185.54
7111.693188,67.77,185.60,185.60
7111.708460,67.77,185.52,185.52
7111.727032,67.77,185.64,185.64
7111.741200,67.77,185.23,185.23
7111.759347,67.77,184.92,184.92
7111.776060,67.77,184.93,184.93
7111.792804,67.77,185.05,185.05
7111.809364,67.77,185.15,185.15
7111.825256,67.77,185.35,185.35
7111.842048,67.77,185.26,185.26
7111.860650,67.77,185.59,185.59
7111.874648,67.77,185.46,185.46
7111.892205,67.77,185.17,185.17
7111.907889,67.77,184.75,184.75
7111.925394,67.77,184.96,184.96
7111.941537,67.77,185.03,185.03
7111.958605,67.77,184.74,184.74
7111.974510,67.77,184.89,184.89
7111.993083,67.77,184.79,184.79
7112.011853,67.77,184.70,184.70
7112.025295,67.77,184.70,184.70
7112.041405,67.77,184.67,184.67
7112.059640,67.77,184.96,184.96
7112.074871,67.77,185.44,185.44
7112.098878,67.77,185.45,185.45
7112.108379,67.77,185.41,185.41
7112.126124,67.77,185.29,185.29
7112.141568,67.77,185.25,185.25
7112.158449,67.77,185.44,185.44
7112.176035,67.77,185.70,185.70
7112.192233,67.77,185.77,185.77
7112.208015,67.77,185.85,185.85
7112.225574,67.77,185.90,185.90
7112.242242,67.77,185.87,185.87
7112.259291,67.77,185.82,185.82
7112.275165,67.77,185.85,185.85
7112.292878,67.77,186.19,186.19
7112.308375,67.77,186.26,186.26
7112.326618,67.77,186.11,186.11
7112.342971,67.77,185.90,185.90
7112.360603,67.77,185.92,185.92
7112.375000,67.77,186.04,186.04
7112.392774,67.77,186.11,186.11
7112.409011,67.77,185.98,185.98
7112.425941,67.77,185.87,185.87
7112.441421,67.77,185.51,185.51
7112.459661,67.77,185.26,185.26
7112.474753,67.77,185.44,185.44
7112.492678,67.77,185.11,185.11
7112.508187,67.77,184.63,184.63
7112.525850,67.77,185.11,185.11
7112.541491,67.77,184.94,184.94
7112.560284,67.77,184.54,184.54
7112.575189,67.77,184.50,184.50
7112.592946,67.77,184.65,184.65
7112.609237,67.77,184.60,184.60
7112.626008,67.77,184.53,184.53
7112.646532,67.77,184.37,184.37
7112.658469,67.77,184.48,184.48
7112.675557,67.77,184.50,184.50
7112.693252,67.77,184.50,184.50
7112.708863,67.77,184.40,184.40
7112.725623,67.77,184.67,184.67
7112.743255,67.77,184.65,184.65
7112.758118,67.77,184.60,184.60
7112.775891,67.77,184.70,184.70
7112.793947,67.77,185.15,185.15
7112.809060,67.77,185.57,185.57
7112.825850,67.77,185.54,185.54
7112.841632,67.77,185.42,185.42
7112.859492,67.77,185.44,185.44
7112.875236,67.77,185.47,185.47
7112.894183,67.77,185.16,185.16
7112.909007,67.77,185.17,185.17
7112.927795,67.77,185.18,185.18
7112.943766,67.77,185.16,185.16
7112.958627,67.77,185.12,185.12
7112.976415,67.77,185.59,185.59
7112.992262,67.77,185.56,185.56
7113.008444,67.77,185.68,185.68
7113.025711,67.77,185.54,185.54
7113.042283,67.77,185.78,185.78
7113.058514,67.77,185.79,185.79
7113.075410,67.77,185.64,185.64
7113.092758,67.77,185.57,185.57
7113.108547,67.77,185.34,185.34
7113.126623,67.77,185.55,185.55
7113.141856,67.77,185.66,185.66
7113.160255,67.77,185.55,185.55
7113.174999,67.77,185.66,185.66
7113.194324,67.77,185.59,185.59
7113.208708,67.77,185.56,185.56
7113.225826,67.77,185.62,185.62
7113.241752,67.77,185.59,185.59
7113.258447,67.77,185.86,185.86
7113.275272,67.77,186.02,186.02
7113.293063,67.77,186.18,186.18
7113.308796,67.77,185.98,185.98
7113.326253,67.77,186.02,186.02
7113.342007,67.77,186.05,186.05
7113.359407,67.77,186.20,186.20
7113.377833,67.77,186.20,186.20
7113.393251,67.77,186.15,186.15
7113.409526,67.77,186.23,186.23
7113.427279,67.77,185.77,185.77
7113.442619,67.77,185.86,185.86
7113.463030,67.77,185.97,185.97
7113.475792,67.77,185.98,185.98
7113.493654,67.77,186.31,186.31
7113.508249,67.77,186.79,186.79
7113.526153,67.77,187.33,187.33
7113.541859,67.77,187.01,187.01
7113.558602,67.77,186.97,186.97
7113.574926,67.77,187.08,187.08
7113.593110,67.77,187.23,187.23
7113.609891,67.77,187.18,187.18
7113.625499,67.77,187.32,187.32
7113.641783,67.77,187.28,187.28
7113.659111,67.77,187.10,187.10
7113.675435,67.77,187.10,187.10
7113.693891,67.77,186.88,186.88
7113.708490,67.77,187.61,187.61
7113.727149,67.77,187.59,187.59
7113.742210,67.77,187.61,187.61
7113.758959,67.77,187.65,187.65
7113.775214,67.77,187.66,187.66
7113.793363,67.77,187.62,187.62
7113.808994,67.77,187.42,187.42
7113.825554,67.77,187.98,187.98
7113.842043,67.77,187.95,187.95
7113.858712,67.77,188.40,188.40
7113.875379,67.77,188.91,188.91
7113.893548,67.77,189.27,189.27
7113.908335,67.77,189.61,189.61
7113.926786,67.77,189.88,189.88
7113.941603,67.77,190.25,190.25
7113.959697,67.77,190.34,190.34
7113.975262,67.77,190.22,190.22
7113.994450,67.77,190.37,190.37
7114.008946,67.77,190.81,190.81
7114.025753,67.77,191.14,191.14
7114.041768,67.77,190.69,190.69
7114.059576,67.77,190.71,190.71
7114.074898,67.77,191.02,191.02
7114.092583,67.77,191.49,191.49
7114.110581,67.77,191.76,191.76
7114.126516,67.77,191.69,191.69
7114.141526,67.77,191.19,191.19
7114.158645,67.77,191.06,191.06
7114.175617,67.77,194.38,194.38
7114.193496,67.77,194.74,194.74
7114.208196,67.77,194.78,194.78
7114.225842,67.77,194.93,194.93
7114.243303,67.77,195.21,195.21
7114.260599,67.77,195.12,195.12
7114.275368,67.77,195.10,195.10
7114.292702,67.77,195.20,195.20
7114.308760,67.77,194.83,194.83
7114.326020,67.77,194.83,194.83
7114.342030,67.77,194.65,194.65
7114.359042,67.77,194.18,194.18
7114.375428,67.77,194.55,194.55
7114.392572,67.77,194.20,194.20
7114.408383,67.77,193.33,193.33
7114.442564,67.77,193.72,193.72
7114.460542,67.77,193.50,193.50
7114.475839,67.77,193.31,193.31
7114.492772,67.77,192.92,192.92
7114.509070,67.77,192.84,192.84
7114.527099,67.77,192.71,192.71
7114.542038,67.77,192.65,192.65
7114.560384,67.77,192.45,192.45
7114.575873,67.77,192.64,192.64
7114.593044,67.77,192.31,192.31
7114.609176,67.77,191.49,191.49
7114.625803,67.77,191.12,191.12
7114.642386,67.77,190.84,190.84
7114.659017,67.77,190.54,190.54
7114.675395,67.77,190.27,190.27
7114.692456,67.77,190.51,190.51
7114.708741,67.77,189.61,189.61
7114.725451,67.77,189.53,189.53
7114.742559,67.77,189.30,189.30
7114.759178,67.77,189.38,189.38
7114.775520,67.77,189.40,189.40
7114.792696,67.77,189.02,189.02
7114.810935,67.77,188.87,188.87
7114.825068,67.77,188.48,188.48
7114.842264,67.77,187.76,187.76
7114.859309,67.77,188.00,188.00
7114.878488,67.77,187.40,187.40
7114.894014,67.77,186.59,186.59
7114.909584,67.77,186.05,186.05
7114.925806,67.77,186.16,186.16
7114.942337,67.77,185.28,185.28
7114.960557,67.77,185.55,185.55
7114.978460,67.77,184.80,184.80
7114.993848,67.77,184.71,184.71
7115.008871,67.77,184.30,184.30
7115.024911,67.77,184.10,184.10
7115.042485,67.77,183.73,183.73
7115.058935,67.77,184.11,184.11
7115.075731,67.77,183.26,183.26
7115.094186,67.77,183.22,183.22
7115.108907,67.77,182.10,182.10
7115.125729,67.77,182.01,182.01
7115.143427,67.77,181.96,181.96
7115.158558,67.77,181.82,181.82
7115.175677,67.77,181.55,181.55
7115.193135,67.77,181.61,181.61
7115.209317,67.77,181.64,181.64
7115.226662,67.77,181.50,181.50
7115.242089,67.77,181.59,181.59
7115.259696,67.77,181.86,181.86
7115.276018,67.77,182.18,182.18
7115.294860,67.77,182.17,182.17
7115.308819,67.77,182.32,182.32
7115.326931,67.77,182.04,182.04
7115.342209,67.77,182.23,182.23
7115.358545,67.77,182.10,182.10
7115.376048,67.77,182.04,182.04
7115.392790,67.77,182.08,182.08
7115.409750,67.77,181.97,181.97
7115.425945,67.77,182.40,182.40
7115.442875,67.77,182.49,182.49
7115.458783,67.77,182.54,182.54
7115.475348,67.77,182.82,182.82
7115.492648,67.77,182.24,182.24
7115.508788,67.77,181.81,181.81
7115.526583,67.77,181.88,181.88
7115.542799,67.77,182.70,182.70
7115.559496,67.77,182.62,182.62
7115.576191,67.77,182.57,182.57
7115.592454,67.77,182.65,182.65
7115.609925,67.77,182.62,182.62
7115.625866,67.77,182.90,182.90
7115.642865,67.77,182.97,182.97
7115.659755,67.77,182.87,182.87
7115.676501,67.77,183.69,183.69
7115.692790,67.77,183.12,183.12
7115.708892,67.77,182.78,182.78
7115.726114,67.77,183.78,183.78
7115.742726,67.77,183.44,183.44
7115.759229,67.77,184.45,184.45
7115.777140,67.77,184.36,184.36
7115.792620,67.77,184.54,184.54
7115.825842,67.77,185.02,185.02
7115.844522,67.77,185.21,185.21
7115.860239,67.77,185.29,185.29
7115.875817,67.77,185.54,185.54
7115.893122,67.77,186.74,186.74
7115.909356,67.77,187.34,187.34
7115.931463,67.77,187.63,187.63
7115.941942,67.77,188.29,188.29
7115.959646,67.77,188.42,188.42
7115.975292,67.77,189.05,189.05
7115.993622,67.77,189.97,189.97
7116.008844,67.77,190.09,190.09
7116.026013,67.77,190.42,190.42
7116.043122,67.77,190.17,190.17
7116.058747,67.77,189.97,189.97
7116.076535,67.77,189.80,189.80
7116.092937,67.77,189.69,189.69
7116.108858,67.77,189.35,189.35
7116.127092,67.77,189.17,189.17
7116.143205,67.77,188.52,188.52
7116.159087,67.77,188.60,188.60
7116.176533,67.77,188.14,188.14
7116.192837,67.77,188.64,188.64
7116.209423,67.77,188.21,188.21
7116.242405,67.77,191.55,191.55
7116.259180,67.77,191.26,191.26
7116.277437,67.77,191.77,191.77
7116.293295,67.77,191.18,191.18
7116.310340,67.77,190.48,190.48
7116.343790,67.77,190.98,190.98
7116.359376,67.77,191.01,191.01
7116.378956,67.77,190.69,190.69
7116.392651,67.77,190.08,190.08
7116.409342,67.77,190.08,190.08
7116.426094,67.77,190.32,190.32
7116.442430,67.77,190.38,190.38
7116.460263,67.77,189.88,189.88
7116.479521,67.77,189.95,189.95
7116.498642,67.77,189.63,189.63
7116.509993,67.77,189.40,189.40
7116.526102,67.77,189.26,189.26
7116.542990,67.77,189.41,189.41
7116.560039,67.77,189.68,189.68
7116.576381,67.77,189.60,189.60
7116.592906,67.77,189.80,189.80
7116.609621,67.77,189.88,189.88
7116.625414,67.77,189.85,189.85
7116.643075,67.77,189.09,189.09
7116.659273,67.77,189.55,189.55
7116.676421,67.77,188.96,188.96
7116.694768,67.77,188.94,188.94
7116.709730,67.77,187.42,187.42
7116.731167,67.77,187.46,187.46
7116.761513,67.77,187.52,187.52
7116.779638,67.77,187.89,187.89
7116.794087,67.77,187.78,187.78
7116.809369,67.77,187.85,187.85
7116.825633,67.77,187.70,187.70
7116.844195,67.77,187.69,187.69
7116.861252,67.77,187.71,187.71
7116.876843,67.77,187.85,187.85
7116.893102,67.77,187.65,187.65
7116.909748,67.77,188.17,188.17
7116.925757,67.77,188.67,188.67
7116.943870,67.77,188.86,188.86
7116.960134,67.77,188.28,188.28
7116.976787,67.77,188.50,188.50
7117.010937,67.77,188.42,188.42
7117.028030,67.77,188.29,188.29
7117.047942,67.77,188.08,188.08
7117.060449,67.77,187.92,187.92
7117.076447,67.77,187.96,187.96
7117.092702,67.77,188.14,188.14
7117.109867,67.77,188.26,188.26
7117.128924,67.77,187.77,187.77
7117.147668,67.77,187.59,187.59
7117.161686,67.77,187.40,187.40
7117.177421,67.77,187.06,187.06
7117.224435,67.77,187.20,187.20
7117.229226,67.77,187.54,187.54
7117.243535,67.77,187.61,187.61
7117.261170,67.77,187.12,187.12
7117.276047,67.77,186.62,186.62
7117.309884,67.77,187.80,187.80
7117.326028,67.77,187.96,187.96
7117.344521,67.77,187.56,187.56
7117.359738,67.77,186.82,186.82
7117.390502,67.77,186.50,186.50
7117.402547,67.77,186.71,186.71
7117.413399,67.77,186.77,186.77
7117.426565,67.77,186.61,186.61
7117.443178,67.77,186.88,186.88
7117.459001,67.77,186.77,186.77
7117.476135,67.77,186.92,186.92
7117.492674,67.77,186.99,186.99
7117.509781,67.77,186.94,186.94
7117.525886,67.77,186.69,186.69
7117.543447,67.77,186.92,186.92
7117.559580,67.77,187.26,187.26
7117.576356,67.77,187.61,187.61
7117.592397,67.77,187.62,187.62
7117.609125,67.77,187.32,187.32
7117.625963,67.77,187.26,187.26
7117.661060,67.77,187.46,187.46
7117.675492,67.77,187.34,187.34
7117.695703,67.77,186.96,186.96
7117.708881,67.77,186.93,186.93
7117.726465,67.77,186.70,186.70
7117.742360,67.77,186.59,186.59
7117.759482,67.77,186.73,186.73
7117.775411,67.77,186.65,186.65
7117.797579,67.77,186.49,186.49
7117.809558,67.77,186.57,186.57
7117.826349,67.77,187.04,187.04
7117.842901,67.77,187.49,187.49
7117.860186,67.77,186.77,186.77
7117.877726,67.77,186.75,186.75
7117.893350,67.77,187.03,187.03
7117.925715,67.77,187.11,187.11
7117.944327,67.77,187.10,187.10
7117.960210,67.77,186.77,186.77
7117.993426,67.77,186.00,186.00
7118.016582,67.77,186.32,186.32
7118.027442,67.77,185.07,185.07
7118.044192,67.77,183.74,183.74
7118.066782,67.77,183.85,183.85
7118.076512,67.77,183.59,183.59
7118.097342,67.77,183.58,183.58
7118.112273,67.77,183.71,183.71
7118.126851,67.77,183.67,183.67
7118.142994,67.77,183.62,183.62
7118.159426,67.77,184.09,184.09
7118.176861,67.77,184.21,184.21
7118.193830,67.77,184.38,184.38
7118.209918,67.77,184.57,184.57
7118.225905,67.77,184.59,184.59
7118.244082,67.77,183.77,183.77
7118.259825,67.77,183.87,183.87
7118.276531,67.77,183.40,183.40
7118.294568,67.77,183.99,183.99
7118.310405,67.77,182.58,182.58
7118.326209,67.77,182.32,182.32
7118.342764,67.77,181.72,181.72
7118.359239,67.77,181.99,181.99
7118.375924,67.77,181.68,181.68
7118.397100,67.77,181.73,181.73
7118.409413,67.77,180.55,180.55
7118.425906,67.77,180.38,180.38
7118.443502,67.77,179.68,179.68
7118.459712,67.77,179.87,179.87
7118.475975,67.77,178.35,178.35
7118.493091,67.77,178.30,178.30
7118.509646,67.77,178.22,178.22
7118.526129,67.77,178.40,178.40
7118.544023,67.77,178.23,178.23
7118.559565,67.77,178.33,178.33
7118.575776,67.77,178.34,178.34
7118.593475,67.77,178.39,178.39
7118.611631,67.77,178.55,178.55
7118.627493,67.77,178.55,178.55
7118.644194,67.77,178.64,178.64
7118.670659,67.77,178.60,178.60
7118.676262,67.77,178.62,178.62
7118.693004,67.77,178.47,178.47
7118.709648,67.77,178.64,178.64
7118.726764,67.77,178.81,178.81
7118.742829,67.77,178.79,178.79
7118.759018,67.77,178.84,178.84
7118.776374,67.77,182.02,182.02
7118.793393,67.77,182.01,182.01
7118.809558,67.77,182.69,182.69
7118.826254,67.77,182.51,182.51
7118.843618,67.77,182.41,182.41
7118.859442,67.77,182.02,182.02
7118.876499,67.77,182.06,182.06
7118.893707,67.77,181.86,181.86
7118.927131,67.77,181.69,181.69
7118.943698,67.77,181.89,181.89
7118.959947,67.77,182.26,182.26
7118.976653,67.77,182.08,182.08
7118.993232,67.77,182.03,182.03
7119.011985,67.77,181.93,181.93
7119.026743,67.77,181.77,181.77
7119.043907,67.77,181.82,181.82
7119.060123,67.77,181.86,181.86
7119.076775,67.77,181.44,181.44
7119.094511,67.77,181.38,181.38
7119.126242,67.77,181.74,181.74
7119.143688,67.77,181.45,181.45
7119.161319,67.77,181.62,181.62
7119.178400,67.77,181.62,181.62
7119.209609,67.77,181.50,181.50
7119.229284,67.77,181.30,181.30
7119.243114,67.77,181.15,181.15
7119.259939,67.77,181.19,181.19
7119.278064,67.77,181.01,181.01
7119.308233,67.77,180.41,180.41
7119.320992,67.77,180.42,180.42
7119.333372,67.77,180.55,180.55
7119.343304,67.77,180.73,180.73
7119.360564,67.77,180.95,180.95
7119.376242,67.77,180.50,180.50
7119.393208,67.77,179.68,179.68
7119.412608,67.77,179.71,179.71
7119.428521,67.77,180.03,180.03
7119.442904,67.77,180.30,180.30
7119.459870,67.77,180.06,180.06
7119.477239,67.77,179.68,179.68
7119.495584,67.77,180.12,180.12
7119.509741,67.77,180.27,180.27
7119.526849,67.77,180.14,180.14
7119.547047,67.77,180.22,180.22
7119.559911,67.77,180.02,180.02
7119.576769,67.77,180.02,180.02
7119.593977,67.77,179.59,179.59
7119.610540,67.77,179.15,179.15
7119.627404,67.77,179.73,179.73
7119.643132,67.77,179.74,179.74
7119.660345,67.77,179.84,179.84
7119.676915,67.77,179.86,179.86
7119.709120,67.77,179.70,179.70
7119.726967,67.77,179.53,179.53
7119.744157,67.77,179.47,179.47
7119.760529,67.77,178.98,178.98
7119.779690,67.77,178.89,178.89
7119.792895,67.77,178.83,178.83
7119.810113,67.77,178.70,178.70
7119.826612,67.77,178.55,178.55
7119.846940,67.77,178.71,178.71
7119.864177,67.77,178.34,178.34
7119.877068,67.77,178.51,178.51
7119.893893,67.77,178.48,178.48
7119.911857,67.77,178.39,178.39
7119.927374,67.77,178.16,178.16
7119.944179,67.77,178.46,178.46
7119.960522,67.77,177.97,177.97
7119.976230,67.77,178.05,178.05
7119.997312,67.77,177.98,177.98
7120.009910,67.77,177.76,177.76
7120.026825,67.77,177.56,177.56
7120.043835,67.77,177.45,177.45
7120.061302,67.77,177.39,177.39
7120.094857,67.77,177.41,177.41
7120.113643,67.77,176.58,176.58
7120.133072,67.77,176.58,176.58
7120.144530,67.77,176.11,176.11
7120.161223,67.77,176.11,176.11
7120.182827,67.77,179.32,179.32
7120.196087,67.77,179.46,179.46
7120.217070,67.77,179.96,179.96
7120.227780,67.77,179.68,179.68
7120.245605,67.77,179.28,179.28
7120.261159,67.77,178.89,178.89
7120.277288,67.77,178.92,178.92
7120.297123,67.77,178.63,178.63
7120.313938,67.77,178.70,178.70
7120.331341,67.77,178.93,178.93
7120.343675,67.77,178.94,178.94
7120.364797,67.77,179.06,179.06
7120.377057,67.77,178.74,178.74
7120.393944,67.77,178.60,178.60
7120.443168,67.77,178.22,178.22
7120.478064,67.77,178.00,178.00
7120.493224,67.77,177.81,177.81
7120.510953,67.77,178.44,178.44
7120.527191,67.77,178.18,178.18
7120.543858,67.77,178.02,178.02
7120.560919,67.77,177.76,177.76
7120.577048,67.77,178.39,178.39
7120.594179,67.77,178.57,178.57
7120.610420,67.77,178.11,178.11
7120.628374,67.77,178.08,178.08
7120.646604,67.77,177.96,177.96
7120.660927,67.77,177.88,177.88
7120.681300,67.77,178.01,178.01
7120.695559,67.77,178.16,178.16
7120.713450,67.77,178.20,178.20
7120.729973,67.77,178.14,178.14
7120.746922,67.77,178.07,178.07
7120.760926,67.77,177.91,177.91
7120.779747,67.77,177.88,177.88
7120.810637,67.77,177.98,177.98
7120.828807,67.77,178.45,178.45
7120.846480,67.77,178.94,178.94
7120.891815,67.77,179.03,179.03
7120.918775,67.77,179.03,179.03
7120.927054,67.77,178.99,178.99
7120.960229,67.77,178.86,178.86
7120.977856,67.77,179.03,179.03
7120.993578,67.77,179.16,179.16
7121.011029,67.77,179.30,179.30
7121.032735,67.77,179.23,179.23
7121.045910,67.77,179.19,179.19
7121.061269,67.77,179.39,179.39
7121.076937,67.77,178.96,178.96
7121.093055,67.77,179.45,179.45
7121.112175,67.77,179.77,179.77
7121.128077,67.77,179.76,179.76
7121.143495,67.77,179.89,179.89
7121.160284,67.77,179.89,179.89
7121.180570,67.77,180.07,180.07
7121.202572,67.77,180.10,180.10
7121.211481,67.77,180.34,180.34
7121.229371,67.77,180.03,180.03
7121.250739,67.77,180.66,180.66
7121.264140,67.77,180.85,180.85
7121.279766,67.77,180.49,180.49
7121.293323,67.77,180.47,180.47
7121.322287,67.77,180.64,180.64
7121.342287,67.77,181.35,181.35
7121.352660,67.77,181.19,181.19
7121.362145,67.77,181.14,181.14
7121.378999,67.77,181.53,181.53
7121.396656,67.77,181.53,181.53
7121.412855,67.77,181.66,181.66
7121.433069,67.77,181.45,181.45
7121.444984,67.77,181.53,181.53
7121.460705,67.77,181.88,181.88
7121.477153,67.77,181.34,181.34
7121.494593,67.77,181.42,181.42
7121.512849,67.77,181.85,181.85
7121.530060,67.77,181.65,181.65
7121.544529,67.77,181.57,181.57
7121.560990,67.77,181.73,181.73
7121.578503,67.77,181.70,181.70
7121.660722,67.77,181.59,181.59
7121.677158,67.77,181.58,181.58
7121.693596,67.77,181.70,181.70
7121.710927,67.77,181.75,181.75
7121.729578,67.77,181.67,181.67
7121.746357,67.77,181.60,181.60
7121.763790,67.77,181.47,181.47
7121.779987,67.77,188.44,188.44
7121.796815,67.77,191.64,191.64
7121.814647,67.77,193.92,193.92
7121.842799,67.77,195.68,195.68
7121.852856,67.77,196.54,196.54
7121.870343,67.77,197.33,197.33
7121.882864,67.77,198.10,198.10
7121.895730,67.77,198.14,198.14
7121.911365,67.77,198.97,198.97
7121.929783,67.77,198.99,198.99
7121.948704,67.77,198.90,198.90
7121.961535,67.77,198.85,198.85
7121.979314,67.77,198.78,198.78
7121.993660,67.77,198.78,198.78
7122.011144,67.77,198.08,198.08
7122.028001,67.77,197.12,197.12
7122.045533,67.77,194.44,194.44
7122.061651,67.77,191.37,191.37
7122.078893,67.77,188.62,188.62
7122.093673,67.77,186.81,186.81
7122.111626,67.77,186.72,186.72
7122.128840,67.77,185.86,185.86
7122.145681,67.77,185.86,185.86
7122.166891,67.77,185.65,185.65
7122.180975,67.77,185.75,185.75
7122.233108,67.77,186.27,186.27
7122.242142,67.77,186.26,186.26
7122.258558,67.77,185.87,185.87
7122.287784,67.77,185.49,185.49
7122.299900,67.77,185.91,185.91
7122.313081,67.77,185.73,185.73
7122.332961,67.77,185.80,185.80
7122.347010,67.77,185.80,185.80
7122.360351,67.77,185.78,185.78
7122.383033,67.77,185.12,185.12
7122.400317,67.77,184.50,184.50
7122.413811,67.77,183.60,183.60
7122.433917,67.77,183.37,183.37
7122.447376,67.77,182.37,182.37
7122.460761,67.77,182.88,182.88
7122.478965,67.77,183.10,183.10
7122.496261,67.77,183.55,183.55
7122.515702,67.77,184.17,184.17
7122.530645,67.77,186.27,186.27
7122.547090,67.77,187.81,187.81
7122.576601,67.77,190.13,190.13
7122.594278,67.77,193.80,193.80
7122.610623,67.77,198.74,198.74
7122.628404,67.77,203.12,203.12
7122.760775,67.77,204.41,204.41
7122.777375,67.77,221.52,221.52
7122.796697,67.77,220.74,220.74
7122.817737,67.77,223.09,223.09
7122.830297,67.77,221.87,221.87
7122.845287,67.77,229.63,229.63
7122.861117,67.77,227.97,227.97
7122.877148,67.77,227.78,227.78
7122.905245,67.77,222.18,222.18
7122.911625,67.77,217.12,217.12
7122.945032,67.77,196.51,196.51
7122.962415,67.77,180.95,180.95
7122.982291,67.77,172.86,172.86
7122.996245,67.77,165.30,165.30
7123.012548,67.77,168.01,168.01
7123.031276,67.77,168.71,168.71
7123.045616,67.77,176.74,176.74
7123.070573,67.77,179.87,179.87
7123.078074,67.77,188.44,188.44
7123.094639,67.77,190.82,190.82
7123.111621,67.77,199.33,199.33
7123.130499,67.77,200.17,200.17
7123.147002,67.77,199.06,199.06
7123.161736,67.77,197.47,197.47
7123.177752,67.77,195.46,195.46
7123.194409,67.77,194.19,194.19
7123.216230,67.77,193.95,193.95
7123.228327,67.77,193.62,193.62
7123.258342,67.77,196.79,196.79
7123.266045,67.77,194.35,194.35
7123.283493,67.77,188.24,188.24
7123.297702,67.77,185.76,185.76
7123.311175,67.77,182.43,182.43
7123.351063,67.77,181.77,181.77
7123.362237,67.77,182.13,182.13
7123.378260,67.77,184.04,184.04
7123.395012,67.77,183.79,183.79
7123.425937,67.77,182.54,182.54
7123.435638,67.77,182.54,182.54
7123.445802,67.77,184.04,184.04
7123.466253,67.77,184.21,184.21
7123.482020,67.77,184.21,184.21
7123.498717,67.77,189.71,189.71
7123.512713,67.77,200.15,200.15
7123.528028,67.77,205.43,205.43
7123.544684,67.77,207.52,207.52
7123.563570,67.77,211.21,211.21
7123.580231,67.77,209.78,209.78
7123.598937,67.77,212.83,212.83
7123.612003,67.77,211.94,211.94
7123.628246,67.77,212.91,212.91
7123.645165,67.77,213.54,213.54
7123.662525,67.77,213.40,213.40
7123.677580,67.77,212.78,212.78
7123.694254,67.77,212.55,212.55
7123.711991,67.77,211.30,211.30
7123.729975,67.77,209.96,209.96
7123.745062,67.77,208.50,208.50
7123.773210,67.77,207.86,207.86
7123.782775,67.77,205.95,205.95
7123.795273,67.77,205.43,205.43
7123.814572,67.77,203.84,203.84
7123.829212,67.77,205.00,205.00
7123.846268,67.77,205.40,205.40
7123.862973,67.77,205.65,205.65
7123.878244,67.77,205.15,205.15
7123.895491,67.77,205.36,205.36
7123.913645,67.77,204.82,204.82
7123.928859,67.77,204.02,204.02
7123.947449,67.77,203.19,203.19
7123.962254,67.77,203.36,203.36
7123.978884,67.77,201.94,201.94
7123.996564,67.77,202.75,202.75
7124.012297,67.77,202.97,202.97
7124.027784,67.77,203.90,203.90
7124.045238,67.77,204.33,204.33
7124.061121,67.77,204.89,204.89
7124.078023,67.77,204.86,204.86
7124.094138,67.77,206.12,206.12
7124.111612,67.77,208.49,208.49
7124.128652,67.77,209.46,209.46
7124.145889,67.77,208.51,208.51
7124.163080,67.77,207.63,207.63
7124.178197,67.77,205.64,205.64
7124.195286,67.77,201.91,201.91
7124.212326,67.77,200.64,200.64
7124.227925,67.77,198.94,198.94
7124.246092,67.77,200.06,200.06
7124.261939,67.77,199.77,199.77
7124.280584,67.77,204.51,204.51
7124.294526,67.77,204.73,204.73
7124.312715,67.77,206.69,206.69
7124.330077,67.77,207.64,207.64
7124.345860,67.77,207.64,207.64
7124.362371,67.77,206.53,206.53
7124.378187,67.77,204.54,204.54
7124.395235,67.77,203.44,203.44
7124.413702,67.77,202.78,202.78
7124.427655,67.77,201.96,201.96
7124.444014,67.77,200.57,200.57
7124.461327,67.77,202.35,202.35
7124.477349,67.77,204.28,204.28
7124.494538,67.77,207.33,207.33
7124.512396,67.77,209.96,209.96
7124.529146,67.77,208.89,208.89
7124.546022,67.77,208.07,208.07
7124.564289,67.77,207.39,207.39
7124.598899,67.77,210.48,210.48
7124.624796,67.77,212.75,212.75
7124.649194,67.77,212.75,212.75
7124.660732,67.77,214.70,214.70
7124.693803,67.77,211.35,211.35
7124.705262,67.77,205.01,205.01
7124.716228,67.77,189.05,189.05
7124.731306,67.77,184.92,184.92
7124.747091,67.77,185.64,185.64
7124.763385,67.77,188.01,188.01
7124.781650,67.77,193.89,193.89
7124.796484,67.77,194.41,194.41
7124.815387,67.77,200.20,200.20
7124.831034,67.77,198.78,198.78
7124.847231,67.77,196.99,196.99
7124.863465,67.77,195.40,195.40
7124.881064,67.77,190.44,190.44
7124.896907,67.77,191.56,191.56
7124.916362,67.77,190.51,190.51
7124.931186,67.77,191.45,191.45
7124.947879,67.77,190.88,190.88
7124.963857,67.77,190.78,190.78
7124.983444,67.77,191.35,191.35
7124.995153,67.77,192.35,192.35
7125.013732,67.77,195.56,195.56
7125.029314,67.77,197.18,197.18
7125.045883,67.77,199.65,199.65
7125.065140,67.77,199.65,199.65
7125.081197,67.77,199.65,199.65
7125.112200,67.77,198.73,198.73
7125.118670,67.77,197.22,197.22
7125.142403,67.77,195.18,195.18
7125.158309,67.77,195.32,195.32
7125.179110,67.77,194.50,194.50
7125.193856,67.77,193.61,193.61
7125.210747,67.77,193.61,193.61
7125.233209,67.77,189.33,189.33
7125.277427,67.77,104.75,104.75
7125.293030,67.77,104.71,104.71
7125.313373,67.77,104.39,104.39
7125.343976,67.77,103.03,103.03
7125.360069,67.77,102.10,102.10
7125.374187,67.77,102.20,102.20
7125.397895,67.77,102.13,102.13
7125.416375,67.77,100.73,100.73
7125.452876,67.77,99.45,99.45
7125.464636,67.77,98.89,98.89
7125.488915,67.77,97.56,97.56
7125.505660,67.77,97.67,97.67
7125.523049,67.77,96.47,96.47
7125.540763,67.77,97.53,97.53
7125.554994,67.77,97.23,97.23
7125.572862,67.77,101.51,101.51
7125.585993,67.77,104.93,104.93
7125.627212,67.77,109.38,109.38
7125.645549,67.77,115.28,115.28
7125.657687,67.77,122.56,122.56
7125.676629,67.77,127.06,127.06
7125.692334,67.77,128.01,128.01
7125.713656,67.77,131.89,131.89
7125.725109,67.77,132.90,132.90
7125.747961,67.77,134.70,134.70
7125.761972,67.77,135.97,135.97
7125.775837,67.77,137.24,137.24
7125.786094,67.77,137.88,137.88
7125.799425,67.7