7403.045333,67.77,147.27,147.27
7403.049834,67.77,147.64,147.64
7403.071518,67.77,147.47,147.47
7403.088525,67.77,147.16,147.16
7403.105266,67.77,147.34,147.34
7403.123194,67.77,147.58,147.58
7403.139595,67.77,147.63,147.63
7403.156587,67.77,147.96,147.96
7403.172824,67.77,147.95,147.95
7403.190874,67.77,147.30,147.30
7403.205945,67.77,147.45,147.45
7403.224450,67.77,147.78,147.78
7403.239015,67.77,148.00,148.00
7403.255880,67.77,148.19,148.19
7403.272334,67.77,147.43,147.43
7403.289406,67.77,148.51,148.51
7403.305727,67.77,147.77,147.77
7403.324214,67.77,148.63,148.63
7403.343122,67.77,148.09,148.09
7403.356755,67.77,148.37,148.37
7403.372285,67.77,148.70,148.70
7403.391542,67.77,148.57,148.57
7403.405872,67.77,148.51,148.51
7403.425086,67.77,148.73,148.73
7403.439665,67.77,149.04,149.04
7403.455965,67.77,148.76,148.76
7403.472022,67.77,148.52,148.52
7403.488852,67.77,148.17,148.17
7403.505735,67.77,148.27,148.27
7403.524026,67.77,147.99,147.99
7403.538691,67.77,148.29,148.29
7403.557376,67.77,147.93,147.93
7403.571958,67.77,147.91,147.91
7403.589731,67.77,147.18,147.18
7403.605422,67.77,150.23,150.23
7403.624240,67.77,150.26,150.26
7403.638459,67.77,150.90,150.90
7403.658719,67.77,150.42,150.42
7403.672118,67.77,149.77,149.77
7403.689358,67.77,149.51,149.51
7403.706872,67.77,149.51,149.51
7403.723303,67.77,149.16,149.16
7403.738847,67.77,148.58,148.58
7403.756794,67.77,148.60,148.60
7403.772690,67.77,148.41,148.41
7403.791636,67.77,147.66,147.66
7403.806349,67.77,147.78,147.78
7403.823839,67.77,148.81,148.81
7403.838654,67.77,148.67,148.67
7403.856688,67.77,149.06,149.06
7403.872104,67.77,149.02,149.02
7403.890669,67.77,148.15,148.15
7403.905353,67.77,146.84,146.84
7403.923431,67.77,148.49,148.49
7403.938740,67.77,148.08,148.08
7403.958235,67.77,146.74,146.74
7403.973091,67.77,146.79,146.79
7403.990031,67.77,146.40,146.40
7404.005946,67.77,146.65,146.65
7404.024685,67.77,146.32,146.32
7404.038649,67.77,146.68,146.68
7404.057385,67.77,146.28,146.28
7404.071959,67.77,146.89,146.89
7404.090220,67.77,145.88,145.88
7404.106233,67.77,146.06,146.06
7404.124127,67.77,145.86,145.86
7404.139855,67.77,145.94,145.94
7404.155944,67.77,145.18,145.18
7404.172085,67.77,144.80,144.80
7404.189131,67.77,144.30,144.30
7404.206643,67.77,143.52,143.52
7404.224743,67.77,143.53,143.53
7404.238278,67.77,142.13,142.13
7404.256661,67.77,142.05,142.05
7404.272285,67.77,141.88,141.88
7404.290221,67.77,141.76,141.76
7404.305966,67.77,142.03,142.03
7404.325031,67.77,141.67,141.67
7404.340297,67.77,141.80,141.80
7404.357333,67.77,142.62,142.62
7404.372147,67.77,142.81,142.81
7404.389908,67.77,144.31,144.31
7404.406723,67.77,144.56,144.56
7404.422923,67.77,144.72,144.72
7404.439541,67.77,144.33,144.33
7404.456646,67.77,145.85,145.85
7404.474203,67.77,145.51,145.51
7404.491107,67.77,145.39,145.39
7404.507086,67.77,144.20,144.20
7404.523653,67.77,145.06,145.06
7404.539007,67.77,144.78,144.78
7404.558433,67.77,144.62,144.62
7404.572404,67.77,143.82,143.82
7404.589531,67.77,143.54,143.54
7404.606062,67.77,143.68,143.68
7404.623596,67.77,143.25,143.25
7404.638471,67.77,143.06,143.06
7404.656191,67.77,142.91,142.91
7404.671724,67.77,143.23,143.23
7404.689867,67.77,143.04,143.04
7404.706963,67.77,142.95,142.95
7404.723895,67.77,142.67,142.67
7404.739285,67.77,142.70,142.70
7404.758360,67.77,142.77,142.77
7404.772248,67.77,143.03,143.03
7404.790437,67.77,143.50,143.50
7404.806927,67.77,144.02,144.02
7404.825809,67.77,143.61,143.61
7404.838957,67.77,143.63,143.63
7404.859623,67.77,143.68,143.68
7404.875168,67.77,143.56,143.56
7404.889172,67.77,143.35,143.35
7404.905619,67.77,143.44,143.44
7404.923070,67.77,143.47,143.47
7404.939682,67.77,143.34,143.34
7404.956620,67.77,143.28,143.28
7404.973264,67.77,143.56,143.56
7404.989126,67.77,143.80,143.80
7405.006657,67.77,144.43,144.43
7405.024101,67.77,144.23,144.23
7405.040281,67.77,143.49,143.49
7405.058640,67.77,143.45,143.45
7405.072475,67.77,143.84,143.84
7405.090480,67.77,144.24,144.24
7405.106852,67.77,144.56,144.56
7405.123051,67.77,144.49,144.49
7405.138278,67.77,144.58,144.58
7405.158536,67.77,143.96,143.96
7405.171865,67.77,143.92,143.92
7405.189930,67.77,144.65,144.65
7405.206174,67.77,144.46,144.46
7405.224689,67.77,144.13,144.13
7405.238464,67.77,144.16,144.16
7405.258718,67.77,144.42,144.42
7405.272657,67.77,144.63,144.63
7405.290190,67.77,144.39,144.39
7405.305346,67.77,144.11,144.11
7405.323024,67.77,145.17,145.17
7405.339047,67.77,145.25,145.25
7405.357595,67.77,145.23,145.23
7405.372605,67.77,145.43,145.43
7405.390103,67.77,144.91,144.91
7405.406079,67.77,145.12,145.12
7405.426586,67.77,146.07,146.07
7405.440893,67.77,144.89,144.89
7405.457269,67.77,144.74,144.74
7405.471907,67.77,145.33,145.33
7405.488889,67.77,145.01,145.01
7405.507716,67.77,145.09,145.09
7405.523126,67.77,145.04,145.04
7405.539218,67.77,145.77,145.77
7405.556182,67.77,145.93,145.93
7405.572431,67.77,146.15,146.15
7405.589186,67.77,145.53,145.53
7405.605409,67.77,145.39,145.39
7405.625212,67.77,145.53,145.53
7405.638762,67.77,145.91,145.91
7405.657019,67.77,146.10,146.10
7405.671854,67.77,145.97,145.97
7405.688902,67.77,146.00,146.00
7405.705758,67.77,145.57,145.57
7405.723543,67.77,145.24,145.24
7405.739317,67.77,145.44,145.44
7405.757341,67.77,145.27,145.27
7405.772418,67.77,145.55,145.55
7405.790260,67.77,145.39,145.39
7405.806548,67.77,145.53,145.53
7405.824470,67.77,145.64,145.64
7405.839327,67.77,146.03,146.03
7405.859310,67.77,145.64,145.64
7405.872175,67.77,145.50,145.50
7405.889801,67.77,145.53,145.53
7405.905745,67.77,145.52,145.52
7405.924375,67.77,144.97,144.97
7405.939197,67.77,144.34,144.34
7405.957966,67.77,144.64,144.64
7405.973068,67.77,144.21,144.21
7405.990752,67.77,144.90,144.90
7406.005300,67.77,144.25,144.25
7406.024896,67.77,143.72,143.72
7406.038854,67.77,142.86,142.86
7406.057019,67.77,143.20,143.20
7406.072522,67.77,142.57,142.57
7406.092192,67.77,142.76,142.76
7406.105998,67.77,142.59,142.59
7406.123353,67.77,142.24,142.24
7406.139038,67.77,141.43,141.43
7406.155936,67.77,141.55,141.55
7406.173138,67.77,141.08,141.08
7406.188982,67.77,141.20,141.20
7406.206870,67.77,140.58,140.58
7406.223654,67.77,140.51,140.51
7406.238654,67.77,139.99,139.99
7406.257544,67.77,140.01,140.01
7406.272392,67.77,139.09,139.09
7406.289801,67.77,138.66,138.66
7406.305833,67.77,137.84,137.84
7406.323316,67.77,138.04,138.04
7406.338632,67.77,137.08,137.08
7406.356180,67.77,136.90,136.90
7406.372382,67.77,136.22,136.22
7406.390364,67.77,135.98,135.98
7406.405938,67.77,134.95,134.95
7406.422923,67.77,134.67,134.67
7406.457048,67.77,133.75,133.75
7406.471789,67.77,132.74,132.74
7406.489274,67.77,132.66,132.66
7406.505460,67.77,131.90,131.90
7406.525183,67.77,131.41,131.41
7406.538321,67.77,130.50,130.50
7406.556111,67.77,130.61,130.61
7406.572043,67.77,130.09,130.09
7406.589952,67.77,130.36,130.36
7406.607362,67.77,129.45,129.45
7406.623040,67.77,129.64,129.64
7406.638973,67.77,128.65,128.65
7406.658237,67.77,128.60,128.60
7406.672371,67.77,128.41,128.41
7406.692358,67.77,128.51,128.51
7406.705465,67.77,127.57,127.57
7406.725589,67.77,127.47,127.47
7406.738606,67.77,127.51,127.51
7406.756499,67.77,127.24,127.24
7406.773525,67.77,126.40,126.40
7406.789891,67.77,126.35,126.35
7406.806381,67.77,126.28,126.28
7406.823914,67.77,126.76,126.76
7406.839450,67.77,127.24,127.24
7406.857194,67.77,127.49,127.49
7406.871961,67.77,128.47,128.47
7406.890474,67.77,128.68,128.68
7406.906747,67.77,129.27,129.27
7406.924599,67.77,128.78,128.78
7406.939877,67.77,132.54,132.54
7406.958736,67.77,132.48,132.48
7406.972091,67.77,133.07,133.07
7406.989168,67.77,133.13,133.13
7407.005844,67.77,133.16,133.16
7407.023569,67.77,133.81,133.81
7407.039526,67.77,135.40,135.40
7407.058487,67.77,135.22,135.22
7407.075793,67.77,136.38,136.38
7407.091681,67.77,136.45,136.45
7407.105978,67.77,137.61,137.61
7407.123602,67.77,137.38,137.38
7407.140031,67.77,140.25,140.25
7407.156508,67.77,140.11,140.11
7407.172071,67.77,141.65,141.65
7407.189639,67.77,141.49,141.49
7407.207252,67.77,141.55,141.55
7407.224453,67.77,141.64,141.64
7407.239447,67.77,141.97,141.97
7407.258488,67.77,142.03,142.03
7407.273546,67.77,144.54,144.54
7407.292676,67.77,144.51,144.51
7407.307713,67.77,146.70,146.70
7407.324046,67.77,146.64,146.64
7407.340584,67.77,146.75,146.75
7407.358914,67.77,146.56,146.56
7407.372996,67.77,146.64,146.64
7407.391094,67.77,146.56,146.56
7407.411838,67.77,147.06,147.06
7407.424916,67.77,147.12,147.12
7407.442887,67.77,147.11,147.11
7407.456678,67.77,147.82,147.82
7407.474398,67.77,147.77,147.77
7407.489820,67.77,148.35,148.35
7407.506456,67.77,148.28,148.28
7407.522473,67.77,147.66,147.66
7407.539153,67.77,147.25,147.25
7407.556490,67.77,147.34,147.34
7407.574949,67.77,147.30,147.30
7407.590483,67.77,147.48,147.48
7407.606368,67.77,147.34,147.34
7407.623569,67.77,147.28,147.28
7407.639655,67.77,147.49,147.49
7407.656821,67.77,147.34,147.34
7407.673418,67.77,147.31,147.31
7407.689900,67.77,147.07,147.07
7407.705436,67.77,147.38,147.38
7407.724177,67.77,147.53,147.53
7407.739429,67.77,147.26,147.26
7407.756712,67.77,147.11,147.11
7407.772716,67.77,147.18,147.18
7407.791065,67.77,147.30,147.30
7407.805876,67.77,147.36,147.36
7407.822912,67.77,147.16,147.16
7407.839426,67.77,146.97,146.97
7407.855778,67.77,147.36,147.36
7407.872160,67.77,147.35,147.35
7407.890111,67.77,147.40,147.40
7407.905903,67.77,147.48,147.48
7407.923975,67.77,147.54,147.54
7407.938970,67.77,147.55,147.55
7407.956523,67.77,147.50,147.50
7407.972455,67.77,147.87,147.87
7407.990427,67.77,147.66,147.66
7408.007034,67.77,147.12,147.12
7408.023627,67.77,146.66,146.66
7408.039106,67.77,146.70,146.70
7408.057406,67.77,146.72,146.72
7408.072479,67.77,146.74,146.74
7408.089607,67.77,146.70,146.70
7408.106260,67.77,146.65,146.65
7408.123214,67.77,146.40,146.40
7408.138851,67.77,146.52,146.52
7408.155751,67.77,146.56,146.56
7408.172299,67.77,146.36,146.36
7408.189005,67.77,146.13,146.13
7408.206199,67.77,146.13,146.13
7408.223796,67.77,146.00,146.00
7408.241097,67.77,146.02,146.02
7408.257479,67.77,146.25,146.25
7408.273893,67.77,146.28,146.28
7408.289990,67.77,146.13,146.13
7408.305874,67.77,146.09,146.09
7408.323428,67.77,145.91,145.91
7408.338459,67.77,145.96,145.96
7408.357758,67.77,145.90,145.90
7408.372492,67.77,145.93,145.93
7408.391095,67.77,145.97,145.97
7408.405813,67.77,145.68,145.68
7408.424037,67.77,145.22,145.22
7408.438745,67.77,144.95,144.95
7408.456860,67.77,144.91,144.91
7408.472179,67.77,144.88,144.88
7408.489269,67.77,144.90,144.90
7408.505588,67.77,144.94,144.94
7408.523096,67.77,144.71,144.71
7408.538650,67.77,144.71,144.71
7408.564762,67.77,144.50,144.50
7408.572317,67.77,144.30,144.30
7408.590883,67.77,144.25,144.25
7408.606190,67.77,144.20,144.20
7408.623209,67.77,144.17,144.17
7408.640412,67.77,144.45,144.45
7408.656947,67.77,145.54,145.54
7408.672276,67.77,145.08,145.08
7408.689721,67.77,145.11,145.11
7408.706255,67.77,145.03,145.03
7408.723591,67.77,144.97,144.97
7408.739125,67.77,145.08,145.08
7408.756526,67.77,145.03,145.03
7408.772580,67.77,145.27,145.27
7408.789422,67.77,145.41,145.41
7408.806168,67.77,145.89,145.89
7408.822336,67.77,146.12,146.12
7408.839260,67.77,146.38,146.38
7408.856931,67.77,146.58,146.58
7408.872621,67.77,146.31,146.31
7408.892313,67.77,146.40,146.40
7408.906248,67.77,147.19,147.19
7408.923567,67.77,147.52,147.52
7408.939394,67.77,147.69,147.69
7408.956931,67.77,147.44,147.44
7408.973386,67.77,147.95,147.95
7408.989302,67.77,148.74,148.74
7409.005687,67.77,148.64,148.64
7409.024358,67.77,148.28,148.28
7409.038882,67.77,151.99,151.99
7409.056997,67.77,152.30,152.30
7409.072225,67.77,153.24,153.24
7409.106349,67.77,153.39,153.39
7409.127229,67.77,152.98,152.98
7409.129511,67.77,152.80,152.80
7409.139416,67.77,153.53,153.53
7409.157930,67.77,153.68,153.68
7409.172821,67.77,153.70,153.70
7409.189729,67.77,153.22,153.22
7409.208949,67.77,153.26,153.26
7409.222753,67.77,153.87,153.87
7409.239486,67.77,153.41,153.41
7409.257564,67.77,153.31,153.31
7409.272428,67.77,153.85,153.85
7409.290205,67.77,153.34,153.34
7409.308460,67.77,153.25,153.25
7409.339090,67.77,153.65,153.65
7409.358737,67.77,153.57,153.57
7409.373362,67.77,153.25,153.25
7409.391293,67.77,153.04,153.04
7409.408142,67.77,153.13,153.13
7409.423964,67.77,153.43,153.43
7409.439116,67.77,153.57,153.57
7409.457319,67.77,153.48,153.48
7409.472448,67.77,153.14,153.14
7409.490347,67.77,153.14,153.14
7409.507280,67.77,153.04,153.04
7409.524011,67.77,153.19,153.19
7409.539067,67.77,153.40,153.40
7409.557197,67.77,153.32,153.32
7409.572645,67.77,153.21,153.21
7409.590670,67.77,153.04,153.04
7409.606622,67.77,152.78,152.78
7409.623459,67.77,152.94,152.94
7409.639050,67.77,153.10,153.10
7409.656222,67.77,153.12,153.12
7409.672164,67.77,153.15,153.15
7409.690876,67.77,153.29,153.29
7409.705596,67.77,153.21,153.21
7409.725856,67.77,153.21,153.21
7409.741090,67.77,153.22,153.22
7409.756479,67.77,153.30,153.30
7409.779856,67.77,153.31,153.31
7409.790435,67.77,153.43,153.43
7409.806900,67.77,153.45,153.45
7409.824293,67.77,153.22,153.22
7409.839085,67.77,152.69,152.69
7409.857765,67.77,152.46,152.46
7409.872920,67.77,152.85,152.85
7409.890989,67.77,152.72,152.72
7409.905826,67.77,152.67,152.67
7409.924359,67.77,152.78,152.78
7409.940792,67.77,152.42,152.42
7409.956202,67.77,152.71,152.71
7409.973390,67.77,152.56,152.56
7409.990107,67.77,152.40,152.40
7410.012153,67.77,152.39,152.39
7410.025776,67.77,152.25,152.25
7410.041772,67.77,152.36,152.36
7410.056953,67.77,152.48,152.48
7410.072974,67.77,152.90,152.90
7410.089867,67.77,153.05,153.05
7410.110645,67.77,152.75,152.75
7410.126226,67.77,152.59,152.59
7410.139591,67.77,152.99,152.99
7410.156359,67.77,152.83,152.83
7410.173678,67.77,152.91,152.91
7410.190319,67.77,153.24,153.24
7410.216828,67.77,152.54,152.54
7410.223270,67.77,152.51,152.51
7410.238961,67.77,152.53,152.53
7410.256878,67.77,152.54,152.54
7410.273194,67.77,152.41,152.41
7410.290669,67.77,152.58,152.58
7410.306635,67.77,152.24,152.24
7410.342111,67.77,152.13,152.13
7410.356497,67.77,152.30,152.30
7410.373443,67.77,152.16,152.16
7410.390522,67.77,152.20,152.20
7410.408176,67.77,152.40,152.40
7410.424351,67.77,152.24,152.24
7410.442848,67.77,152.19,152.19
7410.459563,67.77,152.23,152.23
7410.482501,67.77,152.14,152.14
7410.492645,67.77,152.13,152.13
7410.507336,67.77,151.89,151.89
7410.541801,67.77,151.54,151.54
7410.558846,67.77,151.97,151.97
7410.591814,67.77,152.05,152.05
7410.606365,67.77,152.53,152.53
7410.631274,67.77,152.57,152.57
7410.643933,67.77,152.71,152.71
7410.659259,67.77,152.67,152.67
7410.690394,67.77,152.65,152.65
7410.708564,67.77,152.29,152.29
7410.739211,67.77,152.26,152.26
7410.758825,67.77,151.88,151.88
7410.766333,67.77,152.21,152.21
7410.775678,67.77,152.46,152.46
7410.790483,67.77,152.98,152.98
7410.808662,67.77,152.44,152.44
7410.839332,67.77,151.40,151.40
7410.856818,67.77,151.41,151.41
7410.873217,67.77,151.59,151.59
7410.890448,67.77,151.94,151.94
7410.906315,67.77,151.66,151.66
7410.941060,67.77,151.50,151.50
7410.956553,67.77,151.58,151.58
7411.006695,67.77,151.40,151.40
7411.023814,67.77,152.75,152.75
7411.039118,67.77,152.39,152.39
7411.057038,67.77,152.32,152.32
7411.075872,67.77,152.16,152.16
7411.095676,67.77,152.17,152.17
7411.106422,67.77,152.02,152.02
7411.124574,67.77,154.57,154.57
7411.139762,67.77,158.66,158.66
7411.157924,67.77,162.95,162.95
7411.173231,67.77,166.15,166.15
7411.189647,67.77,168.03,168.03
7411.206725,67.77,168.89,168.89
7411.224899,67.77,170.07,170.07
7411.239165,67.77,171.78,171.78
7411.257082,67.77,171.59,171.59
7411.273566,67.77,171.99,171.99
7411.291081,67.77,171.15,171.15
7411.312341,67.77,171.41,171.41
7411.325148,67.77,171.44,171.44
7411.344628,67.77,171.40,171.40
7411.358200,67.77,171.41,171.41
7411.372977,67.77,171.22,171.22
7411.390222,67.77,169.92,169.92
7411.406541,67.77,168.67,168.67
7411.424579,67.77,165.52,165.52
7411.439659,67.77,162.56,162.56
7411.456881,67.77,158.94,158.94
7411.472622,67.77,156.69,156.69
7411.490564,67.77,157.02,157.02
7411.506539,67.77,157.44,157.44
7411.527661,67.77,157.02,157.02
7411.540397,67.77,155.48,155.48
7411.557328,67.77,155.89,155.89
7411.575303,67.77,156.34,156.34
7411.594401,67.77,156.13,156.13
7411.606417,67.77,156.26,156.26
7411.624678,67.77,155.17,155.17
7411.639145,67.77,154.96,154.96
7411.657652,67.77,155.13,155.13
7411.673068,67.77,156.44,156.44
7411.691505,67.77,156.16,156.16
7411.706244,67.77,157.32,157.32
7411.724248,67.77,157.23,157.23
7411.739385,67.77,159.75,159.75
7411.757954,67.77,162.19,162.19
7411.772900,67.77,164.81,164.81
7411.790274,67.77,169.98,169.98
7411.806257,67.77,177.52,177.52
7411.824884,67.77,186.72,186.72
7411.839126,67.77,195.02,195.02
7411.856794,67.77,203.77,203.77
7411.872473,67.77,214.36,214.36
7411.898301,67.77,222.58,222.58
7411.905867,67.77,230.65,230.65
7411.924203,67.77,236.43,236.43
7411.939498,67.77,242.34,242.34
7411.958092,67.77,243.38,243.38
7411.972681,67.77,246.81,246.81
7411.991090,67.77,245.13,245.13
7412.006344,67.77,248.69,248.69
7412.023062,67.77,245.80,245.80
7412.039378,67.77,241.45,241.45
7412.057559,67.77,233.07,233.07
7412.072972,67.77,228.31,228.31
7412.090453,67.77,222.44,222.44
7412.105785,67.77,223.55,223.55
7412.123206,67.77,219.21,219.21
7412.139297,67.77,219.78,219.78
7412.156693,67.77,216.66,216.66
7412.172431,67.77,219.99,219.99
7412.189841,67.77,221.32,221.32
7412.206135,67.77,224.67,224.67
7412.223734,67.77,222.46,222.46
7412.240522,67.77,225.99,225.99
7412.257109,67.77,221.74,221.74
7412.273637,67.77,221.51,221.51
7412.289780,67.77,219.12,219.12
7412.306676,67.77,217.49,217.49
7412.323582,67.77,216.80,216.80
7412.340911,67.77,219.54,219.54
7412.357136,67.77,218.48,218.48
7412.373335,67.77,219.46,219.46
7412.389815,67.77,218.23,218.23
7412.406806,67.77,220.12,220.12
7412.423708,67.77,218.21,218.21
7412.439712,67.77,217.33,217.33
7412.456611,67.77,215.97,215.97
7412.473694,67.77,212.74,212.74
7412.491272,67.77,205.94,205.94
7412.506064,67.77,198.64,198.64
7412.524048,67.77,194.05,194.05
7412.539880,67.77,191.83,191.83
7412.558757,67.77,193.29,193.29
7412.578638,67.77,196.68,196.68
7412.597245,67.77,196.73,196.73
7412.607934,67.77,200.45,200.45
7412.624801,67.77,200.68,200.68
7412.641461,67.77,201.42,201.42
7412.657771,67.77,206.56,206.56
7412.673858,67.77,212.03,212.03
7412.690289,67.77,218.39,218.39
7412.708173,67.77,217.93,217.93
7412.723789,67.77,219.14,219.14
7412.739759,67.77,220.24,220.24
7412.756664,67.77,223.80,223.80
7412.773641,67.77,228.89,228.89
7412.790424,67.77,232.98,232.98
7412.806532,67.77,233.48,233.48
7412.823953,67.77,234.49,234.49
7412.839682,67.77,232.82,232.82
7412.857769,67.77,234.18,234.18
7412.874175,67.77,233.84,233.84
7412.891454,67.77,237.51,237.51
7412.906563,67.77,239.28,239.28
7412.923897,67.77,242.18,242.18
7412.939694,67.77,244.52,244.52
7412.956992,67.77,247.36,247.36
7412.973142,67.77,249.32,249.32
7412.990312,67.77,252.34,252.34
7413.012186,67.77,253.48,253.48
7413.026460,67.77,256.42,256.42
7413.039766,67.77,258.31,258.31
7413.057008,67.77,259.02,259.02
7413.072999,67.77,256.74,256.74
7413.090319,67.77,252.97,252.97
7413.107281,67.77,247.69,247.69
7413.123231,67.77,242.62,242.62
7413.142138,67.77,236.46,236.46
7413.157492,67.77,231.24,231.24
7413.172772,67.77,228.04,228.04
7413.190608,67.77,225.99,225.99
7413.206399,67.77,227.02,227.02
7413.224111,67.77,227.54,227.54
7413.239949,67.77,231.45,231.45
7413.256766,67.77,234.41,234.41
7413.273343,67.77,237.68,237.68
7413.290273,67.77,238.55,238.55
7413.307332,67.77,238.97,238.97
7413.324860,67.77,239.74,239.74
7413.339926,67.77,238.91,238.91
7413.357058,67.77,240.41,240.41
7413.373408,67.77,240.96,240.96
7413.396473,67.77,242.62,242.62
7413.410781,67.77,244.52,244.52
7413.423292,67.77,246.84,246.84
7413.441582,67.77,249.54,249.54
7413.457724,67.77,250.98,250.98
7413.472741,67.77,251.87,251.87
7413.510337,67.77,252.39,252.39
7413.524197,67.77,251.45,251.45
7413.540323,67.77,250.37,250.37
7413.557587,67.77,249.13,249.13
7413.574377,67.77,247.72,247.72
7413.590878,67.77,247.51,247.51
7413.607342,67.77,247.06,247.06
7413.627113,67.77,247.14,247.14
7413.639960,67.77,246.95,246.95
7413.657573,67.77,247.03,247.03
7413.673926,67.77,246.12,246.12
7413.689626,67.77,245.98,245.98
7413.706694,67.77,245.55,245.55
7413.724087,67.77,245.89,245.89
7413.740603,67.77,245.66,245.66
7413.756778,67.77,245.09,245.09
7413.778015,67.77,243.41,243.41
7413.789830,67.77,242.38,242.38
7413.808140,67.77,240.73,240.73
7413.823891,67.77,240.27,240.27
7413.840404,67.77,238.41,238.41
7413.857118,67.77,237.93,237.93
7413.873229,67.77,237.22,237.22
7413.890161,67.77,235.74,235.74
7413.907597,67.77,233.93,233.93
7413.923359,67.77,231.87,231.87
7413.939963,67.77,229.91,229.91
7413.957477,67.77,227.64,227.64
7413.973459,67.77,229.51,229.51
7413.991568,67.77,228.53,228.53
7414.007572,67.77,229.40,229.40
7414.024132,67.77,227.62,227.62
7414.039756,67.77,225.30,225.30
7414.057804,67.77,223.10,223.10
7414.073509,67.77,220.86,220.86
7414.090809,67.77,218.64,218.64
7414.107600,67.77,217.06,217.06
7414.123960,67.77,216.19,216.19
7414.139953,67.77,218.93,218.93
7414.157232,67.77,218.77,218.77
7414.173278,67.77,220.01,220.01
7414.190354,67.77,219.53,219.53
7414.207725,67.77,212.48,212.48
7414.225054,67.77,210.96,210.96
7414.241217,67.77,206.62,206.62
7414.258547,67.77,204.68,204.68
7414.274772,67.77,204.15,204.15
7414.292718,67.77,208.85,208.85
7414.308632,67.77,219.09,219.09
7414.324198,67.77,225.03,225.03
7414.346394,67.77,229.10,229.10
7414.360887,67.77,229.27,229.27
7414.375462,67.77,226.34,226.34
7414.396174,67.77,223.03,223.03
7414.413225,67.77,217.48,217.48
7414.429482,67.77,214.29,214.29
7414.442507,67.77,212.48,212.48
7414.459204,67.77,212.07,212.07
7414.475845,67.77,214.74,214.74
7414.492005,67.77,215.42,215.42
7414.509088,67.77,217.66,217.66
7414.525795,67.77,217.28,217.28
7414.542195,67.77,216.62,216.62
7414.559085,67.77,217.91,217.91
7414.575589,67.77,217.82,217.82
7414.592188,67.77,216.92,216.92
7414.609742,67.77,215.09,215.09
7414.625669,67.77,213.89,213.89
7414.642771,67.77,213.65,213.65
7414.661294,67.77,218.12,218.12
7414.678660,67.77,221.59,221.59
7414.698990,67.77,225.91,225.91
7414.712610,67.77,227.31,227.31
7414.736778,67.77,228.38,228.38
7414.762255,67.77,224.73,224.73
7414.774392,67.77,221.09,221.09
7414.793325,67.77,147.05,147.05
7414.815252,67.77,142.34,142.34
7414.828444,67.77,135.23,135.23
7414.840464,67.77,125.23,125.23
7414.859640,67.77,113.07,113.07
7414.872491,67.77,111.23,111.23
7414.882771,67.77,109.48,109.48
7414.909591,67.77,104.64,104.64
7414.924689,67.77,105.83,105.83
7414.937423,67.77,105.15,105.15
7414.952778,67.77,104.14,104.14
7414.963165,67.77,103.75,103.75
7414.976149,67.77,102.64,102.64
7414.991317,67.77,102.52,102.52
7415.004721,67.77,101.86,101.86
7415.022135,67.77,101.66,101.66
7415.039135,67.77,101.93,101.93
7415.045667,67.77,101.23,101.23
7415.058716,67.77,100.92,100.92
7415.075495,67.77,100.59,100.59
7415.086058,67.77,100.74,100.74
7415.096897,67.77,100.58,100.58
7415.111002,67.77,100.67,100.67
7415.126188,67.77,100.94,100.94
7415.138795,67.77,98.46,98.46
7415.157733,67.77,97.87,97.87
7415.170440,67.77,97.32,97.32
7415.188760,67.77,107.19,107.19
7415.198663,67.77,112.11,112.11
7415.209954,67.77,116.42,116.42
7415.225325,67.77,121.41,121.41
7415.232728,67.77,125.94,125.94
7415.245354,67.77,128.92,128.92
7415.263427,67.77,133.49,133.49
7415.276458,67.77,138.58,138.58
7415.298654,67.77,141.49,141.49
7415.315079,67.77,146.25,146.25
7415.328210,67.77,149.60,149.60
7415.340586,67.77,149.89,149.89
7415.357267,67.77,152.18,152.18
7415.370722,67.77,152.03,152.03
7415.381449,67.77,153.30,153.30
7415.392627,67.77,153.33,153.33
7415.405391,67.77,154.82,154.82
7415.415885,67.77,155.15,155.15
7415.427818,67.77,155.38,155.38
7415.440997,67.77,156.17,156.17
7415.458578,67.77,155.68,155.68
7415.475943,67.77,156.97,156.97
7415.517600,67.77,156.06,156.06
7415.532598,67.77,154.65,154.65
7415.565337,67.77,153.56,153.56
7415.574210,67.77,147.47,147.47
7415.611062,67.77,147.69,147.69
7415.624443,67.77,98.04,98.04
7415.634848,67.77,58.38,58.38
7415.643257,67.77,40.95,40.95
7415.650701,67.77,40.95,40.95
7415.658141,67.77,36.15,36.15
7415.664317,67.77,35.39,35.39
7415.676103,67.77,35.75,35.75
7415.690056,67.77,36.31,36.31
7415.698077,67.77,35.81,35.81
7415.710953,67.77,36.93,36.93
7415.723002,67.77,36.23,36.23
7415.747870,67.77,36.25,36.25
7415.763277,67.77,36.12,36.12
7415.780341,67.77,36.63,36.63
7415.798923,67.77,36.17,36.17
7415.809496,67.77,36.19,36.19
7415.819694,67.77,37.05,37.05
7415.832342,67.77,36.13,36.13
7415.838919,67.77,36.05,36.05
7415.856012,67.77,36.21,36.21
7415.870214,67.77,36.21,36.21
7415.878030,67.77,36.43,36.43
7415.890453,67.77,