10192.986340,67.77,150.15,150.15
10193.019960,67.77,150.36,150.36
10193.033248,67.77,150.35,150.35
10193.047510,67.77,154.26,154.26
10193.079960,67.77,155.83,155.83
10193.092232,67.77,155.75,155.75
10193.111294,67.77,156.60,156.60
10193.125797,67.77,156.44,156.44
10193.145432,67.77,155.10,155.10
10193.161935,67.77,155.20,155.20
10193.192055,67.77,156.18,156.18
10193.202545,67.77,156.71,156.71
10193.213445,67.77,154.96,154.96
10193.227087,67.77,159.20,159.20
10193.245578,67.77,158.84,158.84
10193.260068,67.77,160.00,160.00
10193.277596,67.77,159.76,159.76
10193.293414,67.77,159.63,159.63
10193.309609,67.77,159.39,159.39
10193.327150,67.77,159.78,159.78
10193.343894,67.77,159.08,159.08
10193.360897,67.77,159.72,159.72
10193.378104,67.77,160.34,160.34
10193.392791,67.77,160.71,160.71
10193.414865,67.77,160.71,160.71
10193.428857,67.77,160.11,160.11
10193.445234,67.77,160.31,160.31
10193.464087,67.77,160.10,160.10
10193.479925,67.77,159.56,159.56
10193.511422,67.77,157.79,157.79
10193.527676,67.77,157.99,157.99
10193.559459,67.77,156.80,156.80
10193.579681,67.77,155.63,155.63
10193.594064,67.77,154.19,154.19
10193.611590,67.77,152.97,152.97
10193.628347,67.77,152.35,152.35
10193.642773,67.77,151.31,151.31
10193.663101,67.77,149.61,149.61
10193.677907,67.77,148.09,148.09
10193.693157,67.77,147.56,147.56
10193.712647,67.77,146.33,146.33
10193.727806,67.77,145.90,145.90
10193.746526,67.77,144.41,144.41
10193.763178,67.77,144.86,144.86
10193.780425,67.77,144.54,144.54
10193.794019,67.77,143.75,143.75
10193.810190,67.77,142.24,142.24
10193.827265,67.77,142.49,142.49
10193.844068,67.77,141.84,141.84
10193.859992,67.77,141.86,141.86
10193.878509,67.77,140.69,140.69
10193.893687,67.77,140.04,140.04
10193.910803,67.77,140.11,140.11
10193.925986,67.77,139.81,139.81
10193.943621,67.77,139.34,139.34
10193.958932,67.77,139.57,139.57
10193.977673,67.77,138.89,138.89
10193.991990,67.77,138.75,138.75
10194.010337,67.77,137.45,137.45
10194.026464,67.77,137.91,137.91
10194.048285,67.77,136.92,136.92
10194.078403,67.77,136.71,136.71
10194.093217,67.77,135.63,135.63
10194.110974,67.77,134.77,134.77
10194.126337,67.77,135.53,135.53
10194.146368,67.77,135.21,135.21
10194.159644,67.77,134.85,134.85
10194.176831,67.77,134.81,134.81
10194.192536,67.77,134.96,134.96
10194.208941,67.77,133.33,133.33
10194.227855,67.77,132.72,132.72
10194.242608,67.77,132.96,132.96
10194.258009,67.77,132.72,132.72
10194.276025,67.77,132.34,132.34
10194.291229,67.77,132.72,132.72
10194.309596,67.77,132.99,132.99
10194.326064,67.77,133.03,133.03
10194.342872,67.77,133.00,133.00
10194.359030,67.77,133.20,133.20
10194.380345,67.77,133.11,133.11
10194.394363,67.77,133.40,133.40
10194.410990,67.77,133.69,133.69
10194.459598,67.77,134.10,134.10
10194.478533,67.77,133.71,133.71
10194.491689,67.77,134.21,134.21
10194.513897,67.77,133.87,133.87
10194.526355,67.77,133.99,133.99
10194.544233,67.77,134.10,134.10
10194.564314,67.77,134.59,134.59
10194.578123,67.77,134.71,134.71
10194.594868,67.77,134.58,134.58
10194.613172,67.77,134.74,134.74
10194.626805,67.77,134.38,134.38
10194.645167,67.77,134.17,134.17
10194.662550,67.77,134.72,134.72
10194.676363,67.77,134.90,134.90
10194.693429,67.77,134.56,134.56
10194.712217,67.77,135.06,135.06
10194.726580,67.77,135.25,135.25
10194.744559,67.77,135.72,135.72
10194.760842,67.77,136.07,136.07
10194.776854,67.77,135.25,135.25
10194.795150,67.77,135.71,135.71
10194.808473,67.77,136.10,136.10
10194.858265,67.77,137.15,137.15
10194.878871,67.77,140.18,140.18
10194.893033,67.77,139.02,139.02
10194.908236,67.77,139.69,139.69
10194.926619,67.77,140.00,140.00
10194.945350,67.77,140.12,140.12
10194.965833,67.77,140.11,140.11
10194.976645,67.77,141.35,141.35
10195.011492,67.77,140.66,140.66
10195.026891,67.77,140.60,140.60
10195.045956,67.77,140.73,140.73
10195.060945,67.77,141.08,141.08
10195.078286,67.77,140.89,140.89
10195.090148,67.77,141.13,141.13
10195.107725,67.77,141.09,141.09
10195.125325,67.77,140.95,140.95
10195.144934,67.77,140.60,140.60
10195.156466,67.77,140.35,140.35
10195.176724,67.77,140.39,140.39
10195.212808,67.77,143.34,143.34
10195.227102,67.77,143.20,143.20
10195.260345,67.77,144.09,144.09
10195.276628,67.77,144.44,144.44
10195.292433,67.77,144.18,144.18
10195.310152,67.77,144.41,144.41
10195.325992,67.77,144.23,144.23
10195.357924,67.77,144.69,144.69
10195.376329,67.77,144.01,144.01
10195.392703,67.77,144.26,144.26
10195.412221,67.77,143.90,143.90
10195.425490,67.77,143.31,143.31
10195.442062,67.77,142.84,142.84
10195.472909,67.77,142.33,142.33
10195.494292,67.77,142.67,142.67
10195.510285,67.77,141.76,141.76
10195.524496,67.77,142.45,142.45
10195.542378,67.77,142.62,142.62
10195.556121,67.77,143.01,143.01
10195.580249,67.77,142.47,142.47
10195.593380,67.77,142.38,142.38
10195.609575,67.77,142.78,142.78
10195.626710,67.77,142.98,142.98
10195.643733,67.77,142.84,142.84
10195.681205,67.77,142.68,142.68
10195.695761,67.77,143.00,143.00
10195.719689,67.77,143.45,143.45
10195.749391,67.77,143.09,143.09
10195.761049,67.77,143.01,143.01
10195.776618,67.77,143.41,143.41
10195.794262,67.77,143.37,143.37
10195.810971,67.77,142.81,142.81
10195.826117,67.77,143.17,143.17
10195.845830,67.77,142.59,142.59
10195.859448,67.77,142.45,142.45
10195.874291,67.77,142.71,142.71
10195.889847,67.77,143.50,143.50
10195.911288,67.77,143.57,143.57
10195.929281,67.77,143.22,143.22
10195.939595,67.77,143.62,143.62
10195.956342,67.77,143.71,143.71
10195.973111,67.77,143.62,143.62
10195.993848,67.77,143.69,143.69
10196.012204,67.77,143.52,143.52
10196.022400,67.77,143.47,143.47
10196.044453,67.77,143.76,143.76
10196.055803,67.77,144.00,144.00
10196.073562,67.77,143.97,143.97
10196.095406,67.77,144.25,144.25
10196.107052,67.77,144.33,144.33
10196.123000,67.77,144.35,144.35
10196.140042,67.77,144.32,144.32
10196.173392,67.77,144.43,144.43
10196.189279,67.77,144.42,144.42
10196.206101,67.77,144.41,144.41
10196.223292,67.77,144.33,144.33
10196.239995,67.77,144.36,144.36
10196.256356,67.77,144.17,144.17
10196.273628,67.77,143.93,143.93
10196.289324,67.77,144.17,144.17
10196.306019,67.77,144.30,144.30
10196.323257,67.77,144.41,144.41
10196.339287,67.77,144.45,144.45
10196.355690,67.77,144.33,144.33
10196.373403,67.77,144.41,144.41
10196.390759,67.77,144.48,144.48
10196.409959,67.77,144.52,144.52
10196.423937,67.77,144.62,144.62
10196.458701,67.77,144.32,144.32
10196.478129,67.77,144.00,144.00
10196.490005,67.77,143.94,143.94
10196.506207,67.77,144.17,144.17
10196.523586,67.77,144.29,144.29
10196.540256,67.77,144.44,144.44
10196.560755,67.77,144.52,144.52
10196.574101,67.77,144.20,144.20
10196.589915,67.77,144.15,144.15
10196.605761,67.77,144.15,144.15
10196.623076,67.77,144.07,144.07
10196.639579,67.77,144.08,144.08
10196.656472,67.77,144.22,144.22
10196.675633,67.77,144.23,144.23
10196.690798,67.77,144.21,144.21
10196.706807,67.77,143.97,143.97
10196.722733,67.77,143.97,143.97
10196.738951,67.77,143.90,143.90
10196.756151,67.77,143.78,143.78
10196.773583,67.77,143.95,143.95
10196.791416,67.77,143.95,143.95
10196.805456,67.77,143.78,143.78
10196.823055,67.77,144.08,144.08
10196.840397,67.77,144.17,144.17
10196.855567,67.77,144.07,144.07
10196.872889,67.77,144.07,144.07
10196.891190,67.77,144.02,144.02
10196.906662,67.77,143.79,143.79
10196.922215,67.77,143.78,143.78
10196.963543,67.77,143.75,143.75
10196.974343,67.77,143.81,143.81
10196.989749,67.77,143.75,143.75
10197.006451,67.77,143.97,143.97
10197.022620,67.77,143.92,143.92
10197.057672,67.77,143.77,143.77
10197.073551,67.77,143.75,143.75
10197.089757,67.77,144.03,144.03
10197.107831,67.77,143.83,143.83
10197.122514,67.77,143.73,143.73
10197.155578,67.77,143.78,143.78
10197.173445,67.77,143.54,143.54
10197.189455,67.77,143.79,143.79
10197.205727,67.77,143.77,143.77
10197.222065,67.77,143.58,143.58
10197.239152,67.77,143.71,143.71
10197.262487,67.77,143.59,143.59
10197.272845,67.77,143.74,143.74
10197.289948,67.77,143.84,143.84
10197.306799,67.77,143.95,143.95
10197.323379,67.77,143.69,143.69
10197.344205,67.77,143.57,143.57
10197.356633,67.77,143.50,143.50
10197.372610,67.77,143.88,143.88
10197.389982,67.77,143.97,143.97
10197.405909,67.77,143.84,143.84
10197.423300,67.77,143.76,143.76
10197.439591,67.77,143.57,143.57
10197.455972,67.77,143.58,143.58
10197.474094,67.77,143.94,143.94
10197.489399,67.77,143.86,143.86
10197.506818,67.77,143.51,143.51
10197.522710,67.77,143.63,143.63
10197.538714,67.77,143.84,143.84
10197.556599,67.77,143.77,143.77
10197.574068,67.77,143.26,143.26
10197.589377,67.77,143.03,143.03
10197.608749,67.77,143.03,143.03
10197.623487,67.77,143.20,143.20
10197.643007,67.77,143.31,143.31
10197.656679,67.77,143.56,143.56
10197.675315,67.77,143.38,143.38
10197.689270,67.77,143.12,143.12
10197.706754,67.77,143.64,143.64
10197.721925,67.77,143.79,143.79
10197.739029,67.77,143.92,143.92
10197.755396,67.77,143.91,143.91
10197.772830,67.77,143.77,143.77
10197.788539,67.77,143.44,143.44
10197.806777,67.77,143.58,143.58
10197.823335,67.77,144.06,144.06
10197.838673,67.77,143.84,143.84
10197.857811,67.77,143.59,143.59
10197.874734,67.77,143.56,143.56
10197.888946,67.77,143.40,143.40
10197.906068,67.77,143.59,143.59
10197.922522,67.77,142.98,142.98
10197.940945,67.77,142.80,142.80
10197.955513,67.77,142.81,142.81
10197.971493,67.77,142.81,142.81
10197.988646,67.77,142.81,142.81
10198.007427,67.77,142.92,142.92
10198.023616,67.77,142.81,142.81
10198.043893,67.77,143.53,143.53
10198.061800,67.77,143.26,143.26
10198.085544,67.77,143.00,143.00
10198.092228,67.77,143.29,143.29
10198.106376,67.77,143.11,143.11
10198.121983,67.77,142.97,142.97
10198.140019,67.77,143.29,143.29
10198.162068,67.77,143.47,143.47
10198.171430,67.77,143.33,143.33
10198.188635,67.77,143.56,143.56
10198.206034,67.77,143.47,143.47
10198.222794,67.77,144.29,144.29
10198.239066,67.77,144.21,144.21
10198.258726,67.77,143.69,143.69
10198.272814,67.77,143.49,143.49
10198.291126,67.77,143.60,143.60
10198.305789,67.77,143.82,143.82
10198.323316,67.77,144.09,144.09
10198.487869,67.77,144.07,144.07
10198.504347,67.77,144.77,144.77
10198.523102,67.77,144.79,144.79
10198.556291,67.77,144.45,144.45
10198.573914,67.77,144.47,144.47
10198.589495,67.77,146.63,146.63
10198.605728,67.77,149.64,149.64
10198.623429,67.77,152.97,152.97
10198.639638,67.77,155.40,155.40
10198.654575,67.77,156.47,156.47
10198.671988,67.77,157.22,157.22
10198.688614,67.77,158.05,158.05
10198.712703,67.77,159.27,159.27
10198.738534,67.77,159.87,159.87
10198.755709,67.77,161.30,161.30
10198.772052,67.77,161.27,161.27
10198.789113,67.77,161.27,161.27
10198.797698,67.77,161.28,161.28
10198.833255,67.77,161.06,161.06
10198.848641,67.77,161.06,161.06
10198.860919,67.77,160.19,160.19
10198.874868,67.77,159.16,159.16
10198.892107,67.77,156.72,156.72
10198.905278,67.77,154.77,154.77
10198.925132,67.77,152.69,152.69
10198.949106,67.77,150.78,150.78
10198.968344,67.77,150.46,150.46
10198.978251,67.77,150.30,150.30
10198.988178,67.77,150.16,150.16
10199.005211,67.77,152.99,152.99
10199.023559,67.77,153.52,153.52
10199.038519,67.77,154.00,154.00
10199.055254,67.77,153.66,153.66
10199.071086,67.77,153.24,153.24
10199.088860,67.77,153.17,153.17
10199.107814,67.77,153.29,153.29
10199.125133,67.77,153.50,153.50
10199.137582,67.77,152.90,152.90
10199.154418,67.77,153.81,153.81
10199.172097,67.77,153.89,153.89
10199.187815,67.77,154.46,154.46
10199.205229,67.77,154.09,154.09
10199.222064,67.77,153.46,153.46
10199.238178,67.77,153.44,153.44
10199.258812,67.77,154.06,154.06
10199.271386,67.77,153.60,153.60
10199.287905,67.77,153.70,153.70
10199.307296,67.77,153.79,153.79
10199.320983,67.77,153.91,153.91
10199.336980,67.77,153.66,153.66
10199.353642,67.77,153.70,153.70
10199.372718,67.77,154.11,154.11
10199.388550,67.77,154.55,154.55
10199.404788,67.77,154.43,154.43
10199.421454,67.77,154.28,154.28
10199.455262,67.77,154.24,154.24
10199.476424,67.77,153.85,153.85
10199.487783,67.77,153.80,153.80
10199.503701,67.77,154.25,154.25
10199.529200,67.77,154.13,154.13
10199.538711,67.77,154.41,154.41
10199.561476,67.77,154.28,154.28
10199.572730,67.77,153.78,153.78
10199.589446,67.77,153.76,153.76
10199.605876,67.77,153.62,153.62
10199.621070,67.77,153.65,153.65
10199.643114,67.77,153.58,153.58
10199.656167,67.77,153.33,153.33
10199.671777,67.77,154.18,154.18
10199.689452,67.77,154.11,154.11
10199.704324,67.77,153.83,153.83
10199.721800,67.77,153.78,153.78
10199.737379,67.77,153.98,153.98
10199.756576,67.77,153.83,153.83
10199.770901,67.77,153.91,153.91
10199.790207,67.77,154.00,154.00
10199.804050,67.77,154.37,154.37
10199.823494,67.77,154.19,154.19
10199.855735,67.77,154.23,154.23
10199.875699,67.77,154.27,154.27
10199.887312,67.77,153.97,153.97
10199.904012,67.77,154.25,154.25
10199.920278,67.77,154.25,154.25
10199.939550,67.77,156.78,156.78
10199.955165,67.77,156.39,156.39
10199.971330,67.77,156.84,156.84
10199.987723,67.77,156.95,156.95
10200.006683,67.77,156.95,156.95
10200.038291,67.77,156.82,156.82
10200.056937,67.77,156.92,156.92
10200.090335,67.77,156.68,156.68
10200.108568,67.77,156.63,156.63
10200.120646,67.77,156.99,156.99
10200.137246,67.77,156.72,156.72
10200.153800,67.77,156.27,156.27
10200.172156,67.77,156.03,156.03
10200.189367,67.77,155.83,155.83
10200.208143,67.77,155.85,155.85
10200.225856,67.77,155.70,155.70
10200.256323,67.77,155.90,155.90
10200.272807,67.77,155.07,155.07
10200.290519,67.77,154.79,154.79
10200.320399,67.77,154.88,154.88
10200.336553,67.77,154.91,154.91
10200.352978,67.77,154.37,154.37
10200.369032,67.77,155.05,155.05
10200.387057,67.77,154.64,154.64
10200.402931,67.77,154.30,154.30
10200.421016,67.77,154.26,154.26
10200.437042,67.77,154.55,154.55
10200.453021,67.77,154.59,154.59
10200.469375,67.77,154.47,154.47
10200.489181,67.77,154.46,154.46
10200.502760,67.77,153.96,153.96
10200.520247,67.77,154.07,154.07
10200.553189,67.77,153.82,153.82
10200.573110,67.77,153.93,153.93
10200.590125,67.77,153.52,153.52
10200.604513,67.77,153.48,153.48
10200.620188,67.77,153.65,153.65
10200.643348,67.77,153.60,153.60
10200.654564,67.77,153.70,153.70
10200.672289,67.77,153.67,153.67
10200.686527,67.77,153.27,153.27
10200.705607,67.77,153.28,153.28
10200.720787,67.77,153.41,153.41
10200.736231,67.77,153.30,153.30
10200.754879,67.77,153.62,153.62
10200.769776,67.77,153.98,153.98
10200.789131,67.77,154.11,154.11
10200.803389,67.77,153.85,153.85
10200.821423,67.77,153.94,153.94
10200.837448,67.77,154.22,154.22
10200.854026,67.77,154.18,154.18
10200.869373,67.77,154.07,154.07
10200.886029,67.77,153.89,153.89
10200.903189,67.77,153.89,153.89
10200.922348,67.77,153.74,153.74
10200.936561,67.77,153.83,153.83
10200.955052,67.77,153.90,153.90
10200.970428,67.77,153.91,153.91
10200.988058,67.77,153.79,153.79
10201.009169,67.77,154.13,154.13
10201.021779,67.77,153.90,153.90
10201.073293,67.77,153.47,153.47
10201.103302,67.77,153.63,153.63
10201.119977,67.77,153.77,153.77
10201.153495,67.77,153.94,153.94
10201.168518,67.77,154.10,154.10
10201.186294,67.77,153.72,153.72
10201.202475,67.77,153.26,153.26
10201.218903,67.77,153.19,153.19
10201.235744,67.77,153.46,153.46
10201.252256,67.77,153.74,153.74
10201.268406,67.77,154.02,154.02
10201.286501,67.77,153.87,153.87
10201.302189,67.77,154.07,154.07
10201.321683,67.77,153.88,153.88
10201.335995,67.77,153.81,153.81
10201.355789,67.77,153.51,153.51
10201.370335,67.77,153.66,153.66
10201.388416,67.77,153.54,153.54
10201.404024,67.77,153.63,153.63
10201.419541,67.77,153.86,153.86
10201.437037,67.77,153.96,153.96
10201.459445,67.77,153.75,153.75
10201.469800,67.77,154.20,154.20
10201.487339,67.77,154.13,154.13
10201.503025,67.77,153.97,153.97
10201.520104,67.77,153.98,153.98
10201.553228,67.77,153.95,153.95
10201.568445,67.77,153.89,153.89
10201.585431,67.77,153.86,153.86
10201.602399,67.77,153.72,153.72
10201.620341,67.77,153.71,153.71
10201.636351,67.77,153.78,153.78
10201.652768,67.77,153.78,153.78
10201.669214,67.77,154.06,154.06
10201.686390,67.77,153.99,153.99
10201.701689,67.77,153.78,153.78
10201.720543,67.77,153.66,153.66
10201.736034,67.77,153.54,153.54
10201.752981,67.77,153.50,153.50
10201.768934,67.77,153.54,153.54
10201.786321,67.77,153.55,153.55
10201.801971,67.77,153.60,153.60
10201.821064,67.77,153.88,153.88
10201.837383,67.77,153.67,153.67
10201.854449,67.77,153.22,153.22
10201.869453,67.77,153.20,153.20
10201.886043,67.77,153.29,153.29
10201.909268,67.77,153.25,153.25
10201.922620,67.77,153.26,153.26
10201.935931,67.77,153.05,153.05
10201.953694,67.77,152.91,152.91
10201.970072,67.77,152.97,152.97
10201.986758,67.77,152.88,152.88
10202.002082,67.77,153.02,153.02
10202.020433,67.77,153.29,153.29
10202.035291,67.77,153.25,153.25
10202.057319,67.77,153.30,153.30
10202.071019,67.77,153.24,153.24
10202.086313,67.77,153.26,153.26
10202.104864,67.77,153.13,153.13
10202.120645,67.77,153.10,153.10
10202.138406,67.77,153.13,153.13
10202.169189,67.77,153.76,153.76
10202.186850,67.77,153.76,153.76
10202.201664,67.77,153.76,153.76
10202.221298,67.77,153.89,153.89
10202.243919,67.77,153.78,153.78
10202.253186,67.77,153.95,153.95
10202.269594,67.77,154.11,154.11
10202.285761,67.77,154.03,154.03
10202.301504,67.77,153.90,153.90
10202.326268,67.77,153.65,153.65
10202.336672,67.77,153.77,153.77
10202.353781,67.77,153.84,153.84
10202.374033,67.77,153.86,153.86
10202.389915,67.77,153.82,153.82
10202.402804,67.77,153.86,153.86
10202.421410,67.77,154.11,154.11
10202.452923,67.77,154.28,154.28
10202.469158,67.77,154.31,154.31
10202.487367,67.77,154.39,154.39
10202.502862,67.77,154.52,154.52
10202.521424,67.77,154.45,154.45
10202.553609,67.77,154.38,154.38
10202.568917,67.77,154.27,154.27
10202.587779,67.77,154.24,154.24
10202.602046,67.77,154.29,154.29
10202.622068,67.77,154.11,154.11
10202.668629,67.77,154.07,154.07
10202.689218,67.77,154.08,154.08
10202.701684,67.77,154.18,154.18
10202.724719,67.77,154.13,154.13
10202.735491,67.77,153.75,153.75
10202.753277,67.77,153.67,153.67
10202.768035,67.77,153.53,153.53
10202.787131,67.77,153.77,153.77
10202.802225,67.77,154.03,154.03
10202.820800,67.77,153.91,153.91
10202.836837,67.77,154.22,154.22
10202.854171,67.77,155.18,155.18
10202.887540,67.77,154.78,154.78
10202.903048,67.77,154.75,154.75
10202.922276,67.77,154.56,154.56
10202.937837,67.77,154.41,154.41
10202.954474,67.77,154.86,154.86
10202.969861,67.77,154.73,154.73
10202.986819,67.77,154.72,154.72
10203.001937,67.77,154.50,154.50
10203.020666,67.77,154.12,154.12
10203.085707,67.77,154.49,154.49
10203.101849,67.77,154.15,154.15
10203.120546,67.77,154.48,154.48
10203.136644,67.77,154.28,154.28
10203.155126,67.77,154.29,154.29
10203.170991,67.77,155.74,155.74
10203.193634,67.77,158.27,158.27
10203.209382,67.77,161.03,161.03
10203.220971,67.77,163.03,163.03
10203.236868,67.77,164.75,164.75
10203.255028,67.77,165.51,165.51
10203.269973,67.77,166.39,166.39
10203.287352,67.77,166.21,166.21
10203.302973,67.77,166.51,166.51
10203.326435,67.77,167.15,167.15
10203.337671,67.77,166.91,166.91
10203.357208,67.77,166.52,166.52
10203.371090,67.77,166.47,166.47
10203.387411,67.77,166.46,166.46
10203.403557,67.77,166.59,166.59
10203.419267,67.77,166.08,166.08
10203.436529,67.77,165.17,165.17
10203.453839,67.77,162.44,162.44
10203.470714,67.77,160.11,160.11
10203.486230,67.77,157.63,157.63
10203.501940,67.77,155.70,155.70
10203.520788,67.77,155.30,155.30
10203.536599,67.77,155.24,155.24
10203.556436,67.77,155.04,155.04
10203.568854,67.77,154.87,154.87
10203.588157,67.77,155.16,155.16
10203.602624,67.77,155.56,155.56
10203.620336,67.77,155.36,155.36
10203.638039,67.77,154.97,154.97
10203.667092,67.77,154.94,154.94
10203.668523,67.77,154.79,154.79
10203.691177,67.77,154.71,154.71
10203.701903,67.77,154.77,154.77
10203.720500,67.77,154.92,154.92
10203.736044,67.77,154.92,154.92
10203.754218,67.77,155.12,155.12
10203.769392,67.77,155.12,155.12
10203.789041,67.77,155.39,155.39
10203.802748,67.77,155.55,155.55
10203.823076,67.77,155.16,155.16
10203.837393,67.77,155.00,155.00
10203.868122,67.77,155.08,155.08
10203.886338,67.77,155.00,155.00
10203.904383,67.77,155.08,155.08
10203.920894,67.77,155.36,155.36
10203.936780,67.77,155.13,155.13
10203.953828,67.77,154.95,154.95
10203.969884,67.77,154.90,154.90
10203.988104,67.77,154.82,154.82
10204.003956,67.77,154.74,154.74
10204.027659,67.77,154.46,154.46
10204.040884,67.77,154.67,154.67
10204.053802,67.77,154.71,154.71
10204.087340,67.77,154.47,154.47
10204.103511,67.77,154.78,154.78
10204.121467,67.77,155.25,155.25
10204.136133,67.77,155.19,155.19
10204.154585,67.77,155.16,155.16
10204.172269,67.77,154.98,154.98
10204.187315,67.77,154.74,154.74
10204.202173,67.77,154.56,154.56
10204.220545,67.77,154.63,154.63
10204.237379,67.77,154.71,154.71
10204.255383,67.77,154.69,154.69
10204.268705,67.77,154.61,154.61
10204.287977,67.77,154.73,154.73
10204.303233,67.77,154.60,154.60
10204.321235,67.77,154.65,154.65
10204.337930,67.77,154.60,154.60
10204.385089,67.77,154.54,154.54
10204.403493,67.77,154.50,154.50
10204.421996,67.77,154.00,154.00
10204.436762,67.77,154.08,154.08
10204.468042,67.77,153.31,153.31
10204.487768,67.77,152.67,152.67
10204.502611,67.77,152.68,152.68
10204.521546,67.77,152.59,152.59
10204.535211,67.77,152.44,152.44
10204.554381,67.77,151.87,151.87
10204.568172,67.77,151.89,151.89
10204.584871,67.77,151.17,151.17
10204.600785,67.77,151.44,151.44
10204.620150,67.77,150.84,150.84
10204.635609,67.77,150.96,150.96
10204.652640,67.77,149.43,149.43
10204.670335,67.77,149.38,149.38
10204.688569,67.77,149.11,149.11
10204.703848,67.77,148.94,148.94
10204.723173,67.77,148.88,148.88
10204.738229,67.77,148.71,148.71
10204.752474,67.77,148.66,148.66
10204.769949,67.77,148.85,148.85
10204.785082,67.77,148.86,148.86
10204.800892,67.77,148.81,148.81
10204.819966,67.77,149.04,149.04
10204.837857,67.77,149.06,149.06
10204.857097,67.77,149.27,149.27
10204.871357,67.77,148.90,148.90
10204.889243,67.77,149.00,149.00
10204.904827,67.77,147.90,147.90
10204.923602,67.77,148.11,148.11
10204.936958,67.77,147.06,147.06
10204.969423,67.77,147.47,147.47
10204.986245,67.77,146.69,146.69
10205.004331,67.77,146.75,146.75
10205.022473,67.77,146.76,146.76
10205.035533,67.77,146.69,146.69
10205.050495,67.77,146.80,146.80
10205.084455,67.77,146.78,146.78
10205.103056,67.77,146.69,146.69
10205.121750,67.77,146.99,146.99
10205.136368,67.77,147.20,147.20
10205.166943,67.77,147.25,147.25
10205.186423,67.77,147.26,147.26
10205.202196,67.77,147.40,147.40
10205.218013,67.77,147.51,147.51
10205.233895,67.77,147.48,147.48
10205.250259,67.77,147.58,147.58
10205.269047,67.77,147.58,147.58
10205.287325,67.77,147.72,147.72
10205.303590,67.77,147.54,147.54
10205.323118,67.77,147.51,147.51
10205.336366,67.77,147.66,147.66
10205.352717,67.77,147.77,147.77
10205.367546,67.77,147.93,147.93
10205.382831,67.77,147.91,147.91
10205.400561,67.77,147.81,147.81
10205.423890,67.77,147.65,147.65
10205.435923,67.77,147.73,147.73
10205.457422,67.77,147.87,147.87
10205.470720,67.77,147.85,147.85
10205.486996,67.77,147.66,147.66
10205.502803,67.77,148.18,148.18
10205.517371,67.77,148.07,148.07
10205.534560,67.77,147.63,147.63
10205.550382,67.77,147.32,147.32
10205.567625,67.77,147.16,147.16
10205.585928,67.77,147.24,147.24
10205.604442,67.77,147.27,147.27
10205.618452,67.77,147.21,147.21
10205.636087,67.77,147.46,147.46
10205.650918,67.77,147.75,147.75
10205.668529,67.77,147.96,147.96
10205.684570,67.77,147.63,147.63
10205.703275,67.77,147.56,147.56
10205.723966,67.77,147.42,147.42
10205.733726,67.77,147.00,147.00
10205.755198,67.77,146.97,146.97
10205.769842,67.77,147.00,147.00
10205.785377,67.77,146.92,146.92
10205.802071,67.77,146.85,146.85
10205.821512,67.77,146.94,146.94
10205.836547,67.77,146.64,146.64
10205.853145,67.77,146.82,146.82
10205.869695,67.77,146.88,146.88
10205.885596,67.77,146.69,146.69
10205.905711,67.77,146.69,146.69
10205.917790,67.77,146.43,146.43
10205.934894,67.77,146.52,146.52
10205.951780,67.77,146.67,146.67
10205.984173,67.77,146.63,146.63
10206.001927,67.77,146.61,146.61
10206.017990,67.77,146.68,146.68
10206.034827,67.77,147.10,147.10
10206.072985,67.77,147.45,147.45
10206.082437,67.77,147.97,147.97
10206.098325,67.77,152.23,152.23
10206.115548,67.77,153.18,153.18
10206.133280,67.77,153.87,153.87
10206.148962,67.77,154.45,154.45
10206.165310,67.77,153.93,153.93
10206.184936,67.77,154.72,154.72
10206.201738,67.77,155.34,155.34
10206.216941,67.77,156.35,156.35
10206.233635,67.77,157.14,157.14
10206.290243,67.77,159.48,159.48
10206.305967,67.77,167.40,167.40
10206.324003,67.77,170.98,170.98
10206.334234,67.77,172.51,172.51
10206.351227,67.77,176.24,176.24
10206.381926,67.77,178.27,178.27
10206.404051,67.77,181.42,181.42
10206.435966,67.77,186.85,186.85
10206.441856,67.77,188.19,188.19
10206.465485,67.77,196.25,196.25
10206.485893,67.77,201.12,201.12
10206.506130,67.77,202.23,202.23
10206.529213,67.77,204.16,204.16
10206.539773,67.77,200.37,200.37
10206.565171,67.77,194.54,194.54
10206.582162,67.77,195.29,195.29
10206.603396,67.77,184.96,184.96
10206.616412,67.77,181.77,181.77
10206.633027,67.77,173.61,173.61
10206.648642,67.77,174.53,174.53
10206.665300,67.77,171.74,171.74
10206.681639,67.77,176.86,176.86
10206.699717,67.77,177.33,177.33
10206.715019,67.77,184.76,184.76
10206.731919,67.77,184.81,184.81
10206.749705,67.77,187.47,187.47
10206.764873,67.77,183.75,183.75
10206.782253,67.77,188.83,188.83
10206.798745,67.77,187.48,187.48
10206.815227,67.77,190.84,190.84
10206.831735,67.77,190.03,190.03
10206.849093,67.77,190.03,190.03
10206.864877,67.77,191.07,191.07
10206.881699,67.77,191.81,191.81
10206.898177,67.77,192.29,192.29
10206.915822,67.77,193.30,193.30
10206.932216,67.77,193.69,193.69
10206.973553,67.77,200.02,200.02
10206.984700,67.77,203.93,203.93
10207.003855,67.77,209.45,209.45
10207.017142,67.77,213.95,213.95
10207.031896,67.77,219.68,219.68
10207.048781,67.77,224.42,224.42
10207.064699,67.77,228.06,228.06
10207.082901,67.77,229.59,229.59
10207.100259,67.77,231.94,231.94
10207.116197,67.77,232.57,232.57
10207.135289,67.77,236.73,236.73
10207.165409,67.77,240.36,240.36
10207.181572,67.77,244.39,244.39
10207.198515,67.77,249.09,249.09
10207.216722,67.77,251.28,251.28
10207.237204,67.77,253.37,253.37
10207.253553,67.77,254.16,254.16
10207.265607,67.77,254.63,254.63
10207.283354,67.77,254.13,254.13
10207.306323,67.77,254.37,254.37
10207.321155,67.77,254.82,254.82
10207.335457,67.77,255.86,255.86
10207.350329,67.77,256.18,256.18
10207.365679,67.77,256.67,256.67
10207.381325,67.77,256.45,256.45
10207.398843,67.77,256.06,256.06
10207.416015,67.77,256.08,256.08
10207.440127,67.77,258.61,258.61
10207.449757,67.77,258.59,258.59
10207.464854,67.77,260.51,260.51
10207.482587,67.77,260.24,260.24
10207.501526,67.77,261.47,261.47
10207.515770,67.77,260.41,260.41
10207.534245,67.77,262.22,262.22
10207.559441,67.77,260.86,260.86
10207.570890,67.77,260.67,260.67
10207.582931,67.77,260.63,260.63
10207.599356,67.77,260.99,260.99
10207.616498,67.77,261.01,261.01
10207.631893,67.77,259.99,259.99
10207.648914,67.77,258.62,258.62
10207.666328,67.77,256.03,256.03
10207.682110,67.77,253.43,253.43
10207.698269,67.77,248.17,248.17
10207.715371,67.77,242.15,242.15
10207.733029,67.77,236.36,236.36
10207.750290,67.77,232.90,232.90
10207.764684,67.77,226.66,226.66
10207.782275,67.77,220.91,220.91
10207.798554,67.77,208.37,208.37
10207.816355,67.77,197.95,197.95
10207.831825,67.77,188.67,188.67
10207.849200,67.77,185.62,185.62
10207.867684,67.77,182.92,182.92
10207.882046,67.77,186.39,186.39
10207.897720,67.77,185.92,185.92
10207.915542,67.77,189.02,189.02
10207.931120,67.77,186.85,186.85
10207.950207,67.77,191.47,191.47
10207.972094,67.77,189.40,189.40
10207.985198,67.77,189.01,189.01
10207.998913,67.77,189.18,189.18
10208.016872,67.77,188.30,188.30
10208.032083,67.77,186.10,186.10
10208.065180,67.77,181.78,181.78
10208.082617,67.77,181.18,181.18
10208.099165,67.77,185.10,185.10
10208.114178,67.77,188.67,188.67
10208.132588,67.77,191.32,191.32
10208.147551,67.77,194.76,194.76
10208.165499,67.77,198.49,198.49
10208.180257,67.77,200.70,200.70
10208.197883,67.77,205.27,205.27
10208.217290,67.77,205.67,205.67
10208.233123,67.77,206.04,206.04
10208.250452,67.77,203.65,203.65
10208.281016,67.77,201.75,201.75
10208.290589,67.77,198.13,198.13
10208.304155,67.77,196.01,196.01
10208.318657,67.77,196.61,196.61
10208.335014,67.77,196.72,196.72
10208.351861,67.77,196.89,196.89
10208.376663,67.77,198.41,198.41
10208.391478,67.77,198.13,198.13
10208.401674,67.77,198.24,198.24
10208.417823,67.77,207.07,207.07
10208.433547,67.77,207.24,207.24
10208.450449,67.77,206.48,206.48
10208.470436,67.77,208.64,208.64
10208.484345,67.77,209.99,209.99
10208.501560,67.77,213.06,213.06
10208.517947,67.77,215.19,215.19
10208.534325,67.77,218.10,218.10
10208.561505,67.77,219.74,219.74
10208.603140,67.77,223.02,223.02
10208.643155,67.77,226.80,226.80
10208.667221,67.77,226.80,226.80
10208.713233,67.77,226.80,22