12947.134146,67.77,159.77,159.77
12947.147545,67.77,159.70,159.70
12947.162958,67.77,159.24,159.24
12947.178732,67.77,159.06,159.06
12947.197115,67.77,158.28,158.28
12947.211344,67.77,158.00,158.00
12947.229071,67.77,157.46,157.46
12947.244483,67.77,157.39,157.39
12947.261293,67.77,157.11,157.11
12947.276974,67.77,156.87,156.87
12947.295794,67.77,156.65,156.65
12947.311175,67.77,156.11,156.11
12947.328828,67.77,155.88,155.88
12947.343995,67.77,156.08,156.08
12947.359977,67.77,156.06,156.06
12947.377310,67.77,156.38,156.38
12947.393023,67.77,155.98,155.98
12947.413549,67.77,155.75,155.75
12947.429302,67.77,155.83,155.83
12947.444524,67.77,156.05,156.05
12947.462624,67.77,155.28,155.28
12947.477710,67.77,154.78,154.78
12947.495384,67.77,154.61,154.61
12947.511197,67.77,152.95,152.95
12947.526804,67.77,153.51,153.51
12947.544998,67.77,151.57,151.57
12947.560454,67.77,151.05,151.05
12947.577106,67.77,150.59,150.59
12947.595698,67.77,150.81,150.81
12947.611214,67.77,151.17,151.17
12947.626387,67.77,151.18,151.18
12947.643212,67.77,151.12,151.12
12947.659695,67.77,151.34,151.34
12947.678626,67.77,151.87,151.87
12947.694609,67.77,151.78,151.78
12947.718010,67.77,150.80,150.80
12947.726502,67.77,150.81,150.81
12947.744180,67.77,149.72,149.72
12947.759786,67.77,150.07,150.07
12947.777088,67.77,149.85,149.85
12947.793197,67.77,149.17,149.17
12947.812055,67.77,148.52,148.52
12947.827260,67.77,148.83,148.83
12947.844384,67.77,148.27,148.27
12947.859576,67.77,147.79,147.79
12947.876259,67.77,147.63,147.63
12947.895708,67.77,147.46,147.46
12947.909761,67.77,147.63,147.63
12947.926401,67.77,147.85,147.85
12947.944451,67.77,147.92,147.92
12947.961220,67.77,147.76,147.76
12947.977737,67.77,147.45,147.45
12947.997332,67.77,147.69,147.69
12948.013612,67.77,147.59,147.59
12948.026779,67.77,147.73,147.73
12948.045837,67.77,147.85,147.85
12948.059564,67.77,148.01,148.01
12948.078520,67.77,148.07,148.07
12948.094041,67.77,148.02,148.02
12948.126307,67.77,148.04,148.04
12948.144573,67.77,148.23,148.23
12948.160560,67.77,147.85,147.85
12948.177233,67.77,148.13,148.13
12948.193931,67.77,148.37,148.37
12948.212976,67.77,148.22,148.22
12948.227600,67.77,148.55,148.55
12948.247082,67.77,148.80,148.80
12948.259655,67.77,148.33,148.33
12948.276782,67.77,148.60,148.60
12948.294736,67.77,148.74,148.74
12948.309552,67.77,148.43,148.43
12948.328302,67.77,148.57,148.57
12948.342827,67.77,149.61,149.61
12948.359538,67.77,149.54,149.54
12948.375934,67.77,149.60,149.60
12948.401859,67.77,149.10,149.10
12948.409742,67.77,148.92,148.92
12948.426044,67.77,149.55,149.55
12948.443603,67.77,149.77,149.77
12948.459164,67.77,150.02,150.02
12948.476646,67.77,149.92,149.92
12948.494121,67.77,149.85,149.85
12948.509483,67.77,149.96,149.96
12948.526937,67.77,149.96,149.96
12948.544529,67.77,149.69,149.69
12948.561510,67.77,149.43,149.43
12948.579022,67.77,149.28,149.28
12948.594767,67.77,149.48,149.48
12948.609433,67.77,149.78,149.78
12948.626145,67.77,149.19,149.19
12948.643790,67.77,149.47,149.47
12948.659751,67.77,149.59,149.59
12948.676102,67.77,149.22,149.22
12948.694615,67.77,149.05,149.05
12948.711048,67.77,149.21,149.21
12948.726336,67.77,148.93,148.93
12948.742716,67.77,149.00,149.00
12948.760588,67.77,149.05,149.05
12948.776411,67.77,148.94,148.94
12948.792874,67.77,148.99,148.99
12948.809454,67.77,149.01,149.01
12948.827962,67.77,148.82,148.82
12948.842393,67.77,148.67,148.67
12948.859319,67.77,148.79,148.79
12948.876034,67.77,148.58,148.58
12948.892796,67.77,148.73,148.73
12948.910526,67.77,148.53,148.53
12948.925650,67.77,148.46,148.46
12948.943188,67.77,148.47,148.47
12948.959215,67.77,148.43,148.43
12948.975843,67.77,148.50,148.50
12949.006940,67.77,148.37,148.37
12949.014881,67.77,148.62,148.62
12949.026142,67.77,148.33,148.33
12949.042998,67.77,148.91,148.91
12949.059414,67.77,148.88,148.88
12949.076086,67.77,148.29,148.29
12949.093233,67.77,148.75,148.75
12949.112769,67.77,149.00,149.00
12949.125957,67.77,148.42,148.42
12949.143179,67.77,148.64,148.64
12949.159059,67.77,149.08,149.08
12949.176746,67.77,148.42,148.42
12949.192393,67.77,149.18,149.18
12949.209458,67.77,148.69,148.69
12949.225679,67.77,148.66,148.66
12949.242949,67.77,148.96,148.96
12949.259425,67.77,148.72,148.72
12949.276180,67.77,148.21,148.21
12949.292410,67.77,148.40,148.40
12949.309476,67.77,148.74,148.74
12949.325461,67.77,148.56,148.56
12949.342294,67.77,148.48,148.48
12949.358996,67.77,148.35,148.35
12949.375963,67.77,148.18,148.18
12949.392259,67.77,148.44,148.44
12949.408879,67.77,148.30,148.30
12949.425449,67.77,148.27,148.27
12949.442263,67.77,148.30,148.30
12949.459046,67.77,148.31,148.31
12949.475756,67.77,148.12,148.12
12949.492232,67.77,148.26,148.26
12949.509149,67.77,148.10,148.10
12949.525423,67.77,148.06,148.06
12949.542946,67.77,148.31,148.31
12949.560427,67.77,148.58,148.58
12949.575540,67.77,148.66,148.66
12949.592345,67.77,148.53,148.53
12949.609224,67.77,148.67,148.67
12949.625433,67.77,148.55,148.55
12949.642609,67.77,148.68,148.68
12949.660396,67.77,148.61,148.61
12949.679909,67.77,148.67,148.67
12949.692504,67.77,148.54,148.54
12949.712820,67.77,148.59,148.59
12949.725650,67.77,148.56,148.56
12949.742275,67.77,148.66,148.66
12949.758641,67.77,148.46,148.46
12949.775488,67.77,148.54,148.54
12949.792155,67.77,148.66,148.66
12949.809211,67.77,148.80,148.80
12949.825854,67.77,148.75,148.75
12949.841953,67.77,148.62,148.62
12949.858696,67.77,148.69,148.69
12949.875259,67.77,148.65,148.65
12949.892778,67.77,148.37,148.37
12949.909375,67.77,148.19,148.19
12949.925073,67.77,148.03,148.03
12949.942258,67.77,147.98,147.98
12949.958875,67.77,147.67,147.67
12949.975382,67.77,147.77,147.77
12949.992476,67.77,147.89,147.89
12950.010841,67.77,147.94,147.94
12950.025501,67.77,148.27,148.27
12950.058630,67.77,148.45,148.45
12950.075316,67.77,148.76,148.76
12950.092411,67.77,148.85,148.85
12950.109069,67.77,148.72,148.72
12950.125378,67.77,148.43,148.43
12950.142267,67.77,148.60,148.60
12950.158444,67.77,148.25,148.25
12950.175366,67.77,148.38,148.38
12950.191960,67.77,148.61,148.61
12950.208649,67.77,148.72,148.72
12950.225232,67.77,148.75,148.75
12950.242514,67.77,148.93,148.93
12950.258692,67.77,148.89,148.89
12950.275384,67.77,148.79,148.79
12950.292011,67.77,148.89,148.89
12950.309087,67.77,149.16,149.16
12950.325562,67.77,148.89,148.89
12950.342511,67.77,149.10,149.10
12950.359011,67.77,149.08,149.08
12950.375003,67.77,148.95,148.95
12950.392585,67.77,149.07,149.07
12950.408317,67.77,148.92,148.92
12950.425061,67.77,148.75,148.75
12950.458353,67.77,148.69,148.69
12950.475155,67.77,148.73,148.73
12950.492160,67.77,148.55,148.55
12950.508233,67.77,148.21,148.21
12950.525195,67.77,148.44,148.44
12950.542082,67.77,148.86,148.86
12950.558452,67.77,149.04,149.04
12950.574914,67.77,148.98,148.98
12950.591793,67.77,149.15,149.15
12950.608795,67.77,149.20,149.20
12950.642021,67.77,149.10,149.10
12950.658747,67.77,149.07,149.07
12950.674902,67.77,148.86,148.86
12950.693646,67.77,148.84,148.84
12950.709211,67.77,148.86,148.86
12950.725546,67.77,148.88,148.88
12950.744152,67.77,148.73,148.73
12950.763323,67.77,148.63,148.63
12950.778594,67.77,148.91,148.91
12950.792322,67.77,149.11,149.11
12950.808941,67.77,149.30,149.30
12950.841649,67.77,149.07,149.07
12950.858274,67.77,148.96,148.96
12950.874880,67.77,148.96,148.96
12950.891697,67.77,148.89,148.89
12950.908368,67.77,148.84,148.84
12950.925468,67.77,148.83,148.83
12950.942452,67.77,148.83,148.83
12950.958822,67.77,148.50,148.50
12950.976207,67.77,148.45,148.45
12951.007238,67.77,148.49,148.49
12951.025961,67.77,148.79,148.79
12951.058276,67.77,149.10,149.10
12951.074676,67.77,148.93,148.93
12951.091783,67.77,148.99,148.99
12951.109047,67.77,148.87,148.87
12951.124832,67.77,148.73,148.73
12951.141801,67.77,148.72,148.72
12951.157584,67.77,148.89,148.89
12951.175249,67.77,148.89,148.89
12951.191428,67.77,148.65,148.65
12951.207985,67.77,149.03,149.03
12951.224604,67.77,149.53,149.53
12951.242280,67.77,149.46,149.46
12951.257751,67.77,149.26,149.26
12951.275802,67.77,148.88,148.88
12951.291566,67.77,148.76,148.76
12951.308130,67.77,148.71,148.71
12951.325130,67.77,149.00,149.00
12951.342352,67.77,149.07,149.07
12951.358779,67.77,148.90,148.90
12951.374996,67.77,149.13,149.13
12951.391124,67.77,149.30,149.30
12951.416385,67.77,149.25,149.25
12951.424292,67.77,149.19,149.19
12951.441525,67.77,149.16,149.16
12951.458541,67.77,149.00,149.00
12951.474686,67.77,148.76,148.76
12951.502873,67.77,148.66,148.66
12951.516238,67.77,148.59,148.59
12951.524413,67.77,148.49,148.49
12951.541308,67.77,148.74,148.74
12951.558839,67.77,148.90,148.90
12951.575039,67.77,148.99,148.99
12951.592726,67.77,149.07,149.07
12951.608206,67.77,149.29,149.29
12951.624577,67.77,149.22,149.22
12951.641254,67.77,149.26,149.26
12951.657805,67.77,149.34,149.34
12951.674418,67.77,149.08,149.08
12951.691688,67.77,148.93,148.93
12951.708870,67.77,148.82,148.82
12951.725033,67.77,149.33,149.33
12951.741669,67.77,149.79,149.79
12951.757852,67.77,149.92,149.92
12951.774594,67.77,149.86,149.86
12951.791201,67.77,150.03,150.03
12951.808256,67.77,149.95,149.95
12951.825174,67.77,150.08,150.08
12951.857796,67.77,150.17,150.17
12951.875048,67.77,150.13,150.13
12951.891465,67.77,150.30,150.30
12951.908273,67.77,149.91,149.91
12951.924792,67.77,149.56,149.56
12951.941537,67.77,152.53,152.53
12951.957410,67.77,152.53,152.53
12951.974225,67.77,153.08,153.08
12951.991487,67.77,153.12,153.12
12952.008430,67.77,153.24,153.24
12952.024950,67.77,153.29,153.29
12952.041188,67.77,153.15,153.15
12952.057993,67.77,152.96,152.96
12952.074107,67.77,153.00,153.00
12952.091223,67.77,153.00,153.00
12952.107948,67.77,153.06,153.06
12952.124367,67.77,153.14,153.14
12952.140532,67.77,153.31,153.31
12952.157680,67.77,153.00,153.00
12952.173962,67.77,153.12,153.12
12952.191053,67.77,153.17,153.17
12952.224062,67.77,153.38,153.38
12952.240963,67.77,153.73,153.73
12952.257500,67.77,153.59,153.59
12952.274488,67.77,153.91,153.91
12952.291339,67.77,153.70,153.70
12952.308041,67.77,153.54,153.54
12952.324311,67.77,153.89,153.89
12952.340769,67.77,153.83,153.83
12952.357516,67.77,153.76,153.76
12952.373796,67.77,153.72,153.72
12952.391302,67.77,153.89,153.89
12952.407418,67.77,153.62,153.62
12952.424036,67.77,153.53,153.53
12952.440985,67.77,153.50,153.50
12952.457691,67.77,153.84,153.84
12952.474062,67.77,154.39,154.39
12952.490962,67.77,154.07,154.07
12952.507316,67.77,153.44,153.44
12952.524135,67.77,153.08,153.08
12952.540559,67.77,153.57,153.57
12952.557727,67.77,154.29,154.29
12952.573985,67.77,154.03,154.03
12952.590694,67.77,153.82,153.82
12952.607494,67.77,153.90,153.90
12952.624276,67.77,154.30,154.30
12952.641189,67.77,154.28,154.28
12952.657480,67.77,154.23,154.23
12952.674227,67.77,153.87,153.87
12952.690317,67.77,154.43,154.43
12952.724183,67.77,154.81,154.81
12952.740388,67.77,155.24,155.24
12952.757885,67.77,154.86,154.86
12952.774625,67.77,154.62,154.62
12952.790602,67.77,154.61,154.61
12952.807415,67.77,154.58,154.58
12952.823715,67.77,154.61,154.61
12952.840289,67.77,154.65,154.65
12952.857125,67.77,154.91,154.91
12952.873643,67.77,154.75,154.75
12952.890311,67.77,154.68,154.68
12952.907378,67.77,154.74,154.74
12952.923862,67.77,154.84,154.84
12952.939921,67.77,154.83,154.83
12952.957598,67.77,154.80,154.80
12952.974854,67.77,154.58,154.58
12952.991051,67.77,155.01,155.01
12953.008872,67.77,155.50,155.50
12953.024043,67.77,155.45,155.45
12953.040559,67.77,155.20,155.20
12953.057102,67.77,155.26,155.26
12953.074398,67.77,155.23,155.23
12953.090148,67.77,155.21,155.21
12953.107388,67.77,155.52,155.52
12953.123640,67.77,155.32,155.32
12953.140249,67.77,155.72,155.72
12953.156760,67.77,158.54,158.54
12953.173144,67.77,158.70,158.70
12953.190418,67.77,159.09,159.09
12953.207617,67.77,159.12,159.12
12953.223699,67.77,159.11,159.11
12953.241068,67.77,159.22,159.22
12953.256857,67.77,159.43,159.43
12953.273803,67.77,159.61,159.61
12953.291249,67.77,159.35,159.35
12953.307502,67.77,159.23,159.23
12953.323779,67.77,159.06,159.06
12953.340596,67.77,158.60,158.60
12953.356514,67.77,158.87,158.87
12953.373862,67.77,159.07,159.07
12953.390809,67.77,158.95,158.95
12953.407790,67.77,158.55,158.55
12953.423641,67.77,158.35,158.35
12953.441169,67.77,158.25,158.25
12953.456622,67.77,158.65,158.65
12953.473180,67.77,158.66,158.66
12953.490394,67.77,158.44,158.44
12953.507407,67.77,158.34,158.34
12953.523700,67.77,158.45,158.45
12953.540156,67.77,158.50,158.50
12953.556819,67.77,158.65,158.65
12953.574609,67.77,158.39,158.39
12953.590254,67.77,158.06,158.06
12953.608213,67.77,157.30,157.30
12953.623601,67.77,156.92,156.92
12953.640135,67.77,156.99,156.99
12953.656412,67.77,157.32,157.32
12953.673079,67.77,157.25,157.25
12953.690537,67.77,157.10,157.10
12953.706938,67.77,156.85,156.85
12953.723488,67.77,156.95,156.95
12953.739718,67.77,156.59,156.59
12953.757149,67.77,156.44,156.44
12953.773388,67.77,155.95,155.95
12953.789873,67.77,155.72,155.72
12953.807508,67.77,156.24,156.24
12953.823272,67.77,155.77,155.77
12953.839715,67.77,155.94,155.94
12953.856433,67.77,155.61,155.61
12953.873070,67.77,155.60,155.60
12953.890280,67.77,155.80,155.80
12953.907109,67.77,155.70,155.70
12953.924180,67.77,155.61,155.61
12953.939853,67.77,155.46,155.46
12953.956431,67.77,155.46,155.46
12953.973089,67.77,155.71,155.71
12953.989595,67.77,155.46,155.46
12954.006993,67.77,155.18,155.18
12954.024032,67.77,155.26,155.26
12954.040953,67.77,155.29,155.29
12954.056539,67.77,155.25,155.25
12954.074374,67.77,155.05,155.05
12954.090464,67.77,155.00,155.00
12954.106523,67.77,155.02,155.02
12954.123126,67.77,155.07,155.07
12954.139309,67.77,155.06,155.06
12954.156650,67.77,155.22,155.22
12954.173373,67.77,155.19,155.19
12954.189543,67.77,155.28,155.28
12954.206983,67.77,155.16,155.16
12954.223952,67.77,155.02,155.02
12954.239973,67.77,155.20,155.20
12954.256455,67.77,155.12,155.12
12954.272988,67.77,155.15,155.15
12954.290990,67.77,155.26,155.26
12954.307836,67.77,155.01,155.01
12954.323541,67.77,154.99,154.99
12954.339642,67.77,155.02,155.02
12954.356488,67.77,155.10,155.10
12954.372718,67.77,155.21,155.21
12954.389772,67.77,154.88,154.88
12954.407009,67.77,154.85,154.85
12954.426737,67.77,155.16,155.16
12954.439734,67.77,155.50,155.50
12954.456342,67.77,155.53,155.53
12954.473147,67.77,155.45,155.45
12954.489936,67.77,155.01,155.01
12954.506219,67.77,154.54,154.54
12954.523138,67.77,154.43,154.43
12954.539953,67.77,154.42,154.42
12954.556268,67.77,154.46,154.46
12954.573176,67.77,154.42,154.42
12954.590102,67.77,154.46,154.46
12954.606510,67.77,154.42,154.42
12954.622838,67.77,154.32,154.32
12954.639689,67.77,154.45,154.45
12954.656070,67.77,155.03,155.03
12954.672753,67.77,155.71,155.71
12954.689403,67.77,155.90,155.90
12954.708519,67.77,155.83,155.83
12954.722824,67.77,155.86,155.86
12954.739883,67.77,155.46,155.46
12954.756213,67.77,155.00,155.00
12954.772793,67.77,155.20,155.20
12954.789743,67.77,155.51,155.51
12954.806474,67.77,155.50,155.50
12954.823869,67.77,155.60,155.60
12954.839067,67.77,155.65,155.65
12954.855804,67.77,155.45,155.45
12954.872748,67.77,155.01,155.01
12954.890253,67.77,155.58,155.58
12954.906437,67.77,155.87,155.87
12954.933909,67.77,155.70,155.70
12954.946267,67.77,155.60,155.60
12954.957571,67.77,155.63,155.63
12954.973907,67.77,155.74,155.74
12954.989351,67.77,155.56,155.56
12955.008646,67.77,155.45,155.45
12955.023734,67.77,155.34,155.34
12955.039022,67.77,155.44,155.44
12955.056351,67.77,155.45,155.45
12955.072815,67.77,155.13,155.13
12955.090442,67.77,155.12,155.12
12955.107359,67.77,155.30,155.30
12955.123087,67.77,155.39,155.39
12955.139191,67.77,155.20,155.20
12955.156229,67.77,155.14,155.14
12955.173982,67.77,155.16,155.16
12955.190958,67.77,155.11,155.11
12955.205808,67.77,155.11,155.11
12955.223276,67.77,155.24,155.24
12955.238587,67.77,155.23,155.23
12955.255566,67.77,155.27,155.27
12955.272070,67.77,155.02,155.02
12955.289411,67.77,155.21,155.21
12955.307561,67.77,155.07,155.07
12955.322528,67.77,155.12,155.12
12955.342044,67.77,155.39,155.39
12955.356070,67.77,155.40,155.40
12955.373536,67.77,155.61,155.61
12955.389453,67.77,155.38,155.38
12955.405467,67.77,155.24,155.24
12955.422949,67.77,155.04,155.04
12955.439359,67.77,155.12,155.12
12955.455757,67.77,155.30,155.30
12955.472322,67.77,155.35,155.35
12955.489012,67.77,155.26,155.26
12955.506081,67.77,155.45,155.45
12955.522292,67.77,155.47,155.47
12955.538998,67.77,155.74,155.74
12955.555663,67.77,155.53,155.53
12955.573448,67.77,155.32,155.32
12955.588891,67.77,155.06,155.06
12955.605653,67.77,155.06,155.06
12955.622783,67.77,155.26,155.26
12955.638581,67.77,155.37,155.37
12955.655835,67.77,155.36,155.36
12955.672399,67.77,155.13,155.13
12955.688797,67.77,154.88,154.88
12955.705267,67.77,154.70,154.70
12955.722005,67.77,154.83,154.83
12955.738440,67.77,155.09,155.09
12955.755260,67.77,154.90,154.90
12955.774056,67.77,154.99,154.99
12955.788997,67.77,155.19,155.19
12955.805749,67.77,155.32,155.32
12955.822411,67.77,155.72,155.72
12955.838366,67.77,155.75,155.75
12955.856383,67.77,155.71,155.71
12955.872138,67.77,155.98,155.98
12955.889385,67.77,156.17,156.17
12955.906493,67.77,156.10,156.10
12955.922304,67.77,155.97,155.97
12955.938835,67.77,155.74,155.74
12955.955595,67.77,155.78,155.78
12955.972542,67.77,155.69,155.69
12955.988979,67.77,155.81,155.81
12956.005262,67.77,155.83,155.83
12956.023332,67.77,155.71,155.71
12956.038286,67.77,155.79,155.79
12956.055062,67.77,155.90,155.90
12956.072461,67.77,155.91,155.91
12956.088633,67.77,155.95,155.95
12956.105977,67.77,155.82,155.82
12956.123270,67.77,155.93,155.93
12956.142074,67.77,155.95,155.95
12956.161883,67.77,155.85,155.85
12956.180278,67.77,155.77,155.77
12956.189756,67.77,155.74,155.74
12956.205650,67.77,155.71,155.71
12956.221600,67.77,155.82,155.82
12956.238419,67.77,155.99,155.99
12956.254850,67.77,156.00,156.00
12956.273495,67.77,156.06,156.06
12956.288029,67.77,156.01,156.01
12956.305138,67.77,155.98,155.98
12956.322776,67.77,155.87,155.87
12956.338523,67.77,155.94,155.94
12956.354799,67.77,156.03,156.03
12956.373249,67.77,156.36,156.36
12956.388102,67.77,156.43,156.43
12956.406449,67.77,156.45,156.45
12956.421765,67.77,156.40,156.40
12956.438987,67.77,156.32,156.32
12956.456387,67.77,156.33,156.33
12956.472342,67.77,156.26,156.26
12956.488579,67.77,156.53,156.53
12956.504743,67.77,156.74,156.74
12956.521741,67.77,156.59,156.59
12956.538160,67.77,156.41,156.41
12956.554631,67.77,156.54,156.54
12956.571290,67.77,156.66,156.66
12956.588165,67.77,156.71,156.71
12956.605482,67.77,156.76,156.76
12956.621728,67.77,156.69,156.69
12956.638302,67.77,156.72,156.72
12956.655662,67.77,156.34,156.34
12956.672070,67.77,156.18,156.18
12956.689433,67.77,156.13,156.13
12956.705346,67.77,156.11,156.11
12956.722276,67.77,156.03,156.03
12956.739340,67.77,156.14,156.14
12956.755447,67.77,156.14,156.14
12956.771222,67.77,156.16,156.16
12956.788329,67.77,156.16,156.16
12956.804905,67.77,155.95,155.95
12956.821875,67.77,156.08,156.08
12956.837981,67.77,156.13,156.13
12956.854441,67.77,156.28,156.28
12956.871214,67.77,156.18,156.18
12956.888180,67.77,156.25,156.25
12956.904504,67.77,156.47,156.47
12956.921605,67.77,156.42,156.42
12956.937798,67.77,156.44,156.44
12956.954724,67.77,156.40,156.40
12956.971280,67.77,156.43,156.43
12956.987745,67.77,156.43,156.43
12957.007024,67.77,156.39,156.39
12957.022510,67.77,156.38,156.38
12957.040987,67.77,156.66,156.66
12957.054386,67.77,156.78,156.78
12957.071113,67.77,156.70,156.70
12957.088099,67.77,156.83,156.83
12957.104973,67.77,156.93,156.93
12957.122568,67.77,156.89,156.89
12957.139323,67.77,156.98,156.98
12957.156006,67.77,156.88,156.88
12957.170942,67.77,156.78,156.78
12957.189462,67.77,156.61,156.61
12957.207428,67.77,156.50,156.50
12957.222062,67.77,156.88,156.88
12957.238525,67.77,156.79,156.79
12957.256084,67.77,156.60,156.60
12957.289108,67.77,156.70,156.70
12957.306023,67.77,156.76,156.76
12957.322465,67.77,156.96,156.96
12957.337428,67.77,156.80,156.80
12957.354948,67.77,156.62,156.62
12957.372833,67.77,156.52,156.52
12957.388212,67.77,156.48,156.48
12957.404930,67.77,156.56,156.56
12957.423227,67.77,156.62,156.62
12957.437891,67.77,156.66,156.66
12957.454289,67.77,156.60,156.60
12957.470743,67.77,156.50,156.50
12957.491312,67.77,156.37,156.37
12957.505365,67.77,156.50,156.50
12957.521606,67.77,156.64,156.64
12957.537822,67.77,156.74,156.74
12957.554378,67.77,156.70,156.70
12957.571878,67.77,156.74,156.74
12957.587824,67.77,156.81,156.81
12957.604814,67.77,156.58,156.58
12957.622454,67.77,156.75,156.75
12957.637267,67.77,156.56,156.56
12957.654970,67.77,156.49,156.49
12957.673098,67.77,156.46,156.46
12957.687672,67.77,156.36,156.36
12957.704418,67.77,156.47,156.47
12957.721178,67.77,156.45,156.45
12957.737528,67.77,156.35,156.35
12957.754572,67.77,156.27,156.27
12957.771311,67.77,156.08,156.08
12957.787697,67.77,156.12,156.12
12957.804427,67.77,156.47,156.47
12957.821333,67.77,156.86,156.86
12957.840599,67.77,157.05,157.05
12957.854780,67.77,156.96,156.96
12957.873814,67.77,156.64,156.64
12957.888226,67.77,156.57,156.57
12957.905225,67.77,156.53,156.53
12957.921359,67.77,156.36,156.36
12957.937535,67.77,156.14,156.14
12957.954292,67.77,155.77,155.77
12957.972682,67.77,155.59,155.59
12957.987627,67.77,155.71,155.71
12958.004978,67.77,155.84,155.84
12958.021078,67.77,155.76,155.76
12958.038911,67.77,155.90,155.90
12958.054721,67.77,156.01,156.01
12958.071561,67.77,155.95,155.95
12958.087107,67.77,155.94,155.94
12958.104657,67.77,155.94,155.94
12958.120652,67.77,155.90,155.90
12958.138085,67.77,156.03,156.03
12958.153994,67.77,155.98,155.98
12958.170916,67.77,155.85,155.85
12958.187243,67.77,156.01,156.01
12958.204291,67.77,156.11,156.11
12958.220851,67.77,156.14,156.14
12958.237099,67.77,156.14,156.14
12958.254175,67.77,156.19,156.19
12958.270892,67.77,156.06,156.06
12958.287521,67.77,155.93,155.93
12958.304330,67.77,156.06,156.06
12958.321955,67.77,155.87,155.87
12958.337743,67.77,155.90,155.90
12958.355220,67.77,156.02,156.02
12958.371238,67.77,155.96,155.96
12958.388820,67.77,155.86,155.86
12958.404784,67.77,155.92,155.92
12958.421384,67.77,155.80,155.80
12958.436924,67.77,155.94,155.94
12958.453876,67.77,155.95,155.95
12958.473880,67.77,155.95,155.95
12958.491598,67.77,155.84,155.84
12958.504831,67.77,155.94,155.94
12958.520310,67.77,155.88,155.88
12958.537098,67.77,155.70,155.70
12958.554576,67.77,155.63,155.63
12958.570837,67.77,155.63,155.63
12958.587485,67.77,155.73,155.73
12958.603704,67.77,155.81,155.81
12958.621653,67.77,155.75,155.75
12958.637575,67.77,155.73,155.73
12958.654884,67.77,155.72,155.72
12958.672961,67.77,155.65,155.65
12958.687042,67.77,155.45,155.45
12958.704108,67.77,155.24,155.24
12958.720915,67.77,155.41,155.41
12958.737197,67.77,155.29,155.29
12958.753985,67.77,155.43,155.43
12958.770694,67.77,155.32,155.32
12958.820840,67.77,155.28,155.28
12958.837087,67.77,154.90,154.90
12958.855187,67.77,154.84,154.84
12958.881607,67.77,154.69,154.69
12958.891519,67.77,154.33,154.33
12958.904952,67.77,154.32,154.32
12958.922863,67.77,155.48,155.48
12958.936573,67.77,159.34,159.34
12958.955629,67.77,160.55,160.55
12958.970595,67.77,162.94,162.94
12958.986552,67.77,163.82,163.82
12959.006468,67.77,164.39,164.39
12959.020586,67.77,165.21,165.21
12959.055028,67.77,166.00,166.00
12959.071173,67.77,165.77,165.77
12959.088708,67.77,166.56,166.56
12959.104236,67.77,166.38,166.38
12959.120651,67.77,166.47,166.47
12959.141639,67.77,167.26,167.26
12959.156684,67.77,167.06,167.06
12959.172805,67.77,166.93,166.93
12959.187361,67.77,165.99,165.99
12959.208278,67.77,164.64,164.64
12959.220521,67.77,161.98,161.98
12959.240796,67.77,159.43,159.43
12959.254921,67.77,155.91,155.91
12959.271824,67.77,154.18,154.18
12959.287059,67.77,152.77,152.77
12959.303832,67.77,152.87,152.87
12959.321320,67.77,153.11,153.11
12959.336672,67.77,153.01,153.01
12959.354624,67.77,153.44,153.44
12959.370196,67.77,153.62,153.62
12959.387062,67.77,153.28,153.28
12959.404138,67.77,153.01,153.01
12959.422129,67.77,153.15,153.15
12959.437270,67.77,153.57,153.57
12959.455505,67.77,153.61,153.61
12959.471203,67.77,153.36,153.36
12959.487651,67.77,153.43,153.43
12959.504379,67.77,154.16,154.16
12959.521067,67.77,154.23,154.23
12959.536303,67.77,153.89,153.89
12959.553425,67.77,153.97,153.97
12959.570206,67.77,154.65,154.65
12959.586919,67.77,154.82,154.82
12959.603353,67.77,155.05,155.05
12959.620161,67.77,156.40,156.40
12959.637082,67.77,158.83,158.83
12959.653345,67.77,161.41,161.41
12959.670822,67.77,164.32,164.32
12959.686366,67.77,169.38,169.38
12959.704117,67.77,175.52,175.52
12959.720650,67.77,186.66,186.66
12959.736526,67.77,191.89,191.89
12959.753386,67.77,193.15,193.15
12959.769483,67.77,192.97,192.97
12959.786577,67.77,197.49,197.49
12959.803450,67.77,202.24,202.24
12959.821700,67.77,207.49,207.49
12959.835800,67.77,207.52,207.52
12959.854119,67.77,215.43,215.43
12959.870516,67.77,215.73,215.73
12959.886513,67.77,220.55,220.55
12959.904776,67.77,221.48,221.48
12959.920985,67.77,225.97,225.97
12959.937000,67.77,224.21,224.21
12959.953050,67.77,222.77,222.77
12959.970337,67.77,216.85,216.85
12959.986557,67.77,213.29,213.29
12960.006332,67.77,207.47,207.47
12960.022463,67.77,207.33,207.33
12960.037520,67.77,203.55,203.55
12960.054998,67.77,208.65,208.65
12960.069457,67.77,207.08,207.08
12960.086746,67.77,210.48,210.48
12960.103824,67.77,208.68,208.68
12960.120611,67.77,210.11,210.11
12960.137230,67.77,217.77,217.77
12960.153525,67.77,218.52,218.52
12960.170213,67.77,221.06,221.06
12960.186360,67.77,222.95,222.95
12960.203473,67.77,224.43,224.43
12960.219072,67.77,226.19,226.19
12960.236352,67.77,227.01,227.01
12960.252215,67.77,227.76,227.76
12960.269891,67.77,229.45,229.45
12960.288131,67.77,229.64,229.64
12960.305076,67.77,229.29,229.29
12960.324614,67.77,229.32,229.32
12960.337097,67.77,230.59,230.59
12960.357648,67.77,230.81,230.81
12960.373731,67.77,231.10,231.10
12960.386220,67.77,231.97,231.97
12960.403579,67.77,233.50,233.50
12960.420787,67.77,234.43,234.43
12960.436725,67.77,236.02,236.02
12960.452810,67.77,236.37,236.37
12960.472379,67.77,237.76,237.76
12960.486794,67.77,237.24,237.24
12960.502934,67.77,237.60,237.60
12960.520401,67.77,236.84,236.84
12960.535672,67.77,237.33,237.33
12960.554217,67.77,239.15,239.15
12960.571292,67.77,241.32,241.32
12960.588018,67.77,242.68,242.68
12960.605700,67.77,244.68,244.68
12960.621264,67.77,246.34,246.34
12960.637480,67.77,247.54,247.54
12960.653309,67.77,247.78,247.78
12960.671044,67.77,246.60,246.60
12960.686725,67.77,246.81,246.81
12960.703471,67.77,246.66,246.66
12960.719005,67.77,246.77,246.77
12960.739220,67.77,246.96,246.96
12960.753288,67.77,246.34,246.34
12960.769389,67.77,246.55,246.55
12960.785992,67.77,246.23,246.23
12960.803153,67.77,246.42,246.42
12960.819756,67.77,245.55,245.55
12960.835850,67.77,245.67,245.67
12960.853515,67.77,245.79,245.79
12960.869723,67.77,246.70,246.70
12960.886913,67.77,246.33,246.33
12960.905437,67.77,246.72,246.72
12960.918765,67.77,246.18,246.18
12960.938016,67.77,246.04,246.04
12960.952836,67.77,243.51,243.51
12960.969818,67.77,242.72,242.72
12960.988170,67.77,241.62,241.62
12961.003316,67.77,239.97,239.97
12961.018615,67.77,238.54,238.54
12961.037592,67.77,236.89,236.89
12961.053232,67.77,235.92,235.92
12961.068430,67.77,234.91,234.91
12961.085818,67.77,238.03,238.03
12961.102895,67.77,236.72,236.72
12961.120442,67.77,237.69,237.69
12961.135200,67.77,236.31,236.31
12961.153279,67.77,234.76,234.76
12961.168643,67.77,232.18,232.18
12961.186375,67.77,229.18,229.18
12961.202541,67.77,223.96,223.96
12961.219112,67.77,221.50,221.50
12961.235287,67.77,212.51,212.51
12961.253139,67.77,205.75,205.75
12961.270077,67.77,198.20,198.20
12961.286059,67.77,193.07,193.07
12961.303245,67.77,187.99,187.99
12961.319650,67.77,187.56,187.56
12961.335998,67.77,186.08,186.08
12961.352576,67.77,190.46,190.46
12961.368849,67.77,194.23,194.23
12961.385444,67.77,203.47,203.47
12961.402249,67.77,209.03,209.03
12961.419251,67.77,217.58,217.58
12961.434994,67.77,220.35,220.35
12961.452496,67.77,221.70,221.70
12961.468620,67.77,221.67,221.67
12961.486232,67.77,215.75,215.75
12961.501945,67.77,218.06,218.06
12961.518193,67.77,219.72,219.72
12961.535296,67.77,224.31,224.31
12961.554106,67.77,226.97,226.97
12961.570363,67.77,227.51,227.51
12961.587488,67.77,225.92,225.92
12961.604738,67.77,224.09,224.09
12961.623184,67.77,221.51,221.51
12961.638135,67.77,220.39,220.39
12961.655185,67.77,220.99,220.99
12961.672372,67.77,223.04,223.04
12961.688474,67.77,225.28,225.28
12961.704635,67.77,227.35,227.35
12961.723019,67.77,228.21,228.21
12961.737628,67.77,228.31,228.31
12961.755352,67.77,227.51,227.51
12961.771254,67.77,227.92,227.92
12961.788574,67.77,225.38,225.38
12961.805600,67.77,225.74,225.74
12961.823006,67.77,225.27,225.27
12961.837265,67.77,226.71,226.71
12961.854690,67.77,226.59,226.59
12961.873764,67.77,227.05,227.05
12961.885436,67.77,226.31,226.31
12961.901964,67.77,228.13,228.13
12961.919794,67.77,230.56,230.56
12961.936488,67.77,233.49,233.49
12961.954209,67.77,235.24,235.24
12961.970801,67.77,237.08,237.08
12961.987780,67.77,236.27,236.27
12962.003284,67.77,235.37,235.37
12962.049035,67.77,235.37,235.37
12962.067224,67.77,234.13,234.13
12962.074868,67.77,231.31,231.31
12962.100489,67.77,138.68,138.68
12962.116351,67.77,138.14,138.14
12962.129515,67.77,136.38,136.38
12962.141255,67.77,133.55,133.55
12962.152901,67.77,130.82,130.82
12962.164977,67.77,131.00,131.00
12962.173470,67.77,130.70,130.70
12962.187717,67.77,118.07,118.07
12962.200484,67.77,118.11,118.11
12962.220928,67.77,118.05,118.05
12962.232365,67.77,116.99,116.99
12962.247095,67.77,114.99,114.99
12962.258945,67.77,113.91,113.91
12962.275109,67.77,113.43,113.43
12962.286871,67.77,113.26,113.26
12962.299157,67.77,112.60,112.60
12962.314355,67.77,112.12,112.12
12962.326135,67.77,111.90,111.90
12962.339669,67.77,111.25,111.25
12962.354206,67.77,110.89,110.89
12962.365559,67.77,111.04,111.04
12962.379215,67.77,110.82,110.82
12962.398166,67.77,110.69,110.69
12962.413218,67.77,110.69,110.69
12962.424089,67.77,122.59,122.59
12962.435999,67.77,124.74,124.74
12962.447787,67.77,130.76,130.76
12962.464214,67.77,134.11,134.11
12962.474997,67.77,138.34,138.34
12962.488259,67.77,142.29,142.29
12962.498726,67.77,146.56,146.56
12962.510336,67.77,150.24,150.24
12962.520798,67.77,152.64,152.64
12962.533937,67.77,152.64,152.64
12962.546103,67.77,131.41,131.41
12962.563931,67.77,157.14,157.14
12962.578433,67.77,157.46,157.46
12962.593272,67.77,159.81,159.81
12962.611299,67.77,160.27,160.27
12962.619687,67.77,161.55,161.55
12962.634687,67.77,162.28,162.28
12962.648299,67.77,163.33,163.33
12962.663248,67.77,164.65,164.65
12962.671271,67.77,164.04,164.04
12962.682773,67.77,164.73,164.73
12962.699157,67.77,165.10,165.10
12962.715416,67.77,166.65,166.65
12962.731419,67.77,165.83,165.83
12962.748160,67.77,165.68,165.68
12962.777604,67.77,166.29,166.29
12962.795915,67.77,166.57,166.57
12962.836361,67.77,166.94,166.94
12962.854997,67.77,166.03,166.03
12962.883226,67.77,165.62,165.62
12962.895232,67.77,149.04,149.04
12962.903608,67.77,107.98,107.98
12962.922353,67.77,71.41,71.41
12962.927846,67.77,71.41,71.41
12962.943526,67.77,36.56,36.56
12962.950730,67.77,35.05,35.05
12962.962082,67.77,34.52,34.52
12962.970274,67.77,34.78,34.78
12962.980969,67.77,35.18,35.18
12962.993773,67.77,35.48,35.48
12963.005024,67.77,35.73,35.73
12963.014410,67.77,34.94,34.94
12963.025980,67.77,35.61,35.61
12963.036885,67.77,35.12,35.12
12963.049294,67.77,35.12,35.12
12963.059047,67.77,35.11,35.11
12963.074273,67.77,35.32,35.32
12963.082946,67.77,35.58,35.58
12963.091684,67.77,35.17,35.17
12963.103355,67.77,35.23,35.23
12963.114295,67.77,35.60,35.60
12963.125709,67.77,35.62,35.62
12963.138367,67.77,34.91,34.91
12963.150892,67.77,35.13,35.13
12963.158824,67.77,35.35,35.35
12963.169802,67.77,35.30,35.30
12963.193341,67.77,35.30,35.30
12963.203178,67.77,35.30,35.30
12963.214327,67.77,35.30,35.30
12963.225604,67.77,35.30,35.30
12963.238285,67.77,35.55,35.55
12963.249270,67.77,33.79,33.79
12963.262456,67.77,33.15,33.15
12963.272956,67.77,32.06,32.06
12963.284031,67.77,30.62,30.62
12963.296115,67.77,31.66,31.66
12963.306091,67.77,29.26,29.26
12963.317944,67.77,27.59,27.59
12963.327194,67.77,26.15,26.15
12963.339615,67.77,25.44,25.44
12963.350262,67.77,24.98,24.98
12963.362777,67.77,22.78,22.78
12963.371600,67.77,21.49,21.49
12963.382529,67.77,20.46,20.46
12963.392413,67.77,18.86,18.86
12963.405115,67.77,20.24,20.24
12963.416296,67.77,19.62,19.62
12963.426399,67.77,20.73,20.73
12963.437513,67.77,21.88,21.88
12963.448904,67.77,25.92,25.92
12963.460206,67.77,25.15,25.15
12963.470403,67.77,23.13,23.13
12963.481985,67.77,22.97,22.97
12963.492312,67.77,22.18,22.18
12963.504708,67.77,21.69,21.69
12963.515089,67.77,21.43,21.43
12963.525378,67.77,20.95,20.95
12963.536672,67.77,20.66,20.66
12963.547899,67.77,20.63,20.63
12963.561744,67.77,20.75,20.75
12963.569232,67.77,20.62,20.62
12963.603086,67.77,20.62,20.62
12963.657416,67.77,20.62,20.62
12963.668050,67.77,20.62,20.62
12963.680953,67.77,19.62,19.62
12963.691809,67.77,18.79,18.79
12963.702794,67.77,18.15,18.15
12963.713862,67.77,17.73,17.73
12963.725423,67.77,17.50,17.50
12963.736121,67.77,17.42,17.42
12963.747220,67.77,17.57,17.57
12963.758017,67.77,17.92,17.92
12963.769094,67.77,18.50,18.50
12963.780407,67.77,19.28,19.28
12963.791359,67.77,20.20,20.20
12963.802986,67.77,21.41,21.41
12963.814298,67.77,22.90,22.90
12963.824746,67.77,23.71,23.71
12964.857624,67.77,23.71,23.71
12964.868236,67.77,23.71,23.71
12964.879581,67.77,23.71,23.71
12964.890329,67.77,23.71,23.71
12964.901177,67.77,23.71,23.71
12964.912312,67.77,23.71,23.71
12964.923399,67.77,23.71,23.71
12964.934167,67.77,23.71,23.71
12964.945423,67.77,23.71,23.71
12964.956658,67.77,23.71,23.71
12964.967377,67.77,23.71,23.71
12964.979012,67.77,23.71,23.71
12964.989907,67.77,23.71,23.71
12965.001059,67.77,23.71,23.71
12965.012223,67.77,23.71,23.71
12965.023411,67.77,23.71,23.71
12965.034572,67.77,23.71,23.71
12965.045416,67.77,23.71,23.71
12965.056421,67.77,23.71,23.71
12965.067612,67.77,24.23,24.23
12965.078628,67.77,24.23,24.23
12965.089578,67.77,24.23,24.23
12965.100853,67.77,24.23,24.23
12965.112100,67.77,24.23,24.23
12965.167090,67.77,23.70,23.70
12965.434089,67.77,23.63,23.63
