10102.683007,67.77,150.26,150.26
10102.690464,67.77,151.18,151.18
10102.708429,67.77,150.80,150.80
10102.725552,67.77,150.26,150.26
10102.751337,67.77,150.51,150.51
10102.762307,67.77,150.17,150.17
10102.777139,67.77,149.11,149.11
10102.792671,67.77,149.34,149.34
10102.809875,67.77,149.76,149.76
10102.828960,67.77,149.20,149.20
10102.842289,67.77,149.17,149.17
10102.859330,67.77,148.74,148.74
10102.875973,67.77,148.49,148.49
10102.892940,67.77,149.02,149.02
10102.908216,67.77,148.59,148.59
10102.925916,67.77,148.34,148.34
10102.942560,67.77,149.01,149.01
10102.958529,67.77,149.15,149.15
10102.975347,67.77,150.08,150.08
10102.992942,67.77,150.33,150.33
10103.009359,67.77,149.89,149.89
10103.030203,67.77,149.37,149.37
10103.044635,67.77,148.47,148.47
10103.066400,67.77,148.67,148.67
10103.076242,67.77,147.60,147.60
10103.092692,67.77,148.40,148.40
10103.108318,67.77,148.21,148.21
10103.126540,67.77,147.87,147.87
10103.141536,67.77,148.25,148.25
10103.159312,67.77,148.36,148.36
10103.177028,67.77,148.68,148.68
10103.194230,67.77,149.25,149.25
10103.208524,67.77,147.06,147.06
10103.228891,67.77,148.02,148.02
10103.241938,67.77,145.95,145.95
10103.259724,67.77,147.93,147.93
10103.275239,67.77,148.13,148.13
10103.293487,67.77,148.04,148.04
10103.308879,67.77,147.68,147.68
10103.326466,67.77,147.54,147.54
10103.360385,67.77,148.01,148.01
10103.375628,67.77,148.23,148.23
10103.391491,67.77,147.97,147.97
10103.408234,67.77,147.60,147.60
10103.428689,67.77,148.19,148.19
10103.443514,67.77,147.35,147.35
10103.460138,67.77,147.88,147.88
10103.477145,67.77,147.10,147.10
10103.493160,67.77,148.19,148.19
10103.509350,67.77,147.32,147.32
10103.525382,67.77,147.61,147.61
10103.542104,67.77,147.57,147.57
10103.577862,67.77,147.49,147.49
10103.602054,67.77,147.09,147.09
10103.609156,67.77,146.74,146.74
10103.626080,67.77,146.90,146.90
10103.642409,67.77,145.67,145.67
10103.661843,67.77,146.29,146.29
10103.674429,67.77,145.94,145.94
10103.693103,67.77,146.26,146.26
10103.708296,67.77,146.15,146.15
10103.728128,67.77,146.44,146.44
10103.742044,67.77,145.84,145.84
10103.761966,67.77,145.76,145.76
10103.777624,67.77,144.22,144.22
10103.797169,67.77,144.79,144.79
10103.809219,67.77,143.73,143.73
10103.828227,67.77,143.76,143.76
10103.859548,67.77,143.99,143.99
10103.874565,67.77,144.22,144.22
10103.893443,67.77,144.20,144.20
10103.909059,67.77,143.91,143.91
10103.927411,67.77,144.74,144.74
10103.960816,67.77,144.26,144.26
10103.975946,67.77,144.24,144.24
10103.993950,67.77,143.84,143.84
10104.008930,67.77,144.30,144.30
10104.027203,67.77,143.48,143.48
10104.041757,67.77,143.81,143.81
10104.059360,67.77,144.05,144.05
10104.074939,67.77,144.98,144.98
10104.093766,67.77,144.91,144.91
10104.109490,67.77,145.11,145.11
10104.128280,67.77,144.45,144.45
10104.143722,67.77,143.86,143.86
10104.160194,67.77,144.53,144.53
10104.194010,67.77,145.23,145.23
10104.209309,67.77,144.80,144.80
10104.229206,67.77,145.18,145.18
10104.242792,67.77,145.14,145.14
10104.275554,67.77,145.55,145.55
10104.293910,67.77,145.30,145.30
10104.309770,67.77,145.11,145.11
10104.328446,67.77,145.16,145.16
10104.361753,67.77,146.08,146.08
10104.377027,67.77,145.40,145.40
10104.393295,67.77,145.26,145.26
10104.409657,67.77,144.84,144.84
10104.429679,67.77,144.29,144.29
10104.461545,67.77,142.96,142.96
10104.475300,67.77,142.91,142.91
10104.493262,67.77,142.81,142.81
10104.508352,67.77,143.48,143.48
10104.528377,67.77,143.24,143.24
10104.542810,67.77,143.09,143.09
10104.561900,67.77,143.09,143.09
10104.577773,67.77,142.93,142.93
10104.592532,67.77,142.37,142.37
10104.609857,67.77,142.36,142.36
10104.630859,67.77,142.53,142.53
10104.641798,67.77,142.72,142.72
10104.659459,67.77,143.08,143.08
10104.675174,67.77,143.10,143.10
10104.694075,67.77,142.55,142.55
10104.708828,67.77,142.47,142.47
10104.728200,67.77,142.45,142.45
10104.742370,67.77,141.63,141.63
10104.761500,67.77,141.71,141.71
10104.780936,67.77,141.55,141.55
10104.802143,67.77,141.39,141.39
10104.842043,67.77,141.18,141.18
10104.860763,67.77,141.30,141.30
10104.895777,67.77,141.08,141.08
10104.915751,67.77,141.41,141.41
10104.930095,67.77,141.56,141.56
10104.944919,67.77,141.87,141.87
10104.960186,67.77,141.91,141.91
10104.974977,67.77,141.96,141.96
10104.994047,67.77,141.74,141.74
10105.008908,67.77,141.78,141.78
10105.027180,67.77,142.10,142.10
10105.042903,67.77,142.19,142.19
10105.059366,67.77,141.34,141.34
10105.075347,67.77,141.30,141.30
10105.094930,67.77,141.61,141.61
10105.109724,67.77,141.55,141.55
10105.125920,67.77,141.83,141.83
10105.143283,67.77,141.67,141.67
10105.174590,67.77,141.14,141.14
10105.192487,67.77,140.92,140.92
10105.209348,67.77,140.37,140.37
10105.229528,67.77,143.30,143.30
10105.247482,67.77,143.15,143.15
10105.265177,67.77,144.44,144.44
10105.294464,67.77,144.44,144.44
10105.309547,67.77,145.29,145.29
10105.327460,67.77,145.58,145.58
10105.340811,67.77,145.40,145.40
10105.359322,67.77,145.89,145.89
10105.374132,67.77,146.30,146.30
10105.391688,67.77,146.26,146.26
10105.407805,67.77,144.91,144.91
10105.428544,67.77,144.58,144.58
10105.441521,67.77,145.19,145.19
10105.461364,67.77,145.00,145.00
10105.476347,67.77,145.67,145.67
10105.493009,67.77,145.38,145.38
10105.510348,67.77,145.62,145.62
10105.527911,67.77,145.73,145.73
10105.547186,67.77,144.52,144.52
10105.558484,67.77,144.84,144.84
10105.574143,67.77,145.32,145.32
10105.593581,67.77,145.13,145.13
10105.609845,67.77,144.68,144.68
10105.627559,67.77,145.51,145.51
10105.644479,67.77,145.08,145.08
10105.660655,67.77,144.95,144.95
10105.676828,67.77,144.58,144.58
10105.696749,67.77,145.18,145.18
10105.710988,67.77,145.13,145.13
10105.728275,67.77,144.97,144.97
10105.741503,67.77,145.05,145.05
10105.760650,67.77,145.13,145.13
10105.776403,67.77,145.34,145.34
10105.791353,67.77,144.99,144.99
10105.810007,67.77,145.00,145.00
10105.826772,67.77,144.35,144.35
10105.846575,67.77,143.85,143.85
10105.870811,67.77,144.04,144.04
10105.881779,67.77,143.72,143.72
10105.894576,67.77,143.79,143.79
10105.909268,67.77,144.18,144.18
10105.929602,67.77,143.84,143.84
10105.962466,67.77,143.68,143.68
10105.993143,67.77,143.69,143.69
10106.009123,67.77,144.18,144.18
10106.026501,67.77,143.67,143.67
10106.043192,67.77,143.78,143.78
10106.061804,67.77,143.57,143.57
10106.074922,67.77,143.69,143.69
10106.095116,67.77,144.04,144.04
10106.107557,67.77,144.12,144.12
10106.125969,67.77,144.27,144.27
10106.141216,67.77,144.61,144.61
10106.158782,67.77,144.68,144.68
10106.174369,67.77,144.80,144.80
10106.195423,67.77,144.48,144.48
10106.209729,67.77,144.06,144.06
10106.227981,67.77,144.23,144.23
10106.261764,67.77,144.43,144.43
10106.275021,67.77,144.61,144.61
10106.294932,67.77,147.49,147.49
10106.307882,67.77,147.19,147.19
10106.324605,67.77,147.39,147.39
10106.342453,67.77,147.45,147.45
10106.360004,67.77,147.65,147.65
10106.374442,67.77,147.45,147.45
10106.394629,67.77,147.55,147.55
10106.410122,67.77,147.57,147.57
10106.423894,67.77,147.33,147.33
10106.441335,67.77,147.54,147.54
10106.459820,67.77,147.67,147.67
10106.474283,67.77,147.80,147.80
10106.491302,67.77,148.09,148.09
10106.510336,67.77,147.98,147.98
10106.526474,67.77,147.70,147.70
10106.562472,67.77,147.40,147.40
10106.577357,67.77,147.53,147.53
10106.607743,67.77,147.53,147.53
10106.627570,67.77,147.62,147.62
10106.643834,67.77,147.89,147.89
10106.660298,67.77,147.88,147.88
10106.677556,67.77,147.87,147.87
10106.693457,67.77,147.94,147.94
10106.709146,67.77,147.91,147.91
10106.727738,67.77,147.90,147.90
10106.745463,67.77,147.64,147.64
10106.760421,67.77,147.38,147.38
10106.776534,67.77,146.94,146.94
10106.795912,67.77,146.93,146.93
10106.808933,67.77,146.93,146.93
10106.824521,67.77,146.90,146.90
10106.861453,67.77,146.86,146.86
10106.878031,67.77,146.98,146.98
10106.897543,67.77,147.10,147.10
10106.909080,67.77,147.05,147.05
10106.925629,67.77,147.29,147.29
10106.941690,67.77,147.59,147.59
10106.957999,67.77,147.70,147.70
10106.977659,67.77,147.65,147.65
10106.990038,67.77,147.91,147.91
10107.006593,67.77,147.94,147.94
10107.024053,67.77,147.49,147.49
10107.043370,67.77,147.28,147.28
10107.057595,67.77,147.40,147.40
10107.074887,67.77,147.22,147.22
10107.092713,67.77,147.19,147.19
10107.109573,67.77,147.49,147.49
10107.126048,67.77,147.49,147.49
10107.141807,67.77,147.13,147.13
10107.175771,67.77,146.53,146.53
10107.190361,67.77,146.51,146.51
10107.208904,67.77,146.41,146.41
10107.226513,67.77,146.13,146.13
10107.244934,67.77,146.44,146.44
10107.266440,67.77,146.43,146.43
10107.276686,67.77,146.23,146.23
10107.294311,67.77,147.15,147.15
10107.325575,67.77,147.22,147.22
10107.340048,67.77,147.26,147.26
10107.362589,67.77,147.36,147.36
10107.456718,67.77,147.02,147.02
10107.479882,67.77,150.49,150.49
10107.498406,67.77,150.50,150.50
10107.511575,67.77,149.84,149.84
10107.524167,67.77,153.19,153.19
10107.543479,67.77,155.44,155.44
10107.561150,67.77,158.43,158.43
10107.575318,67.77,161.45,161.45
10107.596518,67.77,163.50,163.50
10107.612942,67.77,164.88,164.88
10107.631277,67.77,165.02,165.02
10107.641286,67.77,165.69,165.69
10107.657144,67.77,166.65,166.65
10107.679596,67.77,166.66,166.66
10107.700221,67.77,167.28,167.28
10107.707847,67.77,167.15,167.15
10107.728403,67.77,167.16,167.16
10107.745962,67.77,167.31,167.31
10107.761456,67.77,167.58,167.58
10107.783949,67.77,167.69,167.69
10107.790357,67.77,167.58,167.58
10107.809823,67.77,166.85,166.85
10107.823205,67.77,165.46,165.46
10107.843014,67.77,162.72,162.72
10107.859386,67.77,160.28,160.28
10107.875263,67.77,158.09,158.09
10107.900530,67.77,156.14,156.14
10107.913966,67.77,155.59,155.59
10107.938329,67.77,155.00,155.00
10107.947211,67.77,154.79,154.79
10107.968129,67.77,154.42,154.42
10107.980060,67.77,154.83,154.83
10107.994501,67.77,154.90,154.90
10108.006764,67.77,155.21,155.21
10108.023098,67.77,155.44,155.44
10108.051867,67.77,155.51,155.51
10108.065029,67.77,155.65,155.65
10108.078241,67.77,155.89,155.89
10108.096025,67.77,155.97,155.97
10108.113878,67.77,155.78,155.78
10108.126443,67.77,155.50,155.50
10108.138575,67.77,155.53,155.53
10108.155355,67.77,155.61,155.61
10108.173875,67.77,155.48,155.48
10108.188746,67.77,155.41,155.41
10108.211548,67.77,155.58,155.58
10108.224429,67.77,155.27,155.27
10108.243486,67.77,155.21,155.21
10108.274301,67.77,155.57,155.57
10108.305546,67.77,156.28,156.28
10108.316680,67.77,156.09,156.09
10108.338842,67.77,156.15,156.15
10108.362630,67.77,156.06,156.06
10108.372186,67.77,156.30,156.30
10108.388725,67.77,156.15,156.15
10108.405011,67.77,155.86,155.86
10108.421556,67.77,155.96,155.96
10108.439990,67.77,156.48,156.48
10108.481956,67.77,152.91,152.91
10108.506103,67.77,152.77,152.77
10108.522158,67.77,153.07,153.07
10108.539828,67.77,153.38,153.38
10108.560475,67.77,153.46,153.46
10108.572677,67.77,153.83,153.83
10108.588725,67.77,153.88,153.88
10108.613033,67.77,153.86,153.86
10108.646085,67.77,154.00,154.00
10108.656287,67.77,153.61,153.61
10108.690103,67.77,153.25,153.25
10108.705597,67.77,153.04,153.04
10108.738219,67.77,152.87,152.87
10108.754746,67.77,152.71,152.71
10108.771882,67.77,152.85,152.85
10108.789084,67.77,153.02,153.02
10108.805336,67.77,152.69,152.69
10108.822705,67.77,152.68,152.68
10108.847865,67.77,152.75,152.75
10108.859369,67.77,152.90,152.90
10108.873101,67.77,153.25,153.25
10108.889407,67.77,153.75,153.75
10108.905560,67.77,153.42,153.42
10108.921825,67.77,152.72,152.72
10108.939692,67.77,152.51,152.51
10108.957567,67.77,152.48,152.48
10108.973253,67.77,152.29,152.29
10108.996737,67.77,152.11,152.11
10109.016147,67.77,151.76,151.76
10109.045273,67.77,151.24,151.24
10109.056733,67.77,150.86,150.86
10109.081311,67.77,150.80,150.80
10109.092078,67.77,150.96,150.96
10109.104843,67.77,150.67,150.67
10109.122146,67.77,150.47,150.47
10109.152877,67.77,150.40,150.40
10109.171787,67.77,150.53,150.53
10109.188354,67.77,150.15,150.15
10109.205084,67.77,150.10,150.10
10109.223420,67.77,150.70,150.70
10109.239288,67.77,150.74,150.74
10109.257591,67.77,150.59,150.59
10109.271746,67.77,150.60,150.60
10109.288785,67.77,150.67,150.67
10109.305205,67.77,150.66,150.66
10109.322133,67.77,150.70,150.70
10109.340321,67.77,150.95,150.95
10109.355257,67.77,150.43,150.43
10109.388684,67.77,149.97,149.97
10109.405284,67.77,150.20,150.20
10109.421405,67.77,149.20,149.20
10109.438812,67.77,149.44,149.44
10109.455133,67.77,148.16,148.16
10109.473203,67.77,148.15,148.15
10109.488805,67.77,148.21,148.21
10109.504396,67.77,148.00,148.00
10109.521824,67.77,147.98,147.98
10109.540359,67.77,148.11,148.11
10109.588034,67.77,148.65,148.65
10109.604282,67.77,148.89,148.89
10109.621716,67.77,148.86,148.86
10109.639580,67.77,148.88,148.88
10109.655539,67.77,148.81,148.81
10109.673303,67.77,148.69,148.69
10109.689354,67.77,148.62,148.62
10109.707502,67.77,148.92,148.92
10109.722528,67.77,148.73,148.73
10109.738006,67.77,148.77,148.77
10109.771982,67.77,148.97,148.97
10109.788274,67.77,149.01,149.01
10109.811967,67.77,148.95,148.95
10109.825952,67.77,148.93,148.93
10109.838964,67.77,149.25,149.25
10109.857311,67.77,149.20,149.20
10109.873264,67.77,149.33,149.33
10109.890094,67.77,149.62,149.62
10109.905120,67.77,149.89,149.89
10109.921674,67.77,149.73,149.73
10109.939553,67.77,149.91,149.91
10109.959381,67.77,149.79,149.79
10109.971607,67.77,149.74,149.74
10110.022879,67.77,145.52,145.52
10110.039459,67.77,145.46,145.46
10110.054913,67.77,145.85,145.85
10110.071727,67.77,146.34,146.34
10110.087473,67.77,150.44,150.44
10110.104803,67.77,150.31,150.31
10110.121807,67.77,149.50,149.50
10110.140308,67.77,149.52,149.52
10110.154834,67.77,148.60,148.60
10110.171695,67.77,148.96,148.96
10110.188162,67.77,148.83,148.83
10110.209136,67.77,149.23,149.23
10110.221828,67.77,149.28,149.28
10110.238671,67.77,148.84,148.84
10110.256536,67.77,149.04,149.04
10110.272179,67.77,149.46,149.46
10110.288372,67.77,149.41,149.41
10110.304712,67.77,149.22,149.22
10110.326308,67.77,149.63,149.63
10110.338356,67.77,149.37,149.37
10110.371607,67.77,149.48,149.48
10110.389817,67.77,149.42,149.42
10110.405776,67.77,150.05,150.05
10110.422700,67.77,149.88,149.88
10110.438516,67.77,149.81,149.81
10110.457252,67.77,149.86,149.86
10110.471055,67.77,149.84,149.84
10110.487957,67.77,149.81,149.81
10110.504573,67.77,150.15,150.15
10110.521216,67.77,150.30,150.30
10110.538101,67.77,150.00,150.00
10110.570854,67.77,149.57,149.57
10110.589517,67.77,152.94,152.94
10110.604457,67.77,152.98,152.98
10110.622281,67.77,153.16,153.16
10110.639136,67.77,153.04,153.04
10110.671450,67.77,152.66,152.66
10110.689531,67.77,152.76,152.76
10110.704329,67.77,152.87,152.87
10110.720890,67.77,152.95,152.95
10110.739571,67.77,152.22,152.22
10110.754734,67.77,151.93,151.93
10110.771043,67.77,151.62,151.62
10110.787878,67.77,151.32,151.32
10110.804225,67.77,151.41,151.41
10110.821799,67.77,151.13,151.13
10110.837822,67.77,151.12,151.12
10110.870474,67.77,151.22,151.22
10110.887171,67.77,151.03,151.03
10110.905610,67.77,150.94,150.94
10110.920946,67.77,150.94,150.94
10110.938959,67.77,150.94,150.94
10110.953547,67.77,150.80,150.80
10110.970745,67.77,150.54,150.54
10110.987399,67.77,150.23,150.23
10111.004142,67.77,150.28,150.28
10111.025336,67.77,150.09,150.09
10111.038315,67.77,150.33,150.33
10111.056029,67.77,150.32,150.32
10111.070851,67.77,150.18,150.18
10111.105790,67.77,150.38,150.38
10111.125255,67.77,149.88,149.88
10111.137610,67.77,149.30,149.30
10111.173335,67.77,148.95,148.95
10111.186929,67.77,157.50,157.50
10111.203565,67.77,157.45,157.45
10111.220586,67.77,157.47,157.47
10111.244400,67.77,157.34,157.34
10111.260792,67.77,157.08,157.08
10111.271861,67.77,156.93,156.93
10111.296593,67.77,156.69,156.69
10111.303412,67.77,156.91,156.91
10111.319483,67.77,157.05,157.05
10111.338051,67.77,157.10,157.10
10111.353582,67.77,157.19,157.19
10111.369392,67.77,157.30,157.30
10111.386647,67.77,157.05,157.05
10111.403594,67.77,157.10,157.10
10111.419908,67.77,157.13,157.13
10111.453309,67.77,156.78,156.78
10111.469777,67.77,156.67,156.67
10111.486628,67.77,156.57,156.57
10111.503296,67.77,156.68,156.68
10111.519495,67.77,156.69,156.69
10111.537084,67.77,156.68,156.68
10111.555839,67.77,156.21,156.21
10111.571253,67.77,156.26,156.26
10111.586740,67.77,156.13,156.13
10111.603403,67.77,156.08,156.08
10111.620061,67.77,156.01,156.01
10111.637689,67.77,156.00,156.00
10111.671559,67.77,156.03,156.03
10111.688887,67.77,155.96,155.96
10111.704280,67.77,155.73,155.73
10111.722912,67.77,155.88,155.88
10111.737880,67.77,155.34,155.34
10111.755534,67.77,155.82,155.82
10111.772680,67.77,156.36,156.36
10111.786792,67.77,159.37,159.37
10111.803704,67.77,160.75,160.75
10111.819658,67.77,162.26,162.26
10111.837615,67.77,163.86,163.86
10111.852884,67.77,164.61,164.61
10111.869809,67.77,165.49,165.49
10111.886816,67.77,165.86,165.86
10111.904958,67.77,166.14,166.14
10111.919553,67.77,166.74,166.74
10111.936914,67.77,166.78,166.78
10111.958638,67.77,166.79,166.79
10111.975535,67.77,166.53,166.53
10111.986650,67.77,165.92,165.92
10112.003651,67.77,165.78,165.78
10112.019801,67.77,164.13,164.13
10112.037740,67.77,163.51,163.51
10112.052920,67.77,161.60,161.60
10112.070536,67.77,159.34,159.34
10112.088335,67.77,157.37,157.37
10112.103772,67.77,155.99,155.99
10112.119725,67.77,156.12,156.12
10112.137680,67.77,156.63,156.63
10112.156037,67.77,156.56,156.56
10112.185225,67.77,157.19,157.19
10112.195956,67.77,158.08,158.08
10112.204416,67.77,158.51,158.51
10112.223224,67.77,158.51,158.51
10112.240164,67.77,158.66,158.66
10112.254302,67.77,161.41,161.41
10112.269863,67.77,161.33,161.33
10112.285595,67.77,162.83,162.83
10112.302580,67.77,169.82,169.82
10112.319858,67.77,170.08,170.08
10112.339251,67.77,170.13,170.13
10112.352848,67.77,170.07,170.07
10112.370507,67.77,169.95,169.95
10112.386382,67.77,169.88,169.88
10112.405328,67.77,170.08,170.08
10112.419610,67.77,170.11,170.11
10112.435858,67.77,169.82,169.82
10112.452229,67.77,169.87,169.87
10112.469761,67.77,169.88,169.88
10112.486172,67.77,169.89,169.89
10112.503586,67.77,169.69,169.69
10112.519245,67.77,169.98,169.98
10112.536908,67.77,169.69,169.69
10112.569997,67.77,169.40,169.40
10112.586158,67.77,169.58,169.58
10112.603018,67.77,169.72,169.72
10112.619869,67.77,169.98,169.98
10112.638106,67.77,170.12,170.12
10112.653240,67.77,169.51,169.51
10112.670359,67.77,169.25,169.25
10112.688006,67.77,169.43,169.43
10112.703707,67.77,170.04,170.04
10112.720424,67.77,169.98,169.98
10112.737853,67.77,169.17,169.17
10112.753939,67.77,169.11,169.11
10112.774960,67.77,169.56,169.56
10112.786326,67.77,169.93,169.93
10112.804511,67.77,169.96,169.96
10112.818870,67.77,169.68,169.68
10112.836542,67.77,170.01,170.01
10112.851841,67.77,170.36,170.36
10112.871090,67.77,170.69,170.69
10112.886219,67.77,170.41,170.41
10112.905104,67.77,170.27,170.27
10112.918807,67.77,170.10,170.10
10112.936936,67.77,169.96,169.96
10112.953993,67.77,170.38,170.38
10112.973474,67.77,170.26,170.26
10112.989404,67.77,169.79,169.79
10113.007039,67.77,169.92,169.92
10113.021334,67.77,170.32,170.32
10113.040363,67.77,170.83,170.83
10113.070063,67.77,170.02,170.02
10113.085753,67.77,169.35,169.35
10113.104205,67.77,170.11,170.11
10113.119778,67.77,170.73,170.73
10113.136748,67.77,169.74,169.74
10113.152877,67.77,169.54,169.54
10113.171762,67.77,169.98,169.98
10113.204151,67.77,170.76,170.76
10113.220399,67.77,170.81,170.81
10113.240224,67.77,170.38,170.38
10113.252459,67.77,170.00,170.00
10113.270950,67.77,169.93,169.93
10113.290856,67.77,169.67,169.67
10113.305075,67.77,170.81,170.81
10113.321068,67.77,171.46,171.46
10113.340082,67.77,170.96,170.96
10113.355021,67.77,170.30,170.30
10113.369454,67.77,170.10,170.10
10113.386299,67.77,156.81,156.81
10113.402749,67.77,156.80,156.80
10113.419188,67.77,157.58,157.58
10113.440151,67.77,157.91,157.91
10113.466886,67.77,157.92,157.92
10113.485424,67.77,170.37,170.37
10113.496194,67.77,170.49,170.49
10113.519411,67.77,170.45,170.45
10113.527553,67.77,170.33,170.33
10113.538862,67.77,170.26,170.26
10113.554548,67.77,170.39,170.39
10113.571160,67.77,170.32,170.32
10113.586967,67.77,170.78,170.78
10113.605694,67.77,170.89,170.89
10113.619979,67.77,170.52,170.52
10113.639996,67.77,170.14,170.14
10113.671331,67.77,170.02,170.02
10113.685781,67.77,170.26,170.26
10113.704417,67.77,170.09,170.09
10113.720758,67.77,170.43,170.43
10113.737964,67.77,170.36,170.36
10113.753918,67.77,170.49,170.49
10113.769827,67.77,170.29,170.29
10113.785893,67.77,170.31,170.31
10113.807627,67.77,170.33,170.33
10113.822678,67.77,170.25,170.25
10113.839137,67.77,170.53,170.53
10113.871020,67.77,170.68,170.68
10113.886982,67.77,170.40,170.40
10113.904556,67.77,170.67,170.67
10113.920929,67.77,170.80,170.80
10113.936877,67.77,170.50,170.50
10113.954531,67.77,170.27,170.27
10113.987058,67.77,170.75,170.75
10114.003966,67.77,170.40,170.40
10114.019468,67.77,170.29,170.29
10114.038731,67.77,170.30,170.30
10114.053785,67.77,170.46,170.46
10114.071165,67.77,170.49,170.49
10114.088611,67.77,170.20,170.20
10114.104696,67.77,169.93,169.93
10114.122580,67.77,170.18,170.18
10114.137191,67.77,170.54,170.54
10114.173411,67.77,170.13,170.13
10114.187283,67.77,170.17,170.17
10114.204580,67.77,170.24,170.24
10114.219504,67.77,169.98,169.98
10114.237139,67.77,170.12,170.12
10114.253602,67.77,170.11,170.11
10114.286022,67.77,170.30,170.30
10114.305463,67.77,171.05,171.05
10114.319896,67.77,170.92,170.92
10114.340444,67.77,170.78,170.78
10114.353993,67.77,170.73,170.73
10114.373102,67.77,171.08,171.08
10114.387859,67.77,170.77,170.77
10114.406167,67.77,170.53,170.53
10114.420217,67.77,153.93,153.93
10114.440563,67.77,153.83,153.83
10114.453382,67.77,154.01,154.01
10114.471481,67.77,154.41,154.41
10114.485153,67.77,155.12,155.12
10114.505056,67.77,155.09,155.09
10114.518391,67.77,155.01,155.01
10114.539603,67.77,155.08,155.08
10114.552441,67.77,155.29,155.29
10114.571819,67.77,155.44,155.44
10114.619254,67.77,155.87,155.87
10114.639499,67.77,156.28,156.28
10114.653445,67.77,156.24,156.24
10114.671455,67.77,156.44,156.44
10114.686498,67.77,156.43,156.43
10114.705238,67.77,156.58,156.58
10114.719866,67.77,156.64,156.64
10114.739103,67.77,157.34,157.34
10114.752871,67.77,156.99,156.99
10114.774094,67.77,157.13,157.13
10114.784898,67.77,157.18,157.18
10114.805025,67.77,157.56,157.56
10114.820100,67.77,157.58,157.58
10114.837831,67.77,157.66,157.66
10114.863934,67.77,157.48,157.48
10114.875546,67.77,157.86,157.86
10114.889167,67.77,157.75,157.75
10114.905325,67.77,158.09,158.09
10114.919358,67.77,157.98,157.98
10114.937814,67.77,157.84,157.84
10114.954378,67.77,157.88,157.88
10114.970652,67.77,157.77,157.77
10114.988448,67.77,158.39,158.39
10115.004789,67.77,158.39,158.39
10115.019581,67.77,158.87,158.87
10115.039566,67.77,158.22,158.22
10115.051875,67.77,158.55,158.55
10115.071220,67.77,159.18,159.18
10115.088193,67.77,159.20,159.20
10115.104501,67.77,159.75,159.75
10115.118723,67.77,159.64,159.64
10115.140244,67.77,160.47,160.47
10115.152485,67.77,161.10,161.10
10115.172241,67.77,162.28,162.28
10115.186978,67.77,163.11,163.11
10115.205327,67.77,164.91,164.91
10115.218728,67.77,166.40,166.40
10115.239410,67.77,172.07,172.07
10115.255090,67.77,174.65,174.65
10115.269247,67.77,179.44,179.44
10115.304378,67.77,184.30,184.30
10115.321502,67.77,189.81,189.81
10115.338026,67.77,188.77,188.77
10115.354821,67.77,188.45,188.45
10115.386138,67.77,190.66,190.66
10115.405156,67.77,190.86,190.86
10115.421879,67.77,196.90,196.90
10115.438210,67.77,204.48,204.48
10115.454536,67.77,205.68,205.68
10115.481024,67.77,212.23,212.23
10115.493725,67.77,210.40,210.40
10115.519554,67.77,208.43,208.43
10115.541926,67.77,209.73,209.73
10115.553858,67.77,206.79,206.79
10115.585692,67.77,204.23,204.23
10115.602396,67.77,206.88,206.88
10115.618906,67.77,204.14,204.14
10115.636447,67.77,206.26,206.26
10115.654000,67.77,204.05,204.05
10115.686195,67.77,206.29,206.29
10115.701522,67.77,210.56,210.56
10115.719505,67.77,211.61,211.61
10115.737350,67.77,213.60,213.60
10115.754821,67.77,210.27,210.27
10115.769804,67.77,209.27,209.27
10115.788618,67.77,206.73,206.73
10115.807051,67.77,207.71,207.71
10115.822598,67.77,209.49,209.49
10115.839917,67.77,213.72,213.72
10115.854580,67.77,215.77,215.77
10115.870528,67.77,223.67,223.67
10115.888223,67.77,224.65,224.65
10115.907250,67.77,224.83,224.83
10115.921460,67.77,226.09,226.09
10115.937256,67.77,215.64,215.64
10115.953927,67.77,217.43,217.43
10115.986365,67.77,222.41,222.41
10116.002380,67.77,229.92,229.92
10116.019381,67.77,233.40,233.40
10116.039612,67.77,239.84,239.84
10116.052223,67.77,242.15,242.15
10116.101607,67.77,244.22,244.22
10116.121434,67.77,247.96,247.96
10116.135871,67.77,250.85,250.85
10116.153415,67.77,251.70,251.70
10116.182929,67.77,251.89,251.89
10116.187165,67.77,252.53,252.53
10116.204274,67.77,252.89,252.89
10116.220474,67.77,252.92,252.92
10116.237635,67.77,252.15,252.15
10116.255733,67.77,250.95,250.95
10116.272637,67.77,249.04,249.04
10116.289884,67.77,249.76,249.76
10116.303371,67.77,249.97,249.97
10116.324234,67.77,249.00,249.00
10116.337189,67.77,250.36,250.36
10116.361826,67.77,251.84,251.84
10116.395364,67.77,254.13,254.13
10116.402893,67.77,250.53,250.53
10116.423977,67.77,251.32,251.32
10116.449390,67.77,252.35,252.35
10116.456261,67.77,243.95,243.95
10116.470289,67.77,238.70,238.70
10116.489766,67.77,229.06,229.06
10116.506530,67.77,222.50,222.50
10116.517973,67.77,222.48,222.48
10116.534852,67.77,212.50,212.50
10116.553788,67.77,199.27,199.27
10116.568332,67.77,198.37,198.37
10116.587044,67.77,195.18,195.18
10116.600546,67.77,198.77,198.77
10116.618059,67.77,201.77,201.77
10116.633211,67.77,206.46,206.46
10116.650238,67.77,208.26,208.26
10116.666498,67.77,208.48,208.48
10116.684536,67.77,207.89,207.89
10116.706873,67.77,199.93,199.93
10116.717140,67.77,199.04,199.04
10116.735794,67.77,199.28,199.28
10116.756751,67.77,200.23,200.23
10116.779794,67.77,206.24,206.24
10116.797785,67.77,209.35,209.35
10116.806754,67.77,221.72,221.72
10116.815969,67.77,227.97,227.97
10116.860702,67.77,232.83,232.83
10116.870855,67.77,231.28,231.28
10116.889575,67.77,230.89,230.89
10116.913064,67.77,226.08,226.08
10116.937856,67.77,223.69,223.69
10116.952243,67.77,220.29,220.29
10116.972079,67.77,220.06,220.06
10116.989449,67.77,220.60,220.60
10117.004821,67.77,221.11,221.11
10117.021539,67.77,220.41,220.41
10117.038971,67.77,220.98,220.98
10117.054166,67.77,220.76,220.76
10117.073219,67.77,219.80,219.80
10117.089661,67.77,218.31,218.31
10117.104798,67.77,216.73,216.73
10117.119306,67.77,215.55,215.55
10117.136175,67.77,215.14,215.14
10117.154161,67.77,215.47,215.47
10117.170432,67.77,217.09,217.09
10117.187356,67.77,217.54,217.54
10117.228374,67.77,219.45,219.45
10117.259781,67.77,220.45,220.45
10117.298103,67.77,221.82,221.82
10117.317212,67.77,221.95,221.95
10117.327762,67.77,221.91,221.91
10117.364009,67.77,221.91,221.91
10117.380604,67.77,221.91,221.91
10117.389819,67.77,219.42,219.42
10117.416000,67.77,218.92,218.92
10117.425607,67.77,218.22,218.22
10117.460730,67.77,215.29,215.29
10117.495365,67.77,175.32,175.32
10117.508713,67.77,129.89,129.89
10117.529949,67.77,129.89,129.89
10117.560299,67.77,124.15,124.15
10117.579651,67.77,124.11,124.11
10117.602623,67.77,122.42,122.42
10117.625269,67.77,121.94,121.94
10117.646545,67.77,121.86,121.86
10117.676540,67.77,122.12,122.12
10117.682940,67.77,121.57,121.57
10117.717716,67.77,119.37,119.37
10117.744972,67.77,118.85,118.85
10117.793857,67.77,118.87,118.87
10117.809360,67.77,120.55,120.55
10117.829030,67.77,120.72,120.72
10117.845971,67.77,122.44,122.44
10117.865343,67.77,127.94,127.94
10117.893023,67.77,129.27,129.27
10117.909780,67.77,130.83,130.83
10117.929987,67.77,131.65,131.65
10117.946186,67.77,135.90,135.90
10117.981637,67.77,145.95,145.95
10117.996711,67.77,152.67,152.67
10118.030517,67.77,87.36,87.36
10118.059708,67.77,35.96,35.96
10118.078417,67.77,26.36,26.36
10118.093444,67.77,12.90,12.90
10118.134069,67.77,10.32,10.32
10118.155553,67.77,10.90,10.90
10118.168686,67.77,10.92,10.92
10118.197082,67.77,10.69,10.69
10118.216182,67.77,10.84,10.84
10118.230583,67.77,11.43,11.43
10118.243271,67.77,10.91,10.91
10118.280118,67.77,11.66,11.66
10118.292775,67.77,11.33,11.33
10118.302834,67.77,10.69,10.69
10118.311346,67.77,10.76,10.76
10118.317984,67.77,10.76,10.76
10118.329067,67.77,10.76,10.76
10118.347946,67.77,10.76,10.76
10118.361001,67.77,10.76,10.76
10118.372016,67.77,10.76,10.76
10118.383192,67.77,10.76,10.76
10118.394656,67.77,10.76,10.76
10118.436334,67.77,10.85,10.85
10118.444289,67.77,10.85,10.85
10118.460655,67.77,11.54,11.54
10118.471762,67.77,11.53,11.53
10118.484612,67.77,14.06,14.06
10118.507563,67.77,15.38,15.38
10118.530337,67.77,14.82,14.82
10118.542489,67.77,16.05,16.05
10118.553743,67.77,17.45,17.45
10118.565393,67.77,16.14,16.14
10118.577323,67.77,17.70,17.70
10118.587405,67.77,15.60,15.60
10118.598481,67.77,16.57,16.57