4269.644810,67.77,21.45,21.45
4269.656880,67.77,21.45,21.45
4269.664518,67.77,21.45,21.45
4269.680840,67.77,21.45,21.45
4269.693385,67.77,21.45,21.45
4269.704282,67.77,21.45,21.45
4269.714317,67.77,21.45,21.45
4269.736863,67.77,21.46,21.46
4269.743067,67.77,19.88,19.88
4269.755313,67.77,13.36,13.36
4269.765291,67.77,12.53,12.53
4269.775584,67.77,9.40,9.40
4269.785882,67.77,9.28,9.28
4269.796539,67.77,10.12,10.12
4269.808451,67.77,9.11,9.11
4269.819175,67.77,8.81,8.81
4269.830160,67.77,8.54,8.54
4269.840541,67.77,7.53,7.53
4269.852031,67.77,7.20,7.20
4269.863198,67.77,6.81,6.81
4269.874163,67.77,6.49,6.49
4269.884662,67.77,6.48,6.48
4269.895656,67.77,6.05,6.05
4269.907357,67.77,6.71,6.71
4269.917652,67.77,7.17,7.17
4269.929349,67.77,8.04,8.04
4269.939679,67.77,8.90,8.90
4269.951673,67.77,9.91,9.91
4269.962302,67.77,11.10,11.10
4269.973504,67.77,12.64,12.64
4269.984557,67.77,13.47,13.47
4269.995643,67.77,15.60,15.60
4270.006915,67.77,16.59,16.59
4270.018279,67.77,18.37,18.37
4270.028790,67.77,19.72,19.72
4270.040146,67.77,21.79,21.79
4270.051365,67.77,23.07,23.07
4270.062265,67.77,24.43,24.43
4270.073620,67.77,25.49,25.49
4270.083925,67.77,26.14,26.14
4270.094950,67.77,26.59,26.59
4270.106057,67.77,26.94,26.94
4270.117151,67.77,26.73,26.73
4270.128207,67.77,26.95,26.95
4270.139388,67.77,26.94,26.94
4270.151023,67.77,26.66,26.66
4270.162616,67.77,26.52,26.52
4270.173286,67.77,26.48,26.48
4270.184500,67.77,26.43,26.43
4270.195542,67.77,26.51,26.51
4270.206745,67.77,26.50,26.50
4270.218367,67.77,26.58,26.58
4270.228583,67.77,26.61,26.61
4270.239621,67.77,26.67,26.67
4270.250615,67.77,26.62,26.62
4270.261524,67.77,26.73,26.73
4270.272802,67.77,26.80,26.80
4270.283820,67.77,26.80,26.80
4270.294968,67.77,26.75,26.75
4270.305993,67.77,26.72,26.72
4270.317216,67.77,26.75,26.75
4270.328205,67.77,26.46,26.46
4270.339875,67.77,26.37,26.37
4270.351611,67.77,26.37,26.37
4270.362513,67.77,26.27,26.27
4270.373396,67.77,26.26,26.26
4270.384411,67.77,26.33,26.33
4270.395314,67.77,26.33,26.33
4270.406112,67.77,26.36,26.36
4270.419817,67.77,26.48,26.48
4270.430478,67.77,26.48,26.48
4270.440339,67.77,26.48,26.48
4270.452263,67.77,26.48,26.48
4270.462476,67.77,26.48,26.48
4270.475215,67.77,26.48,26.48
4270.485019,67.77,26.47,26.47
4270.497097,67.77,27.12,27.12
4270.506500,67.77,27.02,27.02
4270.517832,67.77,26.92,26.92
4270.529235,67.77,26.86,26.86
4270.540279,67.77,26.85,26.85
4270.551065,67.77,26.84,26.84
4270.561922,67.77,26.84,26.84
4270.572747,67.77,26.82,26.82
4270.584261,67.77,26.83,26.83
4270.595175,67.77,26.83,26.83
4270.607942,67.77,26.84,26.84
4270.617209,67.77,26.84,26.84
4270.628365,67.77,26.81,26.81
4270.640475,67.77,26.78,26.78
4270.650787,67.77,26.75,26.75
4270.662609,67.77,26.74,26.74
4270.672759,67.77,26.73,26.73
4270.683893,67.77,26.71,26.71
4270.695221,67.77,26.71,26.71
4270.707092,67.77,26.71,26.71
4270.717902,67.77,26.71,26.71
4270.729024,67.77,26.72,26.72
4270.741556,67.77,26.73,26.73
4270.763937,67.77,26.72,26.72
4270.769280,67.77,26.71,26.71
4270.792494,67.77,26.72,26.72
4270.799904,67.77,26.71,26.71
4270.810833,67.77,26.70,26.70
4270.819625,67.77,23.57,23.57
4270.831563,67.77,20.57,20.57
4270.843502,67.77,19.23,19.23
4270.856459,67.77,20.42,20.42
4270.869844,67.77,30.91,30.91
4270.895191,67.77,58.39,58.39
4270.903940,67.77,78.75,78.75
4270.919114,67.77,105.77,105.77
4270.930632,67.77,118.86,118.86
4270.942057,67.77,127.27,127.27
4270.953792,67.77,135.51,135.51
4270.970476,67.77,141.09,141.09
4270.982588,67.77,146.62,146.62
4270.992292,67.77,155.72,155.72
4271.002876,67.77,161.45,161.45
4271.012280,67.77,165.83,165.83
4271.022053,67.77,166.10,166.10
4271.032845,67.77,170.86,170.86
4271.069062,67.77,178.74,178.74
4271.079861,67.77,179.85,179.85
4271.096341,67.77,180.72,180.72
4271.111404,67.77,180.82,180.82
4271.121628,67.77,181.58,181.58
4271.133877,67.77,181.13,181.13
4271.145960,67.77,186.55,186.55
4271.159104,67.77,186.93,186.93
4271.175906,67.77,186.68,186.68
4271.186536,67.77,186.53,186.53
4271.197741,67.77,186.46,186.46
4271.208951,67.77,186.54,186.54
4271.220823,67.77,186.50,186.50
4271.234861,67.77,186.49,186.49
4271.246728,67.77,186.83,186.83
4271.255499,67.77,160.52,160.52
4271.264866,67.77,137.20,137.20
4271.276926,67.77,115.54,115.54
4271.288840,67.77,90.69,90.69
4271.297971,67.77,74.64,74.64
4271.309402,67.77,60.33,60.33
4271.321056,67.77,47.90,47.90
4271.331299,67.77,37.43,37.43
4271.342688,67.77,27.99,27.99
4271.353637,67.77,19.65,19.65
4271.364468,67.77,13.87,13.87
4271.376653,67.77,9.74,9.74
4271.386510,67.77,6.15,6.15
4271.398063,67.77,5.60,5.60
4271.440581,67.77,5.60,5.60
4271.506159,67.77,5.60,5.60
4271.584224,67.77,5.60,5.60
4271.650174,67.77,5.60,5.60
4271.716258,67.77,5.60,5.60
4271.783385,67.77,5.60,5.60
4271.849573,67.77,5.60,5.60
4271.916994,67.77,5.60,5.60
4271.983730,67.77,5.60,5.60
4272.049771,67.77,5.60,5.60
4272.116189,67.77,5.60,5.60
4272.184259,67.77,5.60,5.60
4272.249787,67.77,5.60,5.60
4272.315854,67.77,5.60,5.60
4272.444506,67.77,5.60,5.60
4272.529834,67.77,5.60,5.60
4272.577901,67.77,138.24,138.24
4272.598508,67.77,145.04,145.04
4272.614790,67.77,146.29,146.29
4272.629689,67.77,156.14,156.14
4272.660846,67.77,167.86,167.86
4272.678480,67.77,169.91,169.91
4272.694500,67.77,172.41,172.41
4272.712306,67.77,174.44,174.44
4272.727870,67.77,178.30,178.30
4272.744427,67.77,178.55,178.55
4272.761406,67.77,181.77,181.77
4272.779928,67.77,181.89,181.89
4272.795823,67.77,184.31,184.31
4272.810775,67.77,183.45,183.45
4272.827770,67.77,187.70,187.70
4272.845732,67.77,186.17,186.17
4272.860740,67.77,186.48,186.48
4272.878961,67.77,185.73,185.73
4272.894087,67.77,183.65,183.65
4272.927234,67.77,181.83,181.83
4272.945932,67.77,180.56,180.56
4272.961390,67.77,179.48,179.48
4272.979091,67.77,177.32,177.32
4272.994124,67.77,173.74,173.74
4273.012169,67.77,170.33,170.33
4273.028890,67.77,168.49,168.49
4273.045785,67.77,167.20,167.20
4273.061177,67.77,164.63,164.63
4273.078378,67.77,164.28,164.28
4273.094614,67.77,162.83,162.83
4273.112207,67.77,163.03,163.03
4273.127709,67.77,162.03,162.03
4273.148071,67.77,161.89,161.89
4273.161011,67.77,158.98,158.98
4273.179525,67.77,158.71,158.71
4273.197180,67.77,156.91,156.91
4273.212722,67.77,157.65,157.65
4273.227310,67.77,155.62,155.62
4273.248335,67.77,156.23,156.23
4273.261759,67.77,154.01,154.01
4273.278567,67.77,153.16,153.16
4273.294139,67.77,151.44,151.44
4273.311662,67.77,152.68,152.68
4273.345798,67.77,151.67,151.67
4273.363164,67.77,151.76,151.76
4273.381312,67.77,150.67,150.67
4273.430920,67.77,149.36,149.36
4273.445313,67.77,148.85,148.85
4273.462466,67.77,147.71,147.71
4273.484040,67.77,147.75,147.75
4273.496633,67.77,146.38,146.38
4273.528924,67.77,176.81,176.81
4273.544838,67.77,176.25,176.25
4273.560847,67.77,175.37,175.37
4273.577634,67.77,175.05,175.05
4273.595992,67.77,176.47,176.47
4273.611797,67.77,177.01,177.01
4273.627522,67.77,177.03,177.03
4273.646949,67.77,178.36,178.36
4273.661475,67.77,177.54,177.54
4273.678733,67.77,177.82,177.82
4273.712979,67.77,178.30,178.30
4273.728879,67.77,178.59,178.59
4273.745147,67.77,178.97,178.97
4273.761635,67.77,179.27,179.27
4273.781990,67.77,179.72,179.72
4273.794594,67.77,178.45,178.45
4273.812364,67.77,179.06,179.06
4273.828248,67.77,178.89,178.89
4273.844944,67.77,179.21,179.21
4273.860845,67.77,180.27,180.27
4273.894486,67.77,181.04,181.04
4273.911805,67.77,181.85,181.85
4273.927839,67.77,181.57,181.57
4273.944186,67.77,181.93,181.93
4273.960882,67.77,182.10,182.10
4273.977940,67.77,182.16,182.16
4273.994513,67.77,181.96,181.96
4274.013333,67.77,182.10,182.10
4274.027617,67.77,181.98,181.98
4274.045232,67.77,183.71,183.71
4274.061724,67.77,183.85,183.85
4274.094586,67.77,183.95,183.95
4274.111008,67.77,183.92,183.92
4274.128172,67.77,183.08,183.08
4274.145406,67.77,182.72,182.72
4274.160823,67.77,182.66,182.66
4274.180219,67.77,182.64,182.64
4274.194803,67.77,182.90,182.90
4274.214457,67.77,182.52,182.52
4274.227704,67.77,182.07,182.07
4274.245794,67.77,182.05,182.05
4274.263530,67.77,182.07,182.07
4274.280912,67.77,182.36,182.36
4274.301765,67.77,182.49,182.49
4274.311899,67.77,182.94,182.94
4274.328086,67.77,182.77,182.77
4274.346939,67.77,182.62,182.62
4274.361508,67.77,182.54,182.54
4274.378112,67.77,182.01,182.01
4274.395134,67.77,181.12,181.12
4274.411412,67.77,180.63,180.63
4274.428004,67.77,179.90,179.90
4274.449508,67.77,179.12,179.12
4274.462608,67.77,178.09,178.09
4274.479403,67.77,177.17,177.17
4274.513249,67.77,175.18,175.18
4274.528354,67.77,174.80,174.80
4274.544975,67.77,174.40,174.40
4274.562607,67.77,173.37,173.37
4274.585347,67.77,171.98,171.98
4274.612085,67.77,172.10,172.10
4274.627876,67.77,170.70,170.70
4274.645445,67.77,171.24,171.24
4274.661950,67.77,171.27,171.27
4274.680540,67.77,170.13,170.13
4274.696398,67.77,168.86,168.86
4274.714679,67.77,167.17,167.17
4274.734116,67.77,167.36,167.36
4274.745351,67.77,166.53,166.53
4274.761395,67.77,165.74,165.74
4274.794454,67.77,165.04,165.04
4274.812282,67.77,165.10,165.10
4274.827861,67.77,164.62,164.62
4274.853084,67.77,167.01,167.01
4274.862583,67.77,165.87,165.87
4274.879397,67.77,166.02,166.02
4274.893985,67.77,165.04,165.04
4274.915511,67.77,165.20,165.20
4274.928238,67.77,165.72,165.72
4274.946879,67.77,165.90,165.90
4274.961604,67.77,165.20,165.20
4274.990294,67.77,165.70,165.70
4274.995454,67.77,164.99,164.99
4275.012634,67.77,165.31,165.31
4275.027690,67.77,164.90,164.90
4275.044543,67.77,165.02,165.02
4275.061739,67.77,164.96,164.96
4275.078560,67.77,165.75,165.75
4275.095316,67.77,165.76,165.76
4275.111850,67.77,166.71,166.71
4275.128390,67.77,164.89,164.89
4275.145000,67.77,165.54,165.54
4275.171292,67.77,166.16,166.16
4275.180319,67.77,166.49,166.49
4275.212074,67.77,168.75,168.75
4275.228055,67.77,169.15,169.15
4275.247226,67.77,170.57,170.57
4275.262522,67.77,171.52,171.52
4275.295276,67.77,173.28,173.28
4275.314464,67.77,173.49,173.49
4275.329914,67.77,174.21,174.21
4275.347265,67.77,174.36,174.36
4275.362028,67.77,173.54,173.54
4275.395560,67.77,173.40,173.40
4275.412829,67.77,176.78,176.78
4275.428589,67.77,176.27,176.27
4275.447635,67.77,177.37,177.37
4275.462414,67.77,176.16,176.16
4275.484091,67.77,175.43,175.43
4275.497138,67.77,174.63,174.63
4275.513852,67.77,172.44,172.44
4275.528138,67.77,171.15,171.15
4275.547613,67.77,170.43,170.43
4275.564986,67.77,172.51,172.51
4275.580236,67.77,172.29,172.29
4275.596930,67.77,172.56,172.56
4275.614674,67.77,172.20,172.20
4275.630806,67.77,171.98,171.98
4275.647469,67.77,172.03,172.03
4275.662248,67.77,171.38,171.38
4275.684649,67.77,171.80,171.80
4275.698386,67.77,171.61,171.61
4275.717385,67.77,171.73,171.73
4275.731789,67.77,169.60,169.60
4275.749183,67.77,168.99,168.99
4275.769225,67.77,168.71,168.71
4275.782141,67.77,169.34,169.34
4275.795610,67.77,168.83,168.83
4275.813898,67.77,169.18,169.18
4275.828634,67.77,169.27,169.27
4275.846424,67.77,170.18,170.18
4275.862283,67.77,168.73,168.73
4275.880408,67.77,169.84,169.84
4275.897146,67.77,169.38,169.38
4275.914249,67.77,169.59,169.59
4275.928800,67.77,169.22,169.22
4275.949135,67.77,169.69,169.69
4275.963602,67.77,169.95,169.95
4276.013459,67.77,171.31,171.31
4276.029836,67.77,171.97,171.97
4276.048305,67.77,171.41,171.41
4276.062479,67.77,171.70,171.70
4276.079992,67.77,171.21,171.21
4276.096106,67.77,170.90,170.90
4276.114877,67.77,170.92,170.92
4276.128530,67.77,171.27,171.27
4276.147191,67.77,171.15,171.15
4276.162984,67.77,171.91,171.91
4276.185265,67.77,172.67,172.67
4276.197806,67.77,172.30,172.30
4276.230174,67.77,171.95,171.95
4276.249844,67.77,171.67,171.67
4276.263018,67.77,172.84,172.84
4276.281189,67.77,172.75,172.75
4276.314090,67.77,171.76,171.76
4276.329118,67.77,172.26,172.26
4276.347406,67.77,172.28,172.28
4276.362492,67.77,173.59,173.59
4276.381677,67.77,173.42,173.42
4276.414185,67.77,174.79,174.79
4276.430229,67.77,174.43,174.43
4276.450302,67.77,174.96,174.96
4276.463411,67.77,174.80,174.80
4276.498454,67.77,174.61,174.61
4276.516281,67.77,174.57,174.57
4276.530374,67.77,174.15,174.15
4276.549285,67.77,174.14,174.14
4276.582273,67.77,173.98,173.98
4276.597640,67.77,173.22,173.22
4276.606436,67.77,173.82,173.82
4276.631266,67.77,173.79,173.79
4276.649798,67.77,174.02,174.02
4276.664546,67.77,173.90,173.90
4276.681128,67.77,174.13,174.13
4276.715973,67.77,173.76,173.76
4276.731249,67.77,173.95,173.95
4276.747930,67.77,174.98,174.98
4276.762826,67.77,174.90,174.90
4276.800082,67.77,174.56,174.56
4276.833141,67.77,175.33,175.33
4276.851236,67.77,175.63,175.63
4276.882593,67.77,176.09,176.09
4276.996501,67.77,175.32,175.32
4277.013666,67.77,172.58,172.58
4277.029270,67.77,171.64,171.64
4277.047319,67.77,172.59,172.59
4277.079850,67.77,172.05,172.05
4277.090679,67.77,172.88,172.88
4277.101567,67.77,173.18,173.18
4277.115664,67.77,173.55,173.55
4277.131096,67.77,175.22,175.22
4277.149822,67.77,178.12,178.12
4277.164306,67.77,181.65,181.65
4277.181228,67.77,184.65,184.65
4277.199742,67.77,187.00,187.00
4277.215807,67.77,187.43,187.43
4277.233308,67.77,187.94,187.94
4277.248715,67.77,189.16,189.16
4277.263050,67.77,189.27,189.27
4277.287283,67.77,189.61,189.61
4277.299518,67.77,189.63,189.63
4277.318284,67.77,189.77,189.77
4277.329604,67.77,190.07,190.07
4277.349285,67.77,190.47,190.47
4277.365873,67.77,190.43,190.43
4277.382032,67.77,189.16,189.16
4277.397626,67.77,187.98,187.98
4277.414016,67.77,185.69,185.69
4277.429930,67.77,183.22,183.22
4277.448571,67.77,180.85,180.85
4277.464193,67.77,178.96,178.96
4277.482372,67.77,178.44,178.44
4277.501335,67.77,177.62,177.62
4277.517621,67.77,177.53,177.53
4277.532322,67.77,177.33,177.33
4277.548571,67.77,178.25,178.25
4277.563706,67.77,178.27,178.27
4277.579995,67.77,178.10,178.10
4277.595559,67.77,177.30,177.30
4277.614808,67.77,177.31,177.31
4277.628969,67.77,177.89,177.89
4277.645540,67.77,178.39,178.39
4277.663050,67.77,178.03,178.03
4277.679994,67.77,177.58,177.58
4277.694068,67.77,177.69,177.69
4277.714779,67.77,177.93,177.93
4277.730210,67.77,178.37,178.37
4277.749373,67.77,178.64,178.64
4277.763951,67.77,178.36,178.36
4277.777866,67.77,178.42,178.42
4277.797228,67.77,177.44,177.44
4277.811380,67.77,178.53,178.53
4277.828870,67.77,178.34,178.34
4277.851473,67.77,177.64,177.64
4277.870215,67.77,177.47,177.47
4277.883328,67.77,177.52,177.52
4277.900197,67.77,177.98,177.98
4277.919356,67.77,178.99,178.99
4277.930883,67.77,179.01,179.01
4277.945050,67.77,178.90,178.90
4277.965061,67.77,178.93,178.93
4277.979514,67.77,178.96,178.96
4277.996411,67.77,178.86,178.86
4278.015066,67.77,179.13,179.13
4278.028543,67.77,179.31,179.31
4278.051073,67.77,179.92,179.92
4278.071153,67.77,179.79,179.79
4278.085214,67.77,179.49,179.49
4278.096651,67.77,179.30,179.30
4278.110722,67.77,179.10,179.10
4278.130725,67.77,179.33,179.33
4278.145373,67.77,179.43,179.43
4278.162621,67.77,179.40,179.40
4278.181384,67.77,179.86,179.86
4278.197087,67.77,180.20,180.20
4278.211677,67.77,179.76,179.76
4278.232222,67.77,179.44,179.44
4278.245157,67.77,179.41,179.41
4278.266666,67.77,179.60,179.60
4278.283155,67.77,179.58,179.58
4278.298442,67.77,179.14,179.14
4278.311487,67.77,179.39,179.39
4278.330265,67.77,179.30,179.30
4278.346489,67.77,179.37,179.37
4278.367096,67.77,179.26,179.26
4278.384738,67.77,179.45,179.45
4278.397546,67.77,179.79,179.79
4278.428264,67.77,179.58,179.58
4278.448487,67.77,178.80,178.80
4278.463484,67.77,179.19,179.19
4278.479117,67.77,179.17,179.17
4278.497000,67.77,179.06,179.06
4278.511712,67.77,179.14,179.14
4278.531700,67.77,179.10,179.10
4278.546991,67.77,179.03,179.03
4278.564133,67.77,179.01,179.01
4278.578870,67.77,179.01,179.01
4278.614140,67.77,178.65,178.65
4278.647602,67.77,178.74,178.74
4278.663375,67.77,178.89,178.89
4278.681053,67.77,178.95,178.95
4278.695493,67.77,178.82,178.82
4278.711907,67.77,179.32,179.32
4278.728513,67.77,179.34,179.34
4278.745188,67.77,179.41,179.41
4278.764826,67.77,179.50,179.50
4278.777759,67.77,179.37,179.37
4278.811709,67.77,179.29,179.29
4278.827316,67.77,179.12,179.12
4278.844138,67.77,179.15,179.15
4278.864090,67.77,179.09,179.09
4278.878129,67.77,178.94,178.94
4278.894106,67.77,178.95,178.95
4278.911929,67.77,178.93,178.93
4278.927302,67.77,178.86,178.86
4278.950030,67.77,178.86,178.86
4278.961177,67.77,179.02,179.02
4278.984286,67.77,178.99,178.99
4279.012947,67.77,179.16,179.16
4279.031606,67.77,178.99,178.99
4279.051642,67.77,178.92,178.92
4279.065090,67.77,178.90,178.90
4279.084904,67.77,178.90,178.90
4279.093978,67.77,178.84,178.84
4279.134700,67.77,179.05,179.05
4279.151095,67.77,179.04,179.04
4279.166068,67.77,178.86,178.86
4279.185763,67.77,178.94,178.94
4279.211381,67.77,179.23,179.23
4279.227436,67.77,179.90,179.90
4279.243757,67.77,179.84,179.84
4279.260502,67.77,179.34,179.34
4279.277297,67.77,179.42,179.42
4279.293481,67.77,179.82,179.82
4279.310891,67.77,179.82,179.82
4279.327717,67.77,179.98,179.98
4279.345358,67.77,179.93,179.93
4279.367532,67.77,179.81,179.81
4279.377909,67.77,179.67,179.67
4279.393442,67.77,179.59,179.59
4279.411001,67.77,179.46,179.46
4279.427499,67.77,179.70,179.70
4279.465146,67.77,179.72,179.72
4279.480605,67.77,179.71,179.71
4279.518565,67.77,179.84,179.84
4279.533699,67.77,180.05,180.05
4279.550157,67.77,179.93,179.93
4279.564822,67.77,179.77,179.77
4279.586721,67.77,179.83,179.83
4279.594586,67.77,180.11,180.11
4279.611433,67.77,180.25,180.25
4279.628005,67.77,180.46,180.46
4279.644653,67.77,180.45,180.45
4279.670597,67.77,180.50,180.50
4279.684244,67.77,180.39,180.39
4279.694473,67.77,179.93,179.93
4279.712433,67.77,179.59,179.59
4279.728893,67.77,179.22,179.22
4279.744755,67.77,179.21,179.21
4279.796885,67.77,179.19,179.19
4279.811099,67.77,179.45,179.45
4279.828259,67.77,179.79,179.79
4279.845429,67.77,180.09,180.09
4279.861495,67.77,180.21,180.21
4279.878522,67.77,180.48,180.48
4279.897021,67.77,180.38,180.38
4279.915389,67.77,180.22,180.22
4279.928279,67.77,180.02,180.02
4279.944774,67.77,179.77,179.77
4279.961106,67.77,179.75,179.75
4279.980092,67.77,180.17,180.17
4279.994647,67.77,180.69,180.69
4280.010979,67.77,181.13,181.13
4280.028154,67.77,180.99,180.99
4280.044663,67.77,180.75,180.75
4280.061435,67.77,180.42,180.42
4280.080012,67.77,180.46,180.46
4280.095194,67.77,180.94,180.94
4280.111569,67.77,181.29,181.29
4280.130203,67.77,181.36,181.36
4280.145694,67.77,181.29,181.29
4280.163831,67.77,180.85,180.85
4280.178491,67.77,181.03,181.03
4280.213984,67.77,181.20,181.20
4280.230490,67.77,181.03,181.03
4280.249171,67.77,181.13,181.13
4280.264700,67.77,181.32,181.32
4280.294929,67.77,181.13,181.13
4280.311116,67.77,181.14,181.14
4280.327381,67.77,177.64,177.64
4280.344477,67.77,177.33,177.33
4280.360846,67.77,177.20,177.20
4280.385267,67.77,177.07,177.07
4280.401110,67.77,177.19,177.19
4280.412543,67.77,177.14,177.14
4280.428665,67.77,179.30,179.30
4280.447385,67.77,179.25,179.25
4280.461836,67.77,179.34,179.34
4280.478084,67.77,179.44,179.44
4280.514257,67.77,179.62,179.62
4280.528189,67.77,179.51,179.51
4280.547197,67.77,179.12,179.12
4280.562185,67.77,179.06,179.06
4280.578494,67.77,179.48,179.48
4280.594731,67.77,179.65,179.65
4280.615369,67.77,179.98,179.98
4280.628680,67.77,179.37,179.37
4280.644223,67.77,179.86,179.86
4280.661849,67.77,180.51,180.51
4280.677883,67.77,183.87,183.87
4280.693995,67.77,185.83,185.83
4280.710451,67.77,187.67,187.67
4280.730446,67.77,188.90,188.90
4280.744961,67.77,189.66,189.66
4280.761036,67.77,190.35,190.35
4280.777813,67.77,190.59,190.59
4280.794863,67.77,190.77,190.77
4280.810972,67.77,191.19,191.19
4280.827807,67.77,191.49,191.49
4280.844954,67.77,191.61,191.61
4280.861917,67.77,191.91,191.91
4280.880458,67.77,191.70,191.70
4280.894505,67.77,191.57,191.57
4280.911975,67.77,190.86,190.86
4280.928605,67.77,190.75,190.75
4280.945709,67.77,188.46,188.46
4280.962667,67.77,185.83,185.83
4280.977843,67.77,183.46,183.46
4280.994332,67.77,181.72,181.72
4281.012613,67.77,181.38,181.38
4281.028937,67.77,181.17,181.17
4281.045038,67.77,180.90,180.90
4281.062857,67.77,180.49,180.49
4281.078793,67.77,180.69,180.69
4281.096029,67.77,181.09,181.09
4281.111190,67.77,181.31,181.31
4281.127963,67.77,181.08,181.08
4281.145272,67.77,181.14,181.14
4281.162520,67.77,181.21,181.21
4281.178395,67.77,181.26,181.26
4281.194182,67.77,181.35,181.35
4281.212315,67.77,181.45,181.45
4281.228848,67.77,181.34,181.34
4281.244724,67.77,181.40,181.40
4281.264318,67.77,181.19,181.19
4281.278484,67.77,181.49,181.49
4281.311484,67.77,181.46,181.46
4281.328311,67.77,182.12,182.12
4281.344966,67.77,182.15,182.15
4281.361303,67.77,182.25,182.25
4281.379203,67.77,182.54,182.54
4281.412365,67.77,182.51,182.51
4281.428066,67.77,182.24,182.24
4281.444059,67.77,182.83,182.83
4281.461178,67.77,181.05,181.05
4281.477798,67.77,181.41,181.41
4281.494736,67.77,181.38,181.38
4281.511297,67.77,181.60,181.60
4281.529244,67.77,181.42,181.42
4281.547121,67.77,182.16,182.16
4281.562376,67.77,182.37,182.37
4281.577767,67.77,182.66,182.66
4281.596992,67.77,182.42,182.42
4281.614946,67.77,182.40,182.40
4281.628479,67.77,182.52,182.52
4281.644289,67.77,183.45,183.45
4281.660459,67.77,183.06,183.06
4281.694562,67.77,183.16,183.16
4281.711409,67.77,184.42,184.42
4281.727465,67.77,183.85,183.85
4281.745011,67.77,183.42,183.42
4281.761240,67.77,183.63,183.63
4281.785952,67.77,183.90,183.90
4281.801413,67.77,184.38,184.38
4281.812760,67.77,184.42,184.42
4281.828639,67.77,184.77,184.77
4281.846550,67.77,184.46,184.46
4281.861736,67.77,184.26,184.26
4281.878159,67.77,184.34,184.34
4281.895349,67.77,184.52,184.52
4281.911722,67.77,184.93,184.93
4281.927787,67.77,185.00,185.00
4281.944547,67.77,185.24,185.24
4281.960582,67.77,185.38,185.38
4281.977923,67.77,185.24,185.24
4281.995108,67.77,184.70,184.70
4282.011280,67.77,184.50,184.50
4282.028505,67.77,184.51,184.51
4282.044667,67.77,185.02,185.02
4282.061110,67.77,184.98,184.98
4282.080892,67.77,185.93,185.93
4282.095806,67.77,186.39,186.39
4282.115881,67.77,186.82,186.82
4282.128967,67.77,186.21,186.21
4282.145341,67.77,185.90,185.90
4282.163180,67.77,186.20,186.20
4282.178646,67.77,186.97,186.97
4282.194347,67.77,187.84,187.84
4282.211389,67.77,186.80,186.80
4282.228111,67.77,186.90,186.90
4282.244297,67.77,187.44,187.44
4282.261696,67.77,187.63,187.63
4282.278479,67.77,187.57,187.57
4282.295978,67.77,187.60,187.60
4282.312258,67.77,187.71,187.71
4282.328710,67.77,187.30,187.30
4282.346939,67.77,187.63,187.63
4282.364008,67.77,188.58,188.58
4282.380159,67.77,189.56,189.56
4282.394508,67.77,189.69,189.69
4282.411630,67.77,189.34,189.34
4282.429274,67.77,188.86,188.86
4282.444800,67.77,189.53,189.53
4282.462355,67.77,192.65,192.65
4282.479877,67.77,192.29,192.29
4282.497682,67.77,192.13,192.13
4282.512723,67.77,191.87,191.87
4282.528669,67.77,191.69,191.69
4282.544409,67.77,191.76,191.76
4282.562817,67.77,191.91,191.91
4282.579831,67.77,192.38,192.38
4282.595043,67.77,193.19,193.19
4282.613516,67.77,193.16,193.16
4282.627713,67.77,192.73,192.73
4282.646219,67.77,192.64,192.64
4282.663085,67.77,192.74,192.74
4282.679617,67.77,193.31,193.31
4282.694468,67.77,193.56,193.56
4282.711243,67.77,193.90,193.90
4282.733447,67.77,193.90,193.90
4282.744538,67.77,193.96,193.96
4282.761458,67.77,193.57,193.57
4282.779298,67.77,193.78,193.78
4282.801691,67.77,193.84,193.84
4282.811546,67.77,193.98,193.98
4282.827975,67.77,194.15,194.15
4282.844996,67.77,194.43,194.43
4282.861142,67.77,194.59,194.59
4282.879433,67.77,194.54,194.54
4282.901387,67.77,194.44,194.44
4282.914203,67.77,194.21,194.21
4282.937022,67.77,194.12,194.12
4282.946554,67.77,194.13,194.13
4282.961728,67.77,193.93,193.93
4282.977991,67.77,193.90,193.90
4282.997645,67.77,194.26,194.26
4283.013097,67.77,194.40,194.40
4283.029076,67.77,194.31,194.31
4283.045450,67.77,194.27,194.27
4283.062387,67.77,194.49,194.49
4283.078863,67.77,194.55,194.55
4283.095401,67.77,194.45,194.45
4283.128047,67.77,194.37,194.37
4283.144745,67.77,194.25,194.25
4283.162068,67.77,194.68,194.68
4283.178577,67.77,194.86,194.86
4283.195401,67.77,194.87,194.87
4283.213345,67.77,194.77,194.77
4283.227972,67.77,195.74,195.74
4283.245817,67.77,196.28,196.28
4283.261460,67.77,197.18,197.18
4283.279167,67.77,198.37,198.37
4283.294639,67.77,199.62,199.62
4283.313438,67.77,205.63,205.63
4283.329175,67.77,206.84,206.84
4283.355132,67.77,210.35,210.35
4283.364953,67.77,210.54,210.54
4283.377989,67.77,212.22,212.22
4283.410953,67.77,213.48,213.48
4283.428224,67.77,213.22,213.22
4283.444276,67.77,213.10,213.10
4283.460196,67.77,212.62,212.62
4283.477986,67.77,211.01,211.01
4283.494464,67.77,207.44,207.44
4283.511573,67.77,207.37,207.37
4283.527614,67.77,204.30,204.30
4283.548638,67.77,204.06,204.06
4283.563022,67.77,198.38,198.38
4283.577614,67.77,194.32,194.32
4283.611775,67.77,186.35,186.35
4283.628899,67.77,181.86,181.86
4283.645079,67.77,174.61,174.61
4283.660814,67.77,162.69,162.69
4283.678670,67.77,159.68,159.68
4283.694334,67.77,153.51,153.51
4283.711346,67.77,154.70,154.70
4283.728781,67.77,152.97,152.97
4283.744033,67.77,155.49,155.49
4283.760915,67.77,151.58,151.58
4283.779002,67.77,153.26,153.26
4283.794618,67.77,152.29,152.29
4283.812107,67.77,157.93,157.93
4283.826958,67.77,160.87,160.87
4283.844149,67.77,166.81,166.81
4283.860506,67.77,168.35,168.35
4283.881921,67.77,174.21,174.21
4283.894927,67.77,176.25,176.25
4283.911543,67.77,177.07,177.07
4283.926847,67.77,178.41,178.41
4283.944402,67.77,175.63,175.63
4283.961601,67.77,176.68,176.68
4283.977885,67.77,177.02,177.02
4284.005857,67.77,181.03,181.03
4284.015227,67.77,185.85,185.85
4284.028937,67.77,188.81,188.81
4284.045989,67.77,189.90,189.90
4284.060911,67.77,189.88,189.88
4284.082075,67.77,189.73,189.73
4284.096310,67.77,191.87,191.87
4284.113797,67.77,190.16,190.16
4284.127650,67.77,191.81,191.81
4284.144255,67.77,187.62,187.62
4284.167747,67.77,188.59,188.59
4284.178769,67.77,187.71,187.71
4284.204151,67.77,189.05,189.05
4284.214208,67.77,188.85,188.85
4284.234488,67.77,191.22,191.22
4284.244513,67.77,191.94,191.94
4284.261695,67.77,194.18,194.18
4284.294261,67.77,195.00,195.00
4284.305585,67.77,197.35,197.35
4284.323161,67.77,199.01,199.01
4284.337917,67.77,201.08,201.08
4284.356909,67.77,202.45,202.45
4284.370268,67.77,204.44,204.44
4284.383128,67.77,205.15,205.15
4284.412105,67.77,207.99,207.99
4284.428516,67.77,210.28,210.28
4284.445074,67.77,212.66,212.66
4284.461305,67.77,215.76,215.76
4284.482328,67.77,218.19,218.19
4284.494714,67.77,220.68,220.68
4284.511335,67.77,220.88,220.88
4284.527916,67.77,222.64,222.64
4284.548272,67.77,223.81,223.81
4284.563016,67.77,224.52,224.52
4284.585108,67.77,224.94,224.94
4284.596107,67.77,224.86,224.86
4284.616373,67.77,225.26,225.26
4284.630645,67.77,226.05,226.05
4284.648581,67.77,224.21,224.21
4284.661480,67.77,224.50,224.50
4284.677831,67.77,224.28,224.28
4284.700844,67.77,224.51,224.51
4284.710702,67.77,224.22,224.22
4284.727706,67.77,223.79,223.79
4284.744115,67.77,224.41,224.41
4284.760668,67.77,224.61,224.61
4284.782090,67.77,223.44,223.44
4284.795035,67.77,223.20,223.20
4284.810758,67.77,222.24,222.24
4284.827603,67.77,222.08,222.08
4284.844345,67.77,221.16,221.16
4284.860847,67.77,221.58,221.58
4284.881650,67.77,220.07,220.07
4284.893962,67.77,219.43,219.43
4284.910276,67.77,219.38,219.38
4284.927136,67.77,218.91,218.91
4284.943944,67.77,216.78,216.78
4284.960803,67.77,216.64,216.64
4284.978708,67.77,215.77,215.77
4284.993804,67.77,216.35,216.35
4285.010612,67.77,215.42,215.42
4285.027300,67.77,215.53,215.53
4285.045050,67.77,213.99,213.99
4285.067914,67.77,212.69,212.69
4285.077324,67.77,211.80,211.80
4285.093750,67.77,212.37,212.37
4285.111158,67.77,212.25,212.25
4285.127825,67.77,212.70,212.70
4285.144316,67.77,212.13,212.13
4285.162321,67.77,211.78,211.78
4285.179518,67.77,210.25,210.25
4285.194015,67.77,210.84,210.84
4285.211899,67.77,209.68,209.68
4285.230328,67.77,210.54,210.54
4285.247288,67.77,209.65,209.65
4285.262747,67.77,208.16,208.16
4285.279826,67.77,208.66,208.66
4285.297759,67.77,210.08,210.08
4285.316062,67.77,209.39,209.39
4285.332772,67.77,208.94,208.94
4285.351558,67.77,210.03,210.03
4285.365638,67.77,213.36,213.36
4285.378218,67.77,214.65,214.65
4285.396222,67.77,214.53,214.53
4285.416006,67.77,216.66,216.66
4285.428064,67.77,217.72,217.72
4285.448444,67.77,218.37,218.37
4285.463885,67.77,218.03,218.03
4285.480321,67.77,217.95,217.95
4285.498484,67.77,215.53,215.53
4285.515423,67.77,215.89,215.89
4285.531432,67.77,210.46,210.46
4285.545112,67.77,210.47,210.47
4285.562886,67.77,207.17,207.17
4285.597510,67.77,205.51,205.51
4285.607340,67.77,198.87,198.87
4285.630762,67.77,198.45,198.45
4285.641440,67.77,191.71,191.71
4285.651207,67.77,190.53,190.53
4285.660443,67.77,186.74,186.74
4285.679686,67.77,184.70,184.70
4285.694979,67.77,178.98,178.98
4285.710433,67.77,177.54,177.54
4285.727316,67.77,175.37,175.37
4285.745270,67.77,178.90,178.90
4285.763944,67.77,180.25,180.25
4285.778073,67.77,183.97,183.97
4285.799418,67.77,184.42,184.42
4285.810638,67.77,190.62,190.62
4285.827025,67.77,192.17,192.17
4285.844461,67.77,181.09,181.09
4285.861170,67.77,181.53,181.53
4285.877943,67.77,178.97,178.97
4285.917261,67.77,177.57,177.57
4285.931689,67.77,178.54,178.54
4285.945502,67.77,178.50,178.50
4285.968274,67.77,178.81,178.81
4285.983998,67.77,179.14,179.14
4285.996555,67.77,181.58,181.58
4286.012837,67.77,182.79,182.79
4286.029370,67.77,185.51,185.51
4286.064916,67.77,222.44,222.44
4286.108021,67.77,223.27,223.27
4286.117865,67.77,223.83,223.83
4286.133098,67.77,216.42,216.42
4286.151886,67.77,213.30,213.30
4286.168295,67.77,210.78,210.78
4286.183334,67.77,211.11,211.11
4286.198151,67.77,210.97,210.97
4286.212573,67.77,211.34,211.34
4286.231090,67.77,209.84,209.84
4286.246894,67.77,208.84,208.84
4286.265176,67.77,207.58,207.58
4286.283128,67.77,206.35,206.35
4286.300436,67.77,204.46,204.46
4286.316844,67.77,205.83,205.83
4286.330694,67.77,205.47,205.47
4286.346420,67.77,205.00,205.00
4286.364614,67.77,204.98,204.98
4286.382196,67.77,202.33,202.33
4286.397964,67.77,202.67,202.67
4286.415561,67.77,202.67,202.67
4286.428180,67.77,203.14,203.14
4286.443892,67.77,200.91,200.91
4286.462494,67.77,199.91,199.91
4286.477905,67.77,198.97,198.97
4286.496807,67.77,198.83,198.83
4286.516925,67.77,197.72,197.72
4286.533078,67.77,198.08,198.08
4286.562441,67.77,199.60,199.60
4286.596532,67.77,202.87,202.87
4286.612998,67.77,203.86,203.86
4286.639786,67.77,203.86,203.86
4286.652437,67.77,139.21,139.21
4286.670722,67.77,139.81,139.81
4286.696989,67.77,129.84,129.84
4286.712585,67.77,126.86,126.86
4286.736118,67.77,126.65,126.65
4286.800563,67.77,108.34,108.34
4286.812852,67.77,70.84,70.84
4286.832765,67.77,70.87,70.87
4286.862243,67.77,67.40,67.40
4286.900407,67.77,63.38,63.38
4286.916191,67.77,63.65,63.65
4286.933503,67.77,63.63,63.63
4286.949064,67.77,63.36,63.36
4286.975360,67.77,63.33,63.33
4286.993870,67.77,62.90,62.90
4287.013679,67.77,62.85,62.85
4287.034439,67.77,63.29,63.29
4287.052369,67.77,62.54,62.54
4287.084167,67.77,73.60,73.60
4287.113371,67.77,77.66,77.66
4287.130843,67.77,90.72,90.72
4287.146341,67.77,98.74,98.74
4287.161940,67.77,106.27,106.27
4287.176223,67.77,110.66,110.66
4287.191881,67.77,113.76,113.76
4287.210097,67.77,114.60,114.60
4287.229888,67.77,118.32,118.32
4287.264312,67.77,120.01,120.01
4287.303164,67.77,121.18,121.18
4287.370006,67.77,120.64,120.64
4287.383063,67.77,116.28,116.28
4287.410685,67.77,9.07,9.07
4287.428754,67.77,9.54,9.54
4287.436898,67.77,9.54,9.54
4287.444612,67.77,10.28,10.28
4287.453937,67.77,9.98,9.98
4287.465875,67.77,9.88,9.88
4287.493905,67.77,10.09,10.09
4287.520919,67.77,10.42,10.42
4287.533069,67.77,10.83,10.83
4287.537958,67.77,10.93,10.93
4287.560382,67.77,10.48,10.48
4287.592354,67.77,10.41,10.41
4287.597561,67.77,10.41,10.41
4287.606700,67.77,10.07,10.07
4287.618759,67.77,10.07,10.07
4287.628701,67.77,10.07,10.07
4287.640138,67.77,10.07,10.07
4287.651491,67.77,10.07,10.07
4287.661783,67.77,10.07,10.07
4287.676237,67.77,10.25,10.25
4287.687055,67.77,10.78,10.78
4287.698569,67.77,10.00,10.00
4287.711182,67.77,9.85,9.85
4287.732152,67.77,10.34,10.34
4287.741657,67.77,11.60,11.60
4287.752621,67.77,12.48,12.48
4287.769914,67.77,14.41,14.41
4287.777896,67.77,13.59,13.59
4287.794294,67.77,13.68,13.68
4287.807032,67.77,14.75,14.75
4287.821463,67.77,13.84,13.84
4287.829761,67.77,14.29,14.29
4287.841054,67.77,15.56,15.56
4287.852524,67.77,15.13,15.13
4287.864259,67.77,15.19,15.19
4287.876955,67.77,15.38,15.38
4287.888275,67.77,14.20,14.20
4287.898585,67.77,15.12,15.12
4287.909122,67.77,15.55,15.55
4287.920668,67.77,15.93,15.93
4287.934558,67.77,15.74,15.74
4287.946910,67.77,16.08,16.08
4287.959509,67.77,17.41,17.41
4287.971304,67.77,19.76,19.76
4287.985100,67.77,21.82,21.82
4287.997584,67.77,22.35,22.35
4288.012432,67.77,21.94,21.94
4288.024124,67.77,21.78,21.78
4288.029538,67.77,22.23,22.23
4288.039778,67.77,21.87,21.87
4288.051706,67.77,21.49,21.49
4288.062441,67.77,21.92,21.92
4288.074902,67.77,21.22,21.22
4288.084579,67.77,21.12,21.12
4288.095013,67.77,21.12,21.12
4288.106189,67.77,21