12855.594648,67.77,138.81,138.81
12855.619133,67.77,139.04,139.04
12855.651180,67.77,136.62,136.62
12855.700445,67.77,135.87,135.87
12855.716983,67.77,134.48,134.48
12855.755117,67.77,133.33,133.33
12855.800843,67.77,133.02,133.02
12855.817352,67.77,132.69,132.69
12855.867259,67.77,132.73,132.73
12855.900413,67.77,131.51,131.51
12855.933940,67.77,131.17,131.17
12855.950241,67.77,131.02,131.02
12855.984295,67.77,132.32,132.32
12856.034332,67.77,131.32,131.32
12856.067244,67.77,130.58,130.58
12856.100768,67.77,130.52,130.52
12856.133667,67.77,130.59,130.59
12856.166965,67.77,130.98,130.98
12856.183317,67.77,130.55,130.55
12856.217325,67.77,130.12,130.12
12856.267402,67.77,129.17,129.17
12856.301036,67.77,132.39,132.39
12856.333682,67.77,133.03,133.03
12856.350810,67.77,133.87,133.87
12856.401248,67.77,133.82,133.82
12856.416858,67.77,133.25,133.25
12856.466845,67.77,133.68,133.68
12856.483600,67.77,134.85,134.85
12856.533801,67.77,135.29,135.29
12856.583325,67.77,134.71,134.71
12856.600029,67.77,135.10,135.10
12856.616904,67.77,134.90,134.90
12856.666735,67.77,134.30,134.30
12856.682959,67.77,135.37,135.37
12856.716259,67.77,135.54,135.54
12856.750310,67.77,135.18,135.18
12856.783016,67.77,135.28,135.28
12856.816118,67.77,134.60,134.60
12856.866860,67.77,134.76,134.76
12856.882918,67.77,135.21,135.21
12856.916118,67.77,135.02,135.02
12856.950210,67.77,135.27,135.27
12856.999955,67.77,133.93,133.93
12857.016521,67.77,134.77,134.77
12857.049806,67.77,133.90,133.90
12857.082755,67.77,134.11,134.11
12857.132598,67.77,131.49,131.49
12857.149650,67.77,131.86,131.86
12857.183067,67.77,132.40,132.40
12857.233759,67.77,132.14,132.14
12857.266855,67.77,130.98,130.98
12857.300170,67.77,130.77,130.77
12857.332518,67.77,130.71,130.71
12857.366379,67.77,129.89,129.89
12857.383571,67.77,128.40,128.40
12857.416786,67.77,128.31,128.31
12857.466546,67.77,130.23,130.23
12857.499783,67.77,130.68,130.68
12857.534938,67.77,129.37,129.37
12857.549103,67.77,128.79,128.79
12857.599789,67.77,128.78,128.78
12857.632632,67.77,129.01,129.01
12857.666200,67.77,127.49,127.49
12857.699121,67.77,126.92,126.92
12857.733380,67.77,127.40,127.40
12857.783050,67.77,127.81,127.81
12857.799275,67.77,128.10,128.10
12857.815472,67.77,128.83,128.83
12857.866054,67.77,128.38,128.38
12857.882490,67.77,128.13,128.13
12857.916238,67.77,127.94,127.94
12857.983158,67.77,127.74,127.74
12857.999185,67.77,127.40,127.40
12858.015293,67.77,127.38,127.38
12858.048907,67.77,127.37,127.37
12858.082509,67.77,127.58,127.58
12858.115433,67.77,127.39,127.39
12858.148974,67.77,127.17,127.17
12858.182824,67.77,127.11,127.11
12858.215505,67.77,126.66,126.66
12858.249225,67.77,126.76,126.76
12858.283415,67.77,126.64,126.64
12858.332575,67.77,126.84,126.84
12858.355217,67.77,126.89,126.89
12858.382663,67.77,126.27,126.27
12858.416084,67.77,126.10,126.10
12858.465897,67.77,125.30,125.30
12858.499196,67.77,125.03,125.03
12858.515847,67.77,125.49,125.49
12858.568748,67.77,125.56,125.56
12858.598603,67.77,128.53,128.53
12858.614897,67.77,128.60,128.60
12858.666208,67.77,129.62,129.62
12858.699918,67.77,130.24,130.24
12858.732164,67.77,131.33,131.33
12858.765809,67.77,130.94,130.94
12858.799085,67.77,129.69,129.69
12858.815151,67.77,130.07,130.07
12858.882332,67.77,130.71,130.71
12858.898624,67.77,130.81,130.81
12858.932241,67.77,130.16,130.16
12858.965100,67.77,129.83,129.83
12858.999062,67.77,129.89,129.89
12859.015209,67.77,129.67,129.67
12859.065420,67.77,129.75,129.75
12859.082185,67.77,129.52,129.52
12859.132646,67.77,129.76,129.76
12859.165123,67.77,129.73,129.73
12859.198845,67.77,129.89,129.89
12859.231597,67.77,129.04,129.04
12859.265773,67.77,131.42,131.42
12859.281889,67.77,131.59,131.59
12859.331954,67.77,131.35,131.35
12859.364868,67.77,131.60,131.60
12859.398808,67.77,131.61,131.61
12859.431884,67.77,131.02,131.02
12859.465278,67.77,131.67,131.67
12859.497984,67.77,131.92,131.92
12859.531439,67.77,131.12,131.12
12859.548778,67.77,131.89,131.89
12859.598947,67.77,132.10,132.10
12859.632006,67.77,132.27,132.27
12859.665347,67.77,132.17,132.17
12859.698340,67.77,132.12,132.12
12859.731643,67.77,132.09,132.09
12859.764679,67.77,131.79,131.79
12859.799608,67.77,131.55,131.55
12859.831449,67.77,131.58,131.58
12859.865712,67.77,131.20,131.20
12859.898451,67.77,131.43,131.43
12859.931122,67.77,131.29,131.29
12859.964567,67.77,131.44,131.44
12859.997761,67.77,133.81,133.81
12860.015028,67.77,133.83,133.83
12860.065468,67.77,133.58,133.58
12860.098532,67.77,133.69,133.69
12860.132349,67.77,134.47,134.47
12860.164560,67.77,133.18,133.18
12860.197676,67.77,132.87,132.87
12860.230873,67.77,133.35,133.35
12860.265013,67.77,132.96,132.96
12860.281217,67.77,133.47,133.47
12860.331693,67.77,133.66,133.66
12860.364462,67.77,133.31,133.31
12860.397902,67.77,133.12,133.12
12860.431109,67.77,133.01,133.01
12860.465551,67.77,133.45,133.45
12860.481801,67.77,133.43,133.43
12860.531515,67.77,133.50,133.50
12860.565082,67.77,133.13,133.13
12860.598407,67.77,133.52,133.52
12860.630860,67.77,133.84,133.84
12860.665018,67.77,133.93,133.93
12860.697751,67.77,133.43,133.43
12860.730944,67.77,133.93,133.93
12860.764187,67.77,133.66,133.66
12860.798081,67.77,133.75,133.75
12860.831554,67.77,134.28,134.28
12860.864822,67.77,134.37,134.37
12860.898455,67.77,134.74,134.74
12860.931944,67.77,133.72,133.72
12860.964087,67.77,134.48,134.48
12860.997843,67.77,133.48,133.48
12861.014988,67.77,134.05,134.05
12861.064816,67.77,134.29,134.29
12861.097953,67.77,133.39,133.39
12861.131367,67.77,133.31,133.31
12861.164271,67.77,133.58,133.58
12861.197283,67.77,133.81,133.81
12861.230503,67.77,133.46,133.46
12861.264541,67.77,133.39,133.39
12861.298050,67.77,133.53,133.53
12861.331302,67.77,133.63,133.63
12861.364097,67.77,133.83,133.83
12861.397065,67.77,133.60,133.60
12861.430830,67.77,133.63,133.63
12861.464264,67.77,133.72,133.72
12861.497707,67.77,133.71,133.71
12861.531282,67.77,133.82,133.82
12861.564217,67.77,134.17,134.17
12861.597347,67.77,134.29,134.29
12861.631100,67.77,134.25,134.25
12861.664300,67.77,134.46,134.46
12861.696938,67.77,134.74,134.74
12861.731199,67.77,133.88,133.88
12861.765239,67.77,134.03,134.03
12861.797850,67.77,134.08,134.08
12861.830961,67.77,134.56,134.56
12861.864016,67.77,134.11,134.11
12861.896979,67.77,134.79,134.79
12861.930087,67.77,133.04,133.04
12861.963938,67.77,133.63,133.63
12861.998244,67.77,132.50,132.50
12862.030527,67.77,131.97,131.97
12862.081033,67.77,131.50,131.50
12862.097312,67.77,131.74,131.74
12862.130411,67.77,130.97,130.97
12862.164241,67.77,131.03,131.03
12862.198120,67.77,130.00,130.00
12862.230834,67.77,129.49,129.49
12862.264071,67.77,128.28,128.28
12862.297589,67.77,128.50,128.50
12862.330166,67.77,127.86,127.86
12862.363785,67.77,127.81,127.81
12862.397529,67.77,128.05,128.05
12862.414068,67.77,127.40,127.40
12862.464201,67.77,125.16,125.16
12862.497419,67.77,125.19,125.19
12862.530332,67.77,124.32,124.32
12862.564392,67.77,124.10,124.10
12862.600830,67.77,124.31,124.31
12862.630576,67.77,124.69,124.69
12862.663804,67.77,124.28,124.28
12862.697837,67.77,124.31,124.31
12862.730990,67.77,121.57,121.57
12862.767519,67.77,121.79,121.79
12862.796643,67.77,121.02,121.02
12862.829891,67.77,120.86,120.86
12862.863656,67.77,121.57,121.57
12862.896652,67.77,121.25,121.25
12862.930823,67.77,121.04,121.04
12862.963446,67.77,121.86,121.86
12862.997257,67.77,121.12,121.12
12863.030915,67.77,121.41,121.41
12863.063303,67.77,121.25,121.25
12863.097413,67.77,121.65,121.65
12863.130640,67.77,121.98,121.98
12863.163480,67.77,121.86,121.86
12863.197344,67.77,121.73,121.73
12863.230595,67.77,122.30,122.30
12863.268544,67.77,121.49,121.49
12863.296557,67.77,121.92,121.92
12863.329629,67.77,121.76,121.76
12863.364435,67.77,122.25,122.25
12863.398408,67.77,121.75,121.75
12863.430468,67.77,121.53,121.53
12863.463934,67.77,121.19,121.19
12863.496849,67.77,121.66,121.66
12863.529993,67.77,120.70,120.70
12863.563797,67.77,120.73,120.73
12863.596421,67.77,121.29,121.29
12863.630207,67.77,121.43,121.43
12863.663563,67.77,121.32,121.32
12863.696300,67.77,121.28,121.28
12863.729459,67.77,121.44,121.44
12863.762685,67.77,121.68,121.68
12863.796207,67.77,122.23,122.23
12863.829891,67.77,122.06,122.06
12863.864720,67.77,121.73,121.73
12863.898042,67.77,121.97,121.97
12863.929129,67.77,122.28,122.28
12863.962829,67.77,122.03,122.03
12863.995966,67.77,122.51,122.51
12864.029858,67.77,121.88,121.88
12864.063719,67.77,124.59,124.59
12864.096071,67.77,124.86,124.86
12864.130071,67.77,124.64,124.64
12864.163850,67.77,124.09,124.09
12864.196678,67.77,123.92,123.92
12864.229181,67.77,123.81,123.81
12864.279472,67.77,123.49,123.49
12864.296371,67.77,124.00,124.00
12864.329716,67.77,124.29,124.29
12864.364484,67.77,124.03,124.03
12864.396131,67.77,124.08,124.08
12864.429753,67.77,123.13,123.13
12864.445734,67.77,123.33,123.33
12864.495688,67.77,123.21,123.21
12864.529879,67.77,123.01,123.01
12864.546756,67.77,123.13,123.13
12864.596148,67.77,122.94,122.94
12864.629597,67.77,123.10,123.10
12864.663267,67.77,123.11,123.11
12864.695717,67.77,122.48,122.48
12864.729168,67.77,122.67,122.67
12864.762502,67.77,122.79,122.79
12864.796304,67.77,123.02,123.02
12864.829795,67.77,122.76,122.76
12864.863065,67.77,122.16,122.16
12864.895304,67.77,122.02,122.02
12864.928735,67.77,121.63,121.63
12864.962711,67.77,121.34,121.34
12864.999754,67.77,121.47,121.47
12865.030238,67.77,121.33,121.33
12865.062925,67.77,120.95,120.95
12865.096585,67.77,120.74,120.74
12865.129573,67.77,120.38,120.38
12865.162614,67.77,120.54,120.54
12865.195510,67.77,120.22,120.22
12865.228699,67.77,119.81,119.81
12865.262356,67.77,119.82,119.82
12865.295719,67.77,119.51,119.51
12865.329810,67.77,119.87,119.87
12865.362565,67.77,120.86,120.86
12865.396930,67.77,121.15,121.15
12865.428338,67.77,121.52,121.52
12865.463259,67.77,122.11,122.11
12865.495512,67.77,122.86,122.86
12865.528421,67.77,123.27,123.27
12865.564389,67.77,123.40,123.40
12865.596213,67.77,123.67,123.67
12865.629307,67.77,123.48,123.48
12865.662484,67.77,123.94,123.94
12865.694892,67.77,124.25,124.25
12865.728274,67.77,124.08,124.08
12865.761992,67.77,123.83,123.83
12865.795036,67.77,123.59,123.59
12865.828853,67.77,123.71,123.71
12865.861717,67.77,123.96,123.96
12865.895741,67.77,123.58,123.58
12865.927912,67.77,123.77,123.77
12865.962202,67.77,123.98,123.98
12865.995621,67.77,125.93,125.93
12866.028608,67.77,125.96,125.96
12866.063152,67.77,126.92,126.92
12866.095484,67.77,126.95,126.95
12866.130782,67.77,126.77,126.77
12866.161857,67.77,126.93,126.93
12866.195695,67.77,126.41,126.41
12866.228088,67.77,126.77,126.77
12866.262402,67.77,126.42,126.42
12866.295025,67.77,126.55,126.55
12866.327930,67.77,126.26,126.26
12866.362121,67.77,126.57,126.57
12866.396834,67.77,126.15,126.15
12866.428736,67.77,126.10,126.10
12866.462919,67.77,126.12,126.12
12866.495007,67.77,125.95,125.95
12866.529411,67.77,126.00,126.00
12866.563003,67.77,125.61,125.61
12866.595700,67.77,125.90,125.90
12866.630361,67.77,126.30,126.30
12866.678061,67.77,126.23,126.23
12866.694780,67.77,126.17,126.17
12866.727795,67.77,126.28,126.28
12866.760996,67.77,126.18,126.18
12866.795890,67.77,125.90,125.90
12866.828299,67.77,125.72,125.72
12866.861759,67.77,125.95,125.95
12866.894823,67.77,126.15,126.15
12866.927825,67.77,126.44,126.44
12866.964827,67.77,125.65,125.65
12866.995333,67.77,125.96,125.96
12867.028586,67.77,126.21,126.21
12867.061610,67.77,126.21,126.21
12867.098110,67.77,126.46,126.46
12867.127877,67.77,126.31,126.31
12867.162075,67.77,126.11,126.11
12867.194261,67.77,125.77,125.77
12867.228348,67.77,126.21,126.21
12867.261531,67.77,126.58,126.58
12867.295165,67.77,126.15,126.15
12867.327635,67.77,126.38,126.38
12867.361656,67.77,126.24,126.24
12867.394214,67.77,126.32,126.32
12867.427593,67.77,125.97,125.97
12867.461750,67.77,126.15,126.15
12867.494917,67.77,125.94,125.94
12867.528293,67.77,126.06,126.06
12867.577692,67.77,126.29,126.29
12867.594255,67.77,126.18,126.18
12867.627276,67.77,126.16,126.16
12867.662749,67.77,126.63,126.63
12867.694405,67.77,126.81,126.81
12867.727760,67.77,127.47,127.47
12867.760727,67.77,127.05,127.05
12867.793859,67.77,126.83,126.83
12867.829619,67.77,126.66,126.66
12867.861138,67.77,129.99,129.99
12867.929276,67.77,130.35,130.35
12867.944861,67.77,131.64,131.64
12867.960901,67.77,132.76,132.76
12867.978224,67.77,132.74,132.74
12867.995479,67.77,132.89,132.89
12868.012213,67.77,132.99,132.99
12868.028765,67.77,135.09,135.09
12868.045577,67.77,138.08,138.08
12868.061690,67.77,141.10,141.10
12868.077926,67.77,143.23,143.23
12868.094605,67.77,144.79,144.79
12868.111386,67.77,145.87,145.87
12868.127885,67.77,146.50,146.50
12868.145483,67.77,147.24,147.24
12868.161872,67.77,147.85,147.85
12868.181842,67.77,148.58,148.58
12868.195350,67.77,149.43,149.43
12868.211747,67.77,149.44,149.44
12868.228845,67.77,149.61,149.61
12868.244553,67.77,149.60,149.60
12868.261502,67.77,149.60,149.60
12868.278467,67.77,149.32,149.32
12868.295448,67.77,148.57,148.57
12868.311687,67.77,145.81,145.81
12868.326866,67.77,143.69,143.69
12868.345878,67.77,141.33,141.33
12868.365197,67.77,139.61,139.61
12868.378297,67.77,139.37,139.37
12868.394986,67.77,139.32,139.32
12868.410923,67.77,139.76,139.76
12868.427686,67.77,140.58,140.58
12868.444661,67.77,141.07,141.07
12868.461932,67.77,141.18,141.18
12868.477913,67.77,140.90,140.90
12868.494336,67.77,141.48,141.48
12868.528372,67.77,143.82,143.82
12868.560483,67.77,148.49,148.49
12868.594683,67.77,156.23,156.23
12868.627994,67.77,165.98,165.98
12868.661172,67.77,176.40,176.40
12868.693413,67.77,177.17,177.17
12868.727589,67.77,184.30,184.30
12868.776723,67.77,186.26,186.26
12868.793646,67.77,191.39,191.39
12868.826755,67.77,193.26,193.26
12868.862992,67.77,198.65,198.65
12868.893273,67.77,198.47,198.47
12868.926788,67.77,204.70,204.70
12868.961195,67.77,197.80,197.80
12868.994388,67.77,196.30,196.30
12869.027854,67.77,194.30,194.30
12869.076428,67.77,201.69,201.69
12869.094139,67.77,202.67,202.67
12869.126053,67.77,210.47,210.47
12869.161800,67.77,209.04,209.04
12869.193254,67.77,214.41,214.41
12869.227164,67.77,212.73,212.73
12869.245563,67.77,212.75,212.75
12869.260883,67.77,215.67,215.67
12869.277776,67.77,215.70,215.70
12869.293537,67.77,212.05,212.05
12869.310816,67.77,212.09,212.09
12869.327513,67.77,216.06,216.06
12869.343622,67.77,216.04,216.04
12869.363827,67.77,217.57,217.57
12869.377049,67.77,217.96,217.96
12869.393792,67.77,223.64,223.64
12869.410800,67.77,225.19,225.19
12869.427542,67.77,229.68,229.68
12869.445088,67.77,230.87,230.87
12869.459826,67.77,231.47,231.47
12869.477634,67.77,235.30,235.30
12869.493374,67.77,234.66,234.66
12869.511237,67.77,234.83,234.83
12869.527618,67.77,233.95,233.95
12869.543545,67.77,233.92,233.92
12869.560420,67.77,234.52,234.52
12869.578770,67.77,234.49,234.49
12869.593780,67.77,242.33,242.33
12869.611289,67.77,242.31,242.31
12869.627721,67.77,243.33,243.33
12869.693244,67.77,249.53,249.53
12869.710199,67.77,249.41,249.41
12869.726821,67.77,249.22,249.22
12869.759756,67.77,242.40,242.40
12869.793026,67.77,224.84,224.84
12869.825686,67.77,213.10,213.10
12869.859413,67.77,206.34,206.34
12869.892826,67.77,199.85,199.85
12869.926541,67.77,197.38,197.38
12869.959285,67.77,194.23,194.23
12869.993027,67.77,200.02,200.02
12870.025524,67.77,203.95,203.95
12870.059343,67.77,212.44,212.44
12870.092485,67.77,216.71,216.71
12870.126273,67.77,226.82,226.82
12870.159384,67.77,234.76,234.76
12870.195575,67.77,242.95,242.95
12870.211466,67.77,242.95,242.95
12870.227257,67.77,245.99,245.99
12870.246198,67.77,245.99,245.99
12870.262465,67.77,245.99,245.99
12870.277882,67.77,238.48,238.48
12870.294768,67.77,234.36,234.36
12870.311289,67.77,234.04,234.04
12870.327721,67.77,227.00,227.00
12870.345122,67.77,226.88,226.88
12870.361762,67.77,223.81,223.81
12870.379537,67.77,223.50,223.50
12870.394868,67.77,228.40,228.40
12870.411996,67.77,228.58,228.58
12870.428096,67.77,226.56,226.56
12870.445633,67.77,226.65,226.65
12870.461300,67.77,227.12,227.12
12870.477955,67.77,227.16,227.16
12870.494737,67.77,226.26,226.26
12870.512053,67.77,226.23,226.23
12870.526761,67.77,232.57,232.57
12870.545042,67.77,232.57,232.57
12870.563198,67.77,235.70,235.70
12870.577874,67.77,235.70,235.70
12870.591670,67.77,235.70,235.70
12870.624301,67.77,245.01,245.01
12870.634369,67.77,241.19,241.19
12870.645673,67.77,207.04,207.04
12870.655452,67.77,207.04,207.04
12870.667003,67.77,180.73,180.73
12870.676200,67.77,180.73,180.73
12870.701518,67.77,160.69,160.69
12870.713974,67.77,151.72,151.72
12870.732094,67.77,140.93,140.93
12870.738667,67.77,128.53,128.53
12870.756648,67.77,121.87,121.87
12870.766751,67.77,118.88,118.88
12870.777939,67.77,116.36,116.36
12870.792292,67.77,111.45,111.45
12870.806786,67.77,110.56,110.56
12870.822048,67.77,110.74,110.74
12870.832644,67.77,108.88,108.88
12870.841989,67.77,108.18,108.18
12870.853843,67.77,107.69,107.69
12870.863830,67.77,107.30,107.30
12870.873950,67.77,106.87,106.87
12870.886372,67.77,106.98,106.98
12870.896824,67.77,106.35,106.35
12870.906750,67.77,105.65,105.65
12870.917898,67.77,104.90,104.90
12870.928602,67.77,104.19,104.19
12870.939580,67.77,103.71,103.71
12870.955341,67.77,102.85,102.85
12870.972305,67.77,103.22,103.22
12870.986192,67.77,103.06,103.06
12870.996905,67.77,103.24,103.24
12871.007875,67.77,102.84,102.84
12871.021430,67.77,107.24,107.24
12871.031992,67.77,114.53,114.53
12871.041179,67.77,120.73,120.73
12871.053614,67.77,125.29,125.29
12871.063366,67.77,128.28,128.28
12871.073567,67.77,132.58,132.58
12871.084355,67.77,136.04,136.04
12871.094714,67.77,140.68,140.68
12871.106320,67.77,144.32,144.32
12871.117698,67.77,149.06,149.06
12871.128330,67.77,150.30,150.30
12871.139334,67.77,152.15,152.15
12871.154377,67.77,153.56,153.56
12871.163624,67.77,155.34,155.34
12871.174067,67.77,155.11,155.11
12871.186840,67.77,156.71,156.71
12871.195738,67.77,156.67,156.67
12871.206285,67.77,156.60,156.60
12871.220041,67.77,156.77,156.77
12871.229859,67.77,158.09,158.09
12871.241897,67.77,158.79,158.79
12871.270596,67.77,158.79,158.79
12871.277859,67.77,158.28,158.28
12871.289294,67.77,160.91,160.91
12871.303671,67.77,167.31,167.31
12871.317159,67.77,156.14,156.14
12871.322924,67.77,157.95,157.95
12871.350776,67.77,139.17,139.17
12871.356695,67.77,128.96,128.96
12871.377048,67.77,118.38,118.38
12871.390356,67.77,101.85,101.85
12871.401645,67.77,82.20,82.20
12871.411077,67.77,53.51,53.51
12871.415568,67.77,45.13,45.13
12871.427057,67.77,40.91,40.91
12871.438477,67.77,37.71,37.71
12871.449100,67.77,36.97,36.97
12871.460654,67.77,34.79,34.79
12871.471162,67.77,34.57,34.57
12871.482098,67.77,35.49,35.49
12871.493464,67.77,34.93,34.93
12871.504553,67.77,35.70,35.70
12871.515863,67.77,35.18,35.18
12871.527292,67.77,34.82,34.82
12871.538503,67.77,34.85,34.85
12871.549197,67.77,35.68,35.68
12871.560500,67.77,35.93,35.93
12871.571747,67.77,34.70,34.70
12871.582924,67.77,35.41,35.41
12871.593877,67.77,35.94,35.94
12871.617884,67.77,35.90,35.90
12871.624107,67.77,35.17,35.17
12871.628445,67.77,34.81,34.81
12871.638175,67.77,35.06,35.06
12871.672576,67.77,35.06,35.06
12871.686289,67.77,35.06,35.06
12871.694563,67.77,35.06,35.06
12871.707036,67.77,35.06,35.06
12871.720549,67.77,35.05,35.05
12871.732497,67.77,34.75,34.75
12871.744441,67.77,33.77,33.77
12871.753170,67.77,33.23,33.23
12871.761103,67.77,33.52,33.52
12871.776812,67.77,31.64,31.64
12871.785201,67.77,28.95,28.95
12871.795372,67.77,28.41,28.41
12871.807284,67.77,26.68,26.68
12871.817547,67.77,24.84,24.84
12871.828328,67.77,25.39,25.39
12871.839601,67.77,22.90,22.90
12871.849822,67.77,21.31,21.31
12871.862726,67.77,20.96,20.96
12871.872858,67.77,19.92,19.92
12871.883652,67.77,20.57,20.57
12871.894737,67.77,20.65,20.65
12871.905690,67.77,23.04,23.04
12871.916210,67.77,24.51,24.51
12871.927414,67.77,26.72,26.72
12871.938130,67.77,26.98,26.98
12871.949937,67.77,23.96,23.96
12871.960758,67.77,23.86,23.86
12871.971820,67.77,23.90,23.90
12871.983135,67.77,23.44,23.44
12871.993930,67.77,22.29,22.29
12872.005066,67.77,22.89,22.89
12872.017847,67.77,21.70,21.70
12872.030167,67.77,21.65,21.65
12872.039812,67.77,21.76,21.76
12872.050304,67.77,21.63,21.63
12872.071140,67.77,21.63,21.63
12872.084946,67.77,21.63,21.63
12872.136915,67.77,21.63,21.63
12872.147986,67.77,21.63,21.63
12872.160958,67.77,20.79,20.79
12872.172128,67.77,20.19,20.19
12872.183197,67.77,19.72,19.72
12872.194286,67.77,19.33,19.33
12872.205511,67.77,19.10,19.10
12872.217318,67.77,18.99,18.99
12872.227723,67.77,19.01,19.01
12872.238658,67.77,19.09,19.09
12872.249867,67.77,19.35,19.