3251820
3251820
3251820
3251820
3251820
3251820
3251820
3251820
3251820
3251820
3251820
3251820
3251820
3251820
3251820
3251820
3251820
3251820
3251820
3251820
3251820
3251820
3251820
3251820
3251820
3251820
3251820
3251820
3251820
3251820
3251820
3251820
3251820
3251820
3251820
3251820
3251820
3251820
3251820
3251820
3251820
3251820
3251820
3251820
3251820
3251820
3251820
3251820
3251820
3251820
3251820
3251820
3251820
3251820
3251820
3251820
3251820
3251820
3251820
3251820
3251820
3251820
3251820
3251820
3251820
3251820
3251820
3251820
3251820
3251820
3251820
3251820
3251820
3251820
3251820
3251820
3251820
3251820
3251820
3251820
3251820
3251820
3251820
3251820
3251820
3251820
3251820
3251820
3251820
3251820
3251820
3251820
3251820
3251820
3251820
3251820
3251820
3251820
