4021395
4028985
4016139
4038133
4038717
4011468
4003293
4008549
3988306
4014193
3978574
3983635
3965144
3976823
3967675
3957748
3969621
3970984
3966896
3965339
3956386
3944318
3905975
3924271
3952688
3939063
3904028
3895464
3948990
3911814
3925049
3938868
3900914
3942761
3929721
3915901
3947432
3937506
3938868
3937117
3956580
3958332
3938674
3938674
3919599
3916291
3911814
3911425
3947043
3972930
3966312
3945097
3962420
3956775
3948600
3965728
3914344
3949574
3960668
3919989
3917848
3951715
3960473
3959889
3913955
3963393
3914150
3909089
3957554
3958138
3955802
3952882
3956775
3955607
3904612
3901693
3897800
3906753
3914928
3931667
3939258
3891961
3899163
3875222
3883981
3987722
3986165
3949574
3934003
3996870
4004461
4009132
3971178
4010495
4013804
3984414
3977407
3993367
