12303.396749,67.77,142.18,142.18
12303.406395,67.77,141.40,141.40
12303.418589,67.77,141.47,141.47
12303.435528,67.77,140.30,140.30
12303.452279,67.77,140.37,140.37
12303.468389,67.77,139.12,139.12
12303.486851,67.77,138.61,138.61
12303.501954,67.77,138.34,138.34
12303.518736,67.77,138.56,138.56
12303.538390,67.77,138.39,138.39
12303.551663,67.77,137.82,137.82
12303.568823,67.77,137.07,137.07
12303.585643,67.77,138.05,138.05
12303.601873,67.77,136.21,136.21
12303.618487,67.77,135.43,135.43
12303.635627,67.77,134.63,134.63
12303.651468,67.77,134.59,134.59
12303.668891,67.77,134.00,134.00
12303.685064,67.77,133.80,133.80
12303.701765,67.77,132.81,132.81
12303.719480,67.77,133.12,133.12
12303.735149,67.77,132.10,132.10
12303.752616,67.77,132.36,132.36
12303.768730,67.77,130.71,130.71
12303.785968,67.77,131.15,131.15
12303.802154,67.77,130.13,130.13
12303.817956,67.77,130.22,130.22
12303.834898,67.77,129.85,129.85
12303.852193,67.77,130.20,130.20
12303.868453,67.77,130.14,130.14
12303.884950,67.77,129.84,129.84
12303.901821,67.77,129.68,129.68
12303.918777,67.77,130.07,130.07
12303.936126,67.77,129.21,129.21
12303.951395,67.77,128.79,128.79
12303.968680,67.77,128.69,128.69
12303.985354,67.77,128.42,128.42
12304.002137,67.77,128.02,128.02
12304.018756,67.77,127.45,127.45
12304.035797,67.77,126.70,126.70
12304.052203,67.77,126.56,126.56
12304.068560,67.77,126.07,126.07
12304.085243,67.77,126.00,126.00
12304.101672,67.77,125.77,125.77
12304.118411,67.77,125.57,125.57
12304.135457,67.77,125.10,125.10
12304.151449,67.77,124.97,124.97
12304.168308,67.77,124.79,124.79
12304.184809,67.77,125.04,125.04
12304.201329,67.77,124.82,124.82
12304.218162,67.77,124.68,124.68
12304.237963,67.77,124.15,124.15
12304.251862,67.77,123.98,123.98
12304.268902,67.77,123.84,123.84
12304.285361,67.77,123.85,123.85
12304.305798,67.77,123.34,123.34
12304.318589,67.77,123.50,123.50
12304.338634,67.77,123.35,123.35
12304.351909,67.77,123.31,123.31
12304.368606,67.77,122.97,122.97
12304.385221,67.77,123.24,123.24
12304.401860,67.77,123.93,123.93
12304.418157,67.77,123.47,123.47
12304.436660,67.77,123.42,123.42
12304.451499,67.77,123.98,123.98
12304.468478,67.77,124.32,124.32
12304.484739,67.77,124.45,124.45
12304.501572,67.77,124.13,124.13
12304.518639,67.77,124.49,124.49
12304.535634,67.77,125.07,125.07
12304.552163,67.77,124.86,124.86
12304.567976,67.77,125.11,125.11
12304.585097,67.77,124.95,124.95
12304.608444,67.77,125.29,125.29
12304.621794,67.77,125.31,125.31
12304.634577,67.77,125.63,125.63
12304.652285,67.77,125.50,125.50
12304.668015,67.77,128.59,128.59
12304.684902,67.77,129.04,129.04
12304.701439,67.77,129.74,129.74
12304.717781,67.77,130.16,130.16
12304.735025,67.77,130.29,130.29
12304.751937,67.77,130.46,130.46
12304.768128,67.77,131.17,131.17
12304.785650,67.77,131.45,131.45
12304.801948,67.77,135.30,135.30
12304.819024,67.77,135.38,135.38
12304.834594,67.77,139.55,139.55
12304.851176,67.77,140.15,140.15
12304.869311,67.77,141.01,141.01
12304.885661,67.77,141.09,141.09
12304.902781,67.77,142.53,142.53
12304.918487,67.77,142.74,142.74
12304.936069,67.77,145.65,145.65
12304.952615,67.77,145.89,145.89
12304.968192,67.77,146.94,146.94
12304.984781,67.77,147.02,147.02
12305.001957,67.77,148.94,148.94
12305.018552,67.77,149.54,149.54
12305.035448,67.77,149.96,149.96
12305.052135,67.77,150.38,150.38
12305.068434,67.77,152.74,152.74
12305.085389,67.77,153.00,153.00
12305.101962,67.77,155.68,155.68
12305.118158,67.77,155.92,155.92
12305.134403,67.77,156.57,156.57
12305.151710,67.77,155.68,155.68
12305.167736,67.77,155.22,155.22
12305.188145,67.77,155.43,155.43
12305.205387,67.77,154.74,154.74
12305.218124,67.77,154.27,154.27
12305.234852,67.77,156.80,156.80
12305.251242,67.77,157.49,157.49
12305.268327,67.77,158.11,158.11
12305.284612,67.77,157.95,157.95
12305.302521,67.77,157.77,157.77
12305.318457,67.77,158.35,158.35
12305.334895,67.77,158.39,158.39
12305.352659,67.77,158.39,158.39
12305.368229,67.77,158.87,158.87
12305.385191,67.77,158.63,158.63
12305.402754,67.77,158.42,158.42
12305.419554,67.77,158.81,158.81
12305.436967,67.77,158.85,158.85
12305.452641,67.77,158.51,158.51
12305.468183,67.77,159.62,159.62
12305.484730,67.77,159.67,159.67
12305.504138,67.77,159.61,159.61
12305.517704,67.77,159.51,159.51
12305.538061,67.77,158.97,158.97
12305.551363,67.77,158.51,158.51
12305.568051,67.77,159.22,159.22
12305.584561,67.77,160.33,160.33
12305.601879,67.77,160.36,160.36
12305.618242,67.77,160.79,160.79
12305.634519,67.77,159.40,159.40
12305.651387,67.77,159.99,159.99
12305.668145,67.77,160.82,160.82
12305.684694,67.77,160.71,160.71
12305.701184,67.77,161.85,161.85
12305.717714,67.77,162.40,162.40
12305.734660,67.77,161.98,161.98
12305.751044,67.77,162.28,162.28
12305.767884,67.77,162.52,162.52
12305.785113,67.77,163.14,163.14
12305.802525,67.77,163.00,163.00
12305.818147,67.77,163.24,163.24
12305.835319,67.77,164.06,164.06
12305.851622,67.77,163.61,163.61
12305.869449,67.77,163.56,163.56
12305.894433,67.77,163.38,163.38
12305.908668,67.77,163.43,163.43
12305.918136,67.77,164.51,164.51
12305.934729,67.77,164.53,164.53
12305.951434,67.77,180.70,180.70
12305.968402,67.77,180.87,180.87
12305.984844,67.77,180.94,180.94
12306.001343,67.77,181.11,181.11
12306.018056,67.77,180.95,180.95
12306.034994,67.77,180.63,180.63
12306.051249,67.77,180.55,180.55
12306.067919,67.77,180.85,180.85
12306.084377,67.77,181.61,181.61
12306.101513,67.77,181.81,181.81
12306.118802,67.77,180.92,180.92
12306.136648,67.77,181.98,181.98
12306.150993,67.77,180.17,180.17
12306.168317,67.77,181.09,181.09
12306.184305,67.77,179.25,179.25
12306.201451,67.77,179.72,179.72
12306.217678,67.77,178.87,178.87
12306.234985,67.77,178.88,178.88
12306.251451,67.77,178.49,178.49
12306.267653,67.77,178.28,178.28
12306.285098,67.77,177.90,177.90
12306.300693,67.77,177.64,177.64
12306.319505,67.77,177.32,177.32
12306.334594,67.77,177.65,177.65
12306.351530,67.77,177.52,177.52
12306.367899,67.77,177.11,177.11
12306.385162,67.77,177.51,177.51
12306.401420,67.77,176.98,176.98
12306.418599,67.77,177.00,177.00
12306.435320,67.77,177.11,177.11
12306.451430,67.77,177.17,177.17
12306.467727,67.77,177.00,177.00
12306.485162,67.77,177.30,177.30
12306.501334,67.77,177.49,177.49
12306.518027,67.77,177.00,177.00
12306.534083,67.77,176.94,176.94
12306.551313,67.77,177.40,177.40
12306.567943,67.77,177.99,177.99
12306.584133,67.77,178.18,178.18
12306.602389,67.77,178.68,178.68
12306.617600,67.77,178.72,178.72
12306.634512,67.77,179.34,179.34
12306.650684,67.77,178.96,178.96
12306.668199,67.77,178.36,178.36
12306.684815,67.77,179.00,179.00
12306.703146,67.77,178.83,178.83
12306.720768,67.77,178.92,178.92
12306.734255,67.77,177.50,177.50
12306.750974,67.77,178.82,178.82
12306.768437,67.77,179.09,179.09
12306.785067,67.77,179.57,179.57
12306.801174,67.77,180.79,180.79
12306.817575,67.77,180.27,180.27
12306.834540,67.77,180.07,180.07
12306.851821,67.77,180.44,180.44
12306.868028,67.77,180.62,180.62
12306.884490,67.77,179.87,179.87
12306.901473,67.77,180.03,180.03
12306.918188,67.77,180.09,180.09
12306.934517,67.77,179.70,179.70
12306.951384,67.77,179.40,179.40
12306.967823,67.77,178.92,178.92
12306.984600,67.77,178.13,178.13
12307.001306,67.77,176.77,176.77
12307.017888,67.77,175.31,175.31
12307.037505,67.77,174.30,174.30
12307.051063,67.77,173.29,173.29
12307.068136,67.77,172.14,172.14
12307.084732,67.77,171.76,171.76
12307.104592,67.77,172.07,172.07
12307.117839,67.77,171.24,171.24
12307.135013,67.77,170.33,170.33
12307.151431,67.77,169.26,169.26
12307.167682,67.77,168.30,168.30
12307.184454,67.77,167.60,167.60
12307.201202,67.77,166.99,166.99
12307.217568,67.77,166.01,166.01
12307.234242,67.77,165.09,165.09
12307.250885,67.77,164.42,164.42
12307.267245,67.77,163.84,163.84
12307.284144,67.77,163.93,163.93
12307.301692,67.77,165.82,165.82
12307.317346,67.77,165.13,165.13
12307.335113,67.77,164.64,164.64
12307.351296,67.77,164.45,164.45
12307.367991,67.77,164.54,164.54
12307.385269,67.77,164.37,164.37
12307.401830,67.77,164.50,164.50
12307.418029,67.77,163.58,163.58
12307.434593,67.77,163.55,163.55
12307.451066,67.77,163.53,163.53
12307.467787,67.77,163.20,163.20
12307.484155,67.77,163.43,163.43
12307.501435,67.77,163.00,163.00
12307.518779,67.77,162.65,162.65
12307.535113,67.77,162.87,162.87
12307.551765,67.77,162.99,162.99
12307.567860,67.77,163.08,163.08
12307.584768,67.77,162.70,162.70
12307.601570,67.77,162.23,162.23
12307.617930,67.77,162.74,162.74
12307.634602,67.77,162.14,162.14
12307.651561,67.77,161.50,161.50
12307.667981,67.77,161.10,161.10
12307.684945,67.77,160.86,160.86
12307.701130,67.77,160.63,160.63
12307.717935,67.77,160.34,160.34
12307.734174,67.77,159.50,159.50
12307.750995,67.77,159.85,159.85
12307.767951,67.77,158.65,158.65
12307.784314,67.77,158.17,158.17
12307.800904,67.77,158.01,158.01
12307.817527,67.77,158.13,158.13
12307.834126,67.77,158.99,158.99
12307.851217,67.77,158.63,158.63
12307.867511,67.77,158.05,158.05
12307.884283,67.77,158.75,158.75
12307.900722,67.77,159.07,159.07
12307.917982,67.77,158.62,158.62
12307.934526,67.77,159.41,159.41
12307.951305,67.77,159.71,159.71
12307.968169,67.77,159.66,159.66
12307.984588,67.77,160.40,160.40
12308.000451,67.77,159.91,159.91
12308.017630,67.77,160.28,160.28
12308.034182,67.77,160.40,160.40
12308.050648,67.77,159.96,159.96
12308.067521,67.77,160.30,160.30
12308.092388,67.77,160.62,160.62
12308.100627,67.77,160.79,160.79
12308.117219,67.77,162.03,162.03
12308.134184,67.77,161.55,161.55
12308.158655,67.77,161.90,161.90
12308.168043,67.77,162.09,162.09
12308.184236,67.77,162.67,162.67
12308.200782,67.77,163.82,163.82
12308.217479,67.77,165.51,165.51
12308.234329,67.77,166.64,166.64
12308.251411,67.77,167.81,167.81
12308.267418,67.77,169.84,169.84
12308.284665,67.77,170.79,170.79
12308.300419,67.77,171.56,171.56
12308.318233,67.77,173.54,173.54
12308.333532,67.77,174.84,174.84
12308.351108,67.77,176.02,176.02
12308.367163,67.77,177.04,177.04
12308.384373,67.77,177.97,177.97
12308.402412,67.77,181.61,181.61
12308.417898,67.77,182.97,182.97
12308.434208,67.77,186.52,186.52
12308.451156,67.77,187.14,187.14
12308.467307,67.77,187.08,187.08
12308.484101,67.77,187.30,187.30
12308.501599,67.77,187.60,187.60
12308.517653,67.77,187.99,187.99
12308.534893,67.77,189.65,189.65
12308.550646,67.77,189.71,189.71
12308.568024,67.77,192.87,192.87
12308.583931,67.77,192.36,192.36
12308.601440,67.77,192.32,192.32
12308.619481,67.77,192.07,192.07
12308.639309,67.77,191.93,191.93
12308.651057,67.77,192.11,192.11
12308.667905,67.77,191.84,191.84
12308.684176,67.77,191.89,191.89
12308.704050,67.77,191.47,191.47
12308.717429,67.77,191.54,191.54
12308.737447,67.77,191.73,191.73
12308.751461,67.77,191.34,191.34
12308.767512,67.77,190.58,190.58
12308.783776,67.77,191.13,191.13
12308.801147,67.77,190.80,190.80
12308.817357,67.77,190.82,190.82
12308.834637,67.77,190.32,190.32
12308.850707,67.77,190.23,190.23
12308.867383,67.77,189.59,189.59
12308.885261,67.77,189.59,189.59
12308.900584,67.77,189.23,189.23
12308.917681,67.77,188.64,188.64
12308.934540,67.77,191.42,191.42
12308.950921,67.77,192.22,192.22
12308.968044,67.77,191.01,191.01
12308.984159,67.77,191.25,191.25
12309.003944,67.77,191.45,191.45
12309.017757,67.77,192.25,192.25
12309.034025,67.77,192.66,192.66
12309.050468,67.77,192.98,192.98
12309.067410,67.77,192.88,192.88
12309.084104,67.77,192.34,192.34
12309.100591,67.77,192.62,192.62
12309.117584,67.77,191.95,191.95
12309.134001,67.77,190.95,190.95
12309.150421,67.77,191.08,191.08
12309.167656,67.77,190.49,190.49
12309.184134,67.77,190.58,190.58
12309.201411,67.77,189.91,189.91
12309.217554,67.77,189.96,189.96
12309.234384,67.77,189.27,189.27
12309.251944,67.77,189.31,189.31
12309.268407,67.77,189.18,189.18
12309.284134,67.77,189.19,189.19
12309.301069,67.77,189.44,189.44
12309.317242,67.77,188.74,188.74
12309.334737,67.77,188.58,188.58
12309.351318,67.77,188.70,188.70
12309.367907,67.77,188.52,188.52
12309.383846,67.77,188.77,188.77
12309.401199,67.77,188.92,188.92
12309.417248,67.77,188.18,188.18
12309.433809,67.77,188.01,188.01
12309.451776,67.77,188.17,188.17
12309.467684,67.77,187.75,187.75
12309.484680,67.77,187.50,187.50
12309.500778,67.77,187.41,187.41
12309.517587,67.77,187.21,187.21
12309.533933,67.77,187.23,187.23
12309.550635,67.77,186.96,186.96
12309.567368,67.77,186.43,186.43
12309.583870,67.77,186.31,186.31
12309.600590,67.77,186.57,186.57
12309.617811,67.77,186.48,186.48
12309.634238,67.77,186.10,186.10
12309.650658,67.77,185.96,185.96
12309.668194,67.77,185.76,185.76
12309.684287,67.77,185.70,185.70
12309.702894,67.77,185.71,185.71
12309.717745,67.77,185.92,185.92
12309.737450,67.77,186.18,186.18
12309.751507,67.77,186.77,186.77
12309.768002,67.77,186.16,186.16
12309.784076,67.77,184.92,184.92
12309.801542,67.77,185.16,185.16
12309.817229,67.77,184.86,184.86
12309.833765,67.77,184.34,184.34
12309.850910,67.77,184.79,184.79
12309.867608,67.77,182.52,182.52
12309.883996,67.77,184.16,184.16
12309.900339,67.77,184.19,184.19
12309.917277,67.77,183.78,183.78
12309.933657,67.77,183.36,183.36
12309.950399,67.77,182.77,182.77
12309.967048,67.77,183.11,183.11
12309.983679,67.77,182.76,182.76
12310.000421,67.77,182.48,182.48
12310.018283,67.77,182.11,182.11
12310.033706,67.77,181.77,181.77
12310.051860,67.77,180.56,180.56
12310.067377,67.77,180.41,180.41
12310.084179,67.77,179.84,179.84
12310.100350,67.77,179.89,179.89
12310.117406,67.77,179.69,179.69
12310.133620,67.77,179.58,179.58
12310.150460,67.77,179.05,179.05
12310.166760,67.77,178.59,178.59
12310.183844,67.77,178.37,178.37
12310.201242,67.77,177.92,177.92
12310.217771,67.77,177.63,177.63
12310.234701,67.77,177.59,177.59
12310.251073,67.77,177.04,177.04
12310.267100,67.77,176.50,176.50
12310.283928,67.77,175.69,175.69
12310.300972,67.77,174.96,174.96
12310.317174,67.77,174.41,174.41
12310.334718,67.77,173.24,173.24
12310.350246,67.77,173.09,173.09
12310.367440,67.77,172.33,172.33
12310.383671,67.77,172.78,172.78
12310.401205,67.77,171.32,171.32
12310.416821,67.77,171.12,171.12
12310.433884,67.77,170.42,170.42
12310.450513,67.77,170.34,170.34
12310.467157,67.77,168.86,168.86
12310.483887,67.77,168.50,168.50
12310.499879,67.77,167.06,167.06
12310.517862,67.77,166.22,166.22
12310.534149,67.77,164.96,164.96
12310.550897,67.77,165.39,165.39
12310.568434,67.77,164.31,164.31
12310.583582,67.77,164.74,164.74
12310.601213,67.77,163.21,163.21
12310.617745,67.77,162.95,162.95
12310.634064,67.77,162.74,162.74
12310.650432,67.77,162.79,162.79
12310.667203,67.77,161.15,161.15
12310.691181,67.77,161.03,161.03
12310.700749,67.77,159.14,159.14
12310.716849,67.77,158.63,158.63
12310.734495,67.77,158.10,158.10
12310.751295,67.77,158.01,158.01
12310.767487,67.77,157.29,157.29
12310.783733,67.77,157.27,157.27
12310.800098,67.77,156.58,156.58
12310.816926,67.77,156.36,156.36
12310.835192,67.77,156.17,156.17
12310.850746,67.77,155.65,155.65
12310.867258,67.77,155.29,155.29
12310.884077,67.77,154.96,154.96
12310.900045,67.77,154.49,154.49
12310.917167,67.77,153.74,153.74
12310.933484,67.77,153.11,153.11
12310.950475,67.77,152.64,152.64
12310.967004,67.77,154.78,154.78
12310.983246,67.77,154.72,154.72
12311.000862,67.77,154.84,154.84
12311.017121,67.77,154.63,154.63
12311.033773,67.77,154.07,154.07
12311.050548,67.77,153.62,153.62
12311.067102,67.77,153.34,153.34
12311.084055,67.77,152.74,152.74
12311.100568,67.77,152.15,152.15
12311.116675,67.77,150.98,150.98
12311.133634,67.77,150.01,150.01
12311.150210,67.77,148.97,148.97
12311.166856,67.77,148.06,148.06
12311.183600,67.77,147.26,147.26
12311.200360,67.77,146.42,146.42
12311.216675,67.77,145.34,145.34
12311.234886,67.77,147.38,147.38
12311.249771,67.77,146.14,146.14
12311.266618,67.77,145.48,145.48
12311.290135,67.77,144.26,144.26
12311.300148,67.77,143.61,143.61
12311.317971,67.77,142.89,142.89
12311.333950,67.77,142.80,142.80
12311.353464,67.77,142.55,142.55
12311.367050,67.77,141.90,141.90
12311.384074,67.77,141.32,141.32
12311.399929,67.77,139.93,139.93
12311.416716,67.77,139.14,139.14
12311.434712,67.77,138.32,138.32
12311.450942,67.77,137.52,137.52
12311.466686,67.77,136.89,136.89
12311.499848,67.77,135.85,135.85
12311.517485,67.77,135.15,135.15
12311.533543,67.77,134.71,134.71
12311.551040,67.77,133.84,133.84
12311.567783,67.77,133.99,133.99
12311.583426,67.77,133.41,133.41
12311.601086,67.77,132.69,132.69
12311.616949,67.77,132.78,132.78
12311.633488,67.77,132.95,132.95
12311.650313,67.77,133.42,133.42
12311.666993,67.77,133.82,133.82
12311.699992,67.77,133.55,133.55
12311.716526,67.77,133.26,133.26
12311.734431,67.77,133.59,133.59
12311.749920,67.77,134.08,134.08
12311.767599,67.77,133.54,133.54
12311.783561,67.77,133.23,133.23
12311.799940,67.77,132.90,132.90
12311.819419,67.77,133.32,133.32
12311.834052,67.77,133.25,133.25
12311.850846,67.77,133.94,133.94
12311.866663,67.77,133.99,133.99
12311.884051,67.77,133.75,133.75
12311.899802,67.77,133.63,133.63
12311.916639,67.77,133.39,133.39
12311.933300,67.77,133.68,133.68
12311.950047,67.77,133.46,133.46
12311.966732,67.77,133.96,133.96
12311.983407,67.77,134.25,134.25
12311.999892,67.77,134.40,134.40
12312.016891,67.77,135.04,135.04
12312.033127,67.77,134.95,134.95
12312.049998,67.77,134.65,134.65
12312.067334,67.77,134.88,134.88
12312.083782,67.77,135.44,135.44
12312.101510,67.77,135.86,135.86
12312.117020,67.77,136.01,136.01
12312.134708,67.77,135.96,135.96
12312.150719,67.77,136.05,136.05
12312.166889,67.77,136.50,136.50
12312.183709,67.77,136.87,136.87
12312.199790,67.77,137.31,137.31
12312.216890,67.77,137.52,137.52
12312.233328,67.77,138.92,138.92
12312.249837,67.77,139.48,139.48
12312.266874,67.77,139.62,139.62
12312.283818,67.77,139.38,139.38
12312.300060,67.77,139.66,139.66
12312.316980,67.77,139.01,139.01
12312.333651,67.77,138.95,138.95
12312.350798,67.77,139.28,139.28
12312.366998,67.77,138.90,138.90
12312.383896,67.77,138.51,138.51
12312.401584,67.77,138.51,138.51
12312.418047,67.77,138.88,138.88
12312.433931,67.77,139.46,139.46
12312.450669,67.77,139.51,139.51
12312.466722,67.77,139.77,139.77
12312.483268,67.77,139.87,139.87
12312.500346,67.77,139.72,139.72
12312.516632,67.77,139.51,139.51
12312.534092,67.77,139.04,139.04
12312.550054,67.77,138.98,138.98
12312.566750,67.77,138.80,138.80
12312.583887,67.77,138.51,138.51
12312.600995,67.77,137.96,137.96
12312.617316,67.77,137.67,137.67
12312.633779,67.77,137.63,137.63
12312.650365,67.77,137.73,137.73
12312.667406,67.77,137.82,137.82
12312.684253,67.77,137.64,137.64
12312.699586,67.77,137.12,137.12
12312.716807,67.77,136.42,136.42
12312.733373,67.77,136.42,136.42
12312.749783,67.77,136.45,136.45
12312.766775,67.77,136.29,136.29
12312.784035,67.77,135.98,135.98
12312.800657,67.77,136.00,136.00
12312.817451,67.77,135.75,135.75
12312.834131,67.77,135.38,135.38
12312.850477,67.77,135.53,135.53
12312.867655,67.77,135.36,135.36
12312.883424,67.77,135.59,135.59
12312.899789,67.77,135.90,135.90
12312.916977,67.77,136.43,136.43
12312.933583,67.77,137.04,137.04
12312.950461,67.77,137.90,137.90
12312.967376,67.77,137.83,137.83
12312.983680,67.77,139.38,139.38
12313.000910,67.77,138.92,138.92
12313.016453,67.77,139.67,139.67
12313.033869,67.77,139.42,139.42
12313.049804,67.77,138.84,138.84
12313.066914,67.77,138.19,138.19
12313.084284,67.77,138.02,138.02
12313.100457,67.77,140.81,140.81
12313.116672,67.77,140.77,140.77
12313.133447,67.77,141.11,141.11
12313.150845,67.77,141.72,141.72
12313.166827,67.77,141.62,141.62
12313.184322,67.77,142.21,142.21
12313.200251,67.77,142.55,142.55
12313.217497,67.77,143.11,143.11
12313.233831,67.77,143.34,143.34
12313.250914,67.77,143.46,143.46
12313.268336,67.77,143.43,143.43
12313.284478,67.77,143.99,143.99
12313.300824,67.77,144.51,144.51
12313.317338,67.77,145.68,145.68
12313.333375,67.77,146.87,146.87
12313.350620,67.77,147.57,147.57
12313.367133,67.77,147.88,147.88
12313.383571,67.77,148.25,148.25
12313.400305,67.77,148.66,148.66
12313.419082,67.77,148.82,148.82
12313.434946,67.77,148.90,148.90
12313.450548,67.77,148.56,148.56
12313.466487,67.77,147.94,147.94
12313.484135,67.77,147.74,147.74
12313.499655,67.77,147.20,147.20
12313.517225,67.77,147.13,147.13
12313.533518,67.77,146.21,146.21
12313.549993,67.77,146.86,146.86
12313.566715,67.77,146.64,146.64
12313.583463,67.77,146.55,146.55
12313.600821,67.77,145.93,145.93
12313.616705,67.77,145.44,145.44
12313.632992,67.77,144.69,144.69
12313.649996,67.77,145.46,145.46
12313.666793,67.77,145.82,145.82
12313.683378,67.77,145.61,145.61
12313.700087,67.77,146.47,146.47
12313.716403,67.77,146.82,146.82
12313.734363,67.77,146.81,146.81
12313.750512,67.77,146.31,146.31
12313.766810,67.77,147.04,147.04
12313.783370,67.77,147.07,147.07
12313.799941,67.77,147.87,147.87
12313.818003,67.77,148.43,148.43
12313.833253,67.77,148.57,148.57
12313.849951,67.77,148.87,148.87
12313.866792,67.77,149.18,149.18
12313.883787,67.77,149.04,149.04
12313.900311,67.77,148.57,148.57
12313.916924,67.77,149.03,149.03
12313.934331,67.77,149.17,149.17
12313.950821,67.77,149.78,149.78
12313.966774,67.77,149.78,149.78
12313.983566,67.77,149.87,149.87
12313.999990,67.77,150.20,150.20
12314.017021,67.77,150.29,150.29
12314.033996,67.77,151.02,151.02
12314.050960,67.77,151.73,151.73
12314.066399,67.77,151.11,151.11
12314.083730,67.77,150.76,150.76
12314.100617,67.77,150.44,150.44
12314.116894,67.77,150.52,150.52
12314.133538,67.77,149.17,149.17
12314.150198,67.77,148.78,148.78
12314.166865,67.77,148.80,148.80
12314.183081,67.77,149.42,149.42
12314.200282,67.77,149.19,149.19
12314.216520,67.77,150.36,150.36
12314.233214,67.77,151.24,151.24
12314.249800,67.77,150.94,150.94
12314.266765,67.77,151.67,151.67
12314.283579,67.77,151.93,151.93
12314.299758,67.77,151.95,151.95
12314.317080,67.77,151.71,151.71
12314.333227,67.77,151.53,151.53
12314.350402,67.77,151.63,151.63
12314.367406,67.77,151.81,151.81
12314.383552,67.77,152.25,152.25
12314.400703,67.77,152.15,152.15
12314.416582,67.77,152.80,152.80
12314.432887,67.77,152.50,152.50
12314.449951,67.77,152.81,152.81
12314.467419,67.77,152.28,152.28
12314.485870,67.77,152.56,152.56
12314.499520,67.77,152.76,152.76
12314.516290,67.77,152.41,152.41
12314.533192,67.77,152.26,152.26
12314.549563,67.77,152.40,152.40
12314.566329,67.77,153.08,153.08
12314.583755,67.77,152.35,152.35
12314.599776,67.77,152.75,152.75
12314.617189,67.77,152.97,152.97
12314.633809,67.77,152.68,152.68
12314.650188,67.77,153.01,153.01
12314.666362,67.77,152.77,152.77
12314.683430,67.77,152.36,152.36
12314.700079,67.77,152.02,152.02
12314.716171,67.77,151.26,151.26
12314.733469,67.77,154.28,154.28
12314.749557,67.77,154.00,154.00
12314.766706,67.77,156.51,156.51
12314.783182,67.77,156.46,156.46
12314.799696,67.77,156.43,156.43
12314.816765,67.77,156.34,156.34
12314.833050,67.77,156.68,156.68
12314.849544,67.77,156.67,156.67
12314.866376,67.77,156.72,156.72
12314.884466,67.77,156.83,156.83
12314.899667,67.77,156.87,156.87
12314.916575,67.77,157.19,157.19
12314.933186,67.77,156.67,156.67
12314.950938,67.77,156.18,156.18
12314.967117,67.77,156.13,156.13
12314.983944,67.77,155.67,155.67
12315.000138,67.77,158.02,158.02
12315.017739,67.77,157.58,157.58
12315.033337,67.77,157.98,157.98
12315.050480,67.77,157.81,157.81
12315.066911,67.77,157.84,157.84
12315.083095,67.77,157.69,157.69
12315.099870,67.77,157.32,157.32
12315.116361,67.77,157.11,157.11
12315.133535,67.77,156.95,156.95
12315.149555,67.77,157.30,157.30
12315.166631,67.77,156.98,156.98
12315.183333,67.77,156.64,156.64
12315.200365,67.77,156.50,156.50
12315.216603,67.77,156.54,156.54
12315.233644,67.77,156.83,156.83
12315.250599,67.77,156.86,156.86
12315.267772,67.77,156.88,156.88
12315.284728,67.77,156.58,156.58
12315.299850,67.77,156.38,156.38
12315.316573,67.77,156.21,156.21
12315.333292,67.77,156.43,156.43
12315.350141,67.77,156.28,156.28
12315.367532,67.77,156.44,156.44
12315.383715,67.77,156.52,156.52
12315.400037,67.77,156.84,156.84
12315.416410,67.77,156.68,156.68
12315.432590,67.77,156.41,156.41
12315.449676,67.77,156.00,156.00
12315.466126,67.77,155.93,155.93
12315.483280,67.77,155.88,155.88
12315.499343,67.77,155.96,155.96
12315.517141,67.77,156.05,156.05
12315.535357,67.77,156.36,156.36
12315.550402,67.77,156.29,156.29
12315.568439,67.77,155.94,155.94
12315.584231,67.77,156.02,156.02
12315.599788,67.77,155.59,155.59
12315.616377,67.77,154.95,154.95
12315.634050,67.77,154.98,154.98
12315.649423,67.77,155.01,155.01
12315.667807,67.77,154.55,154.55
12315.682838,67.77,154.19,154.19
12315.699746,67.77,154.03,154.03
12315.716184,67.77,154.09,154.09
12315.733748,67.77,154.15,154.15
12315.750391,67.77,153.85,153.85
12315.766531,67.77,153.59,153.59
12315.783694,67.77,153.70,153.70
12315.799508,67.77,153.31,153.31
12315.817241,67.77,153.15,153.15
12315.832631,67.77,153.12,153.12
12315.849812,67.77,153.04,153.04
12315.867131,67.77,153.23,153.23
12315.883433,67.77,153.14,153.14
12315.900761,67.77,153.25,153.25
12315.916507,67.77,153.09,153.09
12315.932855,67.77,152.88,152.88
12315.949535,67.77,152.87,152.87
12315.966277,67.77,153.17,153.17
12315.983108,67.77,153.21,153.21
12315.999281,67.77,153.63,153.63
12316.016144,67.77,154.06,154.06
12316.033269,67.77,153.83,153.83
12316.050174,67.77,154.03,154.03
12316.067742,67.77,154.82,154.82
12316.084409,67.77,154.95,154.95
12316.100265,67.77,155.04,155.04
12316.117432,67.77,155.15,155.15
12316.133955,67.77,155.03,155.03
12316.150741,67.77,155.05,155.05
12316.167159,67.77,155.17,155.17
12316.183825,67.77,155.77,155.77
12316.199736,67.77,155.87,155.87
12316.216593,67.77,155.65,155.65
12316.233570,67.77,155.50,155.50
12316.249431,67.77,155.60,155.60
12316.266207,67.77,155.91,155.91
12316.282727,67.77,155.89,155.89
12316.299958,67.77,155.84,155.84
12316.316264,67.77,155.69,155.69
12316.333053,67.77,155.68,155.68
12316.350315,67.77,155.67,155.67
12316.366085,67.77,155.62,155.62
12316.383143,67.77,155.68,155.68
12316.399607,67.77,155.65,155.65
12316.416262,67.77,155.68,155.68
12316.433057,67.77,155.43,155.43
12316.449437,67.77,155.28,155.28
12316.466244,67.77,155.03,155.03
12316.482732,67.77,154.83,154.83
12316.499339,67.77,155.19,155.19
12316.516423,67.77,154.78,154.78
12316.533635,67.77,154.60,154.60
12316.549696,67.77,154.61,154.61
12316.568836,67.77,154.40,154.40
12316.583134,67.77,153.98,153.98
12316.599669,67.77,154.22,154.22
12316.616450,67.77,153.95,153.95
12316.632874,67.77,153.86,153.86
12316.649496,67.77,153.79,153.79
12316.667482,67.77,153.64,153.64
12316.683282,67.77,153.91,153.91
12316.700639,67.77,153.96,153.96
12316.716547,67.77,153.93,153.93
12316.732816,67.77,153.87,153.87
12316.749435,67.77,153.97,153.97
12316.767097,67.77,154.10,154.10
12316.783713,67.77,154.22,154.22
12316.800082,67.77,154.48,154.48
12316.815860,67.77,154.55,154.55
12316.832683,67.77,154.51,154.51
12316.849089,67.77,154.57,154.57
12316.866681,67.77,154.54,154.54
12316.883992,67.77,154.96,154.96
12316.899361,67.77,155.11,155.11
12316.916514,67.77,155.07,155.07
12316.932925,67.77,155.17,155.17
12316.949893,67.77,155.10,155.10
12316.966265,67.77,155.11,155.11
12316.983945,67.77,155.25,155.25
12316.999088,67.77,155.18,155.18
12317.016106,67.77,155.27,155.27
12317.032531,67.77,155.20,155.20
12317.049298,67.77,155.26,155.26
12317.071279,67.77,155.27,155.27
12317.082498,67.77,155.19,155.19
12317.099357,67.77,154.44,154.44
12317.116282,67.77,154.43,154.43
12317.132602,67.77,154.26,154.26
12317.149309,67.77,154.39,154.39
12317.167632,67.77,153.88,153.88
12317.183665,67.77,153.95,153.95
12317.199632,67.77,154.12,154.12
12317.217316,67.77,153.93,153.93
12317.232927,67.77,153.73,153.73
12317.249034,67.77,153.73,153.73
12317.270951,67.77,153.24,153.24
12317.282878,67.77,153.33,153.33
12317.302398,67.77,151.94,151.94
12317.315609,67.77,152.03,152.03
12317.332732,67.77,151.91,151.91
12317.350677,67.77,151.53,151.53
12317.366197,67.77,151.53,151.53
12317.382919,67.77,151.72,151.72
12317.399144,67.77,151.96,151.96
12317.417389,67.77,152.01,152.01
12317.433431,67.77,151.96,151.96
12317.449171,67.77,151.67,151.67
12317.466302,67.77,151.77,151.77
12317.483442,67.77,151.86,151.86
12317.499363,67.77,151.98,151.98
12317.516995,67.77,152.41,152.41
12317.532152,67.77,152.38,152.38
12317.549777,67.77,151.84,151.84
12317.566013,67.77,151.70,151.70
12317.583156,67.77,151.74,151.74
12317.598835,67.77,151.66,151.66
12317.616282,67.77,151.39,151.39
12317.632693,67.77,151.74,151.74
12317.649580,67.77,151.98,151.98
12317.666935,67.77,151.75,151.75
12317.682958,67.77,151.67,151.67
12317.698956,67.77,151.87,151.87
12317.716553,67.77,152.22,152.22
12317.732585,67.77,151.70,151.70
12317.749284,67.77,151.83,151.83
12317.765756,67.77,152.19,152.19
12317.782637,67.77,151.71,151.71
12317.799144,67.77,151.69,151.69
12317.816493,67.77,151.67,151.67
12317.832381,67.77,151.72,151.72
12317.849045,67.77,151.79,151.79
12317.866329,67.77,153.00,153.00
12317.883869,67.77,153.14,153.14
12317.899844,67.77,153.11,153.11
12317.915888,67.77,153.02,153.02
12317.933054,67.77,152.75,152.75
12317.949854,67.77,152.13,152.13
12317.966437,67.77,151.86,151.86
12317.982464,67.77,152.58,152.58
12317.999140,67.77,153.01,153.01
12318.016130,67.77,153.09,153.09
12318.032800,67.77,152.91,152.91
12318.049068,67.77,152.92,152.92
12318.066293,67.77,152.92,152.92
12318.083534,67.77,152.97,152.97
12318.099365,67.77,152.60,152.60
12318.116109,67.77,152.24,152.24
12318.132383,67.77,152.10,152.10
12318.149212,67.77,152.43,152.43
12318.166141,67.77,152.40,152.40
12318.182611,67.77,152.46,152.46
12318.200061,67.77,152.47,152.47
12318.216418,67.77,152.36,152.36
12318.233545,67.77,152.33,152.33
12318.249095,67.77,151.92,151.92
12318.267006,67.77,154.61,154.61
12318.282947,67.77,154.62,154.62
12318.299036,67.77,155.03,155.03
12318.315696,67.77,154.90,154.90
12318.332600,67.77,155.10,155.10
12318.349014,67.77,155.25,155.25
12318.365945,67.77,154.66,154.66
12318.382557,67.77,154.78,154.78
12318.399170,67.77,155.12,155.12
12318.415868,67.77,155.18,155.18
12318.433503,67.77,155.28,155.28
12318.449192,67.77,155.25,155.25
12318.465907,67.77,155.05,155.05
12318.483873,67.77,155.21,155.21
12318.499969,67.77,155.69,155.69
12318.516108,67.77,155.34,155.34
12318.532666,67.77,155.43,155.43
12318.550782,67.77,155.26,155.26
12318.565651,67.77,154.94,154.94
12318.582610,67.77,154.87,154.87
12318.598991,67.77,155.18,155.18
12318.615550,67.77,155.09,155.09
12318.632279,67.77,155.20,155.20
12318.648859,67.77,154.89,154.89
12318.665800,67.77,154.57,154.57
12318.687128,67.77,154.26,154.26
12318.699655,67.77,154.14,154.14
12318.715957,67.77,154.17,154.17
12318.732722,67.77,157.02,157.02
12318.749564,67.77,156.97,156.97
12318.766558,67.77,157.29,157.29
12318.783226,67.77,156.95,156.95
12318.799849,67.77,156.86,156.86
12318.816278,67.77,157.00,157.00
12318.832430,67.77,156.85,156.85
12318.848898,67.77,156.71,156.71
12318.866050,67.77,156.80,156.80
12318.883371,67.77,156.43,156.43
12318.949563,67.77,156.37,156.37
12318.965392,67.77,155.82,155.82
12318.984076,67.77,155.87,155.87
12318.999414,67.77,155.76,155.76
12319.015665,67.77,155.75,155.75
12319.032914,67.77,157.50,157.50
12319.051407,67.77,160.56,160.56
12319.065503,67.77,164.18,164.18
12319.083072,67.77,166.31,166.31
12319.098706,67.77,168.07,168.07
12319.115683,67.77,169.09,169.09
12319.132447,67.77,169.80,169.80
12319.149469,67.77,170.67,170.67
12319.166188,67.77,170.77,170.77
12319.182470,67.77,171.34,171.34
12319.199044,67.77,171.16,171.16
12319.216120,67.77,170.96,170.96
12319.232218,67.77,170.82,170.82
12319.249089,67.77,170.75,170.75
12319.266126,67.77,170.93,170.93
12319.282753,67.77,170.25,170.25
12319.299562,67.77,169.57,169.57
12319.316146,67.77,167.06,167.06
12319.332718,67.77,164.37,164.37
12319.349669,67.77,161.86,161.86
12319.366947,67.77,160.43,160.43
12319.382913,67.77,160.16,160.16
12319.398713,67.77,159.90,159.90
12319.416135,67.77,160.04,160.04
12319.432061,67.77,159.52,159.52
12319.449374,67.77,160.07,160.07
12319.466729,67.77,160.56,160.56
12319.484430,67.77,160.24,160.24
12319.499171,67.77,160.27,160.27
12319.520706,67.77,160.49,160.49
12319.533810,67.77,164.40,164.40
12319.549732,67.77,164.91,164.91
12319.565599,67.77,165.69,165.69
12319.584036,67.77,167.35,167.35
12319.599421,67.77,169.59,169.59
12319.616332,67.77,171.74,171.74
12319.632172,67.77,174.49,174.49
12319.648668,67.77,175.78,175.78
12319.665592,67.77,170.54,170.54
12319.682513,67.77,162.51,162.51
12319.698581,67.77,153.45,153.45
12319.715759,67.77,143.16,143.16
12319.732059,67.77,136.74,136.74
12319.749304,67.77,132.85,132.85
12319.766144,67.77,140.16,140.16
12319.782737,67.77,145.17,145.17
12319.798344,67.77,158.22,158.22
12319.817721,67.77,163.19,163.19
12319.832326,67.77,171.47,171.47
12319.849151,67.77,180.55,180.55
12319.865797,67.77,199.63,199.63
12319.883056,67.77,213.53,213.53
12319.898818,67.77,222.51,222.51
12319.915427,67.77,225.77,225.77
12319.932341,67.77,229.36,229.36
12319.948953,67.77,235.56,235.56
12319.965843,67.77,238.77,238.77
12319.982562,67.77,234.26,234.26
12319.998728,67.77,230.13,230.13
12320.015365,67.77,224.00,224.00
12320.032275,67.77,220.27,220.27
12320.049733,67.77,215.01,215.01
12320.066576,67.77,214.32,214.32
12320.081975,67.77,213.19,213.19
12320.098525,67.77,219.68,219.68
12320.116642,67.77,219.75,219.75
12320.133124,67.77,223.03,223.03
12320.151187,67.77,221.31,221.31
12320.165331,67.77,221.19,221.19
12320.182687,67.77,217.43,217.43
12320.198845,67.77,208.21,208.21
12320.215866,67.77,208.30,208.30
12320.232174,67.77,205.98,205.98
12320.249017,67.77,209.75,209.75
12320.266014,67.77,206.20,206.20
12320.282838,67.77,198.64,198.64
12320.298590,67.77,192.11,192.11
12320.315683,67.77,186.11,186.11
12320.332695,67.77,185.22,185.22
12320.350965,67.77,188.16,188.16
12320.365823,67.77,190.72,190.72
12320.382678,67.77,194.62,194.62
12320.398592,67.77,195.03,195.03
12320.415776,67.77,196.10,196.10
12320.431977,67.77,199.18,199.18
12320.449425,67.77,201.96,201.96
12320.465513,67.77,206.25,206.25
12320.482735,67.77,208.41,208.41
12320.499563,67.77,211.49,211.49
12320.516016,67.77,212.21,212.21
12320.532140,67.77,213.48,213.48
12320.548712,67.77,215.25,215.25
12320.565156,67.77,217.90,217.90
12320.588103,67.77,217.30,217.30
12320.599523,67.77,218.95,218.95
12320.621743,67.77,218.21,218.21
12320.633737,67.77,218.62,218.62
12320.648901,67.77,219.08,219.08
12320.666328,67.77,219.06,219.06
12320.683532,67.77,221.14,221.14
12320.699030,67.77,223.07,223.07
12320.716254,67.77,227.12,227.12
12320.732018,67.77,229.97,229.97
12320.749201,67.77,235.88,235.88
12320.766503,67.77,241.87,241.87
12320.782245,67.77,247.79,247.79
12320.798789,67.77,250.25,250.25
12320.815972,67.77,251.73,251.73
12320.832810,67.77,249.09,249.09
12320.848523,67.77,245.63,245.63
12320.866072,67.77,242.74,242.74
12320.883932,67.77,239.80,239.80
12320.898361,67.77,243.44,243.44
12320.915537,67.77,242.64,242.64
12320.931684,67.77,242.71,242.71
12320.951266,67.77,241.31,241.31
12320.965890,67.77,239.48,239.48
12320.982184,67.77,238.79,238.79
12320.998928,67.77,238.27,238.27
12321.019700,67.77,237.93,237.93
12321.031807,67.77,239.40,239.40
12321.048324,67.77,239.29,239.29
12321.065329,67.77,241.80,241.80
12321.082687,67.77,243.20,243.20
12321.098526,67.77,246.50,246.50
12321.115043,67.77,248.06,248.06
12321.132065,67.77,251.62,251.62
12321.148976,67.77,255.05,255.05
12321.167999,67.77,255.40,255.40
12321.184686,67.77,255.42,255.42
12321.200524,67.77,253.49,253.49
12321.217741,67.77,252.81,252.81
12321.234443,67.77,249.52,249.52
12321.251915,67.77,247.15,247.15
12321.267108,67.77,244.50,244.50
12321.296578,67.77,243.98,243.98
12321.304779,67.77,247.59,247.59
12321.317382,67.77,249.12,249.12
12321.334247,67.77,252.50,252.50
12321.350401,67.77,252.01,252.01
12321.371332,67.77,251.74,251.74
12321.387759,67.77,251.96,251.96
12321.402526,67.77,248.62,248.62
12321.417086,67.77,249.15,249.15
12321.434039,67.77,247.90,247.90
12321.451691,67.77,249.32,249.32
12321.467676,67.77,249.97,249.97
12321.484328,67.77,250.17,250.17
12321.498359,67.77,249.55,249.55
12321.517359,67.77,249.61,249.61
12321.532025,67.77,249.62,249.62
12321.551704,67.77,251.99,251.99
12321.567379,67.77,253.45,253.45
12321.584407,67.77,255.32,255.32
12321.598750,67.77,255.42,255.42
12321.617714,67.77,255.24,255.24
12321.654641,67.77,253.78,253.78
12321.670049,67.77,253.78,253.78
12321.680438,67.77,251.92,251.92
12321.720969,67.77,166.61,166.61
12321.731600,67.77,149.11,149.11
12321.752656,67.77,134.03,134.03
12321.766680,67.77,124.85,124.85
12321.785518,67.77,118.22,118.22
12321.797279,67.77,116.61,116.61
12321.811433,67.77,115.43,115.43
12321.823348,67.77,114.71,114.71
12321.835017,67.77,112.68,112.68
12321.849979,67.77,111.88,111.88
12321.863575,67.77,110.70,110.70
12321.874956,67.77,109.90,109.90
12321.886440,67.77,109.30,109.30
12321.898077,67.77,108.83,108.83
12321.913839,67.77,108.68,108.68
12321.922644,67.77,108.55,108.55
12321.934802,67.77,108.12,108.12
12321.949236,67.77,107.85,107.85
12321.963253,67.77,107.26,107.26
12321.974476,67.77,106.83,106.83
12321.988801,67.77,106.57,106.57
12322.000000,67.77,106.26,106.26
12322.016900,67.77,105.45,105.45
12322.028749,67.77,104.64,104.64
12322.048291,67.77,111.54,111.54
12322.056590,67.77,117.34,117.34
12322.067551,67.77,123.70,123.70
12322.080259,67.77,128.89,128.89
12322.097547,67.77,132.64,132.64
12322.107312,67.77,136.54,136.54
12322.117707,67.77,145.12,145.12
12322.135468,67.77,148.37,148.37
12322.148156,67.77,150.75,150.75
12322.165426,67.77,153.44,153.44
12322.175066,67.77,156.21,156.21
12322.184637,67.77,159.23,159.23
12322.201162,67.77,159.90,159.90
12322.216250,67.77,161.48,161.48
12322.229717,67.77,162.29,162.29
12322.241286,67.77,162.03,162.03
12322.251334,67.77,162.08,162.08
12322.275920,67.77,162.06,162.06
12322.295199,67.77,162.44,162.44
12322.303360,67.77,162.77,162.77
12322.317117,67.77,162.30,162.30
12322.332298,67.77,162.00,162.00
12322.355867,67.77,161.10,161.10
12322.405476,67.77,151.94,151.94
12322.440677,67.77,151.94,151.94
12322.450826,67.77,149.70,149.70
12322.458026,67.77,104.37,104.37
12322.466496,67.77,84.20,84.20
12322.483390,67.77,67.33,67.33
12322.491676,67.77,54.02,54.02
12322.500699,67.77,46.19,46.19
12322.512606,67.77,40.36,40.36
12322.522156,67.77,38.08,38.08
12322.532747,67.77,36.25,36.25
12322.552155,67.77,36.13,36.13
12322.560293,67.77,36.23,36.23
12322.568221,67.77,36.01,36.01
12322.579665,67.77,36.94,36.94
12322.588892,67.77,35.96,35.96
12322.599345,67.77,36.16,36.16
12322.610989,67.77,36.13,36.13
12322.621748,67.77,36.56,36.56
12322.633335,67.77,36.51,36.51
12322.645147,67.77,36.10,36.10
12322.655429,67.77,36.22,36.22
12322.666029,67.77,36.36,36.36
12322.678019,67.77,36.60,36.60
12322.689550,67.77,35.68,35.68
12322.700732,67.77,36.35,36.35
12322.711296,67.77,36.33,36.33
12322.722785,67.77,36.09,36.09
12322.733606,67.77,36.13,36.13
12322.746402,67.77,35.97,35.97
12322.757578,67.77,36.09,36.09
12322.766777,67.77,36.09,36.09
12322.777384,67.77,36.09,36.09
12322.794505,67.77,36.09,36.09
12322.800223,67.77,36.09,36.09
12322.812262,67.77,36.09,36.09
12322.824441,67.77,36.09,36.09
12322.836048,67.77,35.06,35.06
12322.847847,67.77,33.89,33.89
12322.861666,67.77,32.61,32.61
12322.873087,67.77,32.64,32.64
12322.882655,67.77,31.00,31.00
12322.893416,67.77,32.62,32.62
12322.903519,67.77,31.54,31.54
12322.914654,67.77,29.05,29.05
12322.924460,67.77,27.98,27.98
12322.934233,67.77,26.25,26.25
12322.944794,67.77,24.18,24.18
12322.955980,67.77,24.25,24.25
12322.969081,67.77,23.59,23.59
12322.979681,67.77,21.93,21.93
12322.991974,67.77,22.22,22.22
12323.002300,67.77,25.19,25.19
12323.013521,67.77,26.95,26.95
12323.025197,67.77,26.50,26.50
12323.037120,67.77,24.87,24.87
12323.045884,67.77,25.53,25.53
12323.064352,67.77,25.17,25.17
12323.073308,67.77,24.56,24.56
12323.081112,67.77,24.61,24.61
12323.090070,67.77,23.95,23.95
12323.100868,67.77,23.24,23.24
12323.112100,67.77,22.88,22.88
12323.122231,67.77,23.04,23.04
12323.133754,67.77,23.00,23.00
12323.144560,67.77,22.97,22.97
12323.157045,67.77,22.98,22.98
12323.168422,67.77,22.98,22.98
12323.177790,67.77,22.98,22.98
12323.189137,67.77,22.98,22.98
12323.200680,67.77,22.98,22.98
12323.221861,67.77,22.98,22.98
12323.233175,67.77,22.98,22.98
12323.244426,67.77,22.98,22.98
12323.255946,67.77,22.98,22.98
12323.266781,67.77,22.98,22.98
12323.278596,67.77,21.80,21.80
12323.290662,67.77,20.82,20.82
12323.301760,67.77,20.03,20.03
12323.312355,67.77,19.48,19.48
12323.323466,67.77,19.13,19.13
12323.334674,67.77,18.91,18.91
12323.345774,67.77,18.96,18.96
12323.356815,67.77,19.15,19.15
12323.367842,67.77,19.59,19.59
12323.378965,67.77,20.23,20.23
12323.390696,67.77,21.01,21.01
12323.401859,67.77,22.07,22.07
12323.412452,67.77,23.39,23.39
12323.423681,67.77,24.10,24.10
12323.432771,67.77,24.10,24.10
12323.444692,67.77,24.10,24.10
12323.455022,67.77,24.10,24.10
12323.466473,67.77,24.10,24.10
12323.477373,67.77,24.10,24.10
12323.488352,67.77,24.10,24.10
12323.499513,67.77,24.10,24.10
12323.510680,67.77,24.10,24.10
12323.521880,67.77,24.10,24.10
12323.533012,67.77,24.10,24.10
12323.544039,67.77,24.10,24.10
12323.555999,67.77,24.10,24.10
12324.444635,67.77,24.10,24.10
12324.455171,67.77,24.10,24.10
12324.466294,67.77,24.10,24.10
12324.477204,67.77,24.10,24.10
12324.488101,67.77,24.10,24.10
12324.499107,67