4931.268299,67.77,21.44,21.44
4931.541563,67.77,21.44,21.44
4931.545116,67.77,21.44,21.44
4931.560688,67.77,21.44,21.44
4931.576026,67.77,21.44,21.44
4931.590312,67.77,21.44,21.44
4931.608205,67.77,21.44,21.44
4931.625612,67.77,22.35,22.35
4931.635885,67.77,22.35,22.35
4931.646125,67.77,19.46,19.46
4931.657837,67.77,16.46,16.46
4931.666894,67.77,13.36,13.36
4931.677904,67.77,11.12,11.12
4931.689374,67.77,4.07,4.07
4931.699547,67.77,7.58,7.58
4931.710534,67.77,10.13,10.13
4931.721596,67.77,8.86,8.86
4931.732511,67.77,8.58,8.58
4931.743997,67.77,8.21,8.21
4931.755122,67.77,7.61,7.61
4931.767424,67.77,7.27,7.27
4931.777774,67.77,6.56,6.56
4931.788905,67.77,6.80,6.80
4931.800158,67.77,6.40,6.40
4931.811205,67.77,6.24,6.24
4931.821785,67.77,6.69,6.69
4931.832606,67.77,7.15,7.15
4931.843397,67.77,7.98,7.98
4931.854462,67.77,8.86,8.86
4931.867382,67.77,10.01,10.01
4931.877007,67.77,10.90,10.90
4931.887707,67.77,12.53,12.53
4931.898888,67.77,13.79,13.79
4931.910228,67.77,15.53,15.53
4931.921524,67.77,16.84,16.84
4931.933181,67.77,18.25,18.25
4931.943573,67.77,20.13,20.13
4931.954922,67.77,21.72,21.72
4931.965730,67.77,22.89,22.89
4931.976825,67.77,24.28,24.28
4931.987454,67.77,25.41,25.41
4931.998530,67.77,26.12,26.12
4932.009611,67.77,26.59,26.59
4932.020716,67.77,26.94,26.94
4932.031829,67.77,26.63,26.63
4932.042995,67.77,27.03,27.03
4932.054181,67.77,26.95,26.95
4932.065231,67.77,26.78,26.78
4932.076318,67.77,26.60,26.60
4932.087840,67.77,26.55,26.55
4932.099877,67.77,26.62,26.62
4932.110187,67.77,26.59,26.59
4932.121106,67.77,26.61,26.61
4932.132739,67.77,26.63,26.63
4932.143827,67.77,26.64,26.64
4932.154500,67.77,26.75,26.75
4932.167208,67.77,26.79,26.79
4932.177736,67.77,26.78,26.78
4932.189004,67.77,26.78,26.78
4932.204713,67.77,26.74,26.74
4932.210477,67.77,26.72,26.72
4932.221396,67.77,26.75,26.75
4932.232788,67.77,26.75,26.75
4932.245504,67.77,26.41,26.41
4932.255461,67.77,26.39,26.39
4932.266014,67.77,23.08,23.08
4932.279073,67.77,21.25,21.25
4932.292282,67.77,19.97,19.97
4932.310875,67.77,20.97,20.97
4932.321375,67.77,34.24,34.24
4932.333282,67.77,75.93,75.93
4932.339334,67.77,110.25,110.25
4932.349751,67.77,136.28,136.28
4932.358777,67.77,158.01,158.01
4932.367982,67.77,177.37,177.37
4932.379250,67.77,191.31,191.31
4932.390573,67.77,204.19,204.19
4932.402454,67.77,218.08,218.08
4932.412723,67.77,226.33,226.33
4932.424866,67.77,233.91,233.91
4932.440616,67.77,242.41,242.41
4932.451575,67.77,248.46,248.46
4932.467724,67.77,254.73,254.73
4932.479844,67.77,258.63,258.63
4932.489959,67.77,264.94,264.94
4932.500470,67.77,268.17,268.17
4932.519630,67.77,270.62,270.62
4932.530046,67.77,277.87,277.87
4932.543629,67.77,279.51,279.51
4932.554271,67.77,280.44,280.44
4932.568046,67.77,282.39,282.39
4932.580557,67.77,283.37,283.37
4932.592657,67.77,289.60,289.60
4932.607140,67.77,292.70,292.70
4932.618893,67.77,292.96,292.96
4932.626077,67.77,292.48,292.48
4932.636123,67.77,292.24,292.24
4932.646499,67.77,292.23,292.23
4932.663609,67.77,292.11,292.11
4932.677418,67.77,292.11,292.11
4932.707113,67.77,292.11,292.11
4932.734665,67.77,292.11,292.11
4932.745036,67.77,209.34,209.34
4932.757503,67.77,174.87,174.87
4932.767002,67.77,145.00,145.00
4932.782573,67.77,117.57,117.57
4932.788207,67.77,71.95,71.95
4932.803125,67.77,51.75,51.75
4932.811315,67.77,38.30,38.30
4932.822455,67.77,17.69,17.69
4932.833364,67.77,10.94,10.94
4932.853494,67.77,6.28,6.28
4932.867596,67.77,5.61,5.61
4932.879231,67.77,5.61,5.61
4932.915955,67.77,5.61,5.61
4932.923153,67.77,5.61,5.61
4932.944931,67.77,5.61,5.61
4933.010354,67.77,5.61,5.61
4933.076026,67.77,5.61,5.61
4933.142208,67.77,5.61,5.61
4933.208373,67.77,5.61,5.61
4933.274833,67.77,5.61,5.61
4933.354099,67.77,5.61,5.61
4933.421523,67.77,5.61,5.61
4933.486060,67.77,5.61,5.61
4933.552712,67.77,5.61,5.61
4933.620706,67.77,5.61,5.61
4933.686508,67.77,5.61,5.61
4933.753817,67.77,5.61,5.61
4933.818438,67.77,5.61,5.61
4933.840206,67.77,5.61,5.61
4933.920658,67.77,5.61,5.61
4933.973077,67.77,76.62,76.62
4934.003434,67.77,90.79,90.79
4934.021817,67.77,91.26,91.26
4934.036454,67.77,92.51,92.51
4934.053070,67.77,92.89,92.89
4934.071757,67.77,92.66,92.66
4934.085719,67.77,95.25,95.25
4934.105042,67.77,94.68,94.68
4934.119006,67.77,97.57,97.57
4934.136669,67.77,97.48,97.48
4934.154059,67.77,100.50,100.50
4934.169303,67.77,101.08,101.08
4934.186698,67.77,103.45,103.45
4934.202546,67.77,103.43,103.43
4934.218702,67.77,109.57,109.57
4934.235748,67.77,110.13,110.13
4934.252146,67.77,110.87,110.87
4934.269338,67.77,110.81,110.81
4934.288310,67.77,111.40,111.40
4934.302230,67.77,111.26,111.26
4934.318855,67.77,110.97,110.97
4934.339027,67.77,111.47,111.47
4934.352324,67.77,111.42,111.42
4934.404844,67.77,111.22,111.22
4934.422695,67.77,109.84,109.84
4934.438512,67.77,108.53,108.53
4934.458355,67.77,107.37,107.37
4934.472215,67.77,107.21,107.21
4934.490554,67.77,107.27,107.27
4934.507857,67.77,106.66,106.66
4934.537593,67.77,106.27,106.27
4934.552686,67.77,154.97,154.97
4934.570810,67.77,154.86,154.86
4934.587684,67.77,154.88,154.88
4934.619914,67.77,156.13,156.13
4934.639214,67.77,155.07,155.07
4934.652355,67.77,154.66,154.66
4934.669787,67.77,154.14,154.14
4934.685148,67.77,154.12,154.12
4934.703234,67.77,155.41,155.41
4934.720986,67.77,155.64,155.64
4934.735723,67.77,156.75,156.75
4934.753596,67.77,157.95,157.95
4934.772348,67.77,157.70,157.70
4934.785689,67.77,158.99,158.99
4934.803672,67.77,160.56,160.56
4934.818997,67.77,161.13,161.13
4934.836262,67.77,162.11,162.11
4934.852262,67.77,162.08,162.08
4934.869499,67.77,162.19,162.19
4934.885450,67.77,162.30,162.30
4934.903531,67.77,162.35,162.35
4934.919334,67.77,162.34,162.34
4934.937438,67.77,162.64,162.64
4934.953220,67.77,163.32,163.32
4934.969738,67.77,164.15,164.15
4934.985324,67.77,164.40,164.40
4935.003385,67.77,164.74,164.74
4935.018645,67.77,165.09,165.09
4935.036479,67.77,165.44,165.44
4935.053785,67.77,165.04,165.04
4935.070356,67.77,165.07,165.07
4935.088657,67.77,164.69,164.69
4935.102734,67.77,164.03,164.03
4935.119152,67.77,163.37,163.37
4935.136168,67.77,162.84,162.84
4935.152953,67.77,164.61,164.61
4935.170889,67.77,164.09,164.09
4935.186284,67.77,164.45,164.45
4935.202751,67.77,163.34,163.34
4935.218945,67.77,163.97,163.97
4935.236116,67.77,162.93,162.93
4935.252172,67.77,161.10,161.10
4935.272325,67.77,159.80,159.80
4935.285571,67.77,159.74,159.74
4935.302257,67.77,158.70,158.70
4935.319153,67.77,161.04,161.04
4935.337804,67.77,160.40,160.40
4935.353815,67.77,160.02,160.02
4935.371442,67.77,160.01,160.01
4935.385371,67.77,159.93,159.93
4935.404139,67.77,159.40,159.40
4935.419331,67.77,159.34,159.34
4935.436649,67.77,158.91,158.91
4935.452489,67.77,160.83,160.83
4935.472092,67.77,160.24,160.24
4935.485749,67.77,161.27,161.27
4935.502492,67.77,162.04,162.04
4935.520032,67.77,162.55,162.55
4935.538408,67.77,162.67,162.67
4935.555038,67.77,162.65,162.65
4935.585358,67.77,162.67,162.67
4935.604555,67.77,163.78,163.78
4935.618802,67.77,164.53,164.53
4935.636246,67.77,164.89,164.89
4935.652229,67.77,164.77,164.77
4935.670193,67.77,165.53,165.53
4935.703256,67.77,166.13,166.13
4935.720096,67.77,167.23,167.23
4935.739349,67.77,167.74,167.74
4935.754119,67.77,169.15,169.15
4935.785882,67.77,170.39,170.39
4935.803386,67.77,171.14,171.14
4935.818991,67.77,172.07,172.07
4935.836534,67.77,174.11,174.11
4935.851936,67.77,176.27,176.27
4935.874203,67.77,176.97,176.97
4935.902908,67.77,177.64,177.64
4935.918710,67.77,178.36,178.36
4935.937207,67.77,179.72,179.72
4935.952544,67.77,180.97,180.97
4935.971028,67.77,182.93,182.93
4935.985167,67.77,182.84,182.84
4936.003234,67.77,183.20,183.20
4936.018865,67.77,181.41,181.41
4936.037519,67.77,181.30,181.30
4936.053727,67.77,182.84,182.84
4936.070143,67.77,183.22,183.22
4936.085724,67.77,184.85,184.85
4936.101620,67.77,184.96,184.96
4936.119120,67.77,185.26,185.26
4936.138830,67.77,184.64,184.64
4936.156583,67.77,184.88,184.88
4936.170225,67.77,184.90,184.90
4936.185304,67.77,188.53,188.53
4936.202481,67.77,188.60,188.60
4936.218638,67.77,189.19,189.19
4936.236163,67.77,189.17,189.17
4936.252179,67.77,188.99,188.99
4936.270000,67.77,188.60,188.60
4936.303088,67.77,189.40,189.40
4936.318845,67.77,187.64,187.64
4936.339261,67.77,187.50,187.50
4936.357366,67.77,187.94,187.94
4936.370451,67.77,189.08,189.08
4936.384781,67.77,187.41,187.41
4936.403450,67.77,188.01,188.01
4936.418001,67.77,188.20,188.20
4936.436637,67.77,188.57,188.57
4936.451570,67.77,188.02,188.02
4936.487313,67.77,187.78,187.78
4936.503417,67.77,188.14,188.14
4936.517730,67.77,187.66,187.66
4936.553885,67.77,187.59,187.59
4936.568745,67.77,187.99,187.99
4936.602667,67.77,188.20,188.20
4936.620224,67.77,188.03,188.03
4936.640035,67.77,188.29,188.29
4936.651028,67.77,188.75,188.75
4936.670296,67.77,189.09,189.09
4936.684356,67.77,189.07,189.07
4936.701285,67.77,188.91,188.91
4936.717526,67.77,191.37,191.37
4936.736293,67.77,190.96,190.96
4936.752563,67.77,194.14,194.14
4936.768025,67.77,194.41,194.41
4936.784910,67.77,194.05,194.05
4936.806005,67.77,194.05,194.05
4936.818247,67.77,193.96,193.96
4936.836003,67.77,194.57,194.57
4936.850607,67.77,194.33,194.33
4936.869583,67.77,193.83,193.83
4936.884539,67.77,193.38,193.38
4936.902896,67.77,193.90,193.90
4936.918181,67.77,194.24,194.24
4936.939126,67.77,194.18,194.18
4936.960313,67.77,193.95,193.95
4936.969310,67.77,193.86,193.86
4936.984046,67.77,194.07,194.07
4937.003134,67.77,193.67,193.67
4937.017420,67.77,193.10,193.10
4937.034778,67.77,194.23,194.23
4937.050969,67.77,193.75,193.75
4937.068060,67.77,193.88,193.88
4937.085098,67.77,194.46,194.46
4937.103180,67.77,194.43,194.43
4937.119234,67.77,194.74,194.74
4937.136944,67.77,194.79,194.79
4937.153053,67.77,194.80,194.80
4937.169562,67.77,194.96,194.96
4937.184881,67.77,195.56,195.56
4937.207861,67.77,196.03,196.03
4937.218628,67.77,196.64,196.64
4937.239384,67.77,196.74,196.74
4937.251914,67.77,200.10,200.10
4937.285991,67.77,200.54,200.54
4937.303031,67.77,201.81,201.81
4937.317917,67.77,201.92,201.92
4937.335373,67.77,200.43,200.43
4937.352424,67.77,199.71,199.71
4937.368605,67.77,200.23,200.23
4937.385278,67.77,200.63,200.63
4937.403687,67.77,200.40,200.40
4937.418041,67.77,199.80,199.80
4937.435813,67.77,199.80,199.80
4937.453043,67.77,199.84,199.84
4937.484107,67.77,200.05,200.05
4937.503133,67.77,200.06,200.06
4937.517544,67.77,200.28,200.28
4937.536997,67.77,200.11,200.11
4937.551421,67.77,199.97,199.97
4937.570964,67.77,199.63,199.63
4937.586651,67.77,200.11,200.11
4937.602197,67.77,200.01,200.01
4937.618317,67.77,199.80,199.80
4937.637875,67.77,199.72,199.72
4937.650969,67.77,199.51,199.51
4937.669501,67.77,199.12,199.12
4937.684907,67.77,199.06,199.06
4937.702226,67.77,199.30,199.30
4937.725457,67.77,199.15,199.15
4937.736110,67.77,199.17,199.17
4937.751003,67.77,199.07,199.07
4937.769879,67.77,199.39,199.39
4937.784264,67.77,199.54,199.54
4937.803351,67.77,199.48,199.48
4937.819370,67.77,199.51,199.51
4937.838885,67.77,199.34,199.34
4937.852266,67.77,199.56,199.56
4937.869153,67.77,199.89,199.89
4937.884671,67.77,199.36,199.36
4937.905389,67.77,199.63,199.63
4937.919464,67.77,199.71,199.71
4937.937758,67.77,199.39,199.39
4937.951110,67.77,200.46,200.46
4937.970324,67.77,199.95,199.95
4938.002112,67.77,199.42,199.42
4938.018563,67.77,199.92,199.92
4938.035567,67.77,200.31,200.31
4938.051587,67.77,199.97,199.97
4938.069434,67.77,199.52,199.52
4938.085103,67.77,199.92,199.92
4938.103203,67.77,200.12,200.12
4938.119278,67.77,199.82,199.82
4938.136691,67.77,200.06,200.06
4938.152263,67.77,199.61,199.61
4938.170595,67.77,199.60,199.60
4938.184188,67.77,199.99,199.99
4938.202438,67.77,199.63,199.63
4938.217512,67.77,199.29,199.29
4938.235586,67.77,199.53,199.53
4938.252233,67.77,198.50,198.50
4938.282033,67.77,198.91,198.91
4938.291809,67.77,198.16,198.16
4938.302694,67.77,199.04,199.04
4938.318063,67.77,198.13,198.13
4938.336720,67.77,197.60,197.60
4938.353452,67.77,196.87,196.87
4938.369402,67.77,196.63,196.63
4938.386403,67.77,196.95,196.95
4938.402731,67.77,195.99,195.99
4938.417432,67.77,195.49,195.49
4938.436359,67.77,195.10,195.10
4938.450879,67.77,194.31,194.31
4938.484295,67.77,192.77,192.77
4938.502633,67.77,192.21,192.21
4938.517803,67.77,191.79,191.79
4938.535903,67.77,192.46,192.46
4938.551190,67.77,191.63,191.63
4938.569359,67.77,191.27,191.27
4938.584555,67.77,190.42,190.42
4938.603752,67.77,189.82,189.82
4938.617397,67.77,189.99,189.99
4938.635090,67.77,189.43,189.43
4938.651658,67.77,189.28,189.28
4938.684757,67.77,188.74,188.74
4938.703658,67.77,188.81,188.81
4938.718702,67.77,188.64,188.64
4938.736242,67.77,187.76,187.76
4938.753041,67.77,187.76,187.76
4938.770965,67.77,187.59,187.59
4938.802225,67.77,186.70,186.70
4938.818968,67.77,186.70,186.70
4938.834775,67.77,185.97,185.97
4938.851669,67.77,186.28,186.28
4938.872463,67.77,185.66,185.66
4938.885062,67.77,184.91,184.91
4938.904281,67.77,183.70,183.70
4938.918233,67.77,184.14,184.14
4938.936497,67.77,183.08,183.08
4938.952268,67.77,182.87,182.87
4938.971580,67.77,182.88,182.88
4938.985836,67.77,183.49,183.49
4939.005317,67.77,182.79,182.79
4939.019709,67.77,182.24,182.24
4939.038730,67.77,181.46,181.46
4939.053707,67.77,180.65,180.65
4939.068553,67.77,180.66,180.66
4939.086587,67.77,180.52,180.52
4939.102056,67.77,180.62,180.62
4939.119801,67.77,180.87,180.87
4939.137162,67.77,180.86,180.86
4939.152540,67.77,180.72,180.72
4939.171555,67.77,180.61,180.61
4939.185782,67.77,180.22,180.22
4939.203181,67.77,180.06,180.06
4939.219179,67.77,180.45,180.45
4939.238428,67.77,180.22,180.22
4939.251422,67.77,179.64,179.64
4939.285466,67.77,179.37,179.37
4939.303320,67.77,179.63,179.63
4939.319575,67.77,179.64,179.64
4939.335756,67.77,179.67,179.67
4939.352355,67.77,179.52,179.52
4939.373769,67.77,179.49,179.49
4939.385809,67.77,179.74,179.74
4939.406832,67.77,180.30,180.30
4939.418777,67.77,180.62,180.62
4939.436279,67.77,181.28,181.28
4939.461968,67.77,181.84,181.84
4939.473152,67.77,182.27,182.27
4939.503895,67.77,182.65,182.65
4939.518450,67.77,182.84,182.84
4939.537971,67.77,183.14,183.14
4939.551336,67.77,183.50,183.50
4939.570358,67.77,183.57,183.57
4939.585067,67.77,183.35,183.35
4939.603755,67.77,182.91,182.91
4939.619941,67.77,183.19,183.19
4939.638267,67.77,182.60,182.60
4939.653608,67.77,182.87,182.87
4939.673907,67.77,182.44,182.44
4939.685382,67.77,182.87,182.87
4939.704273,67.77,183.08,183.08
4939.718993,67.77,183.14,183.14
4939.737851,67.77,182.96,182.96
4939.751374,67.77,182.50,182.50
4939.801840,67.77,182.72,182.72
4939.821183,67.77,182.89,182.89
4939.838930,67.77,182.49,182.49
4939.955271,67.77,183.33,183.33
4939.986984,67.77,181.21,181.21
4940.004835,67.77,181.88,181.88
4940.017902,67.77,181.51,181.51
4940.036838,67.77,182.80,182.80
4940.051820,67.77,186.58,186.58
4940.086262,67.77,193.91,193.91
4940.104508,67.77,196.21,196.21
4940.119937,67.77,196.94,196.94
4940.139284,67.77,197.35,197.35
4940.172329,67.77,198.40,198.40
4940.191816,67.77,198.96,198.96
4940.202965,67.77,199.73,199.73
4940.219207,67.77,201.07,201.07
4940.235203,67.77,201.27,201.27
4940.252601,67.77,201.50,201.50
4940.268391,67.77,201.34,201.34
4940.287059,67.77,201.41,201.41
4940.301994,67.77,200.99,200.99
4940.318871,67.77,200.27,200.27
4940.337107,67.77,198.95,198.95
4940.351805,67.77,194.73,194.73
4940.371123,67.77,191.86,191.86
4940.385858,67.77,188.79,188.79
4940.404495,67.77,186.49,186.49
4940.421494,67.77,185.76,185.76
4940.436810,67.77,185.55,185.55
4940.453543,67.77,185.39,185.39
4940.490384,67.77,184.86,184.86
4940.503627,67.77,184.88,184.88
4940.519314,67.77,184.74,184.74
4940.538471,67.77,184.79,184.79
4940.552534,67.77,184.13,184.13
4940.570056,67.77,183.17,183.17
4940.586833,67.77,182.88,182.88
4940.604048,67.77,182.88,182.88
4940.619143,67.77,182.94,182.94
4940.638575,67.77,183.29,183.29
4940.651814,67.77,183.20,183.20
4940.671657,67.77,182.56,182.56
4940.684748,67.77,182.26,182.26
4940.703413,67.77,181.88,181.88
4940.719330,67.77,181.74,181.74
4940.735615,67.77,181.92,181.92
4940.754192,67.77,181.93,181.93
4940.776289,67.77,181.93,181.93
4940.785767,67.77,181.77,181.77
4940.805738,67.77,181.70,181.70
4940.819352,67.77,181.85,181.85
4940.835819,67.77,182.36,182.36
4940.850902,67.77,182.81,182.81
4940.870316,67.77,182.93,182.93
4940.885267,67.77,183.45,183.45
4940.901175,67.77,182.75,182.75
4940.918626,67.77,183.13,183.13
4940.934525,67.77,183.67,183.67
4940.951351,67.77,182.86,182.86
4940.968631,67.77,183.18,183.18
4940.987088,67.77,183.97,183.97
4941.003294,67.77,183.66,183.66
4941.020698,67.77,183.63,183.63
4941.037180,67.77,183.53,183.53
4941.071535,67.77,183.50,183.50
4941.089701,67.77,183.55,183.55
4941.104845,67.77,183.57,183.57
4941.119101,67.77,183.38,183.38
4941.137262,67.77,183.31,183.31
4941.154808,67.77,183.19,183.19
4941.173661,67.77,183.21,183.21
4941.185550,67.77,183.53,183.53
4941.205052,67.77,183.62,183.62
4941.219245,67.77,183.95,183.95
4941.236770,67.77,183.97,183.97
4941.254708,67.77,183.46,183.46
4941.269602,67.77,183.32,183.32
4941.287688,67.77,182.78,182.78
4941.311510,67.77,182.97,182.97
4941.340746,67.77,183.42,183.42
4941.361827,67.77,183.11,183.11
4941.388349,67.77,181.97,181.97
4941.430221,67.77,182.22,182.22
4941.447017,67.77,182.02,182.02
4941.471825,67.77,181.87,181.87
4941.485856,67.77,181.61,181.61
4941.501619,67.77,180.36,180.36
4941.534345,67.77,179.80,179.80
4941.552466,67.77,180.01,180.01
4941.572429,67.77,178.75,178.75
4941.586076,67.77,178.84,178.84
4941.620580,67.77,178.76,178.76
4941.637950,67.77,179.46,179.46
4941.669193,67.77,178.77,178.77
4941.681307,67.77,178.74,178.74
4941.719123,67.77,179.31,179.31
4941.735280,67.77,179.37,179.37
4941.775070,67.77,179.12,179.12
4941.787751,67.77,179.08,179.08
4941.802574,67.77,179.01,179.01
4941.816024,67.77,179.18,179.18
4941.832429,67.77,178.98,178.98
4941.848864,67.77,179.22,179.22
4941.867119,67.77,179.89,179.89
4941.881966,67.77,179.99,179.99
4941.899591,67.77,179.96,179.96
4941.915926,67.77,180.26,180.26
4941.932906,67.77,180.05,180.05
4941.951258,67.77,179.93,179.93
4941.966710,67.77,180.06,180.06
4941.982147,67.77,180.08,180.08
4942.016633,67.77,180.07,180.07
4942.034310,67.77,180.10,180.10
4942.053086,67.77,180.04,180.04
4942.065381,67.77,180.18,180.18
4942.082781,67.77,180.13,180.13
4942.099147,67.77,180.16,180.16
4942.119446,67.77,180.24,180.24
4942.132515,67.77,180.22,180.22
4942.154157,67.77,180.06,180.06
4942.168692,67.77,179.82,179.82
4942.186437,67.77,179.67,179.67
4942.203260,67.77,179.49,179.49
4942.224332,67.77,179.69,179.69
4942.246748,67.77,179.72,179.72
4942.266075,67.77,179.83,179.83
4942.276399,67.77,179.87,179.87
4942.298695,67.77,179.86,179.86
4942.317765,67.77,179.77,179.77
4942.333259,67.77,179.90,179.90
4942.356057,67.77,179.93,179.93
4942.372675,67.77,179.88,179.88
4942.399098,67.77,180.03,180.03
4942.415330,67.77,179.87,179.87
4942.432495,67.77,179.62,179.62
4942.448753,67.77,179.54,179.54
4942.472097,67.77,179.73,179.73
4942.483387,67.77,179.72,179.72
4942.502633,67.77,179.56,179.56
4942.515433,67.77,179.68,179.68
4942.533293,67.77,179.59,179.59
4942.549208,67.77,179.66,179.66
4942.566859,67.77,179.76,179.76
4942.583156,67.77,179.52,179.52
4942.599960,67.77,179.61,179.61
4942.615542,67.77,179.66,179.66
4942.635394,67.77,179.60,179.60
4942.649341,67.77,179.42,179.42
4942.666936,67.77,179.53,179.53
4942.682152,67.77,179.89,179.89
4942.715740,67.77,180.02,180.02
4942.732952,67.77,179.97,179.97
4942.749449,67.77,179.72,179.72
4942.765990,67.77,179.77,179.77
4942.783242,67.77,179.75,179.75
4942.798602,67.77,180.19,180.19
4942.815929,67.77,180.06,180.06
4942.833173,67.77,180.13,180.13
4942.852944,67.77,180.82,180.82
4942.871637,67.77,180.59,180.59
4942.885567,67.77,180.03,180.03
4942.900292,67.77,179.62,179.62
4942.916268,67.77,179.59,179.59
4942.932531,67.77,179.67,179.67
4942.949494,67.77,179.67,179.67
4942.966501,67.77,179.44,179.44
4943.000128,67.77,179.61,179.61
4943.015964,67.77,179.85,179.85
4943.032272,67.77,179.84,179.84
4943.048974,67.77,179.81,179.81
4943.066581,67.77,179.60,179.60
4943.084687,67.77,179.47,179.47
4943.101368,67.77,179.44,179.44
4943.117077,67.77,179.62,179.62
4943.135292,67.77,179.70,179.70
4943.150155,67.77,179.65,179.65
4943.183212,67.77,179.78,179.78
4943.199924,67.77,179.70,179.70
4943.215911,67.77,179.89,179.89
4943.231635,67.77,179.67,179.67
4943.250142,67.77,179.95,179.95
4943.275721,67.77,179.88,179.88
4943.287875,67.77,180.17,180.17
4943.299730,67.77,180.29,180.29
4943.317273,67.77,180.22,180.22
4943.337828,67.77,180.15,180.15
4943.350660,67.77,180.49,180.49
4943.373184,67.77,180.54,180.54
4943.389205,67.77,180.18,180.18
4943.402517,67.77,180.20,180.20
4943.415128,67.77,180.19,180.19
4943.432925,67.77,180.44,180.44
4943.456091,67.77,180.44,180.44
4943.475444,67.77,180.45,180.45
4943.483963,67.77,180.61,180.61
4943.499353,67.77,180.44,180.44
4943.515625,67.77,180.31,180.31
4943.532207,67.77,180.43,180.43
4943.549145,67.77,180.36,180.36
4943.565291,67.77,180.34,180.34
4943.581680,67.77,180.62,180.62
4943.598880,67.77,180.68,180.68
4943.616227,67.77,180.80,180.80
4943.648432,67.77,180.77,180.77
4943.653954,67.77,180.59,180.59
4943.665333,67.77,180.57,180.57
4943.692835,67.77,180.48,180.48
4943.705400,67.77,180.56,180.56
4943.714974,67.77,180.59,180.59
4943.731368,67.77,180.56,180.56
4943.748871,67.77,180.62,180.62
4943.765929,67.77,180.39,180.39
4943.783409,67.77,180.51,180.51
4943.799208,67.77,180.54,180.54
4943.816454,67.77,180.29,180.29
4943.832103,67.77,180.08,180.08
4943.849922,67.77,180.08,180.08
4943.865038,67.77,180.01,180.01
4943.899665,67.77,180.00,180.00
4943.915546,67.77,180.27,180.27
4943.932395,67.77,180.69,180.69
4943.948437,67.77,181.11,181.11
4943.965654,67.77,181.11,181.11
4943.982333,67.77,181.02,181.02
4943.998361,67.77,181.12,181.12
4944.015515,67.77,181.35,181.35
4944.032665,67.77,181.26,181.26
4944.058049,67.77,181.18,181.18
4944.067437,67.77,181.35,181.35
4944.098918,67.77,181.59,181.59
4944.116840,67.77,181.17,181.17
4944.133012,67.77,181.01,181.01
4944.149990,67.77,180.98,180.98
4944.164746,67.77,180.98,180.98
4944.198953,67.77,181.10,181.10
4944.214946,67.77,181.10,181.10
4944.232510,67.77,180.81,180.81
4944.247692,67.77,180.72,180.72
4944.265330,67.77,180.62,180.62
4944.281104,67.77,180.39,180.39
4944.298504,67.77,180.62,180.62
4944.314416,67.77,180.67,180.67
4944.332785,67.77,180.77,180.77
4944.348125,67.77,180.62,180.62
4944.366057,67.77,180.51,180.51
4944.381682,67.77,180.49,180.49
4944.399578,67.77,180.60,180.60
4944.414173,67.77,180.56,180.56
4944.432246,67.77,180.46,180.46
4944.450351,67.77,180.56,180.56
4944.466915,67.77,180.56,180.56
4944.482626,67.77,180.39,180.39
4944.498201,67.77,180.36,180.36
4944.518128,67.77,180.36,180.36
4944.532410,67.77,180.33,180.33
4944.553568,67.77,180.52,180.52
4944.565721,67.77,180.54,180.54
4944.580662,67.77,180.49,180.49
4944.597804,67.77,180.78,180.78
4944.614744,67.77,180.74,180.74
4944.635992,67.77,180.59,180.59
4944.649273,67.77,180.71,180.71
4944.666144,67.77,181.63,181.63
4944.681318,67.77,181.11,181.11
4944.700088,67.77,181.37,181.37
4944.714855,67.77,181.51,181.51
4944.731406,67.77,181.45,181.45
4944.748472,67.77,181.38,181.38
4944.768536,67.77,181.29,181.29
4944.781115,67.77,181.29,181.29
4944.798184,67.77,181.36,181.36
4944.813814,67.77,181.51,181.51
4944.830732,67.77,181.30,181.30
4944.859639,67.77,181.51,181.51
4944.877500,67.77,181.25,181.25
4944.883260,67.77,181.26,181.26
4944.900042,67.77,181.38,181.38
4944.916514,67.77,181.36,181.36
4944.931949,67.77,181.50,181.50
4944.952571,67.77,181.40,181.40
4944.968381,67.77,181.27,181.27
4944.989215,67.77,181.50,181.50
4945.001805,67.77,181.64,181.64
4945.016051,67.77,181.56,181.56
4945.031974,67.77,181.63,181.63
4945.048429,67.77,181.27,181.27
4945.065638,67.77,181.03,181.03
4945.083332,67.77,181.22,181.22
4945.117582,67.77,181.02,181.02
4945.132695,67.77,181.19,181.19
4945.151035,67.77,180.73,180.73
4945.164224,67.77,180.97,180.97
4945.182194,67.77,180.79,180.79
4945.198420,67.77,180.69,180.69
4945.215002,67.77,180.74,180.74
4945.230682,67.77,181.01,181.01
4945.248542,67.77,180.97,180.97
4945.267065,67.77,181.02,181.02
4945.282151,67.77,181.25,181.25
4945.298980,67.77,181.16,181.16
4945.314338,67.77,180.97,180.97
4945.332183,67.77,181.04,181.04
4945.347991,67.77,180.61,180.61
4945.364829,67.77,180.50,180.50
4945.381650,67.77,180.35,180.35
4945.399166,67.77,180.45,180.45
4945.415096,67.77,180.51,180.51
4945.431029,67.77,180.37,180.37
4945.451057,67.77,180.86,180.86
4945.464138,67.77,181.05,181.05
4945.482639,67.77,181.26,181.26
4945.498968,67.77,181.52,181.52
4945.514989,67.77,181.43,181.43
4945.531527,67.77,180.51,180.51
4945.549504,67.77,180.50,180.50
4945.566057,67.77,180.72,180.72
4945.582128,67.77,180.57,180.57
4945.602116,67.77,180.43,180.43
4945.615117,67.77,180.52,180.52
4945.631889,67.77,180.38,180.38
4945.649725,67.77,180.46,180.46
4945.666210,67.77,180.41,180.41
4945.681944,67.77,180.37,180.37
4945.698497,67.77,180.46,180.46
4945.715700,67.77,180.63,180.63
4945.730608,67.77,180.99,180.99
4945.748944,67.77,180.93,180.93
4945.765462,67.77,180.56,180.56
4945.782788,67.77,180.34,180.34
4945.797316,67.77,180.43,180.43
4945.814080,67.77,180.70,180.70
4945.831521,67.77,180.53,180.53
4945.866428,67.77,180.95,180.95
4945.880583,67.77,181.07,181.07
4945.897542,67.77,180.93,180.93
4945.914479,67.77,180.47,180.47
4945.933661,67.77,179.99,179.99
4945.948180,67.77,180.01,180.01
4945.968540,67.77,180.00,180.00
4945.981012,67.77,180.21,180.21
4945.999371,67.77,180.41,180.41
4946.015541,67.77,180.34,180.34
4946.032119,67.77,180.25,180.25
4946.048695,67.77,180.41,180.41
4946.065706,67.77,180.32,180.32
4946.099813,67.77,180.36,180.36
4946.117483,67.77,180.67,180.67
4946.133570,67.77,180.87,180.87
4946.164927,67.77,180.93,180.93
4946.184097,67.77,181.18,181.18
4946.197425,67.77,181.48,181.48
4946.214531,67.77,182.07,182.07
4946.236624,67.77,181.94,181.94
4946.249293,67.77,181.92,181.92
4946.264819,67.77,181.50,181.50
4946.283351,67.77,181.51,181.51
4946.297282,67.77,181.45,181.45
4946.313888,67.77,181.44,181.44
4946.331667,67.77,181.49,181.49
4946.348614,67.77,181.44,181.44
4946.366091,67.77,181.32,181.32
4946.380979,67.77,181.44,181.44
4946.396561,67.77,181.56,181.56
4946.415672,67.77,181.15,181.15
4946.431200,67.77,181.16,181.16
4946.447203,67.77,181.20,181.20
4946.481446,67.77,181.04,181.04
4946.503530,67.77,181.30,181.30
4946.532320,67.77,181.60,181.60
4946.564382,67.77,181.23,181.23
4946.597154,67.77,181.29,181.29
4946.614053,67.77,181.50,181.50
4946.629829,67.77,181.07,181.07
4946.647946,67.77,181.28,181.28
4946.665934,67.77,181.43,181.43
4946.681091,67.77,182.03,182.03
4946.699052,67.77,182.36,182.36
4946.714278,67.77,185.31,185.31
4946.730520,67.77,188.16,188.16
4946.747158,67.77,190.27,190.27
4946.763971,67.77,192.29,192.29
4946.780286,67.77,193.36,193.36
4946.797029,67.77,194.28,194.28
4946.815602,67.77,195.02,195.02
4946.831592,67.77,195.56,195.56
4946.850399,67.77,196.14,196.14
4946.864176,67.77,195.60,195.60
4946.882435,67.77,195.16,195.16
4946.898653,67.77,195.42,195.42
4946.914000,67.77,195.79,195.79
4946.930878,67.77,195.97,195.97
4946.948657,67.77,196.13,196.13
4946.964086,67.77,195.09,195.09
4946.982539,67.77,193.75,193.75
4946.997121,67.77,190.49,190.49
4947.014688,67.77,187.48,187.48
4947.030232,67.77,184.21,184.21
4947.048357,67.77,181.89,181.89
4947.068112,67.77,181.61,181.61
4947.082134,67.77,181.57,181.57
4947.101054,67.77,181.51,181.51
4947.115952,67.77,181.40,181.40
4947.134423,67.77,182.61,182.61
4947.151369,67.77,182.93,182.93
4947.165824,67.77,182.56,182.56
4947.181689,67.77,181.89,181.89
4947.200541,67.77,182.05,182.05
4947.214571,67.77,182.15,182.15
4947.234227,67.77,181.87,181.87
4947.247195,67.77,181.58,181.58
4947.263914,67.77,184.35,184.35
4947.280679,67.77,184.71,184.71
4947.298364,67.77,185.02,185.02
4947.314412,67.77,185.18,185.18
4947.330554,67.77,185.01,185.01
4947.350458,67.77,184.95,184.95
4947.364836,67.77,185.08,185.08
4947.383604,67.77,184.95,184.95
4947.398311,67.77,184.96,184.96
4947.415296,67.77,184.92,184.92
4947.429676,67.77,184.73,184.73
4947.447772,67.77,184.62,184.62
4947.463565,67.77,184.68,184.68
4947.480396,67.77,184.73,184.73
4947.497344,67.77,184.75,184.75
4947.515241,67.77,184.81,184.81
4947.531808,67.77,184.90,184.90
4947.550699,67.77,185.02,185.02
4947.564042,67.77,184.87,184.87
4947.581161,67.77,184.94,184.94
4947.599856,67.77,184.91,184.91
4947.615174,67.77,185.08,185.08
4947.630418,67.77,185.08,185.08
4947.651202,67.77,184.98,184.98
4947.665871,67.77,185.09,185.09
4947.681649,67.77,185.18,185.18
4947.697165,67.77,185.04,185.04
4947.714985,67.77,184.93,184.93
4947.730341,67.77,184.85,184.85
4947.749485,67.77,185.01,185.01
4947.763326,67.77,184.93,184.93
4947.781343,67.77,184.85,184.85
4947.796046,67.77,185.08,185.08
4947.815637,67.77,184.95,184.95
4947.832262,67.77,185.12,185.12
4947.847381,67.77,185.14,185.14
4947.863566,67.77,185.20,185.20
4947.880814,67.77,185.04,185.04
4947.897499,67.77,184.67,184.67
4947.917921,67.77,184.54,184.54
4947.930685,67.77,184.79,184.79
4947.949176,67.77,184.82,184.82
4947.964642,67.77,184.82,184.82
4947.982608,67.77,184.55,184.55
4947.997667,67.77,184.31,184.31
4948.015652,67.77,184.23,184.23
4948.033497,67.77,184.38,184.38
4948.048213,67.77,184.44,184.44
4948.065321,67.77,184.34,184.34
4948.084142,67.77,183.78,183.78
4948.098374,67.77,183.89,183.89
4948.115148,67.77,184.16,184.16
4948.132278,67.77,184.26,184.26
4948.152368,67.77,184.27,184.27
4948.165965,67.77,184.41,184.41
4948.198414,67.77,184.35,184.35
4948.215302,67.77,184.32,184.32
4948.231482,67.77,184.28,184.28
4948.249255,67.77,184.19,184.19
4948.263550,67.77,184.13,184.13
4948.281578,67.77,183.72,183.72
4948.297826,67.77,183.96,183.96
4948.313683,67.77,183.91,183.91
4948.330276,67.77,183.82,183.82
4948.347451,67.77,183.91,183.91
4948.363696,67.77,183.75,183.75
4948.380302,67.77,183.70,183.70
4948.396321,67.77,183.73,183.73
4948.413834,67.77,183.60,183.60
4948.429320,67.77,183.49,183.49
4948.447964,67.77,183.40,183.40
4948.470710,67.77,184.02,184.02
4948.485124,67.77,183.89,183.89
4948.498102,67.77,183.64,183.64
4948.514774,67.77,183.85,183.85
4948.530252,67.77,183.72,183.72
4948.551241,67.77,183.34,183.34
4948.564210,67.77,183.30,183.30
4948.598971,67.77,183.24,183.24
4948.616076,67.77,183.03,183.03
4948.630245,67.77,183.14,183.14
4948.647097,67.77,183.10,183.10
4948.664001,67.77,183.21,183.21
4948.683218,67.77,183.18,183.18
4948.698591,67.77,183.06,183.06
4948.715852,67.77,182.88,182.88
4948.731673,67.77,183.27,183.27
4948.752470,67.77,183.39,183.39
4948.765099,67.77,183.27,183.27
4948.784188,67.77,183.12,183.12
4948.798440,67.77,183.05,183.05
4948.818387,67.77,183.01,183.01
4948.831439,67.77,183.05,183.05
4948.848644,67.77,183.20,183.20
4948.865661,67.77,183.18,183.18
4948.884609,67.77,183.04,183.04
4948.897884,67.77,182.54,182.54
4948.916705,67.77,182.43,182.43
4948.930302,67.77,182.47,182.47
4948.950310,67.77,182.27,182.27
4948.966704,67.77,182.13,182.13
4948.981979,67.77,182.36,182.36
4948.998286,67.77,182.31,182.31
4949.017304,67.77,182.22,182.22
4949.031574,67.77,182.66,182.66
4949.054099,67.77,182.52,182.52
4949.066355,67.77,182.52,182.52
4949.084252,67.77,182.38,182.38
4949.098976,67.77,182.44,182.44
4949.119208,67.77,182.31,182.31
4949.131518,67.77,182.36,182.36
4949.150828,67.77,182.04,182.04
4949.166963,67.77,181.71,181.71
4949.181954,67.77,181.62,181.62
4949.215000,67.77,181.70,181.70
4949.232640,67.77,181.79,181.79
4949.250066,67.77,181.67,181.67
4949.264916,67.77,181.89,181.89
4949.282196,67.77,181.99,181.99
4949.298280,67.77,181.78,181.78
4949.315418,67.77,181.77,181.77
4949.330764,67.77,182.20,182.20
4949.349822,67.77,182.29,182.29
4949.364208,67.77,182.18,182.18
4949.381908,67.77,182.08,182.08
4949.417000,67.77,182.02,182.02
4949.438229,67.77,181.95,181.95
4949.452239,67.77,181.94,181.94
4949.482670,67.77,181.91,181.91
4949.500041,67.77,181.98,181.98
4949.516222,67.77,181.99,181.99
4949.549069,67.77,182.29,182.29
4949.564235,67.77,181.89,181.89
4949.581397,67.77,181.74,181.74
4949.599345,67.77,181.53,181.53
4949.617302,67.77,181.26,181.26
4949.630404,67.77,181.40,181.40
4949.646849,67.77,181.02,181.02
4949.663696,67.77,181.45,181.45
4949.683326,67.77,180.61,180.61
4949.698070,67.77,181.33,181.33
4949.713489,67.77,181.72,181.72
4949.729277,67.77,182.80,182.80
4949.747502,67.77,186.97,186.97
4949.766243,67.77,190.36,190.36
4949.789463,67.77,196.37,196.37
4949.799417,67.77,203.25,203.25
4949.814729,67.77,228.50,228.50
4949.848386,67.77,243.58,243.58
4949.871720,67.77,256.77,256.77
4949.880486,67.77,262.71,262.71
4949.917441,67.77,261.18,261.18
4949.931400,67.77,263.48,263.48
4949.950054,67.77,266.96,266.96
4949.964280,67.77,266.93,266.93
4949.984274,67.77,269.11,269.11
4949.996779,67.77,268.48,268.48
4950.014694,67.77,271.70,271.70
4950.029320,67.77,269.69,269.69
4950.047552,67.77,273.50,273.50
4950.063461,67.77,270.30,270.30
4950.084901,67.77,270.72,270.72
4950.098328,67.77,266.29,266.29
4950.114576,67.77,264.77,264.77
4950.129423,67.77,261.26,261.26
4950.147692,67.77,260.99,260.99
4950.163162,67.77,258.24,258.24
4950.181367,67.77,258.99,258.99
4950.202469,67.77,256.43,256.43
4950.215838,67.77,256.83,256.83
4950.229448,67.77,254.68,254.68
4950.245528,67.77,257.67,257.67
4950.263898,67.77,259.79,259.79
4950.283831,67.77,265.04,265.04
4950.298320,67.77,269.95,269.95
4950.312373,67.77,277.85,277.85
4950.329028,67.77,280.66,280.66
4950.347170,67.77,282.25,282.25
4950.365492,67.77,284.36,284.36
4950.380408,67.77,279.57,279.57
4950.398547,67.77,281.30,281.30
4950.414188,67.77,283.69,283.69
4950.434258,67.77,288.13,288.13
4950.448836,67.77,289.72,289.72
4950.465990,67.77,292.79,292.79
4950.498727,67.77,293.89,293.89
4950.507157,67.77,294.60,294.60
4950.530644,67.77,295.27,295.27
4950.550216,67.77,296.01,296.01
4950.564430,67.77,297.38,297.38
4950.579311,67.77,296.71,296.71
4950.600351,67.77,297.81,297.81
4950.612590,67.77,297.27,297.27
4950.629675,67.77,297.61,297.61
4950.646095,67.77,298.25,298.25
4950.665217,67.77,298.24,298.24
4950.680382,67.77,298.62,298.62
4950.697523,67.77,298.52,298.52
4950.714990,67.77,298.87,298.87
4950.729411,67.77,299.73,299.73
4950.745846,67.77,300.16,300.16
4950.763302,67.77,300.26,300.26
4950.779644,67.77,300.46,300.46
4950.799942,67.77,300.45,300.45
4950.813832,67.77,301.09,301.09
4950.831510,67.77,300.79,300.79
4950.849922,67.77,300.53,300.53
4950.862760,67.77,300.28,300.28
4950.879984,67.77,300.67,300.67
4950.901121,67.77,301.13,301.13
4950.914621,67.77,300.92,300.92
4950.929281,67.77,301.21,301.21
4950.946555,67.77,300.68,300.68
4950.966638,67.77,300.70,300.70
4950.996166,67.77,301.28,301.28
4951.015295,67.77,301.60,301.60
4951.030343,67.77,301.72,301.72
4951.046965,67.77,302.51,302.51
4951.067202,67.77,303.24,303.24
4951.084375,67.77,303.20,303.20
4951.096775,67.77,304.15,304.15
4951.111602,67.77,303.63,303.63
4951.129171,67.77,304.22,304.22
4951.148595,67.77,304.60,304.60
4951.163259,67.77,308.22,308.22
4951.185709,67.77,311.58,311.58
4951.198723,67.77,313.66,313.66
4951.213119,67.77,314.68,314.68
4951.229225,67.77,315.53,315.53
4951.247801,67.77,317.91,317.91
4951.264294,67.77,316.11,316.11
4951.284116,67.77,313.30,313.30
4951.298226,67.77,307.83,307.83
4951.317617,67.77,302.18,302.18
4951.329453,67.77,294.52,294.52
4951.351376,67.77,289.51,289.51
4951.362130,67.77,285.93,285.93
4951.386974,67.77,286.09,286.09
4951.398923,67.77,283.82,283.82
4951.416208,67.77,288.00,288.00
4951.429665,67.77,290.24,290.24
4951.446128,67.77,293.18,293.18
4951.461485,67.77,293.51,293.51
4951.482606,67.77,291.64,291.64
4951.496204,67.77,288.50,288.50
4951.513640,67.77,283.26,283.26
4951.530201,67.77,281.48,281.48
4951.547216,67.77,282.19,282.19
4951.564197,67.77,284.27,284.27
4951.581636,67.77,291.48,291.48
4951.595537,67.77,293.92,293.92
4951.615332,67.77,296.94,296.94
4951.630895,67.77,298.84,298.84
4951.649017,67.77,296.83,296.83
4951.663569,67.77,296.95,296.95
4951.680106,67.77,294.54,294.54
4951.697031,67.77,292.97,292.97
4951.714462,67.77,291.38,291.38
4951.728116,67.77,289.88,289.88
4951.768385,67.77,294.55,294.55
4951.784967,67.77,297.06,297.06
4951.801877,67.77,298.43,298.43
4951.818070,67.77,298.05,298.05
4951.837878,67.77,298.05,298.05
4951.848038,67.77,291.26,291.26
4951.869682,67.77,291.26,291.26
4951.889778,67.77,288.22,288.22
4951.903577,67.77,288.33,288.33
4951.916532,67.77,287.73,287.73
4951.932261,67.77,287.81,287.81
4951.952669,67.77,288.44,288.44
4951.969392,67.77,287.87,287.87
4951.981922,67.77,287.29,287.29
4951.999569,67.77,287.02,287.02
4952.016211,67.77,287.25,287.25
4952.032732,67.77,286.44,286.44
4952.048880,67.77,286.17,286.17
4952.072329,67.77,287.15,287.15
4952.081719,67.77,286.23,286.23
4952.098640,67.77,286.96,286.96
4952.127844,67.77,286.96,286.96
4952.141423,67.77,285.90,285.90
4952.173625,67.77,286.90,286.90
4952.185046,67.77,286.49,286.49
4952.206026,67.77,287.59,287.59
4952.224472,67.77,287.59,287.59
4952.233712,67.77,288.36,288.36
4952.260370,67.77,289.60,289.60
4952.277600,67.77,291.41,291.41
4952.304206,67.77,290.82,290.82
4952.327073,67.77,291.87,291.8