4723.071915,67.77,152.11,152.11
4723.080961,67.77,152.25,152.25
4723.090352,67.77,152.46,152.46
4723.105485,67.77,152.61,152.61
4723.124313,67.77,152.78,152.78
4723.140648,67.77,152.63,152.63
4723.161747,67.77,152.05,152.05
4723.175022,67.77,152.27,152.27
4723.193039,67.77,152.20,152.20
4723.205857,67.77,151.03,151.03
4723.226904,67.77,151.81,151.81
4723.244200,67.77,150.79,150.79
4723.259818,67.77,150.39,150.39
4723.277650,67.77,149.67,149.67
4723.291516,67.77,149.73,149.73
4723.306826,67.77,150.04,150.04
4723.324224,67.77,149.90,149.90
4723.341319,67.77,149.32,149.32
4723.358285,67.77,149.15,149.15
4723.372634,67.77,149.13,149.13
4723.392851,67.77,149.14,149.14
4723.407496,67.77,149.15,149.15
4723.425315,67.77,149.66,149.66
4723.457772,67.77,149.40,149.40
4723.473477,67.77,148.99,148.99
4723.489116,67.77,149.19,149.19
4723.505274,67.77,149.07,149.07
4723.524275,67.77,148.83,148.83
4723.541318,67.77,148.54,148.54
4723.557161,67.77,151.92,151.92
4723.572938,67.77,151.26,151.26
4723.590630,67.77,154.20,154.20
4723.605534,67.77,153.69,153.69
4723.624908,67.77,153.25,153.25
4723.639634,67.77,153.18,153.18
4723.659302,67.77,153.07,153.07
4723.673000,67.77,153.53,153.53
4723.691005,67.77,153.92,153.92
4723.707712,67.77,154.10,154.10
4723.724703,67.77,153.32,153.32
4723.740314,67.77,154.27,154.27
4723.758547,67.77,154.16,154.16
4723.775046,67.77,154.32,154.32
4723.789816,67.77,154.36,154.36
4723.826578,67.77,154.30,154.30
4723.853865,67.77,153.86,153.86
4723.870573,67.77,154.16,154.16
4723.889873,67.77,153.95,153.95
4723.924392,67.77,154.89,154.89
4723.939498,67.77,155.41,155.41
4723.959566,67.77,155.92,155.92
4723.976943,67.77,156.84,156.84
4723.991203,67.77,156.49,156.49
4724.005710,67.77,156.47,156.47
4724.023154,67.77,156.46,156.46
4724.040133,67.77,156.29,156.29
4724.057781,67.77,156.35,156.35
4724.072141,67.77,157.22,157.22
4724.091442,67.77,156.91,156.91
4724.106474,67.77,156.51,156.51
4724.125598,67.77,156.33,156.33
4724.158347,67.77,157.02,157.02
4724.173178,67.77,157.25,157.25
4724.192422,67.77,161.29,161.29
4724.208278,67.77,161.75,161.75
4724.224657,67.77,163.66,163.66
4724.240977,67.77,163.53,163.53
4724.263458,67.77,164.52,164.52
4724.276256,67.77,163.97,163.97
4724.292667,67.77,164.27,164.27
4724.308361,67.77,165.32,165.32
4724.324827,67.77,165.57,165.57
4724.340111,67.77,165.80,165.80
4724.356941,67.77,166.47,166.47
4724.373513,67.77,166.85,166.85
4724.392508,67.77,166.57,166.57
4724.407614,67.77,166.77,166.77
4724.426799,67.77,166.33,166.33
4724.457911,67.77,165.98,165.98
4724.472318,67.77,166.16,166.16
4724.490744,67.77,169.86,169.86
4724.507018,67.77,169.81,169.81
4724.525825,67.77,170.07,170.07
4724.541597,67.77,169.00,169.00
4724.558125,67.77,169.04,169.04
4724.575006,67.77,168.60,168.60
4724.592981,67.77,167.95,167.95
4724.612344,67.77,168.14,168.14
4724.626531,67.77,167.52,167.52
4724.658409,67.77,166.49,166.49
4724.673883,67.77,165.98,165.98
4724.691211,67.77,165.95,165.95
4724.707480,67.77,164.95,164.95
4724.725037,67.77,166.64,166.64
4724.740617,67.77,164.25,164.25
4724.758509,67.77,163.28,163.28
4724.772954,67.77,162.68,162.68
4724.790592,67.77,162.35,162.35
4724.807061,67.77,162.45,162.45
4724.827742,67.77,162.24,162.24
4724.857216,67.77,162.47,162.47
4724.873832,67.77,161.88,161.88
4724.892529,67.77,161.75,161.75
4724.908257,67.77,161.48,161.48
4724.926153,67.77,161.69,161.69
4724.948204,67.77,161.49,161.49
4724.963304,67.77,160.43,160.43
4725.007008,67.77,158.87,158.87
4725.028888,67.77,157.17,157.17
4725.045249,67.77,157.55,157.55
4725.058244,67.77,157.87,157.87
4725.073714,67.77,159.05,159.05
4725.091742,67.77,159.18,159.18
4725.106387,67.77,159.39,159.39
4725.129826,67.77,159.30,159.30
4725.140950,67.77,158.60,158.60
4725.159013,67.77,158.79,158.79
4725.174231,67.77,159.16,159.16
4725.193410,67.77,159.69,159.69
4725.209416,67.77,160.09,160.09
4725.224566,67.77,159.70,159.70
4725.259516,67.77,159.05,159.05
4725.275679,67.77,159.05,159.05
4725.292661,67.77,158.61,158.61
4725.306956,67.77,158.77,158.77
4725.327766,67.77,157.84,157.84
4725.342092,67.77,158.02,158.02
4725.360546,67.77,158.63,158.63
4725.375655,67.77,158.95,158.95
4725.393676,67.77,158.73,158.73
4725.405842,67.77,157.96,157.96
4725.423086,67.77,157.97,157.97
4725.440586,67.77,158.05,158.05
4725.457390,67.77,158.14,158.14
4725.474813,67.77,158.43,158.43
4725.489213,67.77,159.27,159.27
4725.505744,67.77,159.77,159.77
4725.524057,67.77,159.71,159.71
4725.544212,67.77,160.00,160.00
4725.607031,67.77,160.08,160.08
4725.624720,67.77,159.45,159.45
4725.640910,67.77,159.78,159.78
4725.661026,67.77,160.28,160.28
4725.675441,67.77,160.52,160.52
4725.694948,67.77,160.38,160.38
4725.707956,67.77,161.98,161.98
4725.725816,67.77,164.58,164.58
4725.741607,67.77,168.31,168.31
4725.763735,67.77,170.74,170.74
4725.777380,67.77,172.20,172.20
4725.793960,67.77,173.19,173.19
4725.814304,67.77,173.98,173.98
4725.827833,67.77,175.28,175.28
4725.843031,67.77,176.08,176.08
4725.884908,67.77,176.98,176.98
4725.893633,67.77,177.76,177.76
4725.901284,67.77,177.69,177.69
4725.909237,67.77,177.23,177.23
4725.924764,67.77,176.96,176.96
4725.940125,67.77,177.42,177.42
4725.962735,67.77,177.34,177.34
4725.977824,67.77,176.45,176.45
4726.010126,67.77,174.54,174.54
4726.045891,67.77,172.28,172.28
4726.076148,67.77,169.81,169.81
4726.101462,67.77,167.33,167.33
4726.115000,67.77,165.59,165.59
4726.127554,67.77,163.44,163.44
4726.146596,67.77,163.20,163.20
4726.176805,67.77,163.86,163.86
4726.183803,67.77,163.52,163.52
4726.192727,67.77,163.60,163.60
4726.207294,67.77,163.79,163.79
4726.231480,67.77,164.02,164.02
4726.242080,67.77,164.53,164.53
4726.276427,67.77,165.06,165.06
4726.294337,67.77,164.63,164.63
4726.308269,67.77,164.79,164.79
4726.316988,67.77,164.50,164.50
4726.325005,67.77,164.95,164.95
4726.339713,67.77,164.86,164.86
4726.360679,67.77,165.34,165.34
4726.373138,67.77,165.77,165.77
4726.392267,67.77,165.83,165.83
4726.407630,67.77,165.52,165.52
4726.425144,67.77,166.06,166.06
4726.453079,67.77,166.48,166.48
4726.462059,67.77,167.19,167.19
4726.475999,67.77,165.78,165.78
4726.496598,67.77,165.56,165.56
4726.509101,67.77,166.81,166.81
4726.524837,67.77,166.96,166.96
4726.543435,67.77,165.28,165.28
4726.559760,67.77,165.15,165.15
4726.577465,67.77,165.89,165.89
4726.595391,67.77,166.41,166.41
4726.609965,67.77,165.14,165.14
4726.643065,67.77,165.79,165.79
4726.662828,67.77,165.49,165.49
4726.667693,67.77,164.89,164.89
4726.688680,67.77,164.47,164.47
4726.705495,67.77,165.52,165.52
4726.731931,67.77,163.23,163.23
4726.740440,67.77,163.40,163.40
4726.755667,67.77,162.56,162.56
4726.790290,67.77,160.76,160.76
4726.808346,67.77,161.01,161.01
4726.830250,67.77,160.65,160.65
4726.845645,67.77,161.30,161.30
4726.861242,67.77,161.04,161.04
4726.894394,67.77,161.36,161.36
4726.940236,67.77,160.44,160.44
4726.947089,67.77,159.27,159.27
4726.994537,67.77,158.15,158.15
4727.005007,67.77,158.46,158.46
4727.033540,67.77,156.73,156.73
4727.054083,67.77,156.41,156.41
4727.066417,67.77,156.36,156.36
4727.096100,67.77,156.15,156.15
4727.115821,67.77,156.08,156.08
4727.127726,67.77,154.83,154.83
4727.158444,67.77,154.67,154.67
4727.175228,67.77,153.89,153.89
4727.188948,67.77,153.50,153.50
4727.208058,67.77,153.73,153.73
4727.226194,67.77,152.94,152.94
4727.241100,67.77,152.28,152.28
4727.257827,67.77,151.20,151.20
4727.272513,67.77,150.70,150.70
4727.288297,67.77,149.68,149.68
4727.306267,67.77,149.42,149.42
4727.323745,67.77,148.29,148.29
4727.341552,67.77,148.11,148.11
4727.357498,67.77,147.27,147.27
4727.373851,67.77,147.26,147.26
4727.389962,67.77,145.84,145.84
4727.409572,67.77,145.79,145.79
4727.425991,67.77,144.83,144.83
4727.438089,67.77,145.21,145.21
4727.473111,67.77,144.19,144.19
4727.488267,67.77,142.76,142.76
4727.508981,67.77,142.71,142.71
4727.526949,67.77,142.23,142.23
4727.544802,67.77,142.82,142.82
4727.555210,67.77,142.05,142.05
4727.588401,67.77,141.52,141.52
4727.606035,67.77,141.11,141.11
4727.627911,67.77,140.78,140.78
4727.645670,67.77,140.85,140.85
4727.664610,67.77,141.08,141.08
4727.674587,67.77,141.31,141.31
4727.690640,67.77,141.35,141.35
4727.708273,67.77,141.24,141.24
4727.723442,67.77,141.21,141.21
4727.738894,67.77,141.08,141.08
4727.774379,67.77,144.48,144.48
4727.788449,67.77,147.12,147.12
4727.805624,67.77,146.19,146.19
4727.822222,67.77,146.47,146.47
4727.842175,67.77,146.27,146.27
4727.855440,67.77,146.15,146.15
4727.874135,67.77,145.99,145.99
4727.889758,67.77,150.03,150.03
4727.905651,67.77,150.51,150.51
4727.926110,67.77,155.80,155.80
4727.939821,67.77,155.65,155.65
4727.962279,67.77,154.50,154.50
4727.978596,67.77,154.38,154.38
4727.988620,67.77,154.18,154.18
4728.005142,67.77,154.68,154.68
4728.021376,67.77,155.79,155.79
4728.038811,67.77,155.40,155.40
4728.054787,67.77,156.33,156.33
4728.072020,67.77,156.27,156.27
4728.088381,67.77,160.76,160.76
4728.110321,67.77,160.64,160.64
4728.131127,67.77,161.28,161.28
4728.145587,67.77,161.75,161.75
4728.158698,67.77,160.91,160.91
4728.172153,67.77,160.41,160.41
4728.191031,67.77,160.46,160.46
4728.205205,67.77,160.70,160.70
4728.221616,67.77,161.46,161.46
4728.241554,67.77,161.66,161.66
4728.262276,67.77,164.86,164.86
4728.280277,67.77,164.64,164.64
4728.294470,67.77,165.26,165.26
4728.307131,67.77,165.38,165.38
4728.322793,67.77,165.63,165.63
4728.339090,67.77,165.39,165.39
4728.355112,67.77,165.76,165.76
4728.372029,67.77,165.59,165.59
4728.388557,67.77,166.01,166.01
4728.404960,67.77,166.18,166.18
4728.421221,67.77,165.92,165.92
4728.444672,67.77,165.84,165.84
4728.455541,67.77,166.40,166.40
4728.478091,67.77,166.58,166.58
4728.489939,67.77,166.45,166.45
4728.506454,67.77,166.27,166.27
4728.526637,67.77,166.24,166.24
4728.546941,67.77,165.96,165.96
4728.559851,67.77,166.04,166.04
4728.574481,67.77,165.65,165.65
4728.589319,67.77,165.97,165.97
4728.606373,67.77,165.84,165.84
4728.623160,67.77,165.73,165.73
4728.645490,67.77,165.78,165.78
4728.671623,67.77,165.61,165.61
4728.688840,67.77,165.46,165.46
4728.705803,67.77,164.70,164.70
4728.723167,67.77,164.56,164.56
4728.740223,67.77,164.55,164.55
4728.758885,67.77,164.75,164.75
4728.772420,67.77,166.00,166.00
4728.789905,67.77,165.83,165.83
4728.805438,67.77,165.87,165.87
4728.824930,67.77,165.56,165.56
4728.838946,67.77,165.16,165.16
4728.856318,67.77,165.82,165.82
4728.871994,67.77,165.23,165.23
4728.889778,67.77,164.59,164.59
4728.905938,67.77,164.65,164.65
4728.930731,67.77,164.70,164.70
4728.938821,67.77,164.44,164.44
4728.971721,67.77,164.12,164.12
4728.987826,67.77,164.01,164.01
4729.004253,67.77,164.06,164.06
4729.022991,67.77,163.90,163.90
4729.039198,67.77,163.86,163.86
4729.055155,67.77,163.58,163.58
4729.089912,67.77,163.44,163.44
4729.106885,67.77,163.16,163.16
4729.123035,67.77,163.03,163.03
4729.138711,67.77,163.33,163.33
4729.175107,67.77,163.79,163.79
4729.196806,67.77,163.48,163.48
4729.216632,67.77,160.70,160.70
4729.244018,67.77,160.57,160.57
4729.272650,67.77,160.89,160.89
4729.289579,67.77,160.79,160.79
4729.306105,67.77,163.21,163.21
4729.328889,67.77,162.80,162.80
4729.340384,67.77,162.83,162.83
4729.371454,67.77,162.53,162.53
4729.388261,67.77,162.68,162.68
4729.404981,67.77,162.76,162.76
4729.421717,67.77,162.56,162.56
4729.438988,67.77,162.48,162.48
4729.455018,67.77,162.50,162.50
4729.470935,67.77,162.15,162.15
4729.489104,67.77,162.08,162.08
4729.504410,67.77,162.08,162.08
4729.521743,67.77,162.14,162.14
4729.537584,67.77,162.03,162.03
4729.571026,67.77,161.85,161.85
4729.589135,67.77,161.00,161.00
4729.605508,67.77,161.00,161.00
4729.622156,67.77,161.52,161.52
4729.640405,67.77,161.74,161.74
4729.655113,67.77,162.08,162.08
4729.679369,67.77,162.69,162.69
4729.690440,67.77,165.12,165.12
4729.704791,67.77,167.79,167.79
4729.722359,67.77,169.80,169.80
4729.743400,67.77,171.88,171.88
4729.756156,67.77,172.84,172.84
4729.773006,67.77,173.54,173.54
4729.790077,67.77,174.13,174.13
4729.807223,67.77,173.49,173.49
4729.824086,67.77,173.93,173.93
4729.838843,67.77,175.03,175.03
4729.856558,67.77,173.54,173.54
4729.873140,67.77,173.54,173.54
4729.890933,67.77,173.60,173.60
4729.904943,67.77,174.03,174.03
4729.926825,67.77,173.90,173.90
4729.939141,67.77,173.21,173.21
4729.955557,67.77,170.89,170.89
4729.971922,67.77,168.47,168.47
4729.990400,67.77,166.37,166.37
4730.007958,67.77,164.72,164.72
4730.023305,67.77,164.94,164.94
4730.040710,67.77,165.18,165.18
4730.056867,67.77,165.67,165.67
4730.072010,67.77,165.33,165.33
4730.091084,67.77,166.02,166.02
4730.105000,67.77,166.37,166.37
4730.122231,67.77,166.00,166.00
4730.138393,67.77,165.45,165.45
4730.172269,67.77,165.50,165.50
4730.188218,67.77,165.89,165.89
4730.204086,67.77,165.82,165.82
4730.232287,67.77,165.69,165.69
4730.239418,67.77,166.08,166.08
4730.257100,67.77,165.93,165.93
4730.288605,67.77,165.72,165.72
4730.306129,67.77,165.89,165.89
4730.322569,67.77,165.84,165.84
4730.337891,67.77,165.49,165.49
4730.355125,67.77,165.39,165.39
4730.372480,67.77,165.42,165.42
4730.389001,67.77,165.50,165.50
4730.404423,67.77,165.92,165.92
4730.422069,67.77,165.92,165.92
4730.438939,67.77,165.86,165.86
4730.455583,67.77,165.76,165.76
4730.471930,67.77,165.68,165.68
4730.488244,67.77,165.74,165.74
4730.504764,67.77,165.86,165.86
4730.522824,67.77,165.67,165.67
4730.538903,67.77,165.74,165.74
4730.562805,67.77,165.98,165.98
4730.575492,67.77,165.58,165.58
4730.588492,67.77,165.79,165.79
4730.604370,67.77,165.55,165.55
4730.621814,67.77,165.72,165.72
4730.638617,67.77,165.63,165.63
4730.660072,67.77,165.43,165.43
4730.672965,67.77,165.66,165.66
4730.689731,67.77,165.79,165.79
4730.704574,67.77,165.76,165.76
4730.723442,67.77,165.43,165.43
4730.739299,67.77,165.51,165.51
4730.771958,67.77,165.95,165.95
4730.792132,67.77,165.80,165.80
4730.805355,67.77,165.28,165.28
4730.823827,67.77,165.54,165.54
4730.839134,67.77,165.66,165.66
4730.854343,67.77,165.74,165.74
4730.871000,67.77,165.89,165.89
4730.888824,67.77,165.95,165.95
4730.904775,67.77,165.74,165.74
4730.923959,67.77,165.60,165.60
4730.938920,67.77,165.71,165.71
4730.971390,67.77,165.69,165.69
4730.988323,67.77,165.63,165.63
4731.008558,67.77,165.84,165.84
4731.021957,67.77,165.50,165.50
4731.037819,67.77,166.00,166.00
4731.055455,67.77,165.83,165.83
4731.071757,67.77,165.58,165.58
4731.088396,67.77,165.27,165.27
4731.106001,67.77,165.06,165.06
4731.125585,67.77,164.87,164.87
4731.137665,67.77,165.08,165.08
4731.155993,67.77,165.86,165.86
4731.172582,67.77,166.24,166.24
4731.189305,67.77,166.18,166.18
4731.205548,67.77,165.57,165.57
4731.221745,67.77,165.40,165.40
4731.237907,67.77,165.77,165.77
4731.256248,67.77,165.88,165.88
4731.272493,67.77,165.76,165.76
4731.287892,67.77,165.58,165.58
4731.305668,67.77,166.23,166.23
4731.321898,67.77,166.33,166.33
4731.338860,67.77,166.24,166.24
4731.371612,67.77,166.42,166.42
4731.389254,67.77,166.27,166.27
4731.405836,67.77,165.96,165.96
4731.423254,67.77,165.11,165.11
4731.438091,67.77,165.19,165.19
4731.454246,67.77,165.46,165.46
4731.471695,67.77,165.71,165.71
4731.487706,67.77,165.31,165.31
4731.505084,67.77,165.03,165.03
4731.521581,67.77,164.95,164.95
4731.538813,67.77,165.04,165.04
4731.571593,67.77,165.32,165.32
4731.590053,67.77,165.02,165.02
4731.604365,67.77,166.27,166.27
4731.620853,67.77,166.14,166.14
4731.638762,67.77,165.84,165.84
4731.655783,67.77,165.90,165.90
4731.671005,67.77,165.87,165.87
4731.687720,67.77,165.87,165.87
4731.704343,67.77,166.04,166.04
4731.721918,67.77,166.29,166.29
4731.738626,67.77,165.87,165.87
4731.754386,67.77,166.18,166.18
4731.772257,67.77,166.04,166.04
4731.788015,67.77,165.70,165.70
4731.825716,67.77,165.54,165.54
4731.839880,67.77,165.68,165.68
4731.855818,67.77,165.59,165.59
4731.871124,67.77,165.31,165.31
4731.888304,67.77,165.22,165.22
4731.905317,67.77,165.11,165.11
4731.922400,67.77,165.38,165.38
4731.937437,67.77,165.63,165.63
4731.954424,67.77,165.71,165.71
4731.971811,67.77,165.83,165.83
4731.987677,67.77,165.88,165.88
4732.004428,67.77,165.93,165.93
4732.020745,67.77,165.95,165.95
4732.040043,67.77,165.90,165.90
4732.053873,67.77,165.42,165.42
4732.072152,67.77,165.17,165.17
4732.087573,67.77,165.33,165.33
4732.106559,67.77,165.67,165.67
4732.121840,67.77,165.60,165.60
4732.139787,67.77,164.88,164.88
4732.170804,67.77,164.57,164.57
4732.189693,67.77,165.09,165.09
4732.204492,67.77,164.84,164.84
4732.221258,67.77,164.19,164.19
4732.239217,67.77,164.59,164.59
4732.254981,67.77,164.44,164.44
4732.270814,67.77,164.33,164.33
4732.287577,67.77,164.37,164.37
4732.305620,67.77,164.20,164.20
4732.321758,67.77,164.19,164.19
4732.339240,67.77,164.04,164.04
4732.353931,67.77,163.64,163.64
4732.389513,67.77,163.78,163.78
4732.406132,67.77,163.79,163.79
4732.421056,67.77,163.44,163.44
4732.440640,67.77,163.35,163.35
4732.454822,67.77,163.66,163.66
4732.473919,67.77,163.66,163.66
4732.490421,67.77,163.66,163.66
4732.503970,67.77,163.96,163.96
4732.521675,67.77,164.13,164.13
4732.539863,67.77,164.78,164.78
4732.553987,67.77,164.79,164.79
4732.570955,67.77,165.73,165.73
4732.588143,67.77,167.07,167.07
4732.605072,67.77,168.48,168.48
4732.621384,67.77,170.54,170.54
4732.640063,67.77,173.26,173.26
4732.654079,67.77,177.50,177.50
4732.670595,67.77,182.82,182.82
4732.686750,67.77,186.49,186.49
4732.703849,67.77,188.66,188.66
4732.721714,67.77,190.06,190.06
4732.736834,67.77,194.00,194.00
4732.757860,67.77,198.91,198.91
4732.772305,67.77,204.28,204.28
4732.787490,67.77,208.77,208.77
4732.804234,67.77,212.13,212.13
4732.821286,67.77,216.01,216.01
4732.838531,67.77,214.25,214.25
4732.887122,67.77,210.26,210.26
4732.904852,67.77,207.53,207.53
4732.921042,67.77,198.30,198.30
4732.938027,67.77,181.11,181.11
4732.954788,67.77,174.86,174.86
4732.971751,67.77,165.36,165.36
4732.987387,67.77,166.42,166.42
4733.003727,67.77,164.16,164.16
4733.022708,67.77,173.52,173.52
4733.039749,67.77,174.89,174.89
4733.054525,67.77,180.54,180.54
4733.074051,67.77,179.26,179.26
4733.092040,67.77,181.19,181.19
4733.109882,67.77,181.01,181.01
4733.121904,67.77,185.50,185.50
4733.138036,67.77,187.24,187.24
4733.153792,67.77,192.92,192.92
4733.171544,67.77,196.86,196.86
4733.187169,67.77,201.24,201.24
4733.204767,67.77,205.87,205.87
4733.220320,67.77,211.18,211.18
4733.239370,67.77,215.03,215.03
4733.254609,67.77,219.60,219.60
4733.271408,67.77,222.48,222.48
4733.287116,67.77,223.86,223.86
4733.303965,67.77,223.21,223.21
4733.322588,67.77,221.37,221.37
4733.337109,67.77,220.46,220.46
4733.358466,67.77,220.39,220.39
4733.371486,67.77,222.24,222.24
4733.386801,67.77,221.24,221.24
4733.404783,67.77,222.36,222.36
4733.422095,67.77,223.45,223.45
4733.437422,67.77,226.56,226.56
4733.472281,67.77,234.27,234.27
4733.486823,67.77,237.42,237.42
4733.506100,67.77,254.35,254.35
4733.520882,67.77,254.23,254.23
4733.537291,67.77,254.99,254.99
4733.553411,67.77,255.84,255.84
4733.571233,67.77,257.43,257.43
4733.588898,67.77,258.18,258.18
4733.606536,67.77,259.79,259.79
4733.620761,67.77,258.76,258.76
4733.638475,67.77,258.98,258.98
4733.654899,67.77,258.86,258.86
4733.671928,67.77,259.78,259.78
4733.688342,67.77,259.08,259.08
4733.705148,67.77,260.46,260.46
4733.720441,67.77,259.63,259.63
4733.739522,67.77,260.12,260.12
4733.754581,67.77,259.99,259.99
4733.771602,67.77,259.95,259.95
4733.787114,67.77,260.14,260.14
4733.805360,67.77,259.46,259.46
4733.820034,67.77,258.20,258.20
4733.837619,67.77,256.90,256.90
4733.853930,67.77,253.08,253.08
4733.878710,67.77,250.52,250.52
4733.886682,67.77,246.32,246.32
4733.904543,67.77,242.19,242.19
4733.919876,67.77,239.07,239.07
4733.937559,67.77,233.28,233.28
4733.953235,67.77,231.54,231.54
4733.974397,67.77,226.98,226.98
4733.987077,67.77,223.50,223.50
4734.007336,67.77,217.74,217.74
4734.022600,67.77,213.32,213.32
4734.039340,67.77,210.24,210.24
4734.060283,67.77,210.94,210.94
4734.072209,67.77,209.67,209.67
4734.087774,67.77,210.82,210.82
4734.104562,67.77,208.79,208.79
4734.120083,67.77,208.41,208.41
4734.138527,67.77,207.60,207.60
4734.156821,67.77,208.06,208.06
4734.171522,67.77,206.40,206.40
4734.186790,67.77,206.84,206.84
4734.204216,67.77,209.59,209.59
4734.223975,67.77,214.42,214.42
4734.238105,67.77,222.48,222.48
4734.256109,67.77,230.30,230.30
4734.271557,67.77,239.28,239.28
4734.286458,67.77,247.54,247.54
4734.304098,67.77,255.04,255.04
4734.320002,67.77,258.43,258.43
4734.339438,67.77,261.78,261.78
4734.353895,67.77,262.30,262.30
4734.371559,67.77,264.45,264.45
4734.387400,67.77,265.03,265.03
4734.404299,67.77,264.78,264.78
4734.420053,67.77,263.92,263.92
4734.446260,67.77,263.35,263.35
4734.453815,67.77,263.03,263.03
4734.470501,67.77,264.21,264.21
4734.486164,67.77,264.04,264.04
4734.513381,67.77,265.35,265.35
4734.519677,67.77,264.61,264.61
4734.541687,67.77,265.00,265.00
4734.555881,67.77,264.97,264.97
4734.577021,67.77,265.62,265.62
4734.590351,67.77,265.77,265.77
4734.605732,67.77,265.55,265.55
4734.620977,67.77,264.00,264.00
4734.639344,67.77,263.02,263.02
4734.656781,67.77,262.71,262.71
4734.672370,67.77,263.32,263.32
4734.687336,67.77,263.60,263.60
4734.706042,67.77,264.15,264.15
4734.720902,67.77,264.52,264.52
4734.738062,67.77,266.28,266.28
4734.756741,67.77,266.36,266.36
4734.771599,67.77,262.96,262.96
4734.788619,67.77,256.57,256.57
4734.804958,67.77,247.14,247.14
4734.820197,67.77,242.01,242.01
4734.838845,67.77,233.40,233.40
4734.855401,67.77,232.14,232.14
4734.872669,67.77,225.81,225.81
4734.886988,67.77,223.14,223.14
4734.906776,67.77,218.00,218.00
4734.925390,67.77,214.47,214.47
4734.938621,67.77,211.09,211.09
4734.966771,67.77,214.58,214.58
4734.978555,67.77,213.48,213.48
4734.988198,67.77,220.11,220.11
4735.005337,67.77,218.97,218.97
4735.020360,67.77,219.21,219.21
4735.039445,67.77,218.72,218.72
4735.054399,67.77,215.13,215.13
4735.073814,67.77,208.94,208.94
4735.095968,67.77,198.27,198.27
4735.106694,67.77,192.57,192.57
4735.120405,67.77,191.06,191.06
4735.139946,67.77,194.11,194.11
4735.157391,67.77,201.67,201.67
4735.187767,67.77,205.09,205.09
4735.198232,67.77,213.86,213.86
4735.228401,67.77,230.18,230.18
4735.240733,67.77,235.57,235.57
4735.256310,67.77,233.74,233.74
4735.279261,67.77,232.44,232.44
4735.292227,67.77,225.02,225.02
4735.307261,67.77,220.71,220.71
4735.322966,67.77,216.43,216.43
4735.339553,67.77,214.13,214.13
4735.355401,67.77,214.94,214.94
4735.373998,67.77,213.97,213.97
4735.388600,67.77,214.20,214.20
4735.406789,67.77,213.62,213.62
4735.422589,67.77,211.74,211.74
4735.442263,67.77,210.56,210.56
4735.456684,67.77,207.72,207.72
4735.474064,67.77,207.47,207.47
4735.490285,67.77,208.27,208.27
4735.510712,67.77,208.96,208.96
4735.522566,67.77,208.16,208.16
4735.541658,67.77,210.14,210.14
4735.574190,67.77,210.14,210.14
4735.590963,67.77,212.45,212.45
4735.604820,67.77,214.43,214.43
4735.614909,67.77,215.92,215.92
4735.647012,67.77,216.48,216.48
4735.663805,67.77,217.08,217.08
4735.680390,67.77,217.90,217.90
4735.710693,67.77,217.90,217.90
4735.728897,67.77,159.88,159.88
4735.752015,67.77,159.26,159.26
4735.886631,67.77,106.65,106.65
4735.923081,67.77,82.39,82.39
4735.939170,67.77,83.43,83.43
4735.958282,67.77,80.11,80.11
4735.972106,67.77,80.15,80.15
4735.999820,67.77,73.81,73.81
4736.025489,67.77,73.34,73.34
4736.063447,67.77,73.20,73.20
4736.082068,67.77,73.17,73.17
4736.092859,67.77,73.01,73.01
4736.113327,67.77,89.78,89.78
4736.130994,67.77,98.43,98.43
4736.144624,67.77,103.58,103.58
4736.159480,67.77,107.81,107.81
4736.176929,67.77,110.16,110.16
4736.194561,67.77,114.10,114.10
4736.225202,67.77,117.16,117.16
4736.240815,67.77,119.78,119.78
4736.256336,67.77,123.47,123.47
4736.273430,67.77,124.06,124.06
4736.287556,67.77,124.19,124.19
4736.298665,67.77,125.07,125.07
4736.314749,67.77,125.04,125.04
4736.349084,67.77,125.02,125.02
4736.374512,67.77,126.34,126.34
4736.383141,67.77,127.48,127.48
4736.409019,67.77,133.41,133.41
4736.433628,67.77,142.42,142.42
4736.448479,67.77,147.28,147.28
4736.475858,67.77,147.42,147.42
4736.488310,67.77,147.38,147.38
4736.503729,67.77,143.29,143.29
4736.525500,67.77,139.87,139.87
4736.540368,67.77,139.87,139.87
4736.575872,67.77,22.70,22.70
4736.614160,67.77,10.90,10.90
4736.633355,67.77,10.35,10.35
4736.652331,67.77,11.17,11.17
4736.699999,67.77,10.16,10.16
4736.710467,67.77,11.75,11.75
4736.775074,67.77,10.73,10.73
4736.844848,67.77,11.12,11.12
4736.883112,67.77,11.10,11.10
4736.905105,67.77,11.10,11.10
4736.915876,67.77,11.10,11.10
4736.929419,67.77,11.10,11.10
4736.944115,67.77,11.10,11.10
4736.960966,67.77,11.10,11.10
4736.974436,67.77,11.10,11.10
4736.986947,67.77,11.34,11.34
4737.002094,67.77,12.37,12.37
4737.013124,67.77,10.79,10.79
4737.041527,67.77,11.77,11.77
4737.052472,67.77,12.49,12.49
4737.067909,67.77,13.96,13.96
4737.077109,67.77,14.56,14.56
4737.089015,67.77,14.18,14.18
4737.101027,67.77,15.26,15.26
4737.110816,67.77,14.68,14.68
4737.121