12040.703800,67.77,165.89,165.89
12040.706810,67.77,165.31,165.31
12040.718582,67.77,164.37,164.37
12040.735116,67.77,164.44,164.44
12040.751897,67.77,163.93,163.93
12040.768869,67.77,163.33,163.33
12040.785035,67.77,162.81,162.81
12040.802898,67.77,162.63,162.63
12040.818183,67.77,162.06,162.06
12040.834893,67.77,162.64,162.64
12040.851756,67.77,161.60,161.60
12040.868426,67.77,161.86,161.86
12040.884686,67.77,161.52,161.52
12040.901993,67.77,160.96,160.96
12040.935902,67.77,160.85,160.85
12040.951984,67.77,160.02,160.02
12040.968764,67.77,160.57,160.57
12040.990628,67.77,160.88,160.88
12041.002164,67.77,160.95,160.95
12041.018339,67.77,160.98,160.98
12041.034642,67.77,160.75,160.75
12041.051462,67.77,160.99,160.99
12041.068255,67.77,160.50,160.50
12041.084897,67.77,160.37,160.37
12041.104124,67.77,160.45,160.45
12041.117776,67.77,160.73,160.73
12041.135069,67.77,161.13,161.13
12041.151529,67.77,161.19,161.19
12041.167880,67.77,160.86,160.86
12041.184438,67.77,161.26,161.26
12041.201902,67.77,161.78,161.78
12041.217801,67.77,162.13,162.13
12041.235687,67.77,162.17,162.17
12041.251482,67.77,162.87,162.87
12041.268978,67.77,163.05,163.05
12041.285135,67.77,163.00,163.00
12041.301532,67.77,163.03,163.03
12041.318063,67.77,162.97,162.97
12041.336034,67.77,163.23,163.23
12041.352090,67.77,164.03,164.03
12041.368604,67.77,164.57,164.57
12041.384889,67.77,164.98,164.98
12041.401307,67.77,165.41,165.41
12041.417835,67.77,165.42,165.42
12041.434974,67.77,165.39,165.39
12041.451115,67.77,165.68,165.68
12041.468498,67.77,166.52,166.52
12041.484705,67.77,166.81,166.81
12041.502462,67.77,167.05,167.05
12041.517616,67.77,167.26,167.26
12041.535286,67.77,167.88,167.88
12041.551847,67.77,168.15,168.15
12041.568065,67.77,168.50,168.50
12041.584314,67.77,168.58,168.58
12041.602036,67.77,171.58,171.58
12041.618259,67.77,171.89,171.89
12041.634643,67.77,172.69,172.69
12041.651878,67.77,172.59,172.59
12041.668226,67.77,172.46,172.46
12041.684662,67.77,172.79,172.79
12041.701846,67.77,172.61,172.61
12041.718072,67.77,172.43,172.43
12041.735912,67.77,172.60,172.60
12041.751638,67.77,172.23,172.23
12041.768199,67.77,171.84,171.84
12041.785281,67.77,171.59,171.59
12041.801323,67.77,171.49,171.49
12041.817803,67.77,171.38,171.38
12041.835167,67.77,171.09,171.09
12041.851065,67.77,171.23,171.23
12041.868004,67.77,170.70,170.70
12041.884415,67.77,170.02,170.02
12041.902264,67.77,170.61,170.61
12041.918652,67.77,170.57,170.57
12041.934580,67.77,169.48,169.48
12041.950952,67.77,170.06,170.06
12041.968113,67.77,169.21,169.21
12041.985967,67.77,169.35,169.35
12042.001190,67.77,169.14,169.14
12042.018192,67.77,168.48,168.48
12042.034930,67.77,168.87,168.87
12042.051894,67.77,168.53,168.53
12042.068132,67.77,168.63,168.63
12042.084303,67.77,168.26,168.26
12042.101403,67.77,168.24,168.24
12042.117986,67.77,168.85,168.85
12042.134696,67.77,168.64,168.64
12042.151915,67.77,168.29,168.29
12042.167749,67.77,168.18,168.18
12042.184766,67.77,168.14,168.14
12042.201942,67.77,168.31,168.31
12042.218016,67.77,167.85,167.85
12042.234864,67.77,167.85,167.85
12042.251314,67.77,167.95,167.95
12042.268242,67.77,167.82,167.82
12042.284539,67.77,167.40,167.40
12042.301905,67.77,167.51,167.51
12042.318183,67.77,167.67,167.67
12042.334667,67.77,165.88,165.88
12042.351271,67.77,165.81,165.81
12042.367909,67.77,165.13,165.13
12042.385818,67.77,165.14,165.14
12042.401461,67.77,164.36,164.36
12042.418401,67.77,164.24,164.24
12042.438961,67.77,164.02,164.02
12042.455730,67.77,164.19,164.19
12042.470606,67.77,163.68,163.68
12042.485025,67.77,163.65,163.65
12042.501144,67.77,163.26,163.26
12042.517882,67.77,163.38,163.38
12042.535417,67.77,162.40,162.40
12042.551423,67.77,162.64,162.64
12042.567607,67.77,162.26,162.26
12042.584151,67.77,162.23,162.23
12042.602381,67.77,160.36,160.36
12042.618214,67.77,159.85,159.85
12042.635000,67.77,159.32,159.32
12042.651436,67.77,159.45,159.45
12042.667985,67.77,159.51,159.51
12042.685164,67.77,159.64,159.64
12042.702390,67.77,159.94,159.94
12042.717713,67.77,160.26,160.26
12042.738101,67.77,160.32,160.32
12042.751056,67.77,160.41,160.41
12042.767978,67.77,160.67,160.67
12042.784420,67.77,160.30,160.30
12042.801183,67.77,160.24,160.24
12042.817625,67.77,160.12,160.12
12042.836696,67.77,160.39,160.39
12042.851317,67.77,160.55,160.55
12042.868020,67.77,160.54,160.54
12042.884717,67.77,160.23,160.23
12042.901123,67.77,160.20,160.20
12042.917598,67.77,159.95,159.95
12042.934566,67.77,159.99,159.99
12042.951624,67.77,159.90,159.90
12042.968005,67.77,159.81,159.81
12042.985194,67.77,159.69,159.69
12043.001879,67.77,159.43,159.43
12043.017670,67.77,159.49,159.49
12043.034774,67.77,159.67,159.67
12043.050920,67.77,159.96,159.96
12043.068358,67.77,160.00,160.00
12043.084784,67.77,160.29,160.29
12043.101152,67.77,160.05,160.05
12043.117810,67.77,159.84,159.84
12043.135170,67.77,159.75,159.75
12043.153159,67.77,159.47,159.47
12043.168293,67.77,159.66,159.66
12043.184058,67.77,159.89,159.89
12043.201563,67.77,159.85,159.85
12043.217735,67.77,160.01,160.01
12043.234914,67.77,159.94,159.94
12043.250758,67.77,160.01,160.01
12043.267879,67.77,159.75,159.75
12043.284988,67.77,159.61,159.61
12043.302083,67.77,159.24,159.24
12043.317527,67.77,159.06,159.06
12043.334387,67.77,159.25,159.25
12043.350569,67.77,158.66,158.66
12043.367607,67.77,158.64,158.64
12043.384704,67.77,158.90,158.90
12043.401516,67.77,158.42,158.42
12043.417471,67.77,158.23,158.23
12043.433921,67.77,158.34,158.34
12043.451168,67.77,158.49,158.49
12043.468031,67.77,158.41,158.41
12043.484884,67.77,158.58,158.58
12043.501858,67.77,158.71,158.71
12043.518931,67.77,158.80,158.80
12043.536913,67.77,158.28,158.28
12043.551941,67.77,157.93,157.93
12043.567789,67.77,157.86,157.86
12043.584447,67.77,158.16,158.16
12043.600934,67.77,157.98,157.98
12043.617647,67.77,157.78,157.78
12043.633973,67.77,157.64,157.64
12043.651361,67.77,157.77,157.77
12043.667766,67.77,157.81,157.81
12043.684085,67.77,157.90,157.90
12043.701467,67.77,157.95,157.95
12043.718270,67.77,158.13,158.13
12043.733986,67.77,158.04,158.04
12043.750637,67.77,157.99,157.99
12043.767338,67.77,158.09,158.09
12043.783863,67.77,157.93,157.93
12043.806618,67.77,157.77,157.77
12043.818403,67.77,157.57,157.57
12043.834138,67.77,157.55,157.55
12043.850958,67.77,157.75,157.75
12043.867370,67.77,157.31,157.31
12043.884163,67.77,157.08,157.08
12043.900932,67.77,157.11,157.11
12043.917361,67.77,157.25,157.25
12043.934797,67.77,157.07,157.07
12043.951165,67.77,157.14,157.14
12043.967754,67.77,157.18,157.18
12043.984806,67.77,157.38,157.38
12044.002994,67.77,157.59,157.59
12044.017861,67.77,157.76,157.76
12044.034471,67.77,157.61,157.61
12044.050992,67.77,157.47,157.47
12044.067518,67.77,157.69,157.69
12044.084194,67.77,157.92,157.92
12044.102409,67.77,157.91,157.91
12044.117374,67.77,157.73,157.73
12044.135123,67.77,157.61,157.61
12044.150411,67.77,157.54,157.54
12044.167520,67.77,157.50,157.50
12044.184323,67.77,157.49,157.49
12044.201025,67.77,157.57,157.57
12044.217856,67.77,157.56,157.56
12044.233908,67.77,157.38,157.38
12044.251084,67.77,157.43,157.43
12044.267409,67.77,157.35,157.35
12044.284065,67.77,157.46,157.46
12044.301816,67.77,157.79,157.79
12044.318263,67.77,158.06,158.06
12044.333793,67.77,158.05,158.05
12044.351864,67.77,158.06,158.06
12044.368399,67.77,157.77,157.77
12044.384360,67.77,157.96,157.96
12044.401490,67.77,158.08,158.08
12044.417778,67.77,158.11,158.11
12044.439529,67.77,158.07,158.07
12044.454952,67.77,158.06,158.06
12044.467071,67.77,157.75,157.75
12044.484722,67.77,157.94,157.94
12044.508349,67.77,157.99,157.99
12044.517155,67.77,157.92,157.92
12044.534489,67.77,158.03,158.03
12044.551153,67.77,158.00,158.00
12044.569186,67.77,158.05,158.05
12044.584750,67.77,158.34,158.34
12044.601680,67.77,158.32,158.32
12044.618064,67.77,158.07,158.07
12044.634393,67.77,157.92,157.92
12044.651127,67.77,157.64,157.64
12044.675280,67.77,157.62,157.62
12044.684824,67.77,157.44,157.44
12044.701478,67.77,157.54,157.54
12044.717982,67.77,157.86,157.86
12044.734117,67.77,157.98,157.98
12044.750689,67.77,157.98,157.98
12044.769690,67.77,158.40,158.40
12044.784041,67.77,158.88,158.88
12044.801085,67.77,158.54,158.54
12044.817482,67.77,158.18,158.18
12044.836541,67.77,158.36,158.36
12044.851039,67.77,158.93,158.93
12044.867835,67.77,159.44,159.44
12044.888675,67.77,159.51,159.51
12044.900985,67.77,159.72,159.72
12044.917243,67.77,159.50,159.50
12044.933937,67.77,159.31,159.31
12044.950804,67.77,159.01,159.01
12044.967214,67.77,159.04,159.04
12044.983863,67.77,159.34,159.34
12045.000606,67.77,159.59,159.59
12045.017243,67.77,159.83,159.83
12045.034598,67.77,160.01,160.01
12045.050874,67.77,159.95,159.95
12045.067793,67.77,159.89,159.89
12045.084511,67.77,159.72,159.72
12045.101486,67.77,159.85,159.85
12045.118423,67.77,159.76,159.76
12045.134367,67.77,159.52,159.52
12045.151635,67.77,159.45,159.45
12045.168282,67.77,159.42,159.42
12045.183871,67.77,159.52,159.52
12045.200819,67.77,159.40,159.40
12045.217368,67.77,159.57,159.57
12045.234008,67.77,159.92,159.92
12045.250520,67.77,159.96,159.96
12045.268547,67.77,159.44,159.44
12045.283636,67.77,159.19,159.19
12045.300685,67.77,159.15,159.15
12045.317158,67.77,158.89,158.89
12045.333980,67.77,159.01,159.01
12045.350570,67.77,159.21,159.21
12045.367331,67.77,159.31,159.31
12045.384873,67.77,159.73,159.73
12045.404229,67.77,159.51,159.51
12045.417612,67.77,159.60,159.60
12045.434443,67.77,159.59,159.59
12045.450494,67.77,159.45,159.45
12045.467162,67.77,159.46,159.46
12045.484022,67.77,159.26,159.26
12045.500491,67.77,159.46,159.46
12045.517949,67.77,159.57,159.57
12045.534000,67.77,159.51,159.51
12045.551344,67.77,159.44,159.44
12045.567635,67.77,159.33,159.33
12045.584348,67.77,159.31,159.31
12045.600965,67.77,159.49,159.49
12045.617355,67.77,159.47,159.47
12045.637749,67.77,159.55,159.55
12045.650347,67.77,159.18,159.18
12045.667408,67.77,159.10,159.10
12045.683851,67.77,159.25,159.25
12045.701069,67.77,159.29,159.29
12045.718207,67.77,159.25,159.25
12045.735760,67.77,159.10,159.10
12045.751840,67.77,159.20,159.20
12045.767175,67.77,159.14,159.14
12045.783641,67.77,159.12,159.12
12045.801089,67.77,159.18,159.18
12045.817116,67.77,159.41,159.41
12045.834552,67.77,159.91,159.91
12045.851172,67.77,159.88,159.88
12045.867120,67.77,159.96,159.96
12045.884306,67.77,159.91,159.91
12045.917684,67.77,159.56,159.56
12045.933807,67.77,159.48,159.48
12045.951128,67.77,159.50,159.50
12045.967198,67.77,159.52,159.52
12045.984072,67.77,159.32,159.32
12046.000861,67.77,159.36,159.36
12046.017499,67.77,159.35,159.35
12046.033817,67.77,159.50,159.50
12046.050416,67.77,159.42,159.42
12046.067747,67.77,159.43,159.43
12046.084305,67.77,159.55,159.55
12046.101194,67.77,159.64,159.64
12046.117414,67.77,159.48,159.48
12046.133981,67.77,159.27,159.27
12046.153368,67.77,159.19,159.19
12046.167385,67.77,159.18,159.18
12046.184882,67.77,159.27,159.27
12046.200329,67.77,159.30,159.30
12046.217381,67.77,159.24,159.24
12046.234203,67.77,159.48,159.48
12046.250936,67.77,159.55,159.55
12046.266833,67.77,159.48,159.48
12046.284054,67.77,159.53,159.53
12046.300728,67.77,159.53,159.53
12046.317145,67.77,159.24,159.24
12046.334033,67.77,158.91,158.91
12046.352274,67.77,158.78,158.78
12046.367312,67.77,158.53,158.53
12046.384785,67.77,158.50,158.50
12046.400555,67.77,158.48,158.48
12046.417675,67.77,158.78,158.78
12046.433659,67.77,158.78,158.78
12046.450678,67.77,158.86,158.86
12046.467898,67.77,158.94,158.94
12046.484102,67.77,158.86,158.86
12046.500397,67.77,158.89,158.89
12046.517078,67.77,158.83,158.83
12046.533899,67.77,159.08,159.08
12046.550610,67.77,159.11,159.11
12046.567242,67.77,159.12,159.12
12046.584234,67.77,159.14,159.14
12046.600877,67.77,159.24,159.24
12046.634277,67.77,159.22,159.22
12046.651488,67.77,159.26,159.26
12046.668013,67.77,159.35,159.35
12046.683791,67.77,159.24,159.24
12046.700411,67.77,159.27,159.27
12046.717075,67.77,159.25,159.25
12046.736941,67.77,159.47,159.47
12046.751083,67.77,159.48,159.48
12046.767660,67.77,159.35,159.35
12046.783791,67.77,159.21,159.21
12046.802505,67.77,159.16,159.16
12046.816854,67.77,158.93,158.93
12046.837489,67.77,158.56,158.56
12046.851069,67.77,158.52,158.52
12046.868944,67.77,158.62,158.62
12046.884572,67.77,158.79,158.79
12046.900705,67.77,158.84,158.84
12046.917355,67.77,158.80,158.80
12046.934304,67.77,158.87,158.87
12046.951646,67.77,159.03,159.03
12046.967870,67.77,159.13,159.13
12046.984614,67.77,159.11,159.11
12047.001083,67.77,159.30,159.30
12047.017147,67.77,159.26,159.26
12047.033912,67.77,159.45,159.45
12047.050338,67.77,159.07,159.07
12047.067405,67.77,158.82,158.82
12047.084146,67.77,159.20,159.20
12047.100829,67.77,159.27,159.27
12047.117404,67.77,158.99,158.99
12047.134055,67.77,159.00,159.00
12047.150706,67.77,159.17,159.17
12047.167265,67.77,159.06,159.06
12047.184572,67.77,158.62,158.62
12047.200728,67.77,158.34,158.34
12047.217121,67.77,158.43,158.43
12047.233997,67.77,158.60,158.60
12047.250780,67.77,158.59,158.59
12047.267782,67.77,159.05,159.05
12047.284444,67.77,159.05,159.05
12047.317583,67.77,159.03,159.03
12047.334248,67.77,158.98,158.98
12047.350669,67.77,158.55,158.55
12047.366999,67.77,158.55,158.55
12047.384181,67.77,158.46,158.46
12047.400531,67.77,158.33,158.33
12047.417372,67.77,158.25,158.25
12047.434167,67.77,158.32,158.32
12047.453109,67.77,158.62,158.62
12047.466834,67.77,158.99,158.99
12047.484377,67.77,159.12,159.12
12047.502767,67.77,158.99,158.99
12047.516792,67.77,159.07,159.07
12047.534472,67.77,159.36,159.36
12047.551185,67.77,159.13,159.13
12047.567095,67.77,159.01,159.01
12047.583452,67.77,159.04,159.04
12047.600557,67.77,158.98,158.98
12047.617033,67.77,159.01,159.01
12047.634250,67.77,158.98,158.98
12047.650676,67.77,158.99,158.99
12047.667214,67.77,158.76,158.76
12047.685392,67.77,158.71,158.71
12047.701612,67.77,158.69,158.69
12047.717356,67.77,158.71,158.71
12047.733486,67.77,158.68,158.68
12047.750597,67.77,158.77,158.77
12047.767300,67.77,158.88,158.88
12047.783728,67.77,158.78,158.78
12047.800536,67.77,158.69,158.69
12047.816955,67.77,158.86,158.86
12047.833546,67.77,159.09,159.09
12047.851029,67.77,158.92,158.92
12047.866895,67.77,158.91,158.91
12047.884430,67.77,158.97,158.97
12047.901385,67.77,159.01,159.01
12047.917507,67.77,158.99,158.99
12047.935952,67.77,158.87,158.87
12048.017986,67.77,158.51,158.51
12048.034532,67.77,158.72,158.72
12048.052481,67.77,158.54,158.54
12048.068182,67.77,158.51,158.51
12048.084250,67.77,158.62,158.62
12048.101031,67.77,160.50,160.50
12048.117230,67.77,163.72,163.72
12048.134516,67.77,167.13,167.13
12048.149936,67.77,169.23,169.23
12048.168715,67.77,170.95,170.95
12048.183479,67.77,171.88,171.88
12048.201321,67.77,172.85,172.85
12048.217691,67.77,173.86,173.86
12048.234423,67.77,173.84,173.84
12048.250113,67.77,174.62,174.62
12048.268807,67.77,174.51,174.51
12048.284327,67.77,174.51,174.51
12048.301470,67.77,174.56,174.56
12048.317701,67.77,174.71,174.71
12048.335323,67.77,174.85,174.85
12048.350986,67.77,175.10,175.10
12048.367527,67.77,174.11,174.11
12048.383613,67.77,173.12,173.12
12048.400791,67.77,170.82,170.82
12048.417108,67.77,168.40,168.40
12048.433915,67.77,166.07,166.07
12048.450892,67.77,164.43,164.43
12048.467021,67.77,163.73,163.73
12048.483496,67.77,163.68,163.68
12048.500461,67.77,163.95,163.95
12048.516991,67.77,163.85,163.85
12048.533940,67.77,164.33,164.33
12048.550493,67.77,164.46,164.46
12048.567391,67.77,163.85,163.85
12048.584071,67.77,163.48,163.48
12048.601362,67.77,163.84,163.84
12048.617384,67.77,164.28,164.28
12048.633776,67.77,164.51,164.51
12048.650105,67.77,164.63,164.63
12048.667151,67.77,165.44,165.44
12048.683554,67.77,165.44,165.44
12048.700274,67.77,166.30,166.30
12048.717114,67.77,166.36,166.36
12048.734135,67.77,171.06,171.06
12048.751057,67.77,173.15,173.15
12048.767122,67.77,178.87,178.87
12048.783848,67.77,183.76,183.76
12048.800591,67.77,187.34,187.34
12048.817860,67.77,191.82,191.82
12048.834178,67.77,197.84,197.84
12048.850596,67.77,202.60,202.60
12048.866916,67.77,205.35,205.35
12048.885280,67.77,203.37,203.37
12048.900700,67.77,206.38,206.38
12048.917330,67.77,206.47,206.47
12048.933305,67.77,210.32,210.32
12048.951645,67.77,209.46,209.46
12048.966759,67.77,212.44,212.44
12048.983830,67.77,210.07,210.07
12049.000848,67.77,212.29,212.29
12049.018594,67.77,209.01,209.01
12049.033363,67.77,209.44,209.44
12049.050458,67.77,205.47,205.47
12049.067078,67.77,206.22,206.22
12049.084003,67.77,204.44,204.44
12049.100382,67.77,208.10,208.10
12049.117187,67.77,207.59,207.59
12049.134224,67.77,208.53,208.53
12049.150328,67.77,202.56,202.56
12049.166611,67.77,199.09,199.09
12049.184332,67.77,192.77,192.77
12049.200443,67.77,190.95,190.95
12049.218708,67.77,186.20,186.20
12049.233646,67.77,185.51,185.51
12049.251441,67.77,181.52,181.52
12049.266565,67.77,183.19,183.19
12049.284331,67.77,180.64,180.64
12049.302468,67.77,182.95,182.95
12049.316834,67.77,179.98,179.98
12049.333847,67.77,180.90,180.90
12049.350371,67.77,178.12,178.12
12049.368367,67.77,179.40,179.40
12049.390747,67.77,177.72,177.72
12049.400211,67.77,178.30,178.30
12049.417262,67.77,173.20,173.20
12049.432994,67.77,170.04,170.04
12049.449911,67.77,164.49,164.49
12049.466410,67.77,162.46,162.46
12049.483436,67.77,159.17,159.17
12049.500475,67.77,160.37,160.37
12049.516765,67.77,161.55,161.55
12049.533319,67.77,164.77,164.77
12049.550905,67.77,164.32,164.32
12049.566298,67.77,167.94,167.94
12049.583775,67.77,170.00,170.00
12049.599934,67.77,172.39,172.39
12049.616557,67.77,174.33,174.33
12049.633527,67.77,168.07,168.07
12049.650046,67.77,169.02,169.02
12049.666890,67.77,168.92,168.92
12049.683651,67.77,168.95,168.95
12049.699851,67.77,169.39,169.39
12049.717122,67.77,170.49,170.49
12049.732927,67.77,170.99,170.99
12049.749683,67.77,171.59,171.59
12049.766386,67.77,171.71,171.71
12049.783795,67.77,173.79,173.79
12049.800767,67.77,174.14,174.14
12049.817185,67.77,175.68,175.68
12049.832963,67.77,175.80,175.80
12049.850027,67.77,176.51,176.51
12049.866958,67.77,177.48,177.48
12049.883825,67.77,179.37,179.37
12049.900384,67.77,181.16,181.16
12049.917802,67.77,183.50,183.50
12049.933585,67.77,184.72,184.72
12049.950428,67.77,186.05,186.05
12049.967077,67.77,187.28,187.28
12049.983737,67.77,188.49,188.49
12050.001116,67.77,189.34,189.34
12050.016676,67.77,188.64,188.64
12050.033204,67.77,184.17,184.17
12050.049872,67.77,178.33,178.33
12050.066920,67.77,175.87,175.87
12050.083389,67.77,171.73,171.73
12050.102172,67.77,170.37,170.37
12050.117494,67.77,167.05,167.05
12050.133535,67.77,168.76,168.76
12050.150440,67.77,169.10,169.10
12050.167234,67.77,173.63,173.63
12050.184024,67.77,175.08,175.08
12050.200711,67.77,179.31,179.31
12050.216826,67.77,181.62,181.62
12050.234091,67.77,187.80,187.80
12050.249967,67.77,189.69,189.69
12050.266772,67.77,190.96,190.96
12050.283682,67.77,191.33,191.33
12050.301416,67.77,189.36,189.36
12050.316561,67.77,191.14,191.14
12050.332966,67.77,191.67,191.67
12050.349638,67.77,196.55,196.55
12050.366572,67.77,198.47,198.47
12050.387587,67.77,200.94,200.94
12050.402032,67.77,201.42,201.42
12050.418497,67.77,201.00,201.00
12050.436962,67.77,197.42,197.42
12050.452375,67.77,195.69,195.69
12050.468691,67.77,192.66,192.66
12050.485417,67.77,190.86,190.86
12050.502563,67.77,188.89,188.89
12050.518828,67.77,189.91,189.91
12050.535340,67.77,190.86,190.86
12050.553572,67.77,191.98,191.98
12050.568826,67.77,191.03,191.03
12050.585962,67.77,190.77,190.77
12050.601930,67.77,187.81,187.81
12050.619201,67.77,185.33,185.33
12050.635819,67.77,181.78,181.78
12050.652897,67.77,182.07,182.07
12050.669090,67.77,183.49,183.49
12050.686415,67.77,185.55,185.55
12050.702963,67.77,186.89,186.89
12050.716972,67.77,186.83,186.83
12050.733456,67.77,185.46,185.46
12050.750560,67.77,184.58,184.58
12050.769620,67.77,184.43,184.43
12050.788270,67.77,187.47,187.47
12050.803876,67.77,189.65,189.65
12050.819462,67.77,192.18,192.18
12050.865064,67.77,193.03,193.03
12050.873016,67.77,193.03,193.03
12050.889610,67.77,193.03,193.03
12050.904099,67.77,166.32,166.32
12050.915891,67.77,164.38,164.38
12050.929384,67.77,155.22,155.22
12050.938859,67.77,154.81,154.81
12050.956208,67.77,153.10,153.10
12050.967655,67.77,154.36,154.36
12050.985236,67.77,153.97,153.97
12050.992184,67.77,151.85,151.85
12051.005192,67.77,152.31,152.31
12051.017413,67.77,151.00,151.00
12051.031145,67.77,150.95,150.95
12051.040603,67.77,151.04,151.04
12051.051374,67.77,149.53,149.53
12051.066145,67.77,149.50,149.50
12051.077440,67.77,149.07,149.07
12051.089356,67.77,149.40,149.40
12051.105034,67.77,149.98,149.98
12051.124400,67.77,150.18,150.18
12051.132723,67.77,149.21,149.21
12051.142054,67.77,147.49,147.49
12051.152778,67.77,147.49,147.49
12051.170528,67.77,146.93,146.93
12051.184908,67.77,145.97,145.97
12051.193515,67.77,147.70,147.70
12051.206341,67.77,146.65,146.65
12051.220755,67.77,144.88,144.88
12051.231528,67.77,145.07,145.07
12051.242569,67.77,144.14,144.14
12051.257685,67.77,144.34,144.34
12051.268720,67.77,144.19,144.19
12051.284667,67.77,143.21,143.21
12051.295481,67.77,142.65,142.65
12051.305223,67.77,142.65,142.65
12051.318188,67.77,142.54,142.54
12051.331708,67.77,141.97,141.97
12051.348334,67.77,142.34,142.34
12051.362501,67.77,138.44,138.44
12051.373381,67.77,135.80,135.80
12051.384665,67.77,133.01,133.01
12051.397273,67.77,129.84,129.84
12051.406436,67.77,127.55,127.55
12051.418258,67.77,125.81,125.81
12051.431048,67.77,126.52,126.52
12051.443426,67.77,126.74,126.74
12051.452956,67.77,127.91,127.91
12051.470967,67.77,126.72,126.72
12051.483171,67.77,129.93,129.93
12051.493699,67.77,129.83,129.83
12051.504256,67.77,131.84,131.84
12051.518602,67.77,131.84,131.84
12051.529976,67.77,131.64,131.64
12051.541733,67.77,131.81,131.81
12051.553073,67.77,131.13,131.13
12051.582817,67.77,132.26,132.26
12051.596745,67.77,133.49,133.49
12051.639030,67.77,133.49,133.49
12051.649233,67.77,133.50,133.50
12051.691652,67.77,133.63,133.63
12051.716790,67.77,134.87,134.87
12051.732821,67.77,135.86,135.86
12051.748971,67.77,138.82,138.82
12051.754471,67.77,138.44,138.44
12051.764950,67.77,145.27,145.27
12051.775974,67.77,150.53,150.53
12051.789990,67.77,155.63,155.63
12051.799186,67.77,160.71,160.71
12051.809408,67.77,165.60,165.60
12051.818916,67.77,170.44,170.44
12051.828299,67.77,175.26,175.26
12051.840985,67.77,174.83,174.83
12051.861150,67.77,180.14,180.14
12051.866744,67.77,182.16,182.16
12051.879201,67.77,183.49,183.49
12051.889970,67.77,184.60,184.60
12051.903386,67.77,187.64,187.64
12051.919331,67.77,188.08,188.08
12051.932704,67.77,189.21,189.21
12051.945584,67.77,189.55,189.55
12051.957923,67.77,192.45,192.45
12051.979853,67.77,192.43,192.43
12052.004096,67.77,192.95,192.95
12052.017669,67.77,193.04,193.04
12052.034002,67.77,193.16,193.16
12052.049989,67.77,193.22,193.22
12052.060964,67.77,193.25,193.25
12052.069599,67.77,193.62,193.62
12052.080585,67.77,193.27,193.27
12052.093224,67.77,193.02,193.02
12052.106951,67.77,192.81,192.81
12052.115884,67.77,192.81,192.81
12052.125716,67.77,192.81,192.81
12052.137955,67.77,192.81,192.81
12052.158510,67.77,192.81,192.81
12052.168685,67.77,192.81,192.81
12052.179533,67.77,192.81,192.81
12052.194381,67.77,192.81,192.81
12052.205538,67.77,192.81,192.81
12052.216505,67.77,192.81,192.81
12052.226548,67.77,165.40,165.40
12052.235928,67.77,140.99,140.99
12052.247772,67.77,118.55,118.55
12052.258765,67.77,96.90,96.90
12052.270540,67.77,79.52,79.52
12052.280671,67.77,64.38,64.38
12052.291412,67.77,51.17,51.17
12052.302453,67.77,39.14,39.14
12052.313829,67.77,29.44,29.44
12052.324788,67.77,21.28,21.28
12052.335782,67.77,14.87,14.87
12052.346645,67.77,9.92,9.92
12052.358365,67.77,6.25,6.25
12052.370101,67.77,5.27,5.27
12052.395956,67.77,5.27,5.27
12052.424459,67.77,5.27,5.27
12052.437025,67.77,5.29,5.29
12052.469473,67.77,5.29,5.29
12052.535339,67.77,5.29,5.29
12052.601012,67.77,5.29,5.29
12052.668076,67.77,5.29,5.29
12052.738698,67.77,5.29,5.29
12052.807989,67.77,5.29,5.29
12052.871785,67.77,5.64,5.64
12052.882825,67.77,5.44,5.44
12052.891326,67.77,5.42,5.42
12052.903059,67.77,5.30,5.30
12052.912897,67.77,5.18,5.18
12052.924737,67.77,5.08,5.08
12052.948154,67.77,5.13,5.13
12052.954313,67.77,4.90,4.90
12052.981957,67.77,4.63,4.63
12052.991969,67.77,4.25,4.25
12053.003000,67.77,4.21,4.21
12053.014922,67.77,4.21,4.21
12053.024324,67.77,4.20,4.20
12053.035606,67.77,4.22,4.22
12053.046219,67.77,4.25,4.25
12053.058670,67.77,4.29,4.29
12053.068057,67.77,4.40,4.40
12053.078909,67.77,4.42,4.42
12053.089920,67.77,4.44,4.44
12053.101654,67.77,4.46,4.46
12053.112362,67.77,4.47,4.47
12053.123607,67.77,4.48,4.48
12053.135676,67.77,4.49,4.49
12053.146244,67.77,4.49,4.49
12053.157119,67.77,4.49,4.49
12053.168874,67.77,4.49,4.49
12053.180045,67.77,4.49,4.49
12053.190516,67.77,4.49,4.49
12053.202351,67.77,4.49,4.49
12053.217951,67.77,4.49,4.49
12053.224840,67.77,4.46,4.46
12053.245641,67.77,4.48,4.48
12053.249472,67.77,4.65,4.65
12053.258737,67.77,4.82,4.82
12053.269362,67.77,4.74,4.74
12053.279828,67.77,5.06,5.06
12053.293323,67.77,5.46,5.46
12053.303698,67.77,5.57,5.57
12053.314048,67.77,5.34,5.34
12053.327122,67.77,5.47,5.47
12053.343709,67.77,7.04,7.04
12053.349003,67.77,7.01,7.01
12053.365004,67.77,6.88,6.88
12053.374995,67.77,6.73,6.73
12053.382294,67.77,6.61,6.61
12053.391763,67.77,6.38,6.38
12053.404313,67.77,6.38,6.38
12053.415089,67.77,6.32,6.32
12053.425456,67.77,6.32,6.32
12053.437650,67.77,6.32,6.32
12053.447122,67.77,6.32,6.32
12053.460709,67.77,6.32,6.32
12053.479470,67.77,6.32,6.32
12053.544851,67.77,6.32,6.32
12053.611235,67.77,6.32,6.32
12053.678059,67.77,6.32,6.32
12053.744652,67.77,6.32,6.32
12053.784453,67.77,6.32,6.32
12053.826484,67.77,6.32,6.32
12053.843091,67.77,6.32,6.32
12053.859942,67.77,6.32,6.32
12053.889487,67.77,21.60,21.60
12053.906387,67.77,22.10,22.10
12053.925952,67.77,22.28,22.28
12053.939587,67.77,23.09,23.09
12053.955962,67.77,23.18,23.18
12053.978796,67.77,23.23,23.23
12053.990624,67.77,22.87,22.87
12054.007166,67.77,22.91,22.91
12054.022672,67.77,22.59,22.59
12054.039240,67.77,22.55,22.55
12054.059398,67.77,22.38,22.38
12054.075412,67.77,22.38,22.38
12054.091517,67.77,29.98,29.98
12054.108467,67.77,40.27,40.27
12054.125366,67.77,53.22,53.22
12054.141801,67.77,68.67,68.67
12054.160339,67.77,86.16,86.16
12054.176562,67.77,105.12,105.12
12054.193824,67.77,127.61,127.61
12054.209443,67.77,150.71,150.71
12054.228445,67.77,177.12,177.12
12054.248382,67.77,175.58,175.58
12054.263327,67.77,175.23,175.23
12054.280108,67.77,174.77,174.77
12054.293603,67.77,174.23,174.23
12054.313605,67.77,172.09,172.09
12054.327092,67.77,170.38,170.38
12054.342605,67.77,168.89,168.89
12054.359447,67.77,168.19,168.19
12054.373595,67.77,167.72,167.72
12054.390410,67.77,167.33,167.33
12054.406521,67.77,169.38,169.38
12054.423057,67.77,168.73,168.73
12054.440252,67.77,169.65,169.65
12054.455156,67.77,167.15,167.15
12054.479799,67.77,166.97,166.97
12054.493664,67.77,166.18,166.18
12054.508678,67.77,171.13,171.13
12054.522976,67.77,170.45,170.45
12054.539542,67.77,171.51,171.51
12054.555631,67.77,169.94,169.94
12054.572048,67.77,168.73,168.73
12054.589256,67.77,170.29,170.29
12054.604951,67.77,173.92,173.92
12054.622164,67.77,179.15,179.15
12054.639495,67.77,182.92,182.92
12054.655521,67.77,184.15,184.15
12054.677997,67.77,183.88,183.88
12054.693839,67.77,183.04,183.04
12054.712616,67.77,180.03,180.03
12054.728275,67.77,181.32,181.32
12054.745878,67.77,182.50,182.50
12054.759330,67.77,184.57,184.57
12054.778403,67.77,183.07,183.07
12054.798061,67.77,182.32,182.32
12054.811824,67.77,182.90,182.90
12054.827459,67.77,184.93,184.93
12054.845311,67.77,185.86,185.86
12054.860392,67.77,187.49,187.49
12054.878271,67.77,187.69,187.69
12054.893662,67.77,188.77,188.77
12054.908168,67.77,187.25,187.25
12054.927322,67.77,187.06,187.06
12054.943840,67.77,187.14,187.14
12054.960127,67.77,186.71,186.71
12054.979156,67.77,185.45,185.45
12054.994383,67.77,186.17,186.17
12055.006899,67.77,185.25,185.25
12055.024688,67.77,185.65,185.65
12055.039562,67.77,184.30,184.30
12055.056119,67.77,183.82,183.82
12055.073337,67.77,183.13,183.13
12055.089497,67.77,183.75,183.75
12055.110996,67.77,182.66,182.66
12055.122985,67.77,182.36,182.36
12055.139654,67.77,180.93,180.93
12055.155536,67.77,180.64,180.64
12055.173632,67.77,178.54,178.54
12055.189953,67.77,177.48,177.48
12055.206293,67.77,176.12,176.12
12055.223011,67.77,175.18,175.18
12055.239531,67.77,174.43,174.43
12055.254828,67.77,173.31,173.31
12055.273280,67.77,172.09,172.09
12055.289346,67.77,171.07,171.07
12055.306920,67.77,173.09,173.09
12055.322546,67.77,173.46,173.46
12055.339564,67.77,176.37,176.37
12055.355760,67.77,175.65,175.65
12055.373292,67.77,176.88,176.88
12055.389775,67.77,175.41,175.41
12055.406634,67.77,178.54,178.54
12055.422617,67.77,177.89,177.89
12055.439428,67.77,178.93,178.93
12055.462495,67.77,181.33,181.33
12055.476896,67.77,183.98,183.98
12055.495403,67.77,185.84,185.84
12055.510965,67.77,186.75,186.75
12055.526887,67.77,187.24,187.24
12055.561614,67.77,186.47,186.47
12055.590693,67.77,185.99,185.99
12055.637843,67.77,174.77,174.77
12055.651817,67.77,115.09,115.09
12055.685497,67.77,105.23,105.23
12055.700471,67.77,100.17,100.17
12055.721976,67.77,99.05,99.05
12055.732052,67.77,96.48,96.48
12055.753994,67.77,96.44,96.44
12055.766562,67.77,95.55,95.55
12055.780057,67.77,95.58,95.58
12055.797769,67.77,94.83,94.83
12055.812846,67.77,94.09,94.09
12055.829730,67.77,93.12,93.12
12055.846169,67.77,92.25,92.25
12055.858403,67.77,91.20,91.20
12055.873491,67.77,90.21,90.21
12055.885849,67.77,90.61,90.61
12055.899352,67.77,94.11,94.11
12055.914095,67.77,97.81,97.81
12055.926126,67.77,100.31,100.31
12055.934977,67.77,102.84,102.84
12055.948389,67.77,107.26,107.26
12055.961640,67.77,109.44,109.44
12055.976027,67.77,111.00,111.00
12055.986517,67.77,113.54,113.54
12056.005685,67.77,116.74,116.74
12056.016238,67.77,121.17,121.17
12056.033637,67.77,122.57,122.57
12056.047808,67.77,123.74,123.74
12056.068387,67.77,125.49,125.49
12056.101309,67.77,126.02,126.02
12056.113722,67.77,125.87,125.87
12056.133502,67.77,123.22,123.22
12056.220499,67.77,123.32,123.32
12056.234808,67.77,90.79,90.79
12056.256030,67.77,46.54,46.54
12056.263847,67.77,36.00,36.00
12056.280199,67.77,36.05,36.05
12056.290450,67.77,36.58,36.58
12056.301683,67.77,35.99,35.99
12056.312317,67.77,35.72,35.72
12056.324370,67.77,36.46,36.46
12056.334749,67.77,36.33,36.33
12056.346172,67.77,35.76,35.76
12056.356267,67.77,35.98,35.98
12056.367406,67.77,36.30,36.30
12056.378509,67.77,36.63,36.63
12056.389780,67.77,35.70,35.70
12056.400792,67.77,35.69,35.69
12056.412186,67.77,35.75,35.75
12056.423171,67.77,35.86,35.86
12056.433931,67.77,36.13,36.13
12056.445693,67.77,36.00,36.00
12056.456521,67.77,36.02,36.02
12056.470262,67.77,36.02,36.02
12056.478925,67.77,36.01,36.01
12056.490532,67.77,36.03,36.03
12056.501419,67.77,36.11,36.11
12056.512337,67.77,36.11,36.11
12056.523505,67.77,35.84,35.84
12056.534658,67.77,35.84,35.84
12056.602267,67.77,35.84,35.84
12056.612861,67.77,35.84,35.84
12059.211416,67.77,35.84,35.84
12059.225480,67.77,35.84,35.84
12059.233404,67.77,35.84,35.84
12059.245013,67.77,36.34,36.34
12059.256267,67.77,36.44,36.44
12059.267623,67.77,32.92,32.92
12059.277935,67.77,32.25,32.25
12059.289305,67.77,31.44,31.44
12059.300724,67.77,32.18,32.18
12059.313625,67.77,31.64,31.64
12059.322892,67.77,28.99,28.99
12059.333879,67.77,27.14,27.14
12059.344847,67.77,26.78,26.78
12059.356243,67.77,24.66,24.66
12059.367190,67.77,24.04,24.04
12059.379159,67.77,23.41,23.41
12059.389994,67.77,21.75,21.75
12059.401037,67.77,21.20,21.20
12059.411949,67.77,21.37,21.37
12059.422703,67.77,20.42,20.42
12059.434422,67.77,20.42,20.42
12059.444973,67.77,19.59,19.59
12059.455810,67.77,18.51,18.51
12059.469028,67.77,19.16,19.16
12059.478490,67.77,18.67,18.67
12059.492131,67.77,19.61,19.61
12059.500055,67.77,21.91,21.91
12059.512159,67.77,23.38,23.38
12059.523118,67.77,25.26,25.26
12059.533286,67.77,24.41,24.41
12059.545643,67.77,24.16,24.16
12059.557345,67.77,24.21,24.21
12059.569242,67.77,23.85,23.85
12059.579794,67.77,23.46,23.46
12059.588575,67.77,23.25,23.25
12059.600403,67.77,23.11,23.11
12059.613066,67.77,24.05,24.05
12059.623274,67.77,23.45,23.45
12059.678027,67.77,23.45,23.45
12059.688599,67.77,23.45,23.45
12059.701017,67.77,22.17,22.17
12059.712432,67.77,21.09,21.09
12059.723910,67.77,20.21,20.21
12059.734431,67.77,19.57,19.57
12059.744906,67.77,19.14,19.14
12059.756267,67.77,18.84,18.84
12059.767130,67.77,18.81,18.81
12059.778642,67.77,18.93,18.93
12059.789540,67.77,19.30,19.30
12059.800606,67.77,19.86,19.86
12059.811548,67.77,20.56,20.56
12059.822987,67.77,21.54,21.54
12059.834674,67.77,22.77,22.77
12059.845460,67.77,23.44,23.44
12060.866250,67.77,23.44,23.44
12060.888931,67.77,23.44,23.44
12060.899726,67.77,23.44,23.44
12060.911019,67.77,23.44,23.44
12060.922043,67.77,23.44,23.44
12060.933186,67.77,23.43,23.43
12060.944000,67.77,