1516800 1516800 1516800 1516800 1516800 1516800 1728000 1766400 
1804800 1804800 1804800 1804800 1804800 1804800 1728000 2188800 
1804800 1804800 1804800 1804800 1804800 1804800 1478400 1766400 
1516800 1516800 1516800 1516800 1516800 1516800 1728000 2188800 
1516800 1516800 1516800 1516800 1516800 1516800 1728000 1766400 
1804800 1804800 1804800 1804800 1804800 1804800 1478400 1766400 
1804800 1804800 1804800 1804800 1804800 1804800 2208000 2304000 
1516800 1516800 1516800 1516800 1516800 1516800 1728000 2400000 
1516800 1516800 1516800 1516800 1516800 1516800 1728000 1766400 
1804800 1804800 1804800 1804800 1804800 1804800 2208000 2400000 
1804800 1804800 1804800 1804800 1804800 1804800 2208000 2400000 
1804800 1804800 1804800 1804800 1804800 1804800 2208000 2400000 
1804800 1804800 1804800 1804800 1804800 1804800 1728000 2400000 
1804800 1804800 1804800 1804800 1804800 1804800 1728000 1766400 
1804800 1804800 1804800 1804800 1804800 1804800 1728000 1766400 
1516800 1516800 1516800 1516800 1516800 1516800 1728000 1766400 
1516800 1516800 1516800 1516800 1516800 1516800 1728000 1766400 
1804800 1804800 1804800 1804800 1804800 1804800 1728000 1766400 
1516800 1516800 1516800 1516800 1516800 1516800 1728000 1766400 
1804800 1804800 1804800 1804800 1804800 1804800 1478400 1766400 
1804800 1804800 1804800 1804800 1804800 1804800 1728000 1766400 
1804800 1804800 1804800 1804800 1804800 1804800 1728000 1766400 
1804800 1804800 1804800 1804800 1804800 1804800 1478400 1766400 
1804800 1804800 1804800 1804800 1804800 1804800 1728000 1766400 
1804800 1804800 1804800 1804800 1804800 1804800 1728000 1766400 
1804800 1804800 1804800 1804800 1804800 1804800 1728000 1766400 
1804800 1804800 1804800 1804800 1804800 1804800 1728000 1766400 
1804800 1804800 1804800 1804800 1804800 1804800 1728000 1766400 
1804800 1804800 1804800 1804800 1804800 1804800 1728000 1766400 
1804800 1804800 1804800 1804800 1804800 1804800 1728000 1766400 
1804800 1804800 1804800 1804800 1804800 1804800 1478400 1766400 
1804800 1804800 1804800 1804800 1804800 1804800 1728000 1766400 
1804800 1804800 1804800 1804800 1804800 1804800 1728000 1766400 
1804800 1804800 1804800 1804800 1804800 1804800 1728000 1766400 
1804800 1804800 1804800 1804800 1804800 1804800 1728000 1766400 
1804800 1804800 1804800 1804800 1804800 1804800 1478400 1766400 
1804800 1804800 1804800 1804800 1804800 1804800 1478400 1766400 
1804800 1804800 1804800 1804800 1804800 1804800 1728000 1766400 
1804800 1804800 1804800 1804800 1804800 1804800 1728000 1766400 
1804800 1804800 1804800 1804800 1804800 1804800 1728000 1766400 
1804800 1804800 1804800 1804800 1804800 1804800 1728000 1766400 
1804800 1804800 1804800 1804800 1804800 1804800 1728000 1766400 
1804800 1804800 1804800 1804800 1804800 1804800 1728000 1766400 
1804800 1804800 1804800 1804800 1804800 1804800 1478400 1766400 
1804800 1804800 1804800 1804800 1804800 1804800 1728000 1766400 
1804800 1804800 1804800 1804800 1804800 1804800 1728000 1766400 
1804800 1804800 1804800 1804800 1804800 1804800 1478400 1766400 
1804800 1804800 1804800 1804800 1804800 1804800 1728000 1766400 
1804800 1804800 1804800 1516800 1516800 1516800 1728000 1766400 
1804800 1804800 1804800 1804800 1804800 1804800 1478400 1766400 
1804800 1804800 1804800 1804800 1804800 1804800 1728000 1766400 
1804800 1804800 1804800 1804800 1804800 1804800 1728000 1766400 
1804800 1804800 1804800 1804800 1804800 1804800 1728000 1766400 
1804800 1804800 1804800 1804800 1804800 1804800 1478400 1766400 
1804800 1804800 1804800 1804800 1804800 1804800 1728000 1766400 
1804800 1804800 1804800 1804800 1804800 1804800 1478400 1766400 
1804800 1804800 1804800 1804800 1804800 1804800 1728000 1766400 
1804800 1804800 1804800 1804800 1804800 1804800 1478400 1766400 
1804800 1804800 1804800 1804800 1804800 1804800 1728000 1766400 
1804800 1804800 1804800 1804800 1804800 1804800 1728000 1766400 
1804800 1804800 1804800 1804800 1804800 1804800 1478400 1766400 
1804800 1804800 1804800 1804800 1804800 1804800 1478400 1766400 
1804800 1804800 1804800 1804800 1804800 1804800 1728000 1766400 
1804800 1804800 1804800 1804800 1804800 1804800 1728000 1766400 
1804800 1804800 1804800 1804800 1804800 1804800 1728000 1766400 
1804800 1804800 1804800 1804800 1804800 1804800 1728000 1766400 
1804800 1804800 1804800 1804800 1804800 1804800 1728000 1766400 
1804800 1804800 1804800 1804800 1804800 1804800 1478400 1766400 
1804800 1804800 1804800 1804800 1804800 1804800 1728000 1766400 
1804800 1804800 1804800 1804800 1804800 1804800 1478400 1766400 
1804800 1804800 1804800 1804800 1804800 1804800 1728000 1766400 
1804800 1804800 1804800 1804800 1804800 1804800 1728000 1766400 
1804800 1804800 1804800 1804800 1804800 1804800 1728000 1766400 
1804800 1804800 1804800 1804800 1804800 1804800 1728000 1766400 
1804800 1804800 1804800 1804800 1804800 1804800 1728000 1766400 
1804800 1804800 1804800 1804800 1804800 1804800 1728000 1766400 
1804800 1804800 1804800 1804800 1804800 1804800 1728000 1766400 
1804800 1804800 1804800 1804800 1804800 1804800 1728000 1766400 
1804800 1804800 1804800 1804800 1804800 1804800 1728000 1766400 
1804800 1804800 1804800 1804800 1804800 1804800 1728000 1766400 
1804800 1804800 1804800 1804800 1804800 1804800 1728000 1766400 
1804800 1804800 1804800 1804800 1804800 1804800 1728000 1766400 
1804800 1804800 1804800 1804800 1804800 1804800 2208000 2400000 
1804800 1804800 1804800 1804800 1804800 1804800 2208000 2400000 
1804800 1804800 1804800 1804800 1804800 1804800 1728000 1766400 
1804800 1804800 1804800 1804800 1804800 1804800 1728000 2304000 
1804800 1804800 1804800 1804800 1804800 1804800 1728000 2188800 
1516800 1516800 1516800 1516800 1516800 1516800 1478400 1766400 
1804800 1804800 1804800 1804800 1804800 1804800 1478400 2304000 
1516800 1516800 1516800 1516800 1516800 1516800 1728000 2304000 
1516800 1516800 1516800 1516800 1516800 1516800 1478400 1766400 
1516800 1516800 1516800 1516800 1516800 1516800 1478400 1766400 
1516800 1516800 1516800 1516800 1516800 1516800 1728000 1766400 
1516800 1516800 1516800 1516800 1516800 1516800 1478400 1766400 
1516800 1516800 1516800 1516800 1516800 1516800 1478400 1766400 
1516800 1516800 1516800 1516800 1516800 1516800 1728000 1766400 
1516800 1516800 1516800 1516800 1516800 1516800 1478400 2188800 
1804800 1804800 1804800 1804800 1804800 1804800 1478400 1766400 
