-554504
-416565
-596008
-360718
-374145
-642395
-710754
-804749
-1086731
-685425
-1203614
-1304932
-1305848
-1213684
-1302185
-1268921
-1257019
-1231385
-1193238
-1278382
-1505433
-1547547
-1939393
-1720277
-1493836
-1640321
-2069093
-2066957
-1502381
-1909486
-1654359
-1700135
-1931153
-1662293
-1723939
-1925050
-1612244
-1469117
-1647950
-1678162
-1290284
-1491395
-1823731
-1900941
-1908570
-1923524
-1898194
-1880494
-1411133
-1243897
-1653138
-1373902
-1232300
-1701051
-1352540
-1265564
-1908570
-1358338
-1258240
-1744691
-1934815
-1326294
-1370850
-1238404
-1935426
-1316529
-1852723
-1998902
-1333008
-1317139
-1371460
-1311951
-1339722
-1810304
-2014771
-1921998
-2061158
-1825868
-1764527
-1793519
-1535035
-2173463
-1844178
-2239381
-1879273
-929260
-894165
-1416321
-1336670
-1030274
-753784
-725098
-1171570
-666199
-578918
-806580
-920105
-899964
