cpu  59572 19511 34669 388827 1050 3144 1442 0 0 0
cpu0 6125 1247 3761 50405 214 1147 399 0 0 0
cpu1 5942 1517 3767 50728 123 933 369 0 0 0
cpu2 7146 2592 4547 48696 72 169 214 0 0 0
cpu3 6684 3046 4459 48882 66 168 243 0 0 0
cpu4 7513 4064 4482 47102 65 152 40 0 0 0
cpu5 7424 4008 4425 47412 67 154 40 0 0 0
cpu6 8792 929 4477 49053 157 170 42 0 0 0
cpu7 9943 2105 4748 46546 282 248 92 0 0 0
cpu  59582 19511 34678 388946 1050 3145 1442 0 0 0
cpu0 6125 1247 3762 50420 214 1147 399 0 0 0
cpu1 5943 1517 3769 50743 123 934 369 0 0 0
cpu2 7147 2592 4548 48711 72 169 214 0 0 0
cpu3 6686 3046 4460 48897 66 168 243 0 0 0
cpu4 7515 4064 4482 47115 65 153 40 0 0 0
cpu5 7427 4008 4425 47427 67 154 40 0 0 0
cpu6 8792 929 4478 49069 157 170 42 0 0 0
cpu7 9944 2105 4751 46559 282 248 92 0 0 0
cpu  59603 19516 34686 389084 1050 3146 1443 0 0 0
cpu0 6125 1247 3764 50440 214 1147 399 0 0 0
cpu1 5944 1517 3770 50761 123 934 369 0 0 0
cpu2 7149 2593 4552 48727 72 169 214 0 0 0
cpu3 6694 3046 4461 48911 66 168 243 0 0 0
cpu4 7518 4064 4482 47132 65 153 40 0 0 0
cpu5 7430 4012 4425 47443 67 154 40 0 0 0
cpu6 8794 929 4478 49089 157 170 42 0 0 0
cpu7 9946 2105 4751 46578 282 248 92 0 0 0
cpu  59609 19516 34696 389205 1051 3147 1443 0 0 0
cpu0 6127 1247 3764 50454 214 1148 399 0 0 0
cpu1 5944 1517 3773 50775 123 934 369 0 0 0
cpu2 7149 2593 4553 48742 72 169 214 0 0 0
cpu3 6696 3046 4463 48926 66 168 243 0 0 0
cpu4 7519 4064 4483 47148 65 153 40 0 0 0
cpu5 7431 4012 4425 47458 68 154 40 0 0 0
cpu6 8794 929 4481 49104 157 170 42 0 0 0
cpu7 9946 2105 4751 46595 282 249 92 0 0 0
cpu  59612 19516 34706 389330 1051 3148 1443 0 0 0
cpu0 6127 1247 3764 50470 214 1148 399 0 0 0
cpu1 5944 1517 3775 50791 123 935 369 0 0 0
cpu2 7149 2593 4555 48758 72 169 214 0 0 0
cpu3 6696 3046 4464 48942 66 168 243 0 0 0
cpu4 7520 4064 4484 47163 65 153 40 0 0 0
cpu5 7431 4012 4426 47474 68 154 40 0 0 0
cpu6 8794 929 4482 49119 157 170 42 0 0 0
cpu7 9948 2105 4753 46609 282 249 92 0 0 0
cpu  59638 19518 34725 389432 1051 3149 1443 0 0 0
cpu0 6129 1247 3765 50485 214 1148 399 0 0 0
cpu1 5946 1517 3778 50804 123 935 369 0 0 0
cpu2 7151 2593 4561 48771 72 169 214 0 0 0
cpu3 6700 3046 4466 48955 66 168 243 0 0 0
cpu4 7525 4065 4485 47175 65 153 40 0 0 0
cpu5 7436 4012 4427 47486 68 154 40 0 0 0
cpu6 8798 930 4484 49131 157 170 42 0 0 0
cpu7 9950 2105 4757 46622 282 249 92 0 0 0
cpu  59655 19518 34742 389543 1051 3150 1443 0 0 0
cpu0 6129 1247 3766 50500 214 1148 399 0 0 0
cpu1 5948 1517 3780 50818 123 935 369 0 0 0
cpu2 7154 2593 4562 48784 72 169 214 0 0 0
cpu3 6703 3046 4469 48970 66 168 243 0 0 0
cpu4 7526 4065 4486 47189 65 153 40 0 0 0
cpu5 7440 4012 4429 47499 68 154 40 0 0 0
cpu6 8800 930 4486 49145 157 170 42 0 0 0
cpu7 9952 2105 4762 46634 282 249 92 0 0 0
cpu  59669 19518 34753 389672 1051 3151 1443 0 0 0
cpu0 6129 1247 3766 50518 214 1149 399 0 0 0
cpu1 5951 1517 3782 50835 123 935 369 0 0 0
cpu2 7155 2593 4562 48800 72 169 214 0 0 0
cpu3 6707 3046 4472 48982 66 168 243 0 0 0
cpu4 7526 4065 4488 47205 65 153 40 0 0 0
cpu5 7442 4012 4429 47516 68 154 40 0 0 0
cpu6 8802 930 4489 49162 157 170 42 0 0 0
cpu7 9954 2105 4763 46651 282 249 92 0 0 0
cpu  59682 19518 34758 389791 1051 3152 1443 0 0 0
cpu0 6130 1247 3767 50534 214 1149 399 0 0 0
cpu1 5952 1517 3784 50850 123 936 369 0 0 0
cpu2 7157 2593 4562 48815 72 169 215 0 0 0
cpu3 6709 3046 4472 48997 66 168 243 0 0 0
cpu4 7526 4065 4488 47220 65 153 40 0 0 0
cpu5 7445 4012 4430 47529 68 154 40 0 0 0
cpu6 8804 930 4490 49175 157 170 42 0 0 0
cpu7 9956 2105 4763 46666 282 249 92 0 0 0
cpu  59696 19521 34781 389900 1051 3153 1443 0 0 0
cpu0 6132 1250 3770 50545 214 1149 400 0 0 0
cpu1 5954 1517 3786 50865 123 936 369 0 0 0
cpu2 7158 2593 4566 48829 72 169 215 0 0 0
cpu3 6710 3046 4473 49011 66 168 243 0 0 0
cpu4 7528 4065 4491 47234 65 153 40 0 0 0
cpu5 7446 4012 4434 47542 68 154 40 0 0 0
cpu6 8807 930 4493 49190 157 171 42 0 0 0
cpu7 9958 2105 4766 46680 282 249 92 0 0 0
cpu  59720 19523 34805 390005 1051 3154 1444 0 0 0
cpu0 6135 1250 3773 50559 214 1149 400 0 0 0
cpu1 5956 1517 3787 50878 123 937 369 0 0 0
cpu2 7162 2593 4571 48841 72 169 215 0 0 0
cpu3 6713 3046 4475 49025 66 168 243 0 0 0
cpu4 7530 4065 4493 47249 65 153 40 0 0 0
cpu5 7448 4012 4437 47555 68 154 40 0 0 0
cpu6 8811 930 4496 49203 157 171 42 0 0 0
cpu7 9961 2107 4771 46692 282 250 92 0 0 0
cpu  59789 19538 34860 390057 1051 3158 1444 0 0 0
cpu0 6142 1250 3782 50563 214 1151 400 0 0 0
cpu1 5966 1518 3793 50884 123 938 369 0 0 0
cpu2 7170 2595 4576 48850 72 169 215 0 0 0
cpu3 6723 3046 4482 49033 66 168 243 0 0 0
cpu4 7533 4078 4497 47252 65 153 40 0 0 0
cpu5 7460 4012 4444 47563 68 155 40 0 0 0
cpu6 8820 930 4502 49211 157 171 42 0 0 0
cpu7 9971 2107 4781 46697 282 250 92 0 0 0
cpu  59849 19538 34929 390124 1051 3162 1444 0 0 0
cpu0 6152 1250 3789 50569 214 1152 400 0 0 0
cpu1 5969 1518 3805 50892 123 939 369 0 0 0
cpu2 7180 2595 4583 48858 72 169 215 0 0 0
cpu3 6734 3046 4487 49042 66 168 243 0 0 0
cpu4 7539 4078 4501 47263 65 153 40 0 0 0
cpu5 7468 4012 4454 47574 68 155 40 0 0 0
cpu6 8824 930 4513 49219 157 171 42 0 0 0
cpu7 9979 2107 4793 46703 282 250 92 0 0 0
cpu  59920 19539 34972 390219 1051 3165 1444 0 0 0
cpu0 6161 1250 3792 50581 214 1153 400 0 0 0
cpu1 5976 1518 3810 50904 123 940 370 0 0 0
cpu2 7190 2595 4593 48869 72 170 215 0 0 0
cpu3 6741 3047 4492 49055 66 168 243 0 0 0
cpu4 7550 4078 4506 47275 65 153 40 0 0 0
cpu5 7473 4012 4461 47586 68 155 40 0 0 0
cpu6 8832 930 4516 49232 157 172 42 0 0 0
cpu7 9992 2107 4798 46714 282 250 92 0 0 0
cpu  59966 19540 35000 390324 1051 3168 1445 0 0 0
cpu0 6166 1250 3793 50594 214 1155 400 0 0 0
cpu1 5981 1519 3815 50916 123 941 370 0 0 0
cpu2 7194 2595 4595 48883 72 170 215 0 0 0
cpu3 6747 3047 4494 49069 66 169 243 0 0 0
cpu4 7551 4078 4512 47289 65 153 40 0 0 0
cpu5 7478 4012 4465 47601 68 155 40 0 0 0
cpu6 8840 930 4522 49244 157 172 42 0 0 0
cpu7 10004 2107 4798 46725 282 250 92 0 0 0
cpu  60023 19542 35049 390389 1051 3172 1445 0 0 0
cpu0 6173 1250 3798 50602 214 1156 400 0 0 0
cpu1 5986 1519 3818 50926 123 943 370 0 0 0
cpu2 7198 2595 4602 48893 72 170 215 0 0 0
cpu3 6750 3047 4500 49079 66 169 243 0 0 0
cpu4 7557 4080 4523 47294 65 154 40 0 0 0
cpu5 7484 4012 4472 47611 68 155 40 0 0 0
cpu6 8853 930 4529 49248 157 172 42 0 0 0
cpu7 10017 2107 4802 46733 282 251 92 0 0 0
cpu  60063 19543 35069 390497 1051 3175 1446 0 0 0
cpu0 6177 1250 3800 50614 214 1157 400 0 0 0
cpu1 5990 1519 3820 50938 123 944 370 0 0 0
cpu2 7200 2595 4602 48908 72 170 215 0 0 0
cpu3 6754 3047 4505 49094 66 169 244 0 0 0
cpu4 7561 4080 4525 47309 65 154 40 0 0 0
cpu5 7486 4013 4475 47627 68 155 40 0 0 0
cpu6 8862 930 4534 49258 157 172 42 0 0 0
cpu7 10028 2107 4803 46746 282 251 92 0 0 0
cpu  60100 19543 35089 390597 1051 3178 1446 0 0 0
cpu0 6182 1250 3802 50626 214 1158 400 0 0 0
cpu1 5993 1519 3824 50951 123 945 371 0 0 0
cpu2 7203 2595 4604 48921 72 170 215 0 0 0
cpu3 6760 3047 4506 49108 66 169 244 0 0 0
cpu4 7565 4080 4528 47322 65 154 40 0 0 0
cpu5 7488 4013 4477 47641 68 155 40 0 0 0
cpu6 8869 930 4538 49268 157 172 42 0 0 0
cpu7 10036 2107 4805 46758 282 251 92 0 0 0
cpu  60149 19543 35113 390701 1051 3181 1446 0 0 0
cpu0 6190 1250 3803 50638 214 1159 400 0 0 0
cpu1 5996 1519 3830 50964 123 946 371 0 0 0
cpu2 7210 2595 4609 48933 72 170 215 0 0 0
cpu3 6763 3047 4508 49122 66 169 244 0 0 0
cpu4 7570 4080 4531 47337 65 154 40 0 0 0
cpu5 7495 4013 4481 47655 68 155 40 0 0 0
cpu6 8877 930 4540 49280 157 172 42 0 0 0
cpu7 10044 2107 4807 46770 282 251 92 0 0 0
cpu  60196 19543 35141 390800 1051 3184 1447 0 0 0
cpu0 6196 1250 3806 50650 214 1161 400 0 0 0
cpu1 6000 1519 3832 50978 123 947 371 0 0 0
cpu2 7212 2595 4614 48946 72 170 215 0 0 0
cpu3 6766 3047 4511 49136 66 169 244 0 0 0
cpu4 7575 4080 4534 47350 65 154 40 0 0 0
cpu5 7498 4013 4485 47669 68 156 40 0 0 0
cpu6 8887 930 4545 49289 157 173 42 0 0 0
cpu7 10057 2107 4809 46778 282 251 92 0 0 0
cpu  60253 19543 35170 390899 1051 3188 1447 0 0 0
cpu0 6201 1250 3808 50663 214 1162 400 0 0 0
cpu1 6006 1519 3835 50990 123 948 371 0 0 0
cpu2 7222 2595 4616 48960 72 170 215 0 0 0
cpu3 6771 3047 4518 49148 66 169 244 0 0 0
cpu4 7579 4080 4540 47364 65 154 40 0 0 0
cpu5 7501 4013 4491 47683 68 156 40 0 0 0
cpu6 8900 930 4548 49298 157 173 42 0 0 0
cpu7 10069 2107 4810 46789 282 252 92 0 0 0
cpu  60308 19543 35195 391000 1051 3191 1448 0 0 0
cpu0 6206 1250 3811 50676 214 1163 400 0 0 0
cpu1 6010 1519 3839 51002 123 949 371 0 0 0
cpu2 7232 2595 4620 48974 72 170 215 0 0 0
cpu3 6779 3047 4519 49162 66 170 244 0 0 0
cpu4 7583 4080 4543 47378 65 154 40 0 0 0
cpu5 7504 4013 4495 47698 68 156 40 0 0 0
cpu6 8911 930 4553 49306 157 173 42 0 0 0
cpu7 10079 2107 4810 46800 282 252 92 0 0 0
cpu  60361 19544 35229 391107 1051 3194 1448 0 0 0
cpu0 6214 1250 3814 50689 214 1165 400 0 0 0
cpu1 6015 1519 3845 51017 123 950 372 0 0 0
cpu2 7238 2596 4624 48986 72 171 215 0 0 0
cpu3 6787 3047 4523 49177 66 170 244 0 0 0
cpu4 7588 4080 4547 47391 65 154 40 0 0 0
cpu5 7507 4013 4500 47712 68 156 40 0 0 0
cpu6 8917 930 4559 49320 157 173 42 0 0 0
cpu7 10091 2107 4813 46811 282 252 92 0 0 0
cpu  60436 19544 35249 391192 1051 3198 1449 0 0 0
cpu0 6219 1250 3817 50701 214 1166 400 0 0 0
cpu1 6019 1519 3847 51028 123 951 372 0 0 0
cpu2 7248 2596 4628 48998 72 171 215 0 0 0
cpu3 6795 3047 4528 49188 66 170 244 0 0 0
cpu4 7597 4080 4549 47403 65 154 40 0 0 0
cpu5 7515 4013 4501 47724 68 156 40 0 0 0
cpu6 8932 930 4561 49329 157 173 42 0 0 0
cpu7 10106 2107 4814 46817 282 252 92 0 0 0
cpu  60505 19546 35278 391267 1051 3201 1449 0 0 0
cpu0 6228 1251 3820 50711 214 1167 400 0 0 0
cpu1 6027 1520 3850 51038 123 953 372 0 0 0
cpu2 7256 2596 4631 49008 72 171 215 0 0 0
cpu3 6801 3047 4534 49198 66 170 244 0 0 0
cpu4 7609 4080 4551 47412 65 155 40 0 0 0
cpu5 7522 4013 4504 47734 68 156 40 0 0 0
cpu6 8948 930 4562 49338 157 174 42 0 0 0
cpu7 10111 2107 4822 46825 282 252 92 0 0 0
cpu  60556 19549 35308 391374 1051 3204 1449 0 0 0
cpu0 6237 1251 3821 50724 214 1168 400 0 0 0
cpu1 6031 1520 3854 51052 123 954 373 0 0 0
cpu2 7261 2597 4637 49022 72 171 215 0 0 0
cpu3 6804 3047 4535 49213 66 170 244 0 0 0
cpu4 7612 4080 4556 47426 65 155 40 0 0 0
cpu5 7528 4015 4509 47747 68 156 40 0 0 0
cpu6 8958 930 4565 49349 157 174 42 0 0 0
cpu7 10121 2107 4827 46837 282 252 92 0 0 0
cpu  60614 19575 35329 391455 1052 3207 1450 0 0 0
cpu0 6247 1251 3822 50737 214 1169 400 0 0 0
cpu1 6035 1520 3855 51065 123 955 373 0 0 0
cpu2 7266 2597 4641 49036 72 171 215 0 0 0
cpu3 6815 3047 4536 49227 66 170 244 0 0 0
cpu4 7613 4095 4559 47431 66 155 40 0 0 0
cpu5 7533 4026 4515 47750 68 156 40 0 0 0
cpu6 8970 930 4570 49359 157 174 42 0 0 0
cpu7 10132 2107 4828 46847 282 253 92 0 0 0
cpu  60671 19594 35358 391506 1052 3209 1451 0 0 0
cpu0 6251 1251 3826 50747 214 1170 400 0 0 0
cpu1 6039 1522 3858 51074 123 955 373 0 0 0
cpu2 7272 2597 4643 49045 72 171 215 0 0 0
cpu3 6820 3047 4540 49237 66 170 244 0 0 0
cpu4 7616 4108 4562 47433 66 155 40 0 0 0
cpu5 7545 4029 4520 47750 68 157 40 0 0 0
cpu6 8982 930 4573 49364 157 174 42 0 0 0
cpu7 10143 2107 4833 46852 282 253 92 0 0 0
cpu  60756 19600 35390 391609 1052 3214 1452 0 0 0
cpu0 6261 1251 3831 50760 214 1172 400 0 0 0
cpu1 6048 1524 3861 51089 123 958 374 0 0 0
cpu2 7284 2599 4644 49059 72 171 215 0 0 0
cpu3 6826 3048 4546 49250 66 171 244 0 0 0
cpu4 7624 4108 4568 47448 66 155 40 0 0 0
cpu5 7550 4030 4523 47764 68 157 40 0 0 0
cpu6 9000 930 4575 49375 157 174 42 0 0 0
cpu7 10160 2107 4838 46860 282 253 92 0 0 0
cpu  60802 19600 35415 391702 1052 3217 1452 0 0 0
cpu0 6265 1251 3833 50772 214 1173 400 0 0 0
cpu1 6050 1524 3866 51101 123 958 374 0 0 0
cpu2 7286 2599 4649 49072 72 172 215 0 0 0
cpu3 6833 3048 4549 49262 66 171 244 0 0 0
cpu4 7632 4108 4569 47461 66 155 40 0 0 0
cpu5 7555 4030 4527 47778 68 157 40 0 0 0
cpu6 9010 930 4578 49382 157 175 42 0 0 0
cpu7 10169 2107 4841 46870 282 253 92 0 0 0
cpu  60854 19600 35439 391814 1052 3220 1453 0 0 0
cpu0 6270 1251 3836 50785 214 1174 400 0 0 0
cpu1 6056 1524 3871 51113 123 959 374 0 0 0
cpu2 7291 2599 4653 49086 72 172 215 0 0 0
cpu3 6840 3048 4550 49279 66 171 244 0 0 0
cpu4 7635 4108 4571 47478 66 155 40 0 0 0
cpu5 7559 4030 4534 47794 68 157 40 0 0 0
cpu6 9020 930 4579 49395 157 175 42 0 0 0
cpu7 10181 2107 4841 46882 282 253 92 0 0 0
cpu  60901 19601 35470 391915 1052 3222 1453 0 0 0
cpu0 6271 1251 3841 50798 214 1175 401 0 0 0
cpu1 6061 1525 3873 51125 123 960 374 0 0 0
cpu2 7296 2599 4655 49100 72 172 215 0 0 0
cpu3 6847 3048 4556 49291 66 171 244 0 0 0
cpu4 7643 4108 4574 47492 66 156 40 0 0 0
cpu5 7561 4030 4540 47808 68 157 40 0 0 0
cpu6 9028 930 4582 49405 157 175 42 0 0 0
cpu7 10192 2107 4845 46892 282 254 92 0 0 0
cpu  60967 19603 35510 392029 1052 3227 1453 0 0 0
cpu0 6274 1251 3847 50813 214 1176 401 0 0 0
cpu1 6066 1525 3878 51140 123 962 375 0 0 0
cpu2 7305 2599 4660 49114 72 172 215 0 0 0
cpu3 6854 3048 4564 49306 66 171 244 0 0 0
cpu4 7648 4110 4579 47508 66 156 40 0 0 0
cpu5 7563 4030 4546 47826 68 157 40 0 0 0
cpu6 9044 930 4585 49417 157 175 42 0 0 0
cpu7 10210 2107 4848 46901 282 254 93 0 0 0
cpu  61011 19620 35546 392100 1052 3229 1454 0 0 0
cpu0 6282 1251 3851 50824 214 1177 401 0 0 0
cpu1 6071 1525 3882 51152 123 963 375 0 0 0
cpu2 7312 2599 4667 49123 72 172 215 0 0 0
cpu3 6860 3048 4566 49317 66 171 244 0 0 0
cpu4 7650 4120 4585 47513 66 156 40 0 0 0
cpu5 7567 4036 4548 47832 68 157 40 0 0 0
cpu6 9051 930 4591 49425 157 175 42 0 0 0
cpu7 10215 2107 4852 46910 282 254 93 0 0 0
cpu  61065 19625 35570 392170 1052 3231 1454 0 0 0
cpu0 6288 1251 3854 50834 214 1178 401 0 0 0
cpu1 6075 1525 3885 51162 123 963 375 0 0 0
cpu2 7319 2599 4671 49134 72 172 215 0 0 0
cpu3 6869 3048 4568 49326 66 171 244 0 0 0
cpu4 7653 4125 4589 47520 66 156 40 0 0 0
cpu5 7575 4036 4549 47842 68 157 40 0 0 0
cpu6 9061 930 4593 49432 157 176 42 0 0 0
cpu7 10221 2107 4858 46917 282 254 93 0 0 0
cpu  61105 19625 35596 392277 1052 3234 1455 0 0 0
cpu0 6293 1251 3858 50848 214 1179 401 0 0 0
cpu1 6076 1525 3892 51175 123 964 375 0 0 0
cpu2 7322 2599 4674 49149 72 172 215 0 0 0
cpu3 6869 3048 4569 49341 66 171 244 0 0 0
cpu4 7655 4125 4589 47534 66 156 40 0 0 0
cpu5 7579 4036 4553 47856 68 157 40 0 0 0
cpu6 9074 930 4596 49443 157 176 42 0 0 0
cpu7 10233 2107 4862 46928 282 254 93 0 0 0
cpu  61186 19625 35624 392394 1052 3238 1455 0 0 0
cpu0 6300 1251 3862 50864 214 1180 401 0 0 0
cpu1 6082 1525 3896 51190 123 966 376 0 0 0
cpu2 7330 2599 4676 49166 72 172 215 0 0 0
cpu3 6873 3048 4576 49359 66 172 244 0 0 0
cpu4 7665 4125 4591 47551 66 156 40 0 0 0
cpu5 7590 4036 4557 47868 68 158 40 0 0 0
cpu6 9091 930 4597 49455 157 176 42 0 0 0
cpu7 10251 2107 4866 46936 282 255 93 0 0 0
cpu  61238 19625 35656 392507 1052 3241 1455 0 0 0
cpu0 6308 1251 3865 50877 214 1181 401 0 0 0
cpu1 6093 1525 3900 51204 123 967 376 0 0 0
cpu2 7330 2599 4683 49181 72 173 215 0 0 0
cpu3 6878 3048 4581 49374 66 172 244 0 0 0
cpu4 7672 4125 4595 47566 66 156 40 0 0 0
cpu5 7595 4036 4562 47883 68 158 40 0 0 0
cpu6 9099 930 4600 49468 157 176 42 0 0 0
cpu7 10259 2107 4868 46950 282 255 93 0 0 0
cpu  61283 19625 35688 392615 1052 3244 1456 0 0 0
cpu0 6313 1251 3868 50891 214 1182 401 0 0 0
cpu1 6095 1525 3903 51218 123 968 376 0 0 0
cpu2 7332 2599 4686 49197 72 173 215 0 0 0
cpu3 6883 3048 4588 49388 66 172 244 0 0 0
cpu4 7676 4125 4600 47582 66 156 40 0 0 0
cpu5 7606 4036 4566 47895 68 158 40 0 0 0
cpu6 9107 930 4603 49479 157 176 42 0 0 0
cpu7 10268 2107 4871 46962 282 255 93 0 0 0
cpu  61339 19626 35707 392720 1052 3247 1456 0 0 0
cpu0 6321 1251 3871 50904 214 1183 401 0 0 0
cpu1 6100 1525 3906 51231 123 969 376 0 0 0
cpu2 7336 2600 4687 49212 72 173 215 0 0 0
cpu3 6892 3048 4590 49402 66 172 244 0 0 0
cpu4 7680 4125 4604 47595 66 157 40 0 0 0
cpu5 7609 4036 4568 47910 68 158 40 0 0 0
cpu6 9117 930 4606 49490 157 177 42 0 0 0
cpu7 10281 2107 4872 46972 282 255 93 0 0 0
cpu  61439 19626 35739 392812 1053 3251 1457 0 0 0
cpu0 6332 1251 3873 50918 214 1185 401 0 0 0
cpu1 6104 1525 3912 51245 123 971 377 0 0 0
cpu2 7345 2600 4691 49228 72 173 216 0 0 0
cpu3 6902 3048 4596 49414 66 172 244 0 0 0
cpu4 7690 4125 4609 47608 66 157 40 0 0 0
cpu5 7621 4036 4572 47925 68 158 40 0 0 0
cpu6 9140 930 4608 49493 157 177 42 0 0 0
cpu7 10301 2107 4875 46978 282 255 93 0 0 0
cpu  61494 19626 35773 392926 1053 3254 1457 0 0 0
cpu0 6337 1251 3879 50932 214 1186 401 0 0 0
cpu1 6111 1525 3917 51259 123 972 377 0 0 0
cpu2 7350 2600 4698 49243 72 173 216 0 0 0
cpu3 6907 3048 4601 49429 66 172 245 0 0 0
cpu4 7697 4125 4615 47623 66 157 40 0 0 0
cpu5 7627 4036 4574 47941 68 158 40 0 0 0
cpu6 9150 930 4610 49504 157 177 42 0 0 0
cpu7 10311 2107 4877 46990 282 256 93 0 0 0
cpu  61543 19626 35806 393026 1053 3257 1458 0 0 0
cpu0 6343 1251 3882 50944 214 1187 401 0 0 0
cpu1 6116 1525 3920 51273 123 973 377 0 0 0
cpu2 7352 2600 4702 49257 72 173 216 0 0 0
cpu3 6915 3048 4605 49442 66 172 245 0 0 0
cpu4 7700 4125 4621 47637 66 157 40 0 0 0
cpu5 7634 4036 4582 47954 68 158 40 0 0 0
cpu6 9159 930 4611 49515 157 177 42 0 0 0
cpu7 10319 2107 4881 47001 282 256 93 0 0 0
cpu  61612 19642 35831 393121 1054 3260 1458 0 0 0
cpu0 6354 1251 3885 50957 214 1188 401 0 0 0
cpu1 6123 1525 3926 51286 123 973 377 0 0 0
cpu2 7355 2600 4707 49272 72 173 216 0 0 0
cpu3 6922 3048 4611 49456 66 172 245 0 0 0
cpu4 7710 4134 4622 47645 66 157 40 0 0 0
cpu5 7644 4044 4583 47960 69 158 40 0 0 0
cpu6 9169 930 4614 49527 157 178 43 0 0 0
cpu7 10331 2107 4881 47015 282 256 93 0 0 0
cpu  61697 19656 35868 393232 1055 3264 1460 0 0 0
cpu0 6365 1251 3890 50973 214 1189 401 0 0 0
cpu1 6131 1525 3934 51302 123 975 378 0 0 0
cpu2 7365 2600 4712 49288 72 174 216 0 0 0
cpu3 6931 3048 4616 49474 66 173 245 0 0 0
cpu4 7717 4138 4626 47659 67 157 40 0 0 0
cpu5 7651 4054 4588 47967 69 159 40 0 0 0
cpu6 9185 930 4618 49539 157 178 43 0 0 0
cpu7 10347 2107 4882 47026 282 256 93 0 0 0
cpu  61749 19664 35893 393329 1055 3267 1461 0 0 0
cpu0 6376 1251 3892 50985 214 1191 401 0 0 0
cpu1 6133 1525 3938 51316 123 976 379 0 0 0
cpu2 7370 2600 4716 49302 72 174 216 0 0 0
cpu3 6935 3049 4620 49488 66 173 245 0 0 0
cpu4 7724 4140 4627 47668 67 158 40 0 0 0
cpu5 7657 4058 4592 47978 69 159 40 0 0 0
cpu6 9193 930 4620 49550 157 178 43 0 0 0
cpu7 10357 2107 4885 47038 282 256 93 0 0 0
cpu  61811 19665 35922 393439 1055 3271 1461 0 0 0
cpu0 6385 1251 3895 50998 214 1192 401 0 0 0
cpu1 6141 1525 3942 51330 123 977 379 0 0 0
cpu2 7376 2600 4719 49318 72 174 216 0 0 0
cpu3 6940 3049 4623 49504 66 173 245 0 0 0
cpu4 7728 4141 4633 47683 67 158 40 0 0 0
cpu5 7662 4058 4597 47992 69 159 40 0 0 0
cpu6 9205 930 4623 49562 157 178 43 0 0 0
cpu7 10370 2107 4887 47048 282 256 93 0 0 0
cpu  61877 19665 35953 393550 1055 3274 1463 0 0 0
cpu0 6394 1251 3901 51011 214 1193 402 0 0 0
cpu1 6152 1525 3946 51344 123 978 381 0 0 0
cpu2 7384 2600 4722 49333 72 174 217 0 0 0
cpu3 6947 3049 4629 49519 66 173 245 0 0 0
cpu4 7733 4141 4636 47698 67 158 40 0 0 0
cpu5 7669 4058 4604 48005 69 159 40 0 0 0
cpu6 9215 930 4625 49573 157 179 43 0 0 0
cpu7 10380 2107 4887 47062 282 257 93 0 0 0
cpu  61961 19666 35975 393661 1055 3279 1464 0 0 0
cpu0 6402 1251 3904 51026 214 1194 402 0 0 0
cpu1 6162 1525 3948 51358 123 980 381 0 0 0
cpu2 7392 2600 4724 49350 72 174 217 0 0 0
cpu3 6957 3049 4630 49535 66 173 245 0 0 0
cpu4 7741 4142 4641 47715 67 158 40 0 0 0
cpu5 7679 4058 4610 48018 69 159 40 0 0 0
cpu6 9226 930 4627 49584 157 179 43 0 0 0
cpu7 10399 2107 4888 47072 282 257 93 0 0 0
cpu  62015 19666 36006 393774 1055 3281 1464 0 0 0
cpu0 6409 1251 3909 51039 214 1196 402 0 0 0
cpu1 6169 1525 3951 51370 123 981 381 0 0 0
cpu2 7397 2600 4729 49366 72 174 217 0 0 0
cpu3 6962 3049 4633 49551 66 173 245 0 0 0
cpu4 7744 4142 4643 47731 67 158 41 0 0 0
cpu5 7685 4058 4613 48035 69 159 41 0 0 0
cpu6 9236 930 4631 49594 157 179 43 0 0 0
cpu7 10410 2107 4892 47085 282 257 93 0 0 0
cpu  62077 19666 36037 393892 1055 3285 1465 0 0 0
cpu0 6417 1251 3912 51054 214 1197 402 0 0 0
cpu1 6182 1525 3957 51383 123 982 382 0 0 0
cpu2 7405 2600 4733 49381 72 175 217 0 0 0
cpu3 6969 3049 4635 49567 66 174 245 0 0 0
cpu4 7750 4142 4650 47746 67 158 41 0 0 0
cpu5 7690 4058 4620 48051 69 160 41 0 0 0
cpu6 9242 930 4633 49607 157 179 43 0 0 0
cpu7 10419 2107 4893 47100 282 257 93 0 0 0
cpu  62131 19666 36068 394017 1055 3288 1465 0 0 0
cpu0 6424 1251 3916 51069 214 1198 402 0 0 0
cpu1 6189 1525 3962 51398 123 983 382 0 0 0
cpu2 7410 2600 4737 49398 72 175 217 0 0 0
cpu3 6973 3049 4638 49582 66 174 245 0 0 0
cpu4 7758 4142 4653 47762 67 159 41 0 0 0
cpu5 7694 4058 4623 48070 69 160 41 0 0 0
cpu6 9252 930 4637 49621 157 180 43 0 0 0
cpu7 10428 2107 4897 47115 282 257 93 0 0 0
cpu  62207 19667 36102 394130 1055 3292 1466 0 0 0
cpu0 6432 1251 3922 51084 214 1199 402 0 0 0
cpu1 6201 1525 3966 51411 123 984 382 0 0 0
cpu2 7417 2600 4740 49415 72 175 217 0 0 0
cpu3 6979 3049 4644 49599 66 174 245 0 0 0
cpu4 7763 4143 4657 47777 67 159 41 0 0 0
cpu5 7699 4058 4629 48087 69 160 41 0 0 0
cpu6 9267 930 4641 49630 157 180 43 0 0 0
cpu7 10444 2107 4898 47124 282 258 93 0 0 0
cpu  62284 19667 36129 394243 1055 3294 1466 0 0 0
cpu0 6441 1251 3924 51098 214 1200 402 0 0 0
cpu1 6211 1525 3969 51426 123 985 382 0 0 0
cpu2 7428 2600 4745 49429 72 175 217 0 0 0
cpu3 6986 3049 4648 49615 66 174 245 0 0 0
cpu4 7771 4143 4662 47792 67 159 41 0 0 0
cpu5 7709 4058 4632 48103 69 160 41 0 0 0
cpu6 9278 930 4644 49640 157 180 43 0 0 0
cpu7 10455 2107 4901 47137 282 258 93 0 0 0
cpu  62355 19667 36153 394365 1055 3297 1467 0 0 0
cpu0 6448 1251 3927 51114 214 1201 402 0 0 0
cpu1 6223 1525 3971 51441 123 986 383 0 0 0
cpu2 7438 2600 4749 49445 72 175 217 0 0 0
cpu3 6998 3049 4651 49630 66 174 245 0 0 0
cpu4 7779 4143 4665 47809 67 159 41 0 0 0
cpu5 7715 4058 4636 48118 69 160 41 0 0 0
cpu6 9288 930 4646 49653 157 180 43 0 0 0
cpu7 10462 2107 4904 47152 282 258 93 0 0 0
cpu  62432 19667 36179 394468 1055 3300 1467 0 0 0
cpu0 6459 1251 3927 51126 214 1202 402 0 0 0
cpu1 6233 1525 3974 51455 123 987 383 0 0 0
cpu2 7447 2600 4753 49459 72 175 217 0 0 0
cpu3 7009 3049 4652 49643 66 174 245 0 0 0
cpu4 7790 4143 4669 47824 67 159 41 0 0 0
cpu5 7721 4058 4642 48131 69 160 41 0 0 0
cpu6 9296 930 4650 49663 157 181 43 0 0 0
cpu7 10474 2107 4907 47163 282 258 93 0 0 0
cpu  62500 19670 36215 394577 1055 3304 1468 0 0 0
cpu0 6466 1251 3930 51141 214 1203 402 0 0 0
cpu1 6236 1525 3980 51470 123 989 383 0 0 0
cpu2 7454 2600 4760 49474 72 175 217 0 0 0
cpu3 7017 3049 4659 49657 66 174 245 0 0 0
cpu4 7797 4144 4674 47839 67 159 41 0 0 0
cpu5 7726 4060 4648 48147 69 160 41 0 0 0
cpu6 9311 930 4652 49674 157 181 43 0 0 0
cpu7 10488 2107 4908 47173 282 258 93 0 0 0
cpu  62566 19675 36249 394686 1055 3307 1468 0 0 0
cpu0 6474 1251 3934 51155 214 1205 402 0 0 0
cpu1 6245 1525 3983 51485 123 990 383 0 0 0
cpu2 7464 2600 4762 49489 72 175 217 0 0 0
cpu3 7023 3049 4667 49672 66 174 245 0 0 0
cpu4 7805 4146 4677 47851 67 159 41 0 0 0
cpu5 7731 4063 4654 48159 69 160 41 0 0 0
cpu6 9318 930 4660 49684 157 181 43 0 0 0
cpu7 10502 2107 4909 47186 282 259 93 0 0 0
cpu  62621 19675 36286 394801 1056 3310 1468 0 0 0
cpu0 6479 1251 3942 51169 214 1206 402 0 0 0
cpu1 6251 1525 3988 51498 123 991 384 0 0 0
cpu2 7472 2600 4766 49504 72 176 217 0 0 0
cpu3 7028 3049 4673 49688 66 175 245 0 0 0
cpu4 7812 4146 4682 47868 67 160 41 0 0 0
cpu5 7738 4063 4656 48174 71 160 41 0 0 0
cpu6 9330 930 4664 49695 157 181 43 0 0 0
cpu7 10508 2107 4911 47201 282 259 93 0 0 0
cpu  62669 19675 36316 394903 1056 3312 1469 0 0 0
cpu0 6486 1251 3947 51181 214 1206 402 0 0 0
cpu1 6259 1525 3990 51511 123 992 384 0 0 0
cpu2 7479 2600 4769 49518 72 176 217 0 0 0
cpu3 7033 3049 4676 49702 66 175 245 0 0 0
cpu4 7816 4146 4686 47881 67 160 41 0 0 0
cpu5 7743 4063 4658 48187 71 161 41 0 0 0
cpu6 9339 930 4668 49706 157 181 43 0 0 0
cpu7 10511 2107 4918 47212 282 259 93 0 0 0
cpu  62738 19675 36348 395005 1056 3316 1469 0 0 0
cpu0 6495 1251 3953 51194 214 1208 402 0 0 0
cpu1 6270 1525 3994 51524 123 993 384 0 0 0
cpu2 7484 2600 4776 49533 72 176 217 0 0 0
cpu3 7040 3049 4678 49718 66 175 245 0 0 0
cpu4 7824 4146 4687 47896 67 160 41 0 0 0
cpu5 7749 4063 4666 48201 71 161 41 0 0 0
cpu6 9351 930 4670 49716 157 181 43 0 0 0
cpu7 10521 2107 4920 47220 282 259 93 0 0 0
cpu  62805 19675 36383 395121 1056 3319 1470 0 0 0
cpu0 6504 1251 3962 51207 214 1209 402 0 0 0
cpu1 6279 1525 4000 51539 123 994 384 0 0 0
cpu2 7495 2600 4780 49549 72 176 217 0 0 0
cpu3 7047 3049 4679 49733 66 175 245 0 0 0
cpu4 7831 4146 4692 47910 67 160 41 0 0 0
cpu5 7753 4063 4672 48216 71 161 41 0 0 0
cpu6 9360 930 4673 49729 157 182 43 0 0 0
cpu7 10534 2107 4921 47233 282 259 93 0 0 0
cpu  62870 19675 36408 395228 1056 3322 1470 0 0 0
cpu0 6510 1251 3966 51220 214 1210 402 0 0 0
cpu1 6289 1525 4003 51552 123 995 385 0 0 0
cpu2 7504 2600 4783 49563 72 176 217 0 0 0
cpu3 7054 3049 4682 49748 66 175 245 0 0 0
cpu4 7839 4146 4694 47926 67 160 41 0 0 0
cpu5 7762 4063 4675 48230 71 161 41 0 0 0
cpu6 9364 930 4680 49741 157 182 43 0 0 0
cpu7 10546 2107 4922 47244 282 259 93 0 0 0
cpu  62934 19675 36436 395337 1056 3324 1470 0 0 0
cpu0 6521 1251 3966 51233 214 1211 402 0 0 0
cpu1 6297 1525 4007 51565 123 996 385 0 0 0
cpu2 7509 2600 4787 49578 72 176 217 0 0 0
cpu3 7062 3049 4690 49762 66 175 245 0 0 0
cpu4 7842 4146 4699 47941 67 160 41 0 0 0
cpu5 7771 4063 4677 48244 71 161 41 0 0 0
cpu6 9375 930 4682 49753 157 182 43 0 0 0
cpu7 10554 2107 4924 47256 282 260 93 0 0 0
cpu  62991 19675 36467 395427 1056 3328 1471 0 0 0
cpu0 6528 1251 3969 51246 214 1212 402 0 0 0
cpu1 6302 1525 4011 51577 123 998 385 0 0 0
cpu2 7517 2600 4791 49588 72 176 217 0 0 0
cpu3 7068 3049 4694 49775 66 175 245 0 0 0
cpu4 7848 4146 4705 47955 67 160 41 0 0 0
cpu5 7778 4063 4683 48254 71 161 41 0 0 0
cpu6 9383 930 4683 49763 157 182 43 0 0 0
cpu7 10563 2107 4928 47265 282 260 93 0 0 0
cpu  63078 19675 36499 395541 1056 3331 1471 0 0 0
cpu0 6539 1251 3972 51261 214 1213 402 0 0 0
cpu1 6310 1525 4015 51594 123 998 385 0 0 0
cpu2 7526 2600 4794 49605 72 177 217 0 0 0
cpu3 7075 3049 4707 49788 66 176 245 0 0 0
cpu4 7857 4146 4707 47972 67 161 41 0 0 0
cpu5 7786 4063 4687 48270 71 161 41 0 0 0
cpu6 9405 930 4683 49773 157 182 43 0 0 0
cpu7 10576 2107 4930 47275 282 260 93 0 0 0
cpu  63146 19676 36525 395642 1056 3334 1472 0 0 0
cpu0 6548 1251 3975 51273 214 1214 402 0 0 0
cpu1 6320 1526 4015 51607 123 999 386 0 0 0
cpu2 7535 2600 4798 49620 72 177 217 0 0 0
cpu3 7081 3049 4711 49801 66 176 245 0 0 0
cpu4 7863 4146 4711 47986 67 161 41 0 0 0
cpu5 7795 4063 4691 48284 71 162 41 0 0 0
cpu6 9413 930 4687 49782 157 183 43 0 0 0
cpu7 10587 2107 4933 47284 282 260 93 0 0 0
cpu  63214 19676 36564 395749 1056 3337 1473 0 0 0
cpu0 6555 1251 3977 51288 214 1215 402 0 0 0
cpu1 6328 1526 4020 51621 123 1000 386 0 0 0
cpu2 7542 2600 4804 49632 72 177 217 0 0 0
cpu3 7090 3049 4719 49814 66 176 246 0 0 0
cpu4 7870 4146 4715 48003 67 161 41 0 0 0
cpu5 7803 4063 4697 48300 71 162 41 0 0 0
cpu6 9422 930 4691 49793 157 183 43 0 0 0
cpu7 10600 2107 4937 47295 282 260 93 0 0 0
cpu  63271 19676 36601 395863 1057 3341 1473 0 0 0
cpu0 6566 1251 3983 51302 214 1216 402 0 0 0
cpu1 6338 1526 4023 51635 123 1002 387 0 0 0
cpu2 7548 2600 4807 49646 72 177 218 0 0 0
cpu3 7094 3049 4722 49830 66 176 246 0 0 0
cpu4 7874 4146 4722 48016 68 161 41 0 0 0
cpu5 7809 4063 4703 48315 71 162 41 0 0 0
cpu6 9431 930 4697 49808 157 183 43 0 0 0
cpu7 10608 2107 4940 47307 282 261 93 0 0 0
cpu  63363 19676 36631 395972 1057 3344 1474 0 0 0
cpu0 6575 1251 3985 51317 214 1218 402 0 0 0
cpu1 6345 1526 4028 51651 123 1003 387 0 0 0
cpu2 7558 2600 4811 49664 72 177 218 0 0 0
cpu3 7105 3049 4726 49845 66 176 246 0 0 0
cpu4 7883 4146 4726 48033 68 161 41 0 0 0
cpu5 7818 4063 4706 48330 71 162 41 0 0 0
cpu6 9450 930 4699 49815 157 183 43 0 0 0
cpu7 10625 2107 4947 47314 282 261 93 0 0 0
cpu  63429 19676 36655 396083 1057 3348 1474 0 0 0
cpu0 6583 1251 3988 51329 214 1219 402 0 0 0
cpu1 6355 1526 4028 51665 123 1004 387 0 0 0
cpu2 7562 2600 4816 49680 72 177 218 0 0 0
cpu3 7111 3049 4728 49860 66 176 246 0 0 0
cpu4 7890 4146 4729 48049 68 161 41 0 0 0
cpu5 7823 4063 4706 48347 71 162 41 0 0 0
cpu6 9461 930 4703 49826 157 183 43 0 0 0
cpu7 10641 2107 4953 47323 282 261 93 0 0 0
cpu  63491 19676 36690 396199 1057 3351 1475 0 0 0
cpu0 6588 1251 3990 51345 214 1220 402 0 0 0
cpu1 6358 1526 4037 51679 123 1005 387 0 0 0
cpu2 7572 2600 4821 49696 72 177 218 0 0 0
cpu3 7117 3049 4736 49877 66 176 246 0 0 0
cpu4 7898 4146 4732 48061 68 161 41 0 0 0
cpu5 7829 4063 4707 48363 71 162 41 0 0 0
cpu6 9475 930 4708 49838 157 184 43 0 0 0
cpu7 10651 2107 4956 47336 282 261 93 0 0 0
cpu  63566 19676 36728 396315 1057 3355 1475 0 0 0
cpu0 6596 1251 3995 51357 214 1221 402 0 0 0
cpu1 6366 1526 4040 51694 123 1007 388 0 0 0
cpu2 7582 2600 4827 49712 72 178 218 0 0 0
cpu3 7127 3049 4741 49892 66 177 246 0 0 0
cpu4 7907 4146 4736 48078 68 161 41 0 0 0
cpu5 7836 4063 4712 48379 71 162 41 0 0 0
cpu6 9489 930 4713 49851 157 184 43 0 0 0
cpu7 10660 2107 4961 47349 282 261 93 0 0 0
cpu  63649 19677 36759 396430 1057 3358 1476 0 0 0
cpu0 6608 1251 3997 51373 214 1222 402 0 0 0
cpu1 6374 1526 4045 51709 123 1008 388 0 0 0
cpu2 7593 2601 4829 49730 72 178 218 0 0 0
cpu3 7137 3049 4743 49905 66 177 246 0 0 0
cpu4 7911 4146 4744 48094 68 162 41 0 0 0
cpu5 7848 4063 4717 48394 71 163 41 0 0 0
cpu6 9502 930 4717 49862 157 184 43 0 0 0
cpu7 10675 2107 4964 47358 282 262 93 0 0 0
cpu  63731 19677 36792 396548 1057 3361 1476 0 0 0
cpu0 6618 1251 4002 51386 214 1224 402 0 0 0
cpu1 6380 1526 4048 51726 123 1009 388 0 0 0
cpu2 7600 2601 4832 49747 72 178 218 0 0 0
cpu3 7148 3049 4749 49922 66 177 246 0 0 0
cpu4 7919 4146 4746 48112 68 162 41 0 0 0
cpu5 7853 4063 4722 48410 71 163 41 0 0 0
cpu6 9515 930 4724 49873 157 184 43 0 0 0
cpu7 10693 2107 4967 47368 282 262 93 0 0 0
cpu  63789 19677 36819 396657 1057 3364 1477 0 0 0
cpu0 6624 1251 4007 51399 214 1225 402 0 0 0
cpu1 6387 1526 4050 51740 123 1010 389 0 0 0
cpu2 7604 2601 4837 49763 72 178 218 0 0 0
cpu3 7158 3049 4752 49936 66 177 246 0 0 0
cpu4 7927 4146 4748 48126 68 162 41 0 0 0
cpu5 7858 4063 4725 48426 71 163 41 0 0 0
cpu6 9527 930 4727 49885 157 185 43 0 0 0
cpu7 10700 2107 4971 47379 282 262 93 0 0 0
cpu  63860 19677 36855 396743 1057 3368 1477 0 0 0
cpu0 6635 1251 4009 51408 214 1226 402 0 0 0
cpu1 6392 1526 4055 51751 123 1011 389 0 0 0
cpu2 7611 2601 4844 49774 72 178 218 0 0 0
cpu3 7169 3049 4755 49948 66 177 246 0 0 0
cpu4 7935 4146 4752 48138 68 162 41 0 0 0
cpu5 7864 4063 4730 48438 71 163 41 0 0 0
cpu6 9536 930 4734 49892 157 185 43 0 0 0
cpu7 10713 2107 4972 47390 282 262 93 0 0 0
cpu  63933 19677 36889 396846 1057 3371 1478 0 0 0
cpu0 6646 1251 4011 51420 214 1227 402 0 0 0
cpu1 6400 1526 4059 51765 123 1012 389 0 0 0
cpu2 7620 2601 4851 49789 72 178 218 0 0 0
cpu3 7175 3049 4757 49963 66 177 246 0 0 0
cpu4 7944 4146 4754 48153 68 162 41 0 0 0
cpu5 7868 4063 4738 48452 71 163 41 0 0 0
cpu6 9549 930 4738 49902 157 185 43 0 0 0
cpu7 10727 2107 4977 47398 282 262 93 0 0 0
cpu  63986 19677 36910 396942 1057 3374 1478 0 0 0
cpu0 6652 1251 4015 51431 214 1229 402 0 0 0
cpu1 6405 1526 4064 51777 123 1013 389 0 0 0
cpu2 7625 2601 4855 49800 72 178 218 0 0 0
cpu3 7186 3049 4757 49977 66 177 246 0 0 0
cpu4 7948 4146 4755 48167 68 162 41 0 0 0
cpu5 7875 4063 4742 48465 71 163 41 0 0 0
cpu6 9558 930 4741 49912 157 185 43 0 0 0
cpu7 10734 2107 4977 47411 282 263 93 0 0 0
cpu  64046 19680 36935 397040 1057 3377 1478 0 0 0
cpu0 6654 1251 4019 51443 214 1230 402 0 0 0
cpu1 6417 1527 4066 51786 123 1014 390 0 0 0
cpu2 7631 2601 4856 49814 72 178 218 0 0 0
cpu3 7194 3051 4758 49990 66 178 246 0 0 0
cpu4 7952 4146 4760 48180 68 162 41 0 0 0
cpu5 7883 4063 4743 48481 71 163 41 0 0 0
cpu6 9568 930 4747 49921 157 185 43 0 0 0
cpu7 10743 2107 4982 47423 282 263 93 0 0 0
cpu  64112 19680 36969 397135 1057 3381 1479 0 0 0
cpu0 6664 1251 4022 51456 214 1231 402 0 0 0
cpu1 6422 1527 4068 51798 123 1016 390 0 0 0
cpu2 7639 2601 4860 49827 72 179 218 0 0 0
cpu3 7199 3051 4762 50003 66 178 246 0 0 0
cpu4 7962 4146 4762 48193 68 162 41 0 0 0
cpu5 7890 4063 4748 48492 71 163 41 0 0 0
cpu6 9578 930 4755 49930 157 186 43 0 0 0
cpu7 10754 2107 4988 47432 282 263 93 0 0 0
cpu  64189 19680 37000 397225 1059 3384 1479 0 0 0
cpu0 6677 1251 4024 51466 214 1232 402 0 0 0
cpu1 6429 1527 4074 51809 124 1017 390 0 0 0
cpu2 7651 2601 4862 49839 72 179 218 0 0 0
cpu3 7207 3051 4767 50016 66 178 246 0 0 0
cpu4 7970 4146 4764 48205 69 163 41 0 0 0
cpu5 7895 4063 4757 48505 71 164 41 0 0 0
cpu6 9592 930 4759 49938 157 186 43 0 0 0
cpu7 10765 2107 4990 47443 282 263 93 0 0 0
cpu  64343 19684 37052 397271 1060 3389 1480 0 0 0
cpu0 6698 1251 4032 51472 214 1234 402 0 0 0
cpu1 6447 1527 4080 51815 124 1018 390 0 0 0
cpu2 7669 2603 4868 49846 72 179 218 0 0 0
cpu3 7226 3051 4776 50022 66 178 246 0 0 0
cpu4 7984 4146 4774 48212 69 163 41 0 0 0
cpu5 7917 4063 4762 48511 71 164 41 0 0 0
cpu6 9618 930 4762 49941 157 187 43 0 0 0
cpu7 10781 2109 4995 47448 282 264 94 0 0 0
cpu  64453 19685 37089 397335 1060 3394 1480 0 0 0
cpu0 6709 1251 4037 51479 214 1236 402 0 0 0
cpu1 6461 1527 4083 51822 124 1019 391 0 0 0
cpu2 7678 2603 4875 49853 72 179 218 0 0 0
cpu3 7243 3052 4780 50031 66 178 246 0 0 0
cpu4 7997 4146 4777 48224 69 163 41 0 0 0
cpu5 7929 4063 4770 48521 71 164 41 0 0 0
cpu6 9635 930 4766 49946 157 187 43 0 0 0
cpu7 10798 2109 4998 47455 282 264 94 0 0 0
cpu  64562 19692 37146 397397 1060 3399 1481 0 0 0
cpu0 6724 1251 4043 51487 214 1238 402 0 0 0
cpu1 6477 1528 4089 51830 124 1021 391 0 0 0
cpu2 7690 2603 4885 49860 72 179 218 0 0 0
cpu3 7251 3054 4787 50040 66 178 246 0 0 0
cpu4 8011 4147 4781 48233 69 163 41 0 0 0
cpu5 7939 4063 4780 48530 71 164 41 0 0 0
cpu6 9653 930 4772 49953 157 188 43 0 0 0
cpu7 10815 2112 5006 47461 282 264 94 0 0 0
cpu  64593 19703 37178 397478 1060 3401 1481 0 0 0
cpu0 6727 1251 4047 51497 214 1239 402 0 0 0
cpu1 6479 1528 4092 51841 124 1022 391 0 0 0
cpu2 7693 2603 4892 49870 72 179 218 0 0 0
cpu3 7255 3054 4792 50051 66 179 246 0 0 0
cpu4 8017 4147 4785 48243 69 163 41 0 0 0
cpu5 7945 4066 4782 48540 71 164 41 0 0 0
cpu6 9657 930 4779 49962 157 188 43 0 0 0
cpu7 10817 2118 5006 47471 282 265 94 0 0 0
cpu  64609 19707 37201 397580 1061 3403 1481 0 0 0
cpu0 6729 1251 4049 51511 215 1239 403 0 0 0
cpu1 6480 1529 4092 51856 124 1022 391 0 0 0
cpu2 7696 2603 4898 49882 73 179 218 0 0 0
cpu3 7255 3055 4796 50064 66 179 246 0 0 0
cpu4 8018 4148 4789 48253 69 163 42 0 0 0
cpu5 7950 4067 4783 48551 71 164 41 0 0 0
cpu6 9658 930 4781 49977 157 188 43 0 0 0
cpu7 10820 2118 5009 47483 282 265 94 0 0 0
cpu  64612 19708 37219 397680 1061 3404 1482 0 0 0
cpu0 6729 1251 4050 51525 215 1239 403 0 0 0
cpu1 6480 1529 4093 51869 124 1022 391 0 0 0
cpu2 7696 2603 4902 49894 73 180 218 0 0 0
cpu3 7255 3056 4797 50077 66 179 246 0 0 0
cpu4 8018 4148 4795 48262 69 163 42 0 0 0
cpu5 7950 4067 4784 48565 71 164 41 0 0 0
cpu6 9658 930 4782 49991 157 188 43 0 0 0
cpu7 10823 2118 5012 47493 282 265 94 0 0 0
cpu  64638 19710 37242 397767 1061 3405 1482 0 0 0
cpu0 6732 1251 4053 51537 215 1240 403 0 0 0
cpu1 6484 1529 4094 51881 124 1023 391 0 0 0
cpu2 7699 2604 4905 49904 73 180 218 0 0 0
cpu3 7257 3056 4798 50090 66 179 246 0 0 0
cpu4 8021 4148 4795 48273 69 163 42 0 0 0
cpu5 7955 4068 4786 48576 71 164 41 0 0 0
cpu6 9659 930 4788 50003 157 188 43 0 0 0
cpu7 10828 2118 5019 47501 282 265 94 0 0 0
cpu  64662 19710 37256 397884 1061 3406 1482 0 0 0
cpu0 6732 1251 4054 51554 215 1240 403 0 0 0
cpu1 6489 1529 4096 51895 125 1023 391 0 0 0
cpu2 7702 2604 4908 49917 73 180 218 0 0 0
cpu3 7261 3056 4800 50105 66 179 247 0 0 0
cpu4 8025 4148 4795 48286 69 163 42 0 0 0
cpu5 7959 4068 4787 48590 71 165 41 0 0 0
cpu6 9661 930 4790 50019 158 188 43 0 0 0
cpu7 10830 2118 5023 47516 282 265 94 0 0 0
cpu  64669 19710 37268 398003 1062 3407 1482 0 0 0
cpu0 6732 1251 4054 51569 215 1240 403 0 0 0
cpu1 6491 1529 4097 51909 125 1024 391 0 0 0
cpu2 7702 2604 4913 49931 73 180 218 0 0 0
cpu3 7262 3056 4800 50120 66 179 247 0 0 0
cpu4 8025 4148 4796 48301 69 163 42 0 0 0
cpu5 7959 4068 4788 48606 71 165 42 0 0 0
cpu6 9661 930 4793 50035 158 188 43 0 0 0
cpu7 10834 2118 5023 47528 282 265 94 0 0 0
cpu  64680 19710 37275 398117 1062 3408 1482 0 0 0
cpu0 6732 1251 4056 51584 215 1240 403 0 0 0
cpu1 6491 1529 4097 51924 125 1024 391 0 0 0
cpu2 7704 2604 4913 49945 73 180 218 0 0 0
cpu3 7262 3056 4801 50134 66 179 247 0 0 0
cpu4 8029 4148 4797 48315 69 164 42 0 0 0
cpu5 7961 4068 4788 48621 71 165 42 0 0 0
cpu6 9662 930 4793 50051 158 188 43 0 0 0
cpu7 10836 2118 5025 47540 282 265 94 0 0 0
cpu  64683 19710 37278 398236 1062 3409 1482 0 0 0
cpu0 6732 1251 4056 51600 215 1241 403 0 0 0
cpu1 6491 1529 4097 51938 125 1024 391 0 0 0
cpu2 7705 2604 4914 49960 73 180 218 0 0 0
cpu3 7262 3056 4801 50150 66 179 247 0 0 0
cpu4 8029 4148 4797 48330 69 164 42 0 0 0
cpu5 7961 4068 4788 48636 71 165 42 0 0 0
cpu6 9662 930 4794 50066 158 188 43 0 0 0
cpu7 10838 2118 5026 47552 282 265 94 0 0 0
cpu  64685 19710 37283 398371 1062 3409 1482 0 0 0
cpu0 6732 1251 4056 51617 215 1241 403 0 0 0
cpu1 6491 1529 4098 51955 125 1024 391 0 0 0
cpu2 7705 2604 4914 49978 73 180 218 0 0 0
cpu3 7262 3056 4801 50168 66 179 247 0 0 0
cpu4 8029 4148 4797 48348 69 164 42 0 0 0
cpu5 7961 4068 4788 48654 71 165 42 0 0 0
cpu6 9662 930 4795 50082 158 188 43 0 0 0
cpu7 10840 2118 5029 47567 282 265 94 0 0 0
cpu  64686 19710 37289 398507 1062 3410 1482 0 0 0
cpu0 6732 1251 4056 51634 215 1241 403 0 0 0
cpu1 6491 1529 4100 51971 125 1025 391 0 0 0
cpu2 7705 2604 4914 49995 73 180 218 0 0 0
cpu3 7262 3056 4801 50185 66 179 247 0 0 0
cpu4 8030 4148 4797 48366 69 164 42 0 0 0
cpu5 7961 4068 4790 48671 71 165 42 0 0 0
cpu6 9662 930 4795 50099 158 188 43 0 0 0
cpu7 10840 2118 5031 47582 282 265 94 0 0 0
cpu  64691 19710 37293 398644 1062 3411 1482 0 0 0
cpu0 6732 1251 4056 51652 215 1241 403 0 0 0
cpu1 6491 1529 4100 51988 125 1025 391 0 0 0
cpu2 7705 2604 4914 50013 73 180 218 0 0 0
cpu3 7262 3056 4802 50203 66 179 247 0 0 0
cpu4 8030 4148 4797 48384 69 164 42 0 0 0
cpu5 7961 4068 4790 48689 71 165 42 0 0 0
cpu6 9662 930 4796 50117 158 188 43 0 0 0
cpu7 10845 2118 5033 47596 282 265 94 0 0 0
cpu  64696 19710 37302 398775 1062 3411 1482 0 0 0
cpu0 6732 1251 4057 51669 215 1242 403 0 0 0
cpu1 6493 1529 4101 52004 125 1025 391 0 0 0
cpu2 7706 2604 4915 50029 73 180 218 0 0 0
cpu3 7262 3056 4803 50220 66 179 247 0 0 0
cpu4 8030 4148 4799 48401 69 164 42 0 0 0
cpu5 7962 4068 4791 48706 71 165 42 0 0 0
cpu6 9662 930 4797 50133 158 188 43 0 0 0
cpu7 10846 2118 5034 47609 282 265 94 0 0 0
cpu  64705 19710 37309 398903 1062 3413 1483 0 0 0
cpu0 6732 1251 4058 51685 215 1242 403 0 0 0
cpu1 6493 1529 4103 52020 125 1026 391 0 0 0
cpu2 7706 2604 4915 50046 73 180 218 0 0 0
cpu3 7264 3056 4803 50236 66 179 247 0 0 0
cpu4 8031 4148 4799 48417 69 164 42 0 0 0
cpu5 7962 4068 4794 48722 71 165 42 0 0 0
cpu6 9664 930 4797 50150 158 188 43 0 0 0
cpu7 10850 2118 5035 47623 282 266 94 0 0 0
