640.97 3950.55
641.18 3951.97
641.38 3953.23
641.55 3954.47
641.73 3955.65
641.92 3956.76
642.11 3957.94
642.29 3959.20
642.50 3960.50
642.68 3961.62
642.91 3962.50
643.17 3963.31
643.47 3964.11
643.71 3965.20
643.95 3966.30
644.20 3967.26
644.44 3968.54
644.67 3969.71
644.92 3970.99
645.18 3972.08
645.40 3973.10
645.66 3974.34
645.93 3975.51
646.16 3976.38
646.42 3977.43
646.68 3978.54
646.90 3979.28
647.16 3979.99
647.40 3981.07
647.64 3982.17
647.90 3983.41
648.19 3984.68
648.41 3985.62
648.62 3986.20
648.84 3987.26
649.12 3988.56
649.40 3989.77
649.66 3990.95
649.90 3992.16
650.19 3993.27
650.45 3994.29
650.69 3995.34
650.94 3996.36
651.22 3997.29
651.49 3998.29
651.76 3999.49
652.02 4000.56
652.29 4001.64
652.57 4002.86
652.81 4003.93
653.09 4005.21
653.39 4006.47
653.62 4007.41
653.89 4008.47
654.14 4009.53
654.39 4010.50
654.68 4011.50
654.93 4012.50
655.18 4013.67
655.39 4014.61
655.68 4015.64
655.92 4016.67
656.18 4017.70
656.39 4018.54
656.66 4019.52
656.92 4020.48
657.17 4021.41
657.42 4022.46
657.69 4023.57
657.99 4024.79
658.25 4025.95
658.52 4027.03
658.80 4028.13
659.10 4029.25
659.35 4030.26
659.61 4031.28
659.86 4032.27
660.12 4033.37
660.33 4034.27
660.59 4035.32
660.84 4036.18
661.10 4037.04
661.45 4037.58
661.72 4038.21
661.97 4038.72
662.16 4039.63
662.33 4040.74
662.50 4041.88
662.70 4042.89
662.89 4044.03
663.06 4045.29
663.22 4046.46
663.40 4047.83
663.58 4049.24
663.77 4050.65
663.95 4052.01
664.13 4053.30
664.35 4054.87
