4422.343678,67.77,21.57,21.57
4423.036951,67.77,21.57,21.57
4423.053295,67.77,21.57,21.57
4423.081679,67.77,21.57,21.57
4423.098264,67.77,21.57,21.57
4423.109864,67.77,21.57,21.57
4423.120624,67.77,21.57,21.57
4423.131078,67.77,21.57,21.57
4423.144741,67.77,21.57,21.57
4423.154040,67.77,21.57,21.57
4423.173609,67.77,22.60,22.60
4423.182706,67.77,17.84,17.84
4423.193036,67.77,17.83,17.83
4423.204151,67.77,15.05,15.05
4423.214028,67.77,15.24,15.24
4423.226175,67.77,12.39,12.39
4423.237243,67.77,11.78,11.78
4423.248238,67.77,9.56,9.56
4423.258713,67.77,10.29,10.29
4423.270012,67.77,11.17,11.17
4423.281171,67.77,8.78,8.78
4423.292255,67.77,8.83,8.83
4423.302563,67.77,8.29,8.29
4423.313547,67.77,7.80,7.80
4423.324257,67.77,7.17,7.17
4423.335656,67.77,7.00,7.00
4423.346785,67.77,6.43,6.43
4423.357615,67.77,6.58,6.58
4423.369222,67.77,6.34,6.34
4423.380460,67.77,6.65,6.65
4423.391446,67.77,7.22,7.22
4423.402774,67.77,7.92,7.92
4423.414298,67.77,8.94,8.94
4423.424956,67.77,9.85,9.85
4423.437208,67.77,11.22,11.22
4423.448162,67.77,12.58,12.58
4423.458565,67.77,13.69,13.69
4423.469709,67.77,15.84,15.84
4423.480556,67.77,16.80,16.80
4423.491124,67.77,18.55,18.55
4423.501933,67.77,20.19,20.19
4423.513156,67.77,21.92,21.92
4423.524055,67.77,23.10,23.10
4423.535199,67.77,24.55,24.55
4423.546521,67.77,25.13,25.13
4423.557429,67.77,26.26,26.26
4423.568712,67.77,26.85,26.85
4423.579964,67.77,26.69,26.69
4423.592029,67.77,26.80,26.80
4423.602087,67.77,27.08,27.08
4423.613578,67.77,27.04,27.04
4423.624495,67.77,26.98,26.98
4423.635525,67.77,26.85,26.85
4423.647257,67.77,26.86,26.86
4423.657848,67.77,26.91,26.91
4423.668698,67.77,26.90,26.90
4423.679821,67.77,26.87,26.87
4423.690831,67.77,26.85,26.85
4423.701694,67.77,26.83,26.83
4423.712923,67.77,26.83,26.83
4423.724001,67.77,26.82,26.82
4423.735077,67.77,26.79,26.79
4423.746164,67.77,26.89,26.89
4423.757436,67.77,26.75,26.75
4423.769367,67.77,26.78,26.78
4423.780227,67.77,26.42,26.42
4423.791253,67.77,26.46,26.46
4423.802240,67.77,26.41,26.41
4423.813636,67.77,26.39,26.39
4423.824519,67.77,26.25,26.25
4423.835221,67.77,26.29,26.29
4423.846165,67.77,26.36,26.36
4423.859002,67.77,26.35,26.35
4423.869250,67.77,26.38,26.38
4423.881146,67.77,26.50,26.50
4423.893312,67.77,26.49,26.49
4423.905262,67.77,26.49,26.49
4423.913993,67.77,26.49,26.49
4423.926716,67.77,26.49,26.49
4423.935831,67.77,26.49,26.49
4423.958639,67.77,27.14,27.14
4423.968774,67.77,27.05,27.05
4423.981216,67.77,26.93,26.93
4423.991484,67.77,26.88,26.88
4424.001830,67.77,26.86,26.86
4424.013464,67.77,26.86,26.86
4424.025066,67.77,26.84,26.84
4424.040257,67.77,26.84,26.84
4424.048134,67.77,26.85,26.85
4424.065327,67.77,26.85,26.85
4424.079672,67.77,26.85,26.85
4424.085643,67.77,24.92,24.92
4424.093037,67.77,23.20,23.20
4424.106982,67.77,20.76,20.76
4424.117954,67.77,19.63,19.63
4424.130309,67.77,21.44,21.44
4424.142588,67.77,33.47,33.47
4424.155631,67.77,68.09,68.09
4424.165094,67.77,95.37,95.37
4424.180567,67.77,113.73,113.73
4424.190742,67.77,132.37,132.37
4424.199972,67.77,148.95,148.95
4424.208864,67.77,159.21,159.21
4424.222487,67.77,167.52,167.52
4424.231533,67.77,175.71,175.71
4424.241374,67.77,182.76,182.76
4424.251851,67.77,191.80,191.80
4424.261708,67.77,194.71,194.71
4424.274284,67.77,202.28,202.28
4424.284488,67.77,207.91,207.91
4424.295268,67.77,208.28,208.28
4424.306058,67.77,214.42,214.42
4424.317391,67.77,216.09,216.09
4424.329622,67.77,217.59,217.59
4424.339623,67.77,224.08,224.08
4424.349168,67.77,225.94,225.94
4424.361194,67.77,226.87,226.87
4424.371005,67.77,225.88,225.88
4424.385058,67.77,227.18,227.18
4424.404954,67.77,227.22,227.22
4424.419100,67.77,232.25,232.25
4424.431725,67.77,233.91,233.91
4424.474708,67.77,234.57,234.57
4424.486511,67.77,234.40,234.40
4424.495047,67.77,234.28,234.28
4424.515656,67.77,234.21,234.21
4424.526965,67.77,234.67,234.67
4424.536303,67.77,200.52,200.52
4424.543943,67.77,166.83,166.83
4424.551184,67.77,140.16,140.16
4424.561399,67.77,116.02,116.02
4424.570050,67.77,90.58,90.58
4424.582401,67.77,70.89,70.89
4424.594220,67.77,55.46,55.46
4424.605227,67.77,42.70,42.70
4424.614568,67.77,31.68,31.68
4424.626753,67.77,22.42,22.42
4424.637739,67.77,15.28,15.28
4424.648553,67.77,10.32,10.32
4424.659815,67.77,6.22,6.22
4424.671021,67.77,5.62,5.62
4424.713750,67.77,5.62,5.62
4424.790897,67.77,5.62,5.62
4424.857698,67.77,5.62,5.62
4424.924327,67.77,5.62,5.62
4424.989940,67.77,5.62,5.62
4425.056829,67.77,5.62,5.62
4425.123326,67.77,5.62,5.62
4425.190282,67.77,5.62,5.62
4425.257664,67.77,5.62,5.62
4425.326402,67.77,5.62,5.62
4425.392082,67.77,5.62,5.62
4425.457782,67.77,5.62,5.62
4425.523728,67.77,5.62,5.62
4425.590564,67.77,5.62,5.62
4425.656992,67.77,5.62,5.62
4425.729081,67.77,5.62,5.62
4425.765828,67.77,5.62,5.62
4425.853576,67.77,5.62,5.62
4425.902660,67.77,111.86,111.86
4425.919942,67.77,112.26,112.26
4425.937145,67.77,114.55,114.55
4425.960264,67.77,115.69,115.69
4425.970793,67.77,117.92,117.92
4425.986497,67.77,123.08,123.08
4426.004051,67.77,123.14,123.14
4426.020597,67.77,128.82,128.82
4426.037254,67.77,130.34,130.34
4426.053358,67.77,131.61,131.61
4426.072384,67.77,132.77,132.77
4426.086612,67.77,133.80,133.80
4426.104163,67.77,134.06,134.06
4426.119695,67.77,136.62,136.62
4426.136538,67.77,137.48,137.48
4426.151737,67.77,139.39,139.39
4426.179939,67.77,139.73,139.73
4426.187286,67.77,143.85,143.85
4426.205325,67.77,143.72,143.72
4426.219679,67.77,143.35,143.35
4426.236914,67.77,143.56,143.56
4426.253190,67.77,143.40,143.40
4426.270619,67.77,144.02,144.02
4426.304515,67.77,143.95,143.95
4426.355875,67.77,143.69,143.69
4426.372389,67.77,147.52,147.52
4426.405625,67.77,143.27,143.27
4426.419900,67.77,141.35,141.35
4426.438119,67.77,141.02,141.02
4426.476319,67.77,141.72,141.72
4426.492644,67.77,141.80,141.80
4426.511516,67.77,142.56,142.56
4426.554155,67.77,143.25,143.25
4426.570751,67.77,143.23,143.23
4426.587132,67.77,144.07,144.07
4426.607071,67.77,145.22,145.22
4426.620783,67.77,146.36,146.36
4426.651063,67.77,147.97,147.97
4426.654306,67.77,149.21,149.21
4426.673129,67.77,150.58,150.58
4426.689012,67.77,155.09,155.09
4426.704474,67.77,155.12,155.12
4426.722202,67.77,157.27,157.27
4426.737144,67.77,157.89,157.89
4426.753720,67.77,158.22,158.22
4426.772949,67.77,194.92,194.92
4426.786794,67.77,195.11,195.11
4426.804332,67.77,195.19,195.19
4426.819486,67.77,194.88,194.88
4426.838468,67.77,195.12,195.12
4426.853782,67.77,195.48,195.48
4426.870193,67.77,195.97,195.97
4426.884925,67.77,195.10,195.10
4426.902475,67.77,195.53,195.53
4426.918489,67.77,194.74,194.74
4426.937067,67.77,194.67,194.67
4426.951412,67.77,193.30,193.30
4426.972010,67.77,193.94,193.94
4426.987078,67.77,193.50,193.50
4427.003636,67.77,192.50,192.50
4427.036655,67.77,192.73,192.73
4427.052708,67.77,191.59,191.59
4427.070960,67.77,191.03,191.03
4427.088354,67.77,190.20,190.20
4427.107464,67.77,190.28,190.28
4427.137126,67.77,188.87,188.87
4427.153102,67.77,188.44,188.44
4427.172673,67.77,188.01,188.01
4427.186029,67.77,188.39,188.39
4427.206909,67.77,188.36,188.36
4427.221488,67.77,186.52,186.52
4427.239861,67.77,184.30,184.30
4427.252852,67.77,182.77,182.77
4427.271789,67.77,184.23,184.23
4427.290155,67.77,180.93,180.93
4427.305473,67.77,180.72,180.72
4427.320703,67.77,178.45,178.45
4427.341321,67.77,173.19,173.19
4427.351553,67.77,170.46,170.46
4427.373121,67.77,167.98,167.98
4427.390828,67.77,169.05,169.05
4427.420554,67.77,166.85,166.85
4427.440629,67.77,169.97,169.97
4427.453589,67.77,167.87,167.87
4427.472592,67.77,166.57,166.57
4427.486786,67.77,165.27,165.27
4427.507512,67.77,163.40,163.40
4427.537134,67.77,162.48,162.48
4427.554353,67.77,159.57,159.57
4427.572607,67.77,158.84,158.84
4427.588195,67.77,158.23,158.23
4427.606754,67.77,157.46,157.46
4427.621091,67.77,156.68,156.68
4427.639551,67.77,155.94,155.94
4427.652132,67.77,155.35,155.35
4427.671909,67.77,154.58,154.58
4427.688170,67.77,154.49,154.49
4427.705751,67.77,153.72,153.72
4427.719129,67.77,153.13,153.13
4427.738458,67.77,151.43,151.43
4427.752750,67.77,151.71,151.71
4427.769762,67.77,151.17,151.17
4427.789826,67.77,150.97,150.97
4427.806848,67.77,150.30,150.30
4427.818664,67.77,150.38,150.38
4427.836644,67.77,149.74,149.74
4427.852762,67.77,149.55,149.55
4427.872016,67.77,148.54,148.54
4427.890514,67.77,149.18,149.18
4427.904722,67.77,148.82,148.82
4427.921121,67.77,149.51,149.51
4427.941398,67.77,148.82,148.82
4427.953455,67.77,149.96,149.96
4427.972503,67.77,149.15,149.15
4427.988536,67.77,149.69,149.69
4428.001690,67.77,150.15,150.15
4428.020366,67.77,151.34,151.34
4428.036872,67.77,153.54,153.54
4428.052888,67.77,154.82,154.82
4428.067945,67.77,156.93,156.93
4428.085932,67.77,157.58,157.58
4428.104045,67.77,158.94,158.94
4428.121679,67.77,159.36,159.36
4428.143818,67.77,162.95,162.95
4428.172815,67.77,163.39,163.39
4428.187053,67.77,166.39,166.39
4428.205307,67.77,169.33,169.33
4428.219707,67.77,172.16,172.16
4428.234779,67.77,175.38,175.38
4428.253128,67.77,176.77,176.77
4428.271355,67.77,177.42,177.42
4428.284450,67.77,178.98,178.98
4428.321479,67.77,181.90,181.90
4428.334643,67.77,183.29,183.29
4428.351018,67.77,184.06,184.06
4428.367184,67.77,185.38,185.38
4428.383987,67.77,185.79,185.79
4428.409655,67.77,185.73,185.73
4428.421616,67.77,185.86,185.86
4428.437081,67.77,184.83,184.83
4428.458273,67.77,188.68,188.68
4428.471305,67.77,188.10,188.10
4428.485215,67.77,189.18,189.18
4428.506708,67.77,188.45,188.45
4428.518472,67.77,188.56,188.56
4428.537192,67.77,188.28,188.28
4428.555145,67.77,188.04,188.04
4428.567943,67.77,187.04,187.04
4428.584693,67.77,186.42,186.42
4428.604851,67.77,186.02,186.02
4428.621319,67.77,185.74,185.74
4428.636207,67.77,185.10,185.10
4428.657884,67.77,184.97,184.97
4428.667317,67.77,184.85,184.85
4428.691793,67.77,185.46,185.46
4428.701248,67.77,186.20,186.20
4428.717760,67.77,186.62,186.62
4428.735380,67.77,186.84,186.84
4428.769552,67.77,187.42,187.42
4428.806286,67.77,188.57,188.57
4428.823192,67.77,189.05,189.05
4428.840856,67.77,189.73,189.73
4428.856477,67.77,189.61,189.61
4428.870250,67.77,190.04,190.04
4428.883479,67.77,190.56,190.56
4428.903306,67.77,191.72,191.72
4428.917510,67.77,191.28,191.28
4428.935539,67.77,191.50,191.50
4428.952041,67.77,192.00,192.00
4428.967398,67.77,191.50,191.50
4428.984111,67.77,191.76,191.76
4429.004170,67.77,190.37,190.37
4429.019246,67.77,189.99,189.99
4429.043864,67.77,188.84,188.84
4429.059290,67.77,187.47,187.47
4429.067294,67.77,189.18,189.18
4429.083577,67.77,187.32,187.32
4429.100348,67.77,188.59,188.59
4429.116465,67.77,185.78,185.78
4429.135649,67.77,184.60,184.60
4429.151136,67.77,183.00,183.00
4429.168487,67.77,181.82,181.82
4429.183294,67.77,180.57,180.57
4429.202328,67.77,178.59,178.59
4429.234177,67.77,180.40,180.40
4429.250139,67.77,179.63,179.63
4429.267570,67.77,179.78,179.78
4429.284212,67.77,179.22,179.22
4429.301323,67.77,178.03,178.03
4429.317204,67.77,176.81,176.81
4429.335985,67.77,175.67,175.67
4429.354820,67.77,175.39,175.39
4429.368951,67.77,174.24,174.24
4429.389947,67.77,172.81,172.81
4429.411068,67.77,171.92,171.92
4429.418287,67.77,171.37,171.37
4429.435206,67.77,170.59,170.59
4429.451010,67.77,170.80,170.80
4429.467583,67.77,171.61,171.61
4429.488812,67.77,172.69,172.69
4429.502661,67.77,173.56,173.56
4429.518056,67.77,173.94,173.94
4429.537943,67.77,174.90,174.90
4429.552829,67.77,174.80,174.80
4429.567849,67.77,173.78,173.78
4429.583688,67.77,174.23,174.23
4429.600589,67.77,173.96,173.96
4429.617023,67.77,174.12,174.12
4429.633834,67.77,174.01,174.01
4429.654907,67.77,174.23,174.23
4429.667370,67.77,173.71,173.71
4429.683429,67.77,173.72,173.72
4429.700723,67.77,173.34,173.34
4429.718094,67.77,174.22,174.22
4429.741944,67.77,174.51,174.51
4429.757162,67.77,175.20,175.20
4429.771428,67.77,175.72,175.72
4429.784553,67.77,174.80,174.80
4429.800500,67.77,173.47,173.47
4429.817124,67.77,173.10,173.10
4429.834225,67.77,173.20,173.20
4429.850723,67.77,174.36,174.36
4429.867111,67.77,175.08,175.08
4429.888819,67.77,175.59,175.59
4429.907393,67.77,175.88,175.88
4429.918255,67.77,176.18,176.18
4429.934058,67.77,177.03,177.03
4429.949988,67.77,177.96,177.96
4429.966622,67.77,177.70,177.70
4429.983394,67.77,177.07,177.07
4430.000563,67.77,175.24,175.24
4430.017224,67.77,176.13,176.13
4430.050076,67.77,176.11,176.11
4430.067416,67.77,177.61,177.61
4430.084080,67.77,179.11,179.11
4430.100908,67.77,181.22,181.22
4430.117107,67.77,182.31,182.31
4430.134129,67.77,183.78,183.78
4430.150750,67.77,184.19,184.19
4430.167367,67.77,185.02,185.02
4430.185159,67.77,185.65,185.65
4430.201327,67.77,186.63,186.63
4430.217262,67.77,186.46,186.46
4430.250864,67.77,186.07,186.07
4430.267046,67.77,186.40,186.40
4430.283726,67.77,186.37,186.37
4430.300239,67.77,186.81,186.81
4430.317119,67.77,187.48,187.48
4430.334489,67.77,188.57,188.57
4430.351021,67.77,188.67,188.67
4430.367979,67.77,189.26,189.26
4430.384352,67.77,189.54,189.54
4430.402171,67.77,189.97,189.97
4430.418552,67.77,190.12,190.12
4430.451099,67.77,190.40,190.40
4430.468701,67.77,191.01,191.01
4430.485528,67.77,191.60,191.60
4430.502048,67.77,191.47,191.47
4430.517651,67.77,191.18,191.18
4430.535705,67.77,190.41,190.41
4430.551884,67.77,189.41,189.41
4430.568044,67.77,188.69,188.69
4430.584260,67.77,187.63,187.63
4430.600547,67.77,187.19,187.19
4430.616915,67.77,186.76,186.76
4430.634966,67.77,187.51,187.51
4430.650007,67.77,187.45,187.45
4430.667837,67.77,186.80,186.80
4430.684300,67.77,186.55,186.55
4430.702237,67.77,186.13,186.13
4430.718711,67.77,186.52,186.52
4430.736620,67.77,186.74,186.74
4430.752108,67.77,186.69,186.69
4430.773583,67.77,186.57,186.57
4430.786254,67.77,186.11,186.11
4430.805084,67.77,185.45,185.45
4430.817178,67.77,185.87,185.87
4430.834948,67.77,186.04,186.04
4430.851492,67.77,185.82,185.82
4430.874334,67.77,185.75,185.75
4430.888813,67.77,185.44,185.44
4430.902858,67.77,185.25,185.25
4430.917041,67.77,185.43,185.43
4430.935713,67.77,185.76,185.76
4430.952346,67.77,185.59,185.59
4430.969052,67.77,184.90,184.90
4430.984242,67.77,184.94,184.94
4431.000991,67.77,185.57,185.57
4431.017316,67.77,184.81,184.81
4431.034728,67.77,184.53,184.53
4431.055476,67.77,184.94,184.94
4431.067837,67.77,184.67,184.67
4431.084664,67.77,184.16,184.16
4431.102165,67.77,183.65,183.65
4431.118714,67.77,184.22,184.22
4431.136409,67.77,184.18,184.18
4431.153538,67.77,184.21,184.21
4431.168886,67.77,184.99,184.99
4431.191658,67.77,185.03,185.03
4431.201057,67.77,184.82,184.82
4431.218775,67.77,184.92,184.92
4431.234106,67.77,184.95,184.95
4431.250935,67.77,184.84,184.84
4431.266886,67.77,185.16,185.16
4431.283594,67.77,184.90,184.90
4431.301313,67.77,184.83,184.83
4431.317023,67.77,184.94,184.94
4431.334611,67.77,184.92,184.92
4431.350921,67.77,184.77,184.77
4431.367127,67.77,184.20,184.20
4431.383359,67.77,184.16,184.16
4431.402988,67.77,184.60,184.60
4431.416501,67.77,184.66,184.66
4431.434996,67.77,184.66,184.66
4431.451711,67.77,184.54,184.54
4431.468548,67.77,184.45,184.45
4431.483569,67.77,184.41,184.41
4431.501406,67.77,184.59,184.59
4431.517177,67.77,185.01,185.01
4431.535212,67.77,186.13,186.13
4431.550825,67.77,185.33,185.33
4431.568062,67.77,184.87,184.87
4431.584720,67.77,184.79,184.79
4431.600753,67.77,184.98,184.98
4431.633492,67.77,184.74,184.74
4431.650086,67.77,184.93,184.93
4431.667894,67.77,185.47,185.47
4431.685422,67.77,185.20,185.20
4431.700896,67.77,185.28,185.28
4431.717206,67.77,185.26,185.26
4431.733640,67.77,185.58,185.58
4431.750555,67.77,184.92,184.92
4431.767024,67.77,184.21,184.21
4431.783458,67.77,184.73,184.73
4431.801173,67.77,185.33,185.33
4431.833337,67.77,185.75,185.75
4431.850605,67.77,185.75,185.75
4431.870273,67.77,185.98,185.98
4431.886024,67.77,185.52,185.52
4431.902219,67.77,184.96,184.96
4431.918702,67.77,185.05,185.05
4431.934707,67.77,185.38,185.38
4431.950962,67.77,184.99,184.99
4431.969384,67.77,185.07,185.07
4431.983980,67.77,184.82,184.82
4432.001623,67.77,184.50,184.50
4432.019496,67.77,184.06,184.06
4432.037302,67.77,184.15,184.15
4432.050716,67.77,184.51,184.51
4432.068530,67.77,184.93,184.93
4432.083945,67.77,185.56,185.56
4432.100971,67.77,184.63,184.63
4432.117030,67.77,184.89,184.89
4432.135790,67.77,185.50,185.50
4432.156477,67.77,185.61,185.61
4432.167453,67.77,185.92,185.92
4432.184338,67.77,186.29,186.29
4432.204075,67.77,185.88,185.88
4432.219454,67.77,186.01,186.01
4432.234591,67.77,186.04,186.04
4432.250915,67.77,185.84,185.84
4432.267485,67.77,185.04,185.04
4432.284035,67.77,184.91,184.91
4432.301295,67.77,185.12,185.12
4432.339651,67.77,184.93,184.93
4432.351816,67.77,184.74,184.74
4432.368072,67.77,184.88,184.88
4432.393366,67.77,184.83,184.83
4432.402423,67.77,184.93,184.93
4432.434434,67.77,184.88,184.88
4432.450037,67.77,184.78,184.78
4432.469275,67.77,185.35,185.35
4432.483883,67.77,185.71,185.71
4432.501960,67.77,185.72,185.72
4432.517625,67.77,185.59,185.59
4432.535293,67.77,184.79,184.79
4432.549439,67.77,191.71,191.71
4432.566684,67.77,191.86,191.86
4432.595096,67.77,191.97,191.97
4432.604612,67.77,192.27,192.27
4432.618047,67.77,192.42,192.42
4432.634091,67.77,192.59,192.59
4432.650408,67.77,192.16,192.16
4432.668976,67.77,191.70,191.70
4432.685376,67.77,191.76,191.76
4432.700687,67.77,191.69,191.69
4432.715985,67.77,191.82,191.82
4432.733919,67.77,192.11,192.11
4432.750023,67.77,192.31,192.31
4432.767796,67.77,192.32,192.32
4432.782816,67.77,192.45,192.45
4432.800848,67.77,191.93,191.93
4432.817858,67.77,191.86,191.86
4432.835095,67.77,192.08,192.08
4432.857909,67.77,191.85,191.85
4432.866636,67.77,185.05,185.05
4432.884467,67.77,185.24,185.24
4432.901124,67.77,185.43,185.43
4432.916196,67.77,185.12,185.12
4432.933319,67.77,185.20,185.20
4432.950936,67.77,185.30,185.30
4432.967654,67.77,185.17,185.17
4432.984217,67.77,185.15,185.15
4433.002446,67.77,185.08,185.08
4433.019609,67.77,185.19,185.19
4433.051271,67.77,185.46,185.46
4433.067980,67.77,185.63,185.63
4433.082970,67.77,185.53,185.53
4433.099852,67.77,185.95,185.95
4433.116524,67.77,185.96,185.96
4433.133626,67.77,185.42,185.42
4433.151366,67.77,184.99,184.99
4433.166280,67.77,184.87,184.87
4433.183359,67.77,185.33,185.33
4433.202487,67.77,185.78,185.78
4433.216220,67.77,185.88,185.88
4433.233463,67.77,185.34,185.34
4433.249905,67.77,185.28,185.28
4433.268327,67.77,185.15,185.15
4433.285173,67.77,185.23,185.23
4433.300681,67.77,185.27,185.27
4433.319217,67.77,185.44,185.44
4433.334502,67.77,185.49,185.49
4433.351697,67.77,185.25,185.25
4433.366393,67.77,185.18,185.18
4433.383481,67.77,184.48,184.48
4433.399165,67.77,184.14,184.14
4433.417742,67.77,184.33,184.33
4433.433533,67.77,184.35,184.35
4433.450297,67.77,184.25,184.25
4433.467450,67.77,183.96,183.96
4433.483228,67.77,183.95,183.95
4433.502105,67.77,184.33,184.33
4433.518257,67.77,184.21,184.21
4433.534258,67.77,184.21,184.21
4433.551560,67.77,184.49,184.49
4433.567273,67.77,184.13,184.13
4433.583670,67.77,184.14,184.14
4433.600197,67.77,184.22,184.22
4433.626428,67.77,184.05,184.05
4433.633749,67.77,184.00,184.00
4433.670792,67.77,184.14,184.14
4433.685459,67.77,183.94,183.94
4433.699739,67.77,184.09,184.09
4433.718898,67.77,183.96,183.96
4433.735748,67.77,184.12,184.12
4433.750144,67.77,184.13,184.13
4433.767032,67.77,184.11,184.11
4433.783647,67.77,184.03,184.03
4433.817623,67.77,184.31,184.31
4433.835161,67.77,184.43,184.43
4433.850743,67.77,184.46,184.46
4433.868266,67.77,184.52,184.52
4433.885859,67.77,184.54,184.54
4433.901480,67.77,184.53,184.53
4433.935185,67.77,184.38,184.38
4433.951057,67.77,184.35,184.35
4433.969423,67.77,184.67,184.67
4433.983998,67.77,184.80,184.80
4434.000981,67.77,184.79,184.79
4434.020235,67.77,184.67,184.67
4434.033660,67.77,184.47,184.47
4434.050820,67.77,184.81,184.81
4434.068564,67.77,184.93,184.93
4434.086452,67.77,184.60,184.60
4434.101011,67.77,184.53,184.53
4434.132511,67.77,184.51,184.51
4434.150543,67.77,185.34,185.34
4434.166053,67.77,185.17,185.17
4434.184484,67.77,185.13,185.13
4434.200788,67.77,184.55,184.55
4434.223007,67.77,184.61,184.61
4434.233363,67.77,183.91,183.91
4434.251600,67.77,183.50,183.50
4434.267066,67.77,183.64,183.64
4434.285870,67.77,183.59,183.59
4434.299874,67.77,183.62,183.62
4434.318778,67.77,183.35,183.35
4434.333117,67.77,183.06,183.06
4434.351630,67.77,183.26,183.26
4434.367579,67.77,183.38,183.38
4434.384726,67.77,183.43,183.43
4434.399931,67.77,183.44,183.44
4434.416459,67.77,183.27,183.27
4434.432017,67.77,183.01,183.01
4434.449514,67.77,182.76,182.76
4434.466526,67.77,182.61,182.61
4434.483739,67.77,182.63,182.63
4434.499877,67.77,182.75,182.75
4434.516097,67.77,183.09,183.09
4434.533112,67.77,183.31,183.31
4434.551365,67.77,183.42,183.42
4434.566845,67.77,183.41,183.41
4434.583352,67.77,183.56,183.56
4434.599900,67.77,183.77,183.77
4434.618016,67.77,183.39,183.39
4434.635877,67.77,184.08,184.08
4434.652243,67.77,183.79,183.79
4434.667889,67.77,184.58,184.58
4434.684669,67.77,185.22,185.22
4434.700376,67.77,185.21,185.21
4434.716699,67.77,185.29,185.29
4434.732700,67.77,185.50,185.50
4434.750479,67.77,185.52,185.52
4434.766116,67.77,185.30,185.30
4434.783359,67.77,185.79,185.79
4434.800059,67.77,186.42,186.42
4434.818502,67.77,186.68,186.68
4434.833234,67.77,186.93,186.93
4434.850425,67.77,187.30,187.30
4434.867196,67.77,187.56,187.56
4434.884301,67.77,188.01,188.01
4434.901547,67.77,188.55,188.55
4434.917835,67.77,188.84,188.84
4434.932833,67.77,189.49,189.49
4434.950160,67.77,189.69,189.69
4434.966521,67.77,189.85,189.85
4434.985063,67.77,190.02,190.02
4435.000486,67.77,190.44,190.44
4435.018734,67.77,190.50,190.50
4435.033039,67.77,190.17,190.17
4435.051478,67.77,189.62,189.62
4435.072318,67.77,190.06,190.06
4435.084324,67.77,190.08,190.08
4435.100558,67.77,190.80,190.80
4435.117582,67.77,190.85,190.85
4435.132433,67.77,190.37,190.37
4435.149435,67.77,190.79,190.79
4435.165817,67.77,190.87,190.87
4435.183317,67.77,190.58,190.58
4435.201178,67.77,190.85,190.85
4435.218738,67.77,191.04,191.04
4435.234182,67.77,190.87,190.87
4435.250377,67.77,190.73,190.73
4435.267231,67.77,190.76,190.76
4435.285206,67.77,190.82,190.82
4435.302049,67.77,189.84,189.84
4435.316678,67.77,189.29,189.29
4435.332419,67.77,189.51,189.51
4435.352046,67.77,189.00,189.00
4435.366181,67.77,189.07,189.07
4435.385924,67.77,189.05,189.05
4435.400978,67.77,188.10,188.10
4435.418874,67.77,189.21,189.21
4435.435153,67.77,188.42,188.42
4435.450796,67.77,187.07,187.07
4435.466073,67.77,185.79,185.79
4435.483233,67.77,186.19,186.19
4435.504301,67.77,185.43,185.43
4435.516665,67.77,184.91,184.91
4435.533117,67.77,184.60,184.60
4435.549917,67.77,184.49,184.49
4435.566412,67.77,184.18,184.18
4435.586678,67.77,184.22,184.22
4435.600846,67.77,183.48,183.48
4435.616668,67.77,183.68,183.68
4435.632676,67.77,183.86,183.86
4435.650956,67.77,183.53,183.53
4435.666144,67.77,182.97,182.97
4435.700054,67.77,183.58,183.58
4435.716168,67.77,183.25,183.25
4435.733171,67.77,182.52,182.52
4435.749723,67.77,182.06,182.06
4435.767415,67.77,180.96,180.96
4435.785983,67.77,180.93,180.93
4435.800635,67.77,180.04,180.04
4435.817469,67.77,179.76,179.76
4435.851945,67.77,178.70,178.70
4435.865480,67.77,178.19,178.19
4435.883375,67.77,177.58,177.58
4435.899384,67.77,177.81,177.81
4435.917534,67.77,177.06,177.06
4435.932718,67.77,176.93,176.93
4435.950068,67.77,177.59,177.59
4435.967875,67.77,177.74,177.74
4435.985456,67.77,177.77,177.77
4435.999789,67.77,177.78,177.78
4436.024077,67.77,177.91,177.91
4436.033503,67.77,177.92,177.92
4436.055278,67.77,177.59,177.59
4436.066330,67.77,177.25,177.25
4436.084555,67.77,176.87,176.87
4436.100504,67.77,177.01,177.01
4436.118107,67.77,177.13,177.13
4436.133460,67.77,177.28,177.28
4436.152267,67.77,176.98,176.98
4436.167082,67.77,177.07,177.07
4436.187092,67.77,177.01,177.01
4436.201781,67.77,176.98,176.98
4436.218951,67.77,176.16,176.16
4436.232430,67.77,175.63,175.63
4436.253159,67.77,175.24,175.24
4436.266873,67.77,174.18,174.18
4436.287624,67.77,174.27,174.27
4436.300663,67.77,174.63,174.63
4436.319856,67.77,174.13,174.13
4436.334218,67.77,174.08,174.08
4436.354806,67.77,174.08,174.08
4436.366546,67.77,174.11,174.11
4436.386295,67.77,174.02,174.02
4436.401479,67.77,174.44,174.44
4436.419694,67.77,174.70,174.70
4436.433662,67.77,174.40,174.40
4436.451967,67.77,174.58,174.58
4436.467000,67.77,174.42,174.42
4436.485762,67.77,174.56,174.56
4436.501902,67.77,175.07,175.07
4436.522757,67.77,175.31,175.31
4436.533644,67.77,175.19,175.19
4436.550990,67.77,175.19,175.19
4436.565715,67.77,175.27,175.27
4436.584908,67.77,175.30,175.30
4436.599478,67.77,175.36,175.36
4436.619169,67.77,175.44,175.44
4436.634433,67.77,175.69,175.69
4436.651827,67.77,176.30,176.30
4436.666177,67.77,176.24,176.24
4436.685248,67.77,177.27,177.27
4436.700688,67.77,176.73,176.73
4436.735265,67.77,176.97,176.97
4436.751170,67.77,177.34,177.34
4436.769803,67.77,177.75,177.75
4436.784917,67.77,178.37,178.37
4436.800215,67.77,178.70,178.70
4436.817114,67.77,178.93,178.93
4436.833546,67.77,179.29,179.29
4436.851049,67.77,179.04,179.04
4436.868315,67.77,178.92,178.92
4436.884558,67.77,178.30,178.30
4436.902260,67.77,178.51,178.51
4436.918405,67.77,178.28,178.28
4436.934143,67.77,178.32,178.32
4436.951896,67.77,177.91,177.91
4436.967420,67.77,180.98,180.98
4436.984969,67.77,181.10,181.10
4437.000957,67.77,181.77,181.77
4437.018761,67.77,181.31,181.31
4437.033557,67.77,180.72,180.72
4437.050100,67.77,180.22,180.22
4437.066777,67.77,179.32,179.32
4437.085004,67.77,178.83,178.83
4437.103735,67.77,178.38,178.38
4437.120281,67.77,179.59,179.59
4437.133639,67.77,178.91,178.91
4437.154578,67.77,178.87,178.87
4437.168668,67.77,178.32,178.32
4437.185635,67.77,178.13,178.13
4437.201087,67.77,177.98,177.98
4437.234404,67.77,177.82,177.82
4437.250586,67.77,177.61,177.61
4437.266326,67.77,177.56,177.56
4437.283672,67.77,177.48,177.48
4437.300563,67.77,177.09,177.09
4437.321842,67.77,176.52,176.52
4437.335515,67.77,176.47,176.47
4437.352699,67.77,176.68,176.68
4437.366921,67.77,176.63,176.63
4437.385859,67.77,176.51,176.51
4437.401362,67.77,176.57,176.57
4437.418958,67.77,176.69,176.69
4437.436949,67.77,176.72,176.72
4437.453533,67.77,177.04,177.04
4437.468385,67.77,177.36,177.36
4437.486051,67.77,177.35,177.35
4437.505537,67.77,177.28,177.28
4437.519694,67.77,177.24,177.24
4437.535338,67.77,177.46,177.46
4437.553421,67.77,177.54,177.54
4437.569316,67.77,176.97,176.97
4437.585720,67.77,177.49,177.49
4437.601002,67.77,176.48,176.48
4437.624977,67.77,176.93,176.93
4437.633253,67.77,176.23,176.23
4437.652735,67.77,175.49,175.49
4437.666739,67.77,175.41,175.41
4437.685016,67.77,175.29,175.29
4437.701121,67.77,176.33,176.33
4437.800421,67.77,175.58,175.58
4437.852850,67.77,174.63,174.63
4437.870258,67.77,173.53,173.53
4437.885436,67.77,172.94,172.94
4437.900608,67.77,172.29,172.29
4437.918541,67.77,174.43,174.43
4437.943518,67.77,179.34,179.34
4437.953037,67.77,181.51,181.51
4437.966214,67.77,183.55,183.55
4437.987298,67.77,186.62,186.62
4438.001444,67.77,186.86,186.86
4438.018382,67.77,187.89,187.89
4438.036600,67.77,188.79,188.79
4438.052825,67.77,189.00,189.00
4438.067773,67.77,190.02,190.02
4438.085859,67.77,189.68,189.68
4438.102267,67.77,189.65,189.65
4438.118903,67.77,189.34,189.34
4438.134950,67.77,189.31,189.31
4438.152677,67.77,189.26,189.26
4438.168754,67.77,188.47,188.47
4438.184618,67.77,187.92,187.92
4438.200405,67.77,186.90,186.90
4438.218964,67.77,184.39,184.39
4438.237401,67.77,181.46,181.46
4438.249998,67.77,178.74,178.74
4438.267049,67.77,177.20,177.20
4438.285170,67.77,176.65,176.65
4438.301583,67.77,176.26,176.26
4438.339395,67.77,176.13,176.13
4438.353597,67.77,175.78,175.78
4438.371381,67.77,175.62,175.62
4438.394525,67.77,172.07,172.07
4438.418589,67.77,172.13,172.13
4438.427369,67.77,171.71,171.71
4438.435890,67.77,171.97,171.97
4438.454309,67.77,171.51,171.51
4438.468402,67.77,171.19,171.19
4438.487577,67.77,171.70,171.70
4438.503977,67.77,171.33,171.33
4438.520491,67.77,171.30,171.30
4438.535095,67.77,171.25,171.25
4438.553857,67.77,171.10,171.10
4438.567629,67.77,171.56,171.56
4438.587475,67.77,171.79,171.79
4438.601663,67.77,171.70,171.70
4438.621281,67.77,171.54,171.54
4438.633944,67.77,171.21,171.21
4438.651239,67.77,171.16,171.16
4438.668113,67.77,171.44,171.44
4438.688853,67.77,171.61,171.61
4438.702238,67.77,171.32,171.32
4438.720939,67.77,171.17,171.17
4438.734157,67.77,171.73,171.73
4438.787719,67.77,173.98,173.98
4438.802536,67.77,173.97,173.97
4438.820506,67.77,173.99,173.99
4438.834492,67.77,174.06,174.06
4438.852318,67.77,174.29,174.29
4438.871618,67.77,174.75,174.75
4438.885886,67.77,173.74,173.74
4438.901809,67.77,173.87,173.87
4438.918801,67.77,173.38,173.38
4438.932963,67.77,173.19,173.19
4438.952767,67.77,171.82,171.82
4438.966687,67.77,171.94,171.94
4438.983989,67.77,172.06,172.06
4439.001745,67.77,172.04,172.04
4439.018687,67.77,172.10,172.10
4439.035542,67.77,172.12,172.12
4439.052404,67.77,172.28,172.28
4439.067735,67.77,172.10,172.10
4439.087971,67.77,171.90,171.90
4439.102862,67.77,171.73,171.73
4439.122085,67.77,172.04,172.04
4439.138968,67.77,172.13,172.13
4439.150699,67.77,172.10,172.10
4439.166855,67.77,171.80,171.80
4439.182825,67.77,172.00,172.00
4439.199744,67.77,171.44,171.44
4439.221042,67.77,171.88,171.88
4439.234601,67.77,171.51,171.51
4439.252777,67.77,171.09,171.09
4439.265806,67.77,170.92,170.92
4439.285685,67.77,171.26,171.26
4439.310368,67.77,171.35,171.35
4439.329430,67.77,171.46,171.46
4439.353824,67.77,171.61,171.61
4439.372065,67.77,171.46,171.46
4439.392722,67.77,171.74,171.74
4439.406354,67.77,171.65,171.65
4439.421417,67.77,171.64,171.64
4439.438145,67.77,171.72,171.72
4439.468669,67.77,171.81,171.81
4439.484451,67.77,171.69,171.69
4439.502982,67.77,171.74,171.74
4439.515601,67.77,171.92,171.92
4439.553328,67.77,171.79,171.79
4439.567274,67.77,171.54,171.54
4439.582475,67.77,171.30,171.30
4439.600540,67.77,171.36,171.36
4439.616532,67.77,171.32,171.32
4439.634997,67.77,171.38,171.38
4439.651081,67.77,171.24,171.24
4439.668585,67.77,170.85,170.85
4439.685692,67.77,170.70,170.70
4439.699918,67.77,170.92,170.92
4439.719169,67.77,170.80,170.80
4439.732749,67.77,170.47,170.47
4439.751731,67.77,170.28,170.28
4439.767791,67.77,170.25,170.25
4439.784913,67.77,170.23,170.23
4439.801121,67.77,169.93,169.93
4439.819901,67.77,169.78,169.78
4439.833813,67.77,169.25,169.25
4439.851846,67.77,169.27,169.27
4439.867184,67.77,169.54,169.54
4439.886028,67.77,169.04,169.04
4439.904989,67.77,168.88,168.88
4439.920038,67.77,168.58,168.58
4439.937817,67.77,168.57,168.57
4439.954647,67.77,168.65,168.65
4439.966166,67.77,168.36,168.36
4439.988662,67.77,167.87,167.87
4440.003185,67.77,167.87,167.87
4440.022577,67.77,167.87,167.87
4440.036265,67.77,168.40,168.40
4440.054887,67.77,168.19,168.19
4440.070472,67.77,167.31,167.31
4440.082950,67.77,167.67,167.67
4440.101807,67.77,167.52,167.52
4440.116673,67.77,167.15,167.15
4440.133148,67.77,167.60,167.60
4440.150962,67.77,166.64,166.64
4440.169711,67.77,166.68,166.68
4440.189125,67.77,166.74,166.74
4440.202420,67.77,166.65,166.65
4440.223962,67.77,166.68,166.68
4440.237153,67.77,166.69,166.69
4440.249678,67.77,166.56,166.56
4440.266525,67.77,166.31,166.31
4440.286169,67.77,166.21,166.21
4440.303966,67.77,165.87,165.87
4440.316716,67.77,166.24,166.24
4440.355004,67.77,166.53,166.53
4440.371780,67.77,166.45,166.45
4440.385203,67.77,165.61,165.61
4440.400720,67.77,166.48,166.48
4440.423318,67.77,166.05,166.05
4440.436074,67.77,166.02,166.02
4440.454631,67.77,166.66,166.66
4440.468976,67.77,166.07,166.07
4440.484096,67.77,165.56,165.56
4440.500172,67.77,165.63,165.63
4440.515737,67.77,165.88,165.88
4440.531870,67.77,165.73,165.73
4440.548976,67.77,165.74,165.74
4440.565563,67.77,165.75,165.75
4440.584588,67.77,165.77,165.77
4440.598819,67.77,165.85,165.85
4440.621267,67.77,165.83,165.83
4440.637525,67.77,165.56,165.56
4440.655398,67.77,165.37,165.37
4440.667400,67.77,165.58,165.58
4440.681968,67.77,165.48,165.48
4440.703321,67.77,165.20,165.20
4440.715804,67.77,164.96,164.96
4440.732461,67.77,165.14,165.14
4440.751464,67.77,165.37,165.37
4440.765527,67.77,165.47,165.47
4440.782753,67.77,165.26,165.26
4440.799159,67.77,165.67,165.67
4440.821802,67.77,164.93,164.93
4440.836342,67.77,164.51,164.51
4440.852715,67.77,164.64,164.64
4440.868231,67.77,164.32,164.32
4440.890618,67.77,164.59,164.59
4440.901781,67.77,164.48,164.48
4440.915402,67.77,164.13,164.13
4440.948908,67.77,163.60,163.60
4440.965943,67.77,163.77,163.77
4440.982117,67.77,163.79,163.79
4441.003307,67.77,164.05,164.05
4441.020357,67.77,164.06,164.06
4441.034644,67.77,163.35,163.35
4441.048316,67.77,163.05,163.05
4441.065316,67.77,163.27,163.27
4441.082429,67.77,163.07,163.07
4441.099394,67.77,163.25,163.25
4441.117314,67.77,163.41,163.41
4441.131877,67.77,163.15,163.15
4441.149994,67.77,162.43,162.43
4441.169697,67.77,162.50,162.50
4441.182713,67.77,162.68,162.68
4441.198843,67.77,162.78,162.78
4441.215921,67.77,165.41,165.41
4441.232933,67.77,165.07,165.07
4441.249182,67.77,165.25,165.25
4441.270912,67.77,165.47,165.47
4441.283401,67.77,165.60,165.60
4441.299553,67.77,165.72,165.72
4441.335583,67.77,166.47,166.47
4441.366656,67.77,166.54,166.54
4441.384005,67.77,166.33,166.33
4441.408672,67.77,165.77,165.77
4441.423614,67.77,165.76,165.76
4441.438569,67.77,165.77,165.77
4441.465609,67.77,165.39,165.39
4441.500044,67.77,165.41,165.41
4441.521050,67.77,166.27,166.27
4441.532371,67.77,165.77,165.77
4441.549532,67.77,165.97,165.97
4441.565834,67.77,166.69,166.69
4441.582752,67.77,169.88,169.88
4441.600247,67.77,172.40,172.40
4441.616540,67.77,174.04,174.04
4441.632082,67.77,175.70,175.70
4441.653699,67.77,176.31,176.31
4441.667437,67.77,177.05,177.05
4441.684207,67.77,177.07,177.07
4441.700692,67.77,177.47,177.47
4441.716719,67.77,178.33,178.33
4441.732778,67.77,178.38,178.38
4441.749174,67.77,178.35,178.35
4441.765608,67.77,178.36,178.36
4441.782799,67.77,178.47,178.47
4441.799241,67.77,178.22,178.22
4441.818014,67.77,176.91,176.91
4441.833450,67.77,176.10,176.10
4441.849992,67.77,173.54,173.54
4441.866673,67.77,171.35,171.35
4441.883966,67.77,168.74,168.74
4441.900682,67.77,166.79,166.79
4441.917200,67.77,166.75,166.75
4441.932850,67.77,166.74,166.74
4441.949231,67.77,166.70,166.70
4441.966215,67.77,166.79,166.79
4441.982782,67.77,167.50,167.50
4441.999337,67.77,167.53,167.53
4442.016370,67.77,167.21,167.21
4442.034165,67.77,167.16,167.16
4442.050832,67.77,167.29,167.29
4442.065639,67.77,167.44,167.44
4442.084633,67.77,167.47,167.47
4442.098663,67.77,167.46,167.46
4442.116760,67.77,167.54,167.54
4442.132401,67.77,167.47,167.47
4442.148732,67.77,167.81,167.81
4442.165213,67.77,168.03,168.03
4442.182682,67.77,168.23,168.23
4442.198926,67.77,168.31,168.31
4442.216470,67.77,168.35,168.35
4442.240275,67.77,168.21,168.21
4442.266501,67.77,168.46,168.46
4442.282318,67.77,168.81,168.81
4442.299696,67.77,169.01,169.01
4442.322135,67.77,168.96,168.96
4442.333718,67.77,169.19,169.19
4442.350442,67.77,169.29,169.29
4442.364987,67.77,169.20,169.20
4442.383555,67.77,169.11,169.11
4442.400648,67.77,169.16,169.16
4442.417123,67.77,169.17,169.17
4442.433192,67.77,169.36,169.36
4442.450384,67.77,169.36,169.36
4442.465583,67.77,169.28,169.28
4442.482363,67.77,169.17,169.17
4442.499137,67.77,169.14,169.14
4442.516467,67.77,169.03,169.03
4442.538265,67.77,169.09,169.09
4442.548452,67.77,169.09,169.09
4442.565410,67.77,169.05,169.05
4442.582838,67.77,168.87,168.87
4442.598595,67.77,168.78,168.78
4442.615744,67.77,168.85,168.85
4442.632561,67.77,169.10,169.10
4442.648890,67.77,169.18,169.18
4442.665076,67.77,169.15,169.15
4442.687914,67.77,169.10,169.10
4442.699824,67.77,169.00,169.00
4442.716979,67.77,168.15,168.15
4442.732620,67.77,168.13,168.13
4442.748252,67.77,167.70,167.70
4442.765201,67.77,167.87,167.87
4442.783566,67.77,166.82,166.82
4442.800296,67.77,166.49,166.49
4442.818724,67.77,166.23,166.23
4442.832445,67.77,166.15,166.15
4442.855548,67.77,166.21,166.21
4442.866332,67.77,166.37,166.37
4442.882679,67.77,166.36,166.36
4442.899443,67.77,166.26,166.26
4442.917019,67.77,166.03,166.03
4442.950783,67.77,166.33,166.33
4442.985273,67.77,166.25,166.25
4442.998997,67.77,166.22,166.22
4443.016904,67.77,166.50,166.50
4443.031605,67.77,166.01,166.01
4443.048718,67.77,166.21,166.21
4443.084302,67.77,165.91,165.91
4443.099446,67.77,165.86,165.86
4443.120918,67.77,165.81,165.81
4443.133209,67.77,165.79,165.79
4443.148697,67.77,166.01,166.01
4443.167600,67.77,166.11,166.11
4443.182087,67.77,166.14,166.14
4443.199945,67.77,166.13,166.13
4443.216600,67.77,166.13,166.13
4443.232600,67.77,166.69,166.69
4443.267088,67.77,166.79,166.79
4443.282118,67.77,166.69,166.69
4443.299963,67.77,166.23,166.23
4443.316934,67.77,166.54,166.54
4443.331950,67.77,166.68,166.68
4443.348978,67.77,167.18,167.18
4443.368241,67.77,166.92,166.92
4443.382865,67.77,167.05,167.05
4443.399097,67.77,168.30,168.30
4443.416627,67.77,170.14,170.14
4443.432206,67.77,171.00,171.00
4443.450152,67.77,173.23,173.23
4443.465786,67.77,176.90,176.90
4443.483042,67.77,180.25,180.25
4443.499385,67.77,183.86,183.86
4443.517024,67.77,186.35,186.35
4443.549093,67.77,191.71,191.71
4443.565489,67.77,197.22,197.22
4443.583246,67.77,213.26,213.26
4443.599009,67.77,214.53,214.53
4443.618028,67.77,214.78,214.78
4443.650604,67.77,209.19,209.19
4443.666504,67.77,202.23,202.23
4443.683699,67.77,201.37,201.37
4443.698430,67.77,196.05,196.05
4443.715533,67.77,195.31,195.31
4443.731704,67.77,187.93,187.93
4443.765842,67.77,176.46,176.46
4443.785007,67.77,173.03,173.03
4443.800061,67.77,167.62,167.62
4443.817330,67.77,168.09,168.09
4443.832119,67.77,164.12,164.12
4443.855292,67.77,168.10,168.10
4443.882698,67.77,171.87,171.87
4443.898613,67.77,171.55,171.55
4443.916300,67.77,174.24,174.24
4443.933011,67.77,173.83,173.83
4443.948824,67.77,181.37,181.37
4443.965192,67.77,184.58,184.58
4443.981838,67.77,191.44,191.44
4443.998505,67.77,193.48,193.48
4444.015971,67.77,197.52,197.52
4444.032450,67.77,202.52,202.52
4444.051024,67.77,195.78,195.78
4444.066750,67.77,200.53,200.53
4444.085067,67.77,203.44,203.44
4444.100381,67.77,204.64,204.64
4444.132791,67.77,208.16,208.16
4444.150579,67.77,208.32,208.32
4444.164714,67.77,210.57,210.57
4444.181854,67.77,207.62,207.62
4444.198278,67.77,209.36,209.36
4444.215471,67.77,208.62,208.62
4444.232396,67.77,211.13,211.13
4444.248270,67.77,213.34,213.34
4444.266889,67.77,227.34,227.34
4444.282179,67.77,228.62,228.62
4444.298929,67.77,229.64,229.64
4444.315745,67.77,231.45,231.45
4444.365828,67.77,231.40,231.40
4444.383772,67.77,233.62,233.62
4444.400469,67.77,234.37,234.37
4444.416458,67.77,236.56,236.56
4444.432501,67.77,238.95,238.95
4444.448649,67.77,241.74,241.74
4444.464885,67.77,244.67,244.67
4444.483630,67.77,247.25,247.25
4444.499537,67.77,248.88,248.88
4444.515750,67.77,251.13,251.13
4444.531877,67.77,253.83,253.83
4444.549918,67.77,255.99,255.99
4444.565036,67.77,257.70,257.70
4444.583200,67.77,259.06,259.06
4444.601473,67.77,259.81,259.81
4444.617372,67.77,259.62,259.62
4444.648699,67.77,259.64,259.64
4444.666055,67.77,259.31,259.31
4444.684023,67.77,258.30,258.30
4444.700445,67.77,256.33,256.33
4444.717338,67.77,256.11,256.11
4444.731567,67.77,256.46,256.46
4444.750061,67.77,257.20,257.20
4444.768663,67.77,257.11,257.11
4444.783914,67.77,256.15,256.15
4444.801799,67.77,257.05,257.05
4444.816442,67.77,257.56,257.56
4444.833673,67.77,257.83,257.83
4444.850615,67.77,257.08,257.08
4444.866032,67.77,257.78,257.78
4444.885373,67.77,257.31,257.31
4444.899547,67.77,262.39,262.39
4444.915330,67.77,264.51,264.51
4444.932230,67.77,266.32,266.32
4444.951022,67.77,266.52,266.52
4444.966548,67.77,265.63,265.63
4444.982368,67.77,262.45,262.45
4445.006104,67.77,258.34,258.34
4445.018447,67.77,254.04,254.04
4445.032594,67.77,249.65,249.65
4445.048670,67.77,247.61,247.61
4445.067347,67.77,244.27,244.27
4445.084932,67.77,243.45,243.45
4445.099798,67.77,239.77,239.77
4445.118041,67.77,235.90,235.90
4445.133888,67.77,227.56,227.56
4445.148949,67.77,221.58,221.58
4445.165679,67.77,211.28,211.28
4445.182116,67.77,206.24,206.24
4445.198483,67.77,201.56,201.56
4445.217379,67.77,203.59,203.59
4445.234361,67.77,201.89,201.89
4445.250351,67.77,208.14,208.14
4445.264646,67.77,209.09,209.09
4445.285381,67.77,212.57,212.57
4445.298990,67.77,217.67,217.67
4445.318051,67.77,222.16,222.16
4445.332157,67.77,225.76,225.76
4445.348966,67.77,224.58,224.58
4445.364800,67.77,226.69,226.69
4445.401072,67.77,226.28,226.28
4445.417125,67.77,228.40,228.40
4445.431365,67.77,230.03,230.03
4445.452246,67.77,231.04,231.04
4445.467984,67.77,234.24,234.24
4445.484342,67.77,236.85,236.85
4445.501213,67.77,240.53,240.53
4445.515856,67.77,240.51,240.51
4445.561055,67.77,240.51,240.51
4445.568824,67.77,240.70,240.70
4445.593360,67.77,238.72,238.72
4445.609179,67.77,232.44,232.44
4445.618068,67.77,227.48,227.48
4445.642195,67.77,227.54,227.54
4445.658621,67.77,226.87,226.87
4445.675899,67.77,225.59,225.59
4445.686066,67.77,225.99,225.99
4445.705626,67.77,224.12,224.12
4445.718914,67.77,220.24,220.24
4445.736334,67.77,218.78,218.78
4445.751337,67.77,216.11,216.11
4445.768848,67.77,215.70,215.70
4445.783666,67.77,215.73,215.73
4445.800373,67.77,215.28,215.28
4445.818402,67.77,213.60,213.60
4445.835037,67.77,212.67,212.67
4445