6949.271428,67.77,144.81,144.81
6949.276948,67.77,144.55,144.55
6949.288338,67.77,144.39,144.39
6949.298163,67.77,144.33,144.33
6949.310224,67.77,144.41,144.41
6949.321557,67.77,144.46,144.46
6949.332233,67.77,144.48,144.48
6949.342758,67.77,144.52,144.52
6949.354135,67.77,144.60,144.60
6949.365104,67.77,144.79,144.79
6949.376884,67.77,144.89,144.89
6949.387230,67.77,144.98,144.98
6949.398132,67.77,144.88,144.88
6949.410314,67.77,145.00,145.00
6949.420678,67.77,145.11,145.11
6949.431881,67.77,144.86,144.86
6949.442944,67.77,144.83,144.83
6949.453980,67.77,144.69,144.69
6949.465175,67.77,144.59,144.59
6949.476347,67.77,144.60,144.60
6949.487410,67.77,144.52,144.52
6949.498476,67.77,144.61,144.61
6949.509706,67.77,144.74,144.74
6949.521213,67.77,145.01,145.01
6949.535047,67.77,145.02,145.02
6949.552809,67.77,145.11,145.11
6949.565519,67.77,145.11,145.11
6949.581419,67.77,145.11,145.11
6949.590286,67.77,145.11,145.11
6949.597768,67.77,145.10,145.10
6949.601495,67.77,145.10,145.10
6949.609987,67.77,145.10,145.10
6949.620491,67.77,145.10,145.10
6949.631988,67.77,145.10,145.10
6949.644355,67.77,145.09,145.09
6949.654217,67.77,145.09,145.09
6949.665209,67.77,145.09,145.09
6949.675931,67.77,145.09,145.09
6949.687242,67.77,145.09,145.09
6949.698994,67.77,145.08,145.08
6949.709609,67.77,145.08,145.08
6949.721119,67.77,145.08,145.08
6949.732069,67.77,145.08,145.08
6949.743269,67.77,145.08,145.08
6949.754358,67.77,145.08,145.08
6949.765081,67.77,145.08,145.08
6949.776264,67.77,145.08,145.08
6949.787493,67.77,145.08,145.08
6949.799050,67.77,145.08,145.08
6949.809822,67.77,145.08,145.08
6949.821550,67.77,145.08,145.08
6949.832093,67.77,145.08,145.08
6949.842919,67.77,145.08,145.08
6949.854269,67.77,145.08,145.08
6949.865059,67.77,145.08,145.08
6949.876432,67.77,145.08,145.08
6949.887767,67.77,145.08,145.08
6949.899356,67.77,145.08,145.08
6949.909895,67.77,145.08,145.08
6949.921353,67.77,145.08,145.08
6949.932149,67.77,145.08,145.08
6949.943758,67.77,145.08,145.08
6949.954634,67.77,145.08,145.08
6949.966355,67.77,145.07,145.07
6949.976267,67.77,145.07,145.07
6949.988242,67.77,145.08,145.08
6949.998407,67.77,145.08,145.08
6950.010522,67.77,145.08,145.08
6950.020571,67.77,145.08,145.08
6950.032363,67.77,145.08,145.08
6950.043213,67.77,145.08,145.08
6950.054570,67.77,145.08,145.08
6950.065308,67.77,145.08,145.08
6950.076351,67.77,145.08,145.08
6950.087398,67.77,145.08,145.08
6950.098934,67.77,145.08,145.08
6950.109882,67.77,145.08,145.08
6950.121269,67.77,145.08,145.08
6950.131942,67.77,145.08,145.08
6950.143343,67.77,145.08,145.08
6950.154210,67.77,145.08,145.08
6950.166090,67.77,145.08,145.08
6950.176353,67.77,145.08,145.08
6950.187826,67.77,145.08,145.08
6950.198715,67.77,145.08,145.08
6950.209861,67.77,145.08,145.08
6950.221197,67.77,145.08,145.08
6950.232296,67.77,145.08,145.08
6950.243316,67.77,145.08,145.08
6950.254238,67.77,145.08,145.08
6950.265638,67.77,145.08,145.08
6950.276575,67.77,145.08,145.08
6950.287567,67.77,145.08,145.08
6950.298930,67.77,145.08,145.08
6950.309942,67.77,145.08,145.08
6950.321552,67.77,145.08,145.08
6950.332509,67.77,145.08,145.08
6950.343700,67.77,145.08,145.08
6950.355030,67.77,145.08,145.08
6950.370505,67.77,145.08,145.08
6950.377068,67.77,145.08,145.08
6950.387804,67.77,145.08,145.08
6950.398700,67.77,145.08,145.08
6950.410152,67.77,145.08,145.08
6950.421253,67.77,145.08,145.08
6950.432551,67.77,145.08,145.08
6950.443106,67.77,145.08,145.08
6950.454505,67.77,145.08,145.08
6950.465491,67.77,145.08,145.08
6950.477079,67.77,145.08,145.08
6950.487836,67.77,145.08,145.08
6950.499328,67.77,145.08,145.08
6950.510140,67.77,145.08,145.08
6950.521632,67.77,145.08,145.08
6950.532454,67.77,145.08,145.08
6950.543912,67.77,145.08,145.08
6950.554493,67.77,145.08,145.08
6950.565819,67.77,145.08,145.08
6950.578139,67.77,145.08,145.08
6950.587811,67.77,145.08,145.08
6950.599226,67.77,145.08,145.08
6950.610397,67.77,145.08,145.08
6950.621646,67.77,145.08,145.08
6950.632523,67.77,145.08,145.08
6950.643372,67.77,145.08,145.08
6950.654715,67.77,145.08,145.08
6950.665799,67.77,145.08,145.08
6950.676965,67.77,145.08,145.08
6950.687984,67.77,145.08,145.08
6950.699238,67.77,145.08,145.08
6950.710222,67.77,145.08,145.08
6950.721633,67.77,145.08,145.08
6950.732902,67.77,145.08,145.08
6950.744258,67.77,145.08,145.08
6950.754729,67.77,145.08,145.08
6951.134420,67.77,145.08,145.08
6951.144506,67.77,145.08,145.08
6951.159932,67.77,145.08,145.08
6951.166549,67.77,145.08,145.08
6951.178479,67.77,145.08,145.08
6951.188687,67.77,142.41,142.41
6951.201082,67.77,140.34,140.34
6951.211433,67.77,140.45,140.45
6951.222462,67.77,142.00,142.00
6951.234589,67.77,149.83,149.83
6951.244814,67.77,172.35,172.35
6951.255708,67.77,185.60,185.60
6951.267167,67.77,194.12,194.12
6951.280239,67.77,200.12,200.12
6951.290806,67.77,204.57,204.57
6951.306466,67.77,206.99,206.99
6951.317243,67.77,209.38,209.38
6951.325000,67.77,211.12,211.12
6951.334384,67.77,213.35,213.35
6951.346727,67.77,213.29,213.29
6951.356106,67.77,214.90,214.90
6951.368387,67.77,214.53,214.53
6951.381939,67.77,216.72,216.72
6951.398448,67.77,216.68,216.68
6951.402434,67.77,215.99,215.99
6951.415166,67.77,217.00,217.00
6951.424648,67.77,216.29,216.29
6951.434789,67.77,217.62,217.62
6951.447149,67.77,218.07,218.07
6951.457750,67.77,218.32,218.32
6951.468497,67.77,218.39,218.39
6951.493907,67.77,217.55,217.55
6951.498426,67.77,217.99,217.99
6951.508802,67.77,217.38,217.38
6951.519369,67.77,218.39,218.39
6951.531588,67.77,217.49,217.49
6951.543962,67.77,217.93,217.93
6951.555143,67.77,218.21,218.21
6951.569923,67.77,217.93,217.93
6951.583255,67.77,217.00,217.00
6951.591759,67.77,217.13,217.13
6951.619362,67.77,217.07,217.07
6951.640334,67.77,185.75,185.75
6951.661576,67.77,132.31,132.31
6951.681279,67.77,89.92,89.92
6951.691854,67.77,71.07,71.07
6951.702289,67.77,53.15,53.15
6951.712041,67.77,41.17,41.17
6951.724402,67.77,30.73,30.73
6951.736759,67.77,21.07,21.07
6951.747213,67.77,14.44,14.44
6951.758330,67.77,9.87,9.87
6951.769333,67.77,5.97,5.97
6951.785107,67.77,5.41,5.41
6951.789253,67.77,5.41,5.41
6951.802455,67.77,5.41,5.41
6951.866732,67.77,5.41,5.41
6951.932784,67.77,5.41,5.41
6951.998996,67.77,5.41,5.41
6952.065442,67.77,5.41,5.41
6952.144507,67.77,5.41,5.41
6952.213523,67.77,5.41,5.41
6952.278326,67.77,5.41,5.41
6952.343310,67.77,5.41,5.41
6952.381892,67.77,5.41,5.41
6952.422012,67.77,5.41,5.41
6952.455050,67.77,5.41,5.41
6952.471454,67.77,79.72,79.72
6952.491972,67.77,79.67,79.67
6952.506937,67.77,86.58,86.58
6952.523164,67.77,95.46,95.46
6952.539438,67.77,95.69,95.69
6952.556944,67.77,104.62,104.62
6952.572703,67.77,105.43,105.43
6952.590687,67.77,111.47,111.47
6952.607357,67.77,112.14,112.14
6952.623392,67.77,114.29,114.29
6952.638556,67.77,114.80,114.80
6952.657161,67.77,121.37,121.37
6952.671600,67.77,121.74,121.74
6952.689857,67.77,125.58,125.58
6952.705196,67.77,126.23,126.23
6952.723111,67.77,128.32,128.32
6952.738610,67.77,128.99,128.99
6952.756051,67.77,134.56,134.56
6952.772189,67.77,135.37,135.37
6952.789895,67.77,140.60,140.60
6952.823176,67.77,141.46,141.46
6952.838767,67.77,142.50,142.50
6952.858508,67.77,142.64,142.64
6952.871707,67.77,142.84,142.84
6952.889410,67.77,142.80,142.80
6952.906498,67.77,144.90,144.90
6952.924131,67.77,145.61,145.61
6952.939608,67.77,147.50,147.50
6952.956641,67.77,148.65,148.65
6952.972677,67.77,153.09,153.09
6952.989925,67.77,153.73,153.73
6953.006249,67.77,154.27,154.27
6953.024005,67.77,154.60,154.60
6953.038386,67.77,154.60,154.60
6953.056074,67.77,189.45,189.45
6953.073500,67.77,190.10,190.10
6953.089274,67.77,189.26,189.26
6953.106543,67.77,188.72,188.72
6953.122556,67.77,188.04,188.04
6953.138290,67.77,188.13,188.13
6953.156506,67.77,187.68,187.68
6953.173011,67.77,187.45,187.45
6953.190435,67.77,186.65,186.65
6953.205289,67.77,186.89,186.89
6953.223558,67.77,187.07,187.07
6953.239164,67.77,186.84,186.84
6953.256227,67.77,186.91,186.91
6953.273075,67.77,186.73,186.73
6953.290470,67.77,186.61,186.61
6953.305467,67.77,186.88,186.88
6953.338887,67.77,186.10,186.10
6953.357068,67.77,185.84,185.84
6953.372319,67.77,185.88,185.88
6953.389402,67.77,185.95,185.95
6953.405302,67.77,186.81,186.81
6953.423887,67.77,186.86,186.86
6953.439300,67.77,186.29,186.29
6953.456130,67.77,186.21,186.21
6953.472257,67.77,186.37,186.37
6953.491901,67.77,185.33,185.33
6953.505941,67.77,185.50,185.50
6953.523347,67.77,185.99,185.99
6953.539290,67.77,185.82,185.82
6953.559115,67.77,184.52,184.52
6953.571912,67.77,184.36,184.36
6953.590393,67.77,184.80,184.80
6953.605734,67.77,184.61,184.61
6953.623485,67.77,183.57,183.57
6953.638897,67.77,183.75,183.75
6953.657443,67.77,179.67,179.67
6953.672212,67.77,179.64,179.64
6953.689251,67.77,179.50,179.50
6953.706138,67.77,179.12,179.12
6953.722832,67.77,178.36,178.36
6953.738351,67.77,178.07,178.07
6953.757198,67.77,177.68,177.68
6953.772292,67.77,177.45,177.45
6953.792444,67.77,177.47,177.47
6953.805542,67.77,176.95,176.95
6953.825288,67.77,177.13,177.13
6953.838536,67.77,177.16,177.16
6953.857286,67.77,176.64,176.64
6953.872025,67.77,176.61,176.61
6953.889761,67.77,176.13,176.13
6953.905393,67.77,175.89,175.89
6953.922834,67.77,175.34,175.34
6953.939216,67.77,174.84,174.84
6953.956311,67.77,174.73,174.73
6953.971911,67.77,174.23,174.23
6953.989921,67.77,173.94,173.94
6954.005308,67.77,173.96,173.96
6954.023368,67.77,174.15,174.15
6954.038776,67.77,174.07,174.07
6954.056937,67.77,174.57,174.57
6954.072003,67.77,175.16,175.16
6954.089433,67.77,175.27,175.27
6954.105859,67.77,173.90,173.90
6954.123388,67.77,174.19,174.19
6954.138739,67.77,173.69,173.69
6954.156174,67.77,174.02,174.02
6954.172410,67.77,174.29,174.29
6954.191778,67.77,174.37,174.37
6954.205297,67.77,173.20,173.20
6954.222832,67.77,173.01,173.01
6954.238154,67.77,172.44,172.44
6954.258440,67.77,172.73,172.73
6954.272158,67.77,173.21,173.21
6954.290431,67.77,173.34,173.34
6954.306030,67.77,173.96,173.96
6954.324143,67.77,173.99,173.99
6954.341880,67.77,174.67,174.67
6954.357711,67.77,175.22,175.22
6954.372932,67.77,174.90,174.90
6954.390652,67.77,175.39,175.39
6954.405281,67.77,176.04,176.04
6954.423504,67.77,176.49,176.49
6954.439337,67.77,176.37,176.37
6954.457390,67.77,176.45,176.45
6954.472815,67.77,175.45,175.45
6954.491455,67.77,175.86,175.86
6954.505554,67.77,175.96,175.96
6954.524290,67.77,175.35,175.35
6954.541519,67.77,175.65,175.65
6954.556231,67.77,175.15,175.15
6954.572939,67.77,174.92,174.92
6954.590915,67.77,174.41,174.41
6954.605908,67.77,177.23,177.23
6954.624126,67.77,175.81,175.81
6954.639248,67.77,175.79,175.79
6954.655435,67.77,174.36,174.36
6954.672172,67.77,173.08,173.08
6954.689156,67.77,172.10,172.10
6954.705799,67.77,171.14,171.14
6954.724405,67.77,170.51,170.51
6954.738478,67.77,169.76,169.76
6954.756313,67.77,170.09,170.09
6954.771881,67.77,169.07,169.07
6954.790841,67.77,168.93,168.93
6954.806226,67.77,169.20,169.20
6954.824685,67.77,168.87,168.87
6954.839084,67.77,169.26,169.26
6954.858966,67.77,169.16,169.16
6954.872727,67.77,168.70,168.70
6954.890590,67.77,168.66,168.66
6954.906072,67.77,169.53,169.53
6954.923951,67.77,169.69,169.69
6954.938475,67.77,169.66,169.66
6954.956222,67.77,169.78,169.78
6954.971888,67.77,169.93,169.93
6954.990988,67.77,170.34,170.34
6955.005899,67.77,170.16,170.16
6955.022929,67.77,170.27,170.27
6955.039027,67.77,169.73,169.73
6955.057057,67.77,170.25,170.25
6955.072750,67.77,170.52,170.52
6955.091884,67.77,170.75,170.75
6955.106280,67.77,169.88,169.88
6955.122522,67.77,169.47,169.47
6955.139102,67.77,169.25,169.25
6955.156469,67.77,185.17,185.17
6955.172637,67.77,185.52,185.52
6955.189813,67.77,184.84,184.84
6955.206225,67.77,185.17,185.17
6955.222687,67.77,185.00,185.00
6955.239561,67.77,184.42,184.42
6955.256258,67.77,184.82,184.82
6955.273987,67.77,184.60,184.60
6955.289358,67.77,184.68,184.68
6955.306309,67.77,184.77,184.77
6955.324257,67.77,185.09,185.09
6955.338987,67.77,184.91,184.91
6955.358683,67.77,184.76,184.76
6955.372005,67.77,184.69,184.69
6955.391949,67.77,185.46,185.46
6955.405863,67.77,184.55,184.55
6955.424385,67.77,184.19,184.19
6955.439187,67.77,184.17,184.17
6955.457211,67.77,184.02,184.02
6955.473230,67.77,184.23,184.23
6955.491182,67.77,184.37,184.37
6955.505688,67.77,184.36,184.36
6955.523198,67.77,184.36,184.36
6955.540304,67.77,184.28,184.28
6955.556521,67.77,184.22,184.22
6955.572018,67.77,184.22,184.22
6955.590436,67.77,183.95,183.95
6955.606879,67.77,184.07,184.07
6955.623399,67.77,184.73,184.73
6955.639021,67.77,184.71,184.71
6955.657306,67.77,184.31,184.31
6955.673056,67.77,184.26,184.26
6955.690999,67.77,184.07,184.07
6955.705813,67.77,183.70,183.70
6955.723951,67.77,183.72,183.72
6955.739149,67.77,183.72,183.72
6955.756303,67.77,183.68,183.68
6955.772249,67.77,183.81,183.81
6955.790930,67.77,183.74,183.74
6955.806714,67.77,183.40,183.40
6955.823364,67.77,183.77,183.77
6955.838915,67.77,184.12,184.12
6955.857272,67.77,184.13,184.13
6955.872883,67.77,183.51,183.51
6955.892263,67.77,183.34,183.34
6955.907160,67.77,183.37,183.37
6955.923553,67.77,183.40,183.40
6955.942647,67.77,183.39,183.39
6955.957374,67.77,183.28,183.28
6955.974095,67.77,183.40,183.40
6955.990209,67.77,183.61,183.61
6956.006181,67.77,183.80,183.80
6956.023860,67.77,183.85,183.85
6956.039511,67.77,183.88,183.88
6956.057394,67.77,183.80,183.80
6956.073346,67.77,183.91,183.91
6956.090308,67.77,183.43,183.43
6956.106812,67.77,184.49,184.49
6956.122951,67.77,184.07,184.07
6956.139390,67.77,183.91,183.91
6956.157225,67.77,184.14,184.14
6956.174906,67.77,184.24,184.24
6956.189896,67.77,183.65,183.65
6956.205901,67.77,183.48,183.48
6956.223442,67.77,183.42,183.42
6956.239295,67.77,183.45,183.45
6956.257639,67.77,183.40,183.40
6956.273146,67.77,183.58,183.58
6956.290216,67.77,183.43,183.43
6956.307459,67.77,183.63,183.63
6956.323891,67.77,183.23,183.23
6956.339740,67.77,183.41,183.41
6956.356866,67.77,183.88,183.88
6956.372646,67.77,183.72,183.72
6956.389923,67.77,183.59,183.59
6956.405720,67.77,183.33,183.33
6956.425128,67.77,183.88,183.88
6956.438883,67.77,183.85,183.85
6956.456418,67.77,183.70,183.70
6956.473908,67.77,185.16,185.16
6956.489910,67.77,184.87,184.87
6956.507234,67.77,184.41,184.41
6956.527074,67.77,183.99,183.99
6956.542630,67.77,183.89,183.89
6956.557281,67.77,183.99,183.99
6956.572959,67.77,184.03,184.03
6956.589810,67.77,183.92,183.92
6956.605760,67.77,183.97,183.97
6956.623893,67.77,183.97,183.97
6956.638873,67.77,184.00,184.00
6956.658515,67.77,183.81,183.81
6956.673057,67.77,187.47,187.47
6956.690513,67.77,187.22,187.22
6956.706388,67.77,186.86,186.86
6956.724507,67.77,186.67,186.67
6956.738932,67.77,186.67,186.67
6956.756662,67.77,186.76,186.76
6956.772711,67.77,187.05,187.05
6956.789617,67.77,187.21,187.21
6956.806421,67.77,187.11,187.11
6956.824013,67.77,186.88,186.88
6956.839415,67.77,186.85,186.85
6956.857277,67.77,186.98,186.98
6956.872830,67.77,187.05,187.05
6956.889789,67.77,187.57,187.57
6956.906190,67.77,187.47,187.47
6956.922699,67.77,187.51,187.51
6956.939010,67.77,187.23,187.23
6956.956740,67.77,187.36,187.36
6956.972596,67.77,187.64,187.64
6956.990309,67.77,187.47,187.47
6957.006135,67.77,187.54,187.54
6957.024922,67.77,188.00,188.00
6957.040979,67.77,187.83,187.83
6957.056879,67.77,187.74,187.74
6957.073327,67.77,187.96,187.96
6957.091347,67.77,187.96,187.96
6957.106162,67.77,187.85,187.85
6957.123698,67.77,188.19,188.19
6957.139751,67.77,188.24,188.24
6957.157678,67.77,187.81,187.81
6957.173368,67.77,187.71,187.71
6957.191198,67.77,187.76,187.76
6957.206792,67.77,187.75,187.75
6957.223290,67.77,187.67,187.67
6957.239438,67.77,187.85,187.85
6957.258042,67.77,187.56,187.56
6957.272539,67.77,187.46,187.46
6957.290544,67.77,187.48,187.48
6957.307059,67.77,187.36,187.36
6957.323908,67.77,187.43,187.43
6957.339473,67.77,187.64,187.64
6957.356269,67.77,187.95,187.95
6957.372870,67.77,188.14,188.14
6957.392310,67.77,188.35,188.35
6957.406632,67.77,188.42,188.42
6957.424171,67.77,188.46,188.46
6957.439468,67.77,188.50,188.50
6957.472939,67.77,188.37,188.37
6957.491775,67.77,188.46,188.46
6957.506483,67.77,188.54,188.54
6957.523965,67.77,188.45,188.45
6957.539291,67.77,188.55,188.55
6957.556598,67.77,188.27,188.27
6957.573567,67.77,187.75,187.75
6957.589668,67.77,187.83,187.83
6957.606526,67.77,187.70,187.70
6957.623688,67.77,188.10,188.10
6957.640605,67.77,188.12,188.12
6957.658331,67.77,187.92,187.92
6957.673714,67.77,187.82,187.82
6957.690502,67.77,187.83,187.83
6957.706800,67.77,187.74,187.74
6957.723786,67.77,187.52,187.52
6957.739874,67.77,187.45,187.45
6957.758100,67.77,187.73,187.73
6957.772875,67.77,187.84,187.84
6957.790358,67.77,187.74,187.74
6957.806769,67.77,187.79,187.79
6957.824468,67.77,187.75,187.75
6957.839082,67.77,187.80,187.80
6957.857554,67.77,187.52,187.52
6957.872649,67.77,186.89,186.89
6957.891409,67.77,187.16,187.16
6957.906757,67.77,186.85,186.85
6957.923597,67.77,186.93,186.93
6957.940453,67.77,186.69,186.69
6957.958137,67.77,186.82,186.82
6957.973505,67.77,186.83,186.83
6957.990098,67.77,186.73,186.73
6958.006912,67.77,186.96,186.96
6958.023996,67.77,186.77,186.77
6958.039843,67.77,186.82,186.82
6958.056484,67.77,186.77,186.77
6958.073032,67.77,186.73,186.73
6958.090547,67.77,186.99,186.99
6958.106634,67.77,187.41,187.41
6958.123414,67.77,187.52,187.52
6958.140104,67.77,187.50,187.50
6958.157867,67.77,187.33,187.33
6958.172909,67.77,187.38,187.38
6958.191428,67.77,187.48,187.48
6958.207071,67.77,187.53,187.53
6958.224863,67.77,187.70,187.70
6958.240731,67.77,187.63,187.63
6958.256526,67.77,187.47,187.47
6958.272838,67.77,187.18,187.18
6958.289689,67.77,187.00,187.00
6958.306509,67.77,187.02,187.02
6958.323397,67.77,187.08,187.08
6958.340465,67.77,187.20,187.20
6958.356714,67.77,187.14,187.14
6958.373502,67.77,187.01,187.01
6958.390946,67.77,187.53,187.53
6958.406603,67.77,188.02,188.02
6958.424292,67.77,188.12,188.12
6958.439645,67.77,188.10,188.10
6958.457848,67.77,188.32,188.32
6958.473378,67.77,188.40,188.40
6958.491787,67.77,188.51,188.51
6958.506829,67.77,188.34,188.34
6958.523767,67.77,188.53,188.53
6958.540085,67.77,188.53,188.53
6958.556659,67.77,188.44,188.44
6958.573345,67.77,188.29,188.29
6958.590272,67.77,188.57,188.57
6958.606749,67.77,188.66,188.66
6958.624142,67.77,188.73,188.73
6958.642149,67.77,188.57,188.57
6958.656639,67.77,188.44,188.44
6958.672832,67.77,188.50,188.50
6958.689838,67.77,188.67,188.67
6958.706497,67.77,188.78,188.78
6958.724197,67.77,188.76,188.76
6958.740081,67.77,188.95,188.95
6958.757526,67.77,188.64,188.64
6958.775935,67.77,188.53,188.53
6958.790057,67.77,188.59,188.59
6958.806782,67.77,188.60,188.60
6958.823756,67.77,188.44,188.44
6958.840418,67.77,188.00,188.00
6958.856932,67.77,188.17,188.17
6958.873247,67.77,188.48,188.48
6958.889878,67.77,188.53,188.53
6958.906649,67.77,188.45,188.45
6958.924900,67.77,188.22,188.22
6958.939669,67.77,188.28,188.28
6958.956651,67.77,188.28,188.28
6958.973814,67.77,188.32,188.32
6958.990774,67.77,188.47,188.47
6959.006798,67.77,188.45,188.45
6959.024107,67.77,188.45,188.45
6959.040471,67.77,188.45,188.45
6959.057716,67.77,188.45,188.45
6959.074296,67.77,188.34,188.34
6959.091032,67.77,188.81,188.81
6959.107414,67.77,188.72,188.72
6959.123357,67.77,188.83,188.83
6959.141343,67.77,188.72,188.72
6959.157059,67.77,188.69,188.69
6959.173149,67.77,188.63,188.63
6959.190985,67.77,188.51,188.51
6959.206932,67.77,188.45,188.45
6959.223839,67.77,188.69,188.69
6959.241201,67.77,188.91,188.91
6959.257455,67.77,189.34,189.34
6959.274021,67.77,189.69,189.69
6959.292062,67.77,189.54,189.54
6959.306835,67.77,189.41,189.41
6959.324251,67.77,189.43,189.43
6959.339973,67.77,189.44,189.44
6959.356896,67.77,189.64,189.64
6959.373296,67.77,189.75,189.75
6959.390724,67.77,189.74,189.74
6959.406770,67.77,189.79,189.79
6959.424022,67.77,189.84,189.84
6959.439989,67.77,189.69,189.69
6959.457201,67.77,189.34,189.34
6959.473238,67.77,189.30,189.30
6959.490388,67.77,189.51,189.51
6959.507053,67.77,189.54,189.54
6959.525513,67.77,189.63,189.63
6959.540355,67.77,189.72,189.72
6959.558566,67.77,189.63,189.63
6959.575158,67.77,189.52,189.52
6959.590201,67.77,189.46,189.46
6959.607334,67.77,189.40,189.40
6959.623692,67.77,189.35,189.35
6959.639981,67.77,189.53,189.53
6959.657612,67.77,189.29,189.29
6959.673830,67.77,189.05,189.05
6959.690201,67.77,189.12,189.12
6959.706901,67.77,189.18,189.18
6959.724285,67.77,189.25,189.25
6959.740250,67.77,189.21,189.21
6959.759284,67.77,189.17,189.17
6959.773648,67.77,189.19,189.19
6959.792572,67.77,189.35,189.35
6959.807382,67.77,189.33,189.33
6959.825521,67.77,189.32,189.32
6959.857507,67.77,189.25,189.25
6959.875543,67.77,189.25,189.25
6959.890945,67.77,189.43,189.43
6959.907658,67.77,189.41,189.41
6959.923717,67.77,189.55,189.55
6959.939701,67.77,189.55,189.55
6959.957385,67.77,189.82,189.82
6959.973999,67.77,189.64,189.64
6959.990363,67.77,189.57,189.57
6960.006897,67.77,189.63,189.63
6960.024132,67.77,189.49,189.49
6960.041525,67.77,189.63,189.63
6960.057942,67.77,189.64,189.64
6960.074480,67.77,189.82,189.82
6960.090686,67.77,189.79,189.79
6960.107166,67.77,189.64,189.64
6960.124069,67.77,189.65,189.65
6960.141176,67.77,189.72,189.72
6960.157215,67.77,189.78,189.78
6960.174003,67.77,189.77,189.77
6960.190451,67.77,189.78,189.78
6960.207259,67.77,189.82,189.82
6960.224597,67.77,189.71,189.71
6960.240454,67.77,189.56,189.56
6960.257233,67.77,189.28,189.28
6960.273667,67.77,189.26,189.26
6960.290608,67.77,189.23,189.23
6960.308188,67.77,189.30,189.30
6960.323621,67.77,189.62,189.62
6960.340519,67.77,189.59,189.59
6960.358701,67.77,189.64,189.64
6960.375209,67.77,190.07,190.07
6960.391979,67.77,189.75,189.75
6960.407195,67.77,189.89,189.89
6960.425742,67.77,189.83,189.83
6960.441737,67.77,189.65,189.65
6960.457918,67.77,190.03,190.03
6960.473591,67.77,190.09,190.09
6960.490471,67.77,190.76,190.76
6960.507463,67.77,190.97,190.97
6960.523850,67.77,191.07,191.07
6960.540789,67.77,190.96,190.96
6960.557655,67.77,191.38,191.38
6960.575236,67.77,191.16,191.16
6960.590855,67.77,191.41,191.41
6960.607845,67.77,192.23,192.23
6960.624763,67.77,192.13,192.13
6960.641271,67.77,191.91,191.91
6960.657329,67.77,192.06,192.06
6960.674493,67.77,192.29,192.29
6960.691630,67.77,192.75,192.75
6960.708278,67.77,192.19,192.19
6960.726567,67.77,192.30,192.30
6960.742303,67.77,192.63,192.63
6960.758710,67.77,192.72,192.72
6960.776034,67.77,192.53,192.53
6960.798424,67.77,192.43,192.43
6960.807450,67.77,192.60,192.60
6960.824730,67.77,192.97,192.97
6960.841032,67.77,193.15,193.15
6960.859321,67.77,193.00,193.00
6960.875684,67.77,193.06,193.06
6960.893377,67.77,192.78,192.78
6960.907494,67.77,192.92,192.92
6960.924367,67.77,192.95,192.95
6960.940487,67.77,193.31,193.31
6960.957930,67.77,193.52,193.52
6960.974888,67.77,193.13,193.13
6960.991626,67.77,192.85,192.85
6961.007617,67.77,193.19,193.19
6961.024819,67.77,193.91,193.91
6961.041434,67.77,194.27,194.27
6961.057326,67.77,193.76,193.76
6961.074799,67.77,193.58,193.58
6961.091068,67.77,194.12,194.12
6961.107481,67.77,194.34,194.34
6961.127026,67.77,194.33,194.33
6961.144374,67.77,194.63,194.63
6961.157139,67.77,194.61,194.61
6961.174582,67.77,194.65,194.65
6961.190732,67.77,194.21,194.21
6961.207763,67.77,194.52,194.52
6961.224152,67.77,194.59,194.59
6961.242724,67.77,195.07,195.07
6961.257659,67.77,194.53,194.53
6961.279308,67.77,194.44,194.44
6961.292379,67.77,194.49,194.49
6961.312354,67.77,194.90,194.90
6961.326203,67.77,194.95,194.95
6961.340124,67.77,195.31,195.31
6961.357649,67.77,195.52,195.52
6961.373553,67.77,195.36,195.36
6961.391901,67.77,195.26,195.26
6961.407532,67.77,195.23,195.23
6961.424120,67.77,195.60,195.60
6961.441841,67.77,195.93,195.93
6961.457633,67.77,195.83,195.83
6961.474402,67.77,195.91,195.91
6961.491059,67.77,195.75,195.75
6961.508505,67.77,196.44,196.44
6961.525573,67.77,196.38,196.38
6961.541590,67.77,196.78,196.78
6961.557666,67.77,196.81,196.81
6961.574802,67.77,196.61,196.61
6961.691071,67.77,196.75,196.75
6961.709101,67.77,197.31,197.31
6961.725378,67.77,197.39,197.39
6961.742814,67.77,197.70,197.70
6961.758154,67.77,198.42,198.42
6961.774453,67.77,200.82,200.82
6961.791155,67.77,206.18,206.18
6961.807821,67.77,209.13,209.13
6961.824785,67.77,211.88,211.88
6961.840990,67.77,213.98,213.98
6961.858555,67.77,214.52,214.52
6961.874637,67.77,215.66,215.66
6961.891259,67.77,217.78,217.78
6961.908089,67.77,217.45,217.45
6961.924583,67.77,218.39,218.39
6961.942350,67.77,218.51,218.51
6961.964946,67.77,218.23,218.23
6961.977413,67.77,218.43,218.43
6961.993328,67.77,218.50,218.50
6962.008687,67.77,217.97,217.97
6962.024734,67.77,217.77,217.77
6962.041966,67.77,216.79,216.79
6962.058353,67.77,215.82,215.82
6962.075572,67.77,212.99,212.99
6962.090862,67.77,209.92,209.92
6962.107699,67.77,206.92,206.92
6962.124433,67.77,204.68,204.68
6962.142013,67.77,204.37,204.37
6962.158198,67.77,204.45,204.45
6962.174421,67.77,204.33,204.33
6962.191434,67.77,203.83,203.83
6962.208277,67.77,204.53,204.53
6962.224637,67.77,204.74,204.74
6962.241531,67.77,204.23,204.23
6962.257617,67.77,203.87,203.87
6962.274976,67.77,204.05,204.05
6962.290941,67.77,204.14,204.14
6962.307715,67.77,204.52,204.52
6962.325498,67.77,204.83,204.83
6962.341362,67.77,204.89,204.89
6962.357427,67.77,205.12,205.12
6962.374652,67.77,206.41,206.41
6962.392114,67.77,207.06,207.06
6962.407874,67.77,209.58,209.58
6962.425084,67.77,212.17,212.17
6962.441581,67.77,215.34,215.34
6962.458419,67.77,219.62,219.62
6962.475491,67.77,223.75,223.75
6962.492694,67.77,225.49,225.49
6962.508194,67.77,226.67,226.67
6962.524222,67.77,226.64,226.64
6962.542152,67.77,231.85,231.85
6962.557984,67.77,233.83,233.83
6962.574422,67.77,236.22,236.22
6962.591334,67.77,233.41,233.41
6962.608337,67.77,235.35,235.35
6962.624450,67.77,233.60,233.60
6962.641423,67.77,233.17,233.17
6962.657724,67.77,225.16,225.16
6962.674429,67.77,218.90,218.90
6962.690979,67.77,208.61,208.61
6962.711821,67.77,202.17,202.17
6962.725568,67.77,193.35,193.35
6962.741650,67.77,188.24,188.24
6962.758099,67.77,180.68,180.68
6962.774911,67.77,179.39,179.39
6962.791372,67.77,175.64,175.64
6962.808065,67.77,177.34,177.34
6962.825173,67.77,176.95,176.95
6962.841799,67.77,182.50,182.50
6962.857919,67.77,183.61,183.61
6962.874695,67.77,187.44,187.44
6962.890899,67.77,186.27,186.27
6962.908429,67.77,185.01,185.01
6962.924394,67.77,185.02,185.02
6962.941435,67.77,192.20,192.20
6962.958419,67.77,199.55,199.55
6962.975034,67.77,207.58,207.58
6962.991250,67.77,210.62,210.62
6963.008569,67.77,213.46,213.46
6963.024329,67.77,215.28,215.28
6963.040961,67.77,222.38,222.38
6963.058431,67.77,223.84,223.84
6963.075204,67.77,222.01,222.01
6963.091474,67.77,218.50,218.50
6963.110822,67.77,216.98,216.98
6963.125489,67.77,216.99,216.99
6963.142063,67.77,220.74,220.74
6963.158818,67.77,219.61,219.61
6963.176023,67.77,222.42,222.42
6963.194074,67.77,220.87,220.87
6963.208532,67.77,219.53,219.53
6963.227574,67.77,216.69,216.69
6963.242107,67.77,203.49,203.49
6963.258257,67.77,200.40,200.40
6963.274679,67.77,200.19,200.19
6963.292593,67.77,200.95,200.95
6963.308424,67.77,205.74,205.74
6963.328371,67.77,208.14,208.14
6963.342391,67.77,211.81,211.81
6963.359675,67.77,211.21,211.21
6963.376443,67.77,212.83,212.83
6963.392776,67.77,217.25,217.25
6963.409215,67.77,218.42,218.42
6963.424851,67.77,223.44,223.44
6963.442197,67.77,225.29,225.29
6963.458516,67.77,230.06,230.06
6963.477381,67.77,232.94,232.94
6963.492482,67.77,237.93,237.93
6963.508414,67.77,241.14,241.14
6963.529414,67.77,244.83,244.83
6963.541833,67.77,249.68,249.68
6963.559818,67.77,248.47,248.47
6963.577553,67.77,249.91,249.91
6963.591984,67.77,248.42,248.42
6963.608497,67.77,249.04,249.04
6963.625069,67.77,248.02,248.02
6963.643011,67.77,248.43,248.43
6963.658878,67.77,248.15,248.15
6963.677024,67.77,249.38,249.38
6963.691525,67.77,249.26,249.26
6963.708198,67.77,250.40,250.40
6963.724529,67.77,249.93,249.93
6963.741629,67.77,249.95,249.95
6963.757775,67.77,248.69,248.69
6963.775308,67.77,247.42,247.42
6963.791509,67.77,246.03,246.03
6963.808012,67.77,246.36,246.36
6963.825008,67.77,245.67,245.67
6963.842340,67.77,246.32,246.32
6963.858242,67.77,247.90,247.90
6963.875286,67.77,248.01,248.01
6963.891561,67.77,248.06,248.06
6963.908491,67.77,248.18,248.18
6963.942368,67.77,248.51,248.51
6963.958193,67.77,248.96,248.96
6963.975226,67.77,249.10,249.10
6963.991484,67.77,248.69,248.69
6964.008189,67.77,248.81,248.81
6964.025666,67.77,248.63,248.63
6964.042315,67.77,248.93,248.93
6964.058658,67.77,249.28,249.28
6964.075266,67.77,247.74,247.74
6964.091799,67.77,247.47,247.47
6964.108452,67.77,246.49,246.49
6964.125201,67.77,246.65,246.65
6964.142606,67.77,245.98,245.98
6964.158964,67.77,245.98,245.98
6964.175448,67.77,245.50,245.50
6964.192356,67.77,245.69,245.69
6964.208958,67.77,244.97,244.97
6964.226689,67.77,245.07,245.07
6964.244264,67.77,244.49,244.49
6964.258536,67.77,244.81,244.81
6964.274673,67.77,244.43,244.43
6964.291892,67.77,244.06,244.06
6964.308611,67.77,243.41,243.41
6964.325543,67.77,243.64,243.64
6964.342408,67.77,242.89,242.89
6964.358246,67.77,242.98,242.98
6964.375295,67.77,243.78,243.78
6964.391630,67.77,243.96,243.96
6964.409254,67.77,243.93,243.93
6964.425436,67.77,243.71,243.71
6964.441898,67.77,243.09,243.09
6964.458457,67.77,242.14,242.14
6964.475212,67.77,241.12,241.12
6964.491695,67.77,239.88,239.88
6964.508951,67.77,240.53,240.53
6964.525218,67.77,239.76,239.76
6964.541909,67.77,239.82,239.82
6964.558869,67.77,237.33,237.33
6964.575312,67.77,237.24,237.24
6964.592712,67.77,233.01,233.01
6964.608484,67.77,229.16,229.16
6964.625938,67.77,226.13,226.13
6964.642162,67.77,223.09,223.09
6964.659219,67.77,218.18,218.18
6964.675989,67.77,215.78,215.78
6964.692086,67.77,207.01,207.01
6964.711796,67.77,204.34,204.34
6964.725626,67.77,195.17,195.17
6964.742137,67.77,188.06,188.06
6964.759017,67.77,181.05,181.05
6964.775840,67.77,177.48,177.48
6964.791879,67.77,177.61,177.61
6964.808488,67.77,180.99,180.99
6964.825485,67.77,183.43,183.43
6964.844118,67.77,188.24,188.24
6964.858682,67.77,191.09,191.09
6964.876880,67.77,195.29,195.29
6964.892570,67.77,197.65,197.65
6964.909160,67.77,189.88,189.88
6964.925524,67.77,189.28,189.28
6964.942691,67.77,188.93,188.93
6964.958756,67.77,190.01,190.01
6964.976756,67.77,190.68,190.68
6964.991806,67.77,191.06,191.06
6965.009339,67.77,190.80,190.80
6965.025337,67.77,189.68,189.68
6965.042936,67.77,190.64,190.64
6965.058553,67.77,191.92,191.92
6965.075941,67.77,193.05,193.05
6965.091753,67.77,195.30,195.30
6965.109691,67.77,196.85,196.85
6965.125823,67.77,197.23,197.23
6965.146572,67.77,196.64,196.64
6965.159652,67.77,198.32,198.32
6965.176441,67.77,200.70,200.70
6965.197234,67.77,205.91,205.91
6965.213723,67.77,207.67,207.67
6965.227942,67.77,207.48,207.48
6965.244005,67.77,204.79,204.79
6965.261910,67.77,201.06,201.06
6965.277852,67.77,195.80,195.80
6965.295545,67.77,190.45,190.45
6965.312080,67.77,188.91,188.91
6965.328217,67.77,185.22,185.22
6965.345001,67.77,191.82,191.82
6965.363599,67.77,193.18,193.18
6965.378436,67.77,195.69,195.69
6965.394866,67.77,194.81,194.81
6965.413280,67.77,192.79,192.79
6965.428116,67.77,190.60,190.60
6965.445785,67.77,188.33,188.33
6965.465036,67.77,187.21,187.21
6965.477689,67.77,187.61,187.61
6965.497909,67.77,188.70,188.70
6965.511560,67.77,190.04,190.04
6965.527432,67.77,190.60,190.60
6965.546144,67.77,189.39,189.39
6965.559388,67.77,189.72,189.72
6965.576372,67.77,187.43,187.43
6965.592659,67.77,186.59,186.59
6965.609534,67.77,184.61,184.61
6965.625862,67.77,186.31,186.31
6965.642739,67.77,188.12,188.12
6965.661437,67.77,192.34,192.34
6965.679733,67.77,195.33,195.33
6965.693212,67.77,198.29,198.29
6965.710904,67.77,198.29,198.29
6965.749056,67.77,198.29,198.29
6965.760872,67.77,198.38,198.38
6965.773703,67.77,195.14,195.14
6965.813652,67.77,184.85,184.85
6965.824486,67.77,123.38,123.38
6965.857062,67.77,115.92,115.92
6965.871196,67.77,112.93,112.93
6965.893202,67.77,111.39,111.39
6965.903260,67.77,108.40,108.40
6965.914875,67.77,108.08,108.08
6965.931243,67.77,108.38,108.38
6965.940892,67.77,107.95,107.95
6965.955561,67.77,107.68,107.68
6965.966183,67.77,106.84,106.84
6965.977667,67.77,104.93,104.93
6965.992809,67.77,104.95,104.95
6966.004814,67.77,104.77,104.77
6966.019927,67.77,104.49,104.49
6966.043737,67.77,104.36,104.36
6966.062930,67.77,103.97,103.97
6966.073726,67.77,103.67,103.67
6966.089865,67.77,102.69,102.69
6966.099471,67.77,102.89,102.89
6966.109584,67.77,103.22,103.22
6966.125023,67.77,103.24,103.24
6966.138458,67.77,102.50,102.50
6966.155655,67.77,102.37,102.37
6966.163056,67.77,101.43,101.43
6966.173554,67.77,102.81,102.81
6966.190494,67.77,107.74,107.74
6966.198492,67.77,109.85,109.85
6966.210918,67.77,113.08,113.08
6966.231066,67.77,117.97,117.97
6966.243092,67.77,120.39,120.39
6966.258449,67.77,124.55,124.55
6966.276127,67.77,126.70,126.70
6966.288789,67.77,128.92,128.92
6966.306529,67.77,132.17,132.17
6966.315887,67.77,133.80,133.80
6966.327247,67.77,133.93,133.93
6966.339805,67.77,134.48,134.48
6966.358565,67.77,134.71,134.71
6966.372284,67.77,135.55,135.55
6966.394377,67.77,133.92,133.92
6966.405805,67.77,136.23,136.23
6966.416167,67.77,132.31,132.31
6966.442932,67.77,131.48,131.48
6966.454927,67.77,93.59,93.59
6966.464491,67.77,93.59,93.59
6966.482157,67.77,93.59,93.59
6966.490276,67.77,38.03,38.03
6966.504860,67.77,34.89,34.89
6966.514404,67.77,34.94,34.94
6966.528638,67.77,34.07,34.07
6966.533309,67.77,34.57,34.57
6966.539615,67.77,35.31,35.31
6966.552041,67.77,35.85,35.85
6966.560651,67.77,36.14,36.14
6966.571921,67.77,35.54,35.54
6966.583088,67.77,36.18,36.18
6966.595339,67.77,35.29,35.29
6966.605275,67.77,35.15,35.15
6966.616120,67.77,35.50,35.50
6966.627450,67.77,35.91,35.91
6966.638605,67.77,36.09,36.09
6966.653936,67.77,35.45,35.45
6966.662612,67.77,35.40,35.40
6966.676215,67.77,35.94,35.94
6966.688966,67.77,36.13,36.13
6966.697755,67.77,35.42,35.42
6966.709537,67.77,35.11,35.11
6966.725467,67.77,35.41,35.41
6966.733933,67.77,35.49,35.49
6966.739870,67.77,35.61,35.61
6966.750241,67.77,35.49,35.49
6966.761186,67.77,35.49,35.49
6966.794230,67.77,35.49,35.49
6966.827490,67.77,35.49,35.49
6966.834995,67.77,35.49,35.49
6966.852667,67.77,35.70,35.70
6966.869806,67.77,32.62,32.62
6966.879439,67.77,32.41,32.41
6966.888472,67.77,32.40,32.40
6966.897274,67.77,30.94,30.94
6966.907223,67.77,28.64,28.64
6966.918165,67.77,27.20,27.20
6966.928867,67.77,26.32,26.32
6966.942630,67.77,24.17,24.17
6966.954088,67.77,24.76,24.76
6966.965859,67.77,23.50,23.50
6966.976647,67.77,20.95,20.95
6966.988574,67.77,19.91,19.91
6966.997198,67.77,21.18,21.18
6967.010786,67.77,19.64,19.64
6967.023866,67.77,20.55,20.55
6967.032292,67.77,21.52,21.52
6967.044627,67.77,22.69,22.69
6967.052373,67.77,22.70,22.70
6967.062375,67.77,23.76,23.76
6967.073701,67.77,24.23,24.23
6967.085313,67.77,24.50,24.50
6967.096968,67.77,24.65,24.65
6967.107993,67.77,24.19,24.19
6967.118492,67.77,23.45,23.45
6967.128998,67.77,23.02,23.02
6967.140669,67.77,22.50,22.50
6967.152554,67.77,23.33,23.33
6967.162202,67.77,22.68,22.68
6967.172887,67.77,22.68,22.68
6967.185259,67.77,22.68,22.68
6967.194134,67.77,22.68,22.68
6967.216407,67.77,22.68,22.68
6967.227268,67.77,22.68,22.68
6967.237662,67.77,22.68,22.68
6967.249926,67.77,22.68,22.68
6967.261744,67.77,22.68,22.68
6967.273930,67.77,21.54,21.54
6967.284957,67.77,20.57,20.57
6967.296161,67.77,19.80,19.80
6967.307242,67.77,19.26,19.26
6967.318250,67.77,18.92,18.92
6967.329329,67.77,18.71,18.71
6967.340225,67.77,18.74,18.74
6967.351148,67.77,18.97,18.97
6967.362264,67.77,19.34,19.34
6967.374029,67.77,20.04,20.04
6967.384471,67.77,20.82,20.82
6967.396169,67.77,21.87,21.87
6967.406919,67.77,23.19,23.19
6967.417394,67.77,23.90,23.90
6967.427261,67.77,23.90,23.90
6967.438452,67.77,23.90,23.90
6967.449702,67.77,23.90,23.90
6967.460686,67.77,23.90,23.90
6967.474060,67.77,23.90,23.90
6967.482858,67.77,23.90,23.90
6967.494754,67.77,23.90,23.90
6967.508507,67.77,23.90,23.90
6967.516172,67.77,23.90,23.90
6967.527848,67.77,23.90,23.90
6967.538753,67.77,23.90,23.90
6967.550480,67.77,23.90,23.90
6967.560799,67.77,23.90,23.90
6967.571852,67.77,23.90,23.90
6967.583129,67.77,23.90,23.90
6967.594616,67.77,23.90,23.90
6967.605284,67.77,23.90,23.90
6967.616317,67.77,23.90,23.90
6967.627814,67.77,23.90,23.90
6967.638701,67.77,23.90,23.90
6967.650146,67.77,23.90,23.90
6968.438770,67.77,24.43,24.43
6968.450597,67.77,24.42,24.42
6968.462067,67.77,24.41,24.41
6968.472738,67.77,24.41,24.41
6968.484083,67.77,24.40,24.40
6968.495093,67.77,24.39,24.39
6968.506036,67.77,24.39,24.39
6968.516838,67.77,23.85,23.85
6968.528061,67.77,23.84,23.84
6968.538996,67.77,23.84,23.84
6968.550473,67.77,23.84,23.84
6968.561672,67.77,23.83,23.83
6968.572387,67.77,23.83,23.83
6968.583009,67.77,23.83,23.83
6968.595414,67.77,23.82,23.82
6968.605493,67.77,23.82,23.82
6968.616589,67.77,23.82,23.82
6968.627478,67.77,23.82,23.82
6968.638981,67.77,23.82,23.82
6968.650340,67.77,23.82,23.82
6968.661649,67.77,23.82,23.82
6968.672979,67.77,23.82,23.82
6968.683635,67.77,23.82,23.82
6968.694617,67.77,23.82,23.82
6968.705663,67.77,23.81,23.81
6968.805559,67.77,23.75,23