9580.058648,67.77,164.38,164.38
9580.064056,67.77,164.41,164.41
9580.088269,67.77,165.61,165.61
9580.101751,67.77,165.78,165.78
9580.122047,67.77,165.57,165.57
9580.135383,67.77,165.37,165.37
9580.155370,67.77,165.84,165.84
9580.186003,67.77,166.01,166.01
9580.201811,67.77,165.68,165.68
9580.219354,67.77,166.52,166.52
9580.236255,67.77,166.81,166.81
9580.253416,67.77,166.92,166.92
9580.268433,67.77,167.59,167.59
9580.287828,67.77,167.38,167.38
9580.303391,67.77,167.62,167.62
9580.321137,67.77,168.42,168.42
9580.336827,67.77,168.64,168.64
9580.354168,67.77,169.38,169.38
9580.368722,67.77,169.30,169.30
9580.387363,67.77,169.91,169.91
9580.402071,67.77,173.42,173.42
9580.421860,67.77,173.53,173.53
9580.437233,67.77,174.37,174.37
9580.454584,67.77,174.22,174.22
9580.470394,67.77,174.34,174.34
9580.488371,67.77,174.61,174.61
9580.503375,67.77,174.99,174.99
9580.520693,67.77,175.04,175.04
9580.539310,67.77,174.92,174.92
9580.552132,67.77,174.97,174.97
9580.567918,67.77,175.35,175.35
9580.588138,67.77,175.45,175.45
9580.603032,67.77,175.40,175.40
9580.621316,67.77,175.70,175.70
9580.635898,67.77,175.07,175.07
9580.653244,67.77,174.78,174.78
9580.668087,67.77,174.92,174.92
9580.688501,67.77,174.99,174.99
9580.702422,67.77,175.09,175.09
9580.720230,67.77,174.71,174.71
9580.755649,67.77,174.43,174.43
9580.769531,67.77,174.04,174.04
9580.790460,67.77,173.37,173.37
9580.806458,67.77,172.72,172.72
9580.835032,67.77,173.49,173.49
9580.852443,67.77,172.77,172.77
9580.867995,67.77,172.90,172.90
9580.887855,67.77,171.39,171.39
9580.904366,67.77,171.72,171.72
9580.920987,67.77,170.49,170.49
9580.938145,67.77,170.15,170.15
9580.954246,67.77,169.22,169.22
9580.969760,67.77,168.44,168.44
9580.987110,67.77,167.33,167.33
9581.002765,67.77,166.18,166.18
9581.021964,67.77,165.84,165.84
9581.036665,67.77,165.23,165.23
9581.055920,67.77,163.86,163.86
9581.070634,67.77,163.09,163.09
9581.088669,67.77,163.18,163.18
9581.122046,67.77,162.21,162.21
9581.136153,67.77,162.18,162.18
9581.154554,67.77,161.23,161.23
9581.169479,67.77,161.15,161.15
9581.188678,67.77,160.78,160.78
9581.202277,67.77,160.94,160.94
9581.224500,67.77,159.67,159.67
9581.236112,67.77,159.48,159.48
9581.252966,67.77,158.02,158.02
9581.268731,67.77,156.88,156.88
9581.285961,67.77,156.73,156.73
9581.327837,67.77,155.68,155.68
9581.354726,67.77,154.83,154.83
9581.369036,67.77,154.44,154.44
9581.388964,67.77,153.83,153.83
9581.403613,67.77,153.91,153.91
9581.421081,67.77,153.08,153.08
9581.436471,67.77,152.95,152.95
9581.454484,67.77,151.80,151.80
9581.469695,67.77,152.29,152.29
9581.487581,67.77,151.21,151.21
9581.506892,67.77,149.96,149.96
9581.520339,67.77,149.73,149.73
9581.553934,67.77,150.12,150.12
9581.567791,67.77,149.83,149.83
9581.585562,67.77,149.33,149.33
9581.602642,67.77,149.37,149.37
9581.621592,67.77,148.84,148.84
9581.635533,67.77,148.85,148.85
9581.655077,67.77,148.19,148.19
9581.669758,67.77,148.57,148.57
9581.688680,67.77,148.15,148.15
9581.703517,67.77,147.96,147.96
9581.722556,67.77,146.99,146.99
9581.754382,67.77,146.97,146.97
9581.769894,67.77,146.31,146.31
9581.786629,67.77,146.08,146.08
9581.801834,67.77,146.49,146.49
9581.818729,67.77,145.49,145.49
9581.836593,67.77,146.21,146.21
9581.853512,67.77,145.78,145.78
9581.868279,67.77,146.74,146.74
9581.887857,67.77,146.50,146.50
9581.904809,67.77,146.14,146.14
9581.922213,67.77,146.93,146.93
9581.936874,67.77,146.99,146.99
9581.954583,67.77,147.42,147.42
9581.968389,67.77,147.42,147.42
9581.987608,67.77,147.41,147.41
9582.002615,67.77,147.71,147.71
9582.020585,67.77,148.20,148.20
9582.035367,67.77,148.42,148.42
9582.055288,67.77,149.04,149.04
9582.089219,67.77,149.13,149.13
9582.102730,67.77,149.25,149.25
9582.120658,67.77,149.24,149.24
9582.136583,67.77,149.28,149.28
9582.154076,67.77,149.69,149.69
9582.169605,67.77,150.50,150.50
9582.185401,67.77,154.15,154.15
9582.202135,67.77,154.66,154.66
9582.222104,67.77,156.41,156.41
9582.237445,67.77,156.81,156.81
9582.270570,67.77,157.22,157.22
9582.287218,67.77,161.17,161.17
9582.304432,67.77,160.99,160.99
9582.322515,67.77,164.89,164.89
9582.336661,67.77,164.53,164.53
9582.351585,67.77,168.23,168.23
9582.370689,67.77,167.75,167.75
9582.388787,67.77,168.48,168.48
9582.404716,67.77,169.36,169.36
9582.425676,67.77,169.21,169.21
9582.434977,67.77,169.60,169.60
9582.453585,67.77,169.81,169.81
9582.468272,67.77,169.77,169.77
9582.489965,67.77,170.87,170.87
9582.505934,67.77,170.88,170.88
9582.536859,67.77,175.16,175.16
9582.554566,67.77,173.31,173.31
9582.585828,67.77,173.01,173.01
9582.601618,67.77,172.31,172.31
9582.623152,67.77,171.89,171.89
9582.639607,67.77,171.11,171.11
9582.651701,67.77,170.46,170.46
9582.689939,67.77,173.56,173.56
9582.703305,67.77,173.58,173.58
9582.719625,67.77,173.83,173.83
9582.737939,67.77,173.47,173.47
9582.754948,67.77,172.73,172.73
9582.769144,67.77,172.86,172.86
9582.788304,67.77,172.54,172.54
9582.804823,67.77,172.72,172.72
9582.829708,67.77,172.74,172.74
9582.837868,67.77,172.98,172.98
9582.854001,67.77,173.42,173.42
9582.890838,67.77,173.44,173.44
9582.906599,67.77,173.25,173.25
9582.919569,67.77,173.46,173.46
9582.937096,67.77,173.65,173.65
9582.955913,67.77,173.81,173.81
9582.966767,67.77,173.91,173.91
9582.985020,67.77,173.93,173.93
9583.002235,67.77,173.42,173.42
9583.018698,67.77,172.71,172.71
9583.053047,67.77,173.67,173.67
9583.069557,67.77,173.73,173.73
9583.089930,67.77,173.88,173.88
9583.104635,67.77,174.00,174.00
9583.124994,67.77,174.00,174.00
9583.135829,67.77,174.39,174.39
9583.152725,67.77,174.22,174.22
9583.167393,67.77,174.96,174.96
9583.183496,67.77,175.17,175.17
9583.199446,67.77,175.21,175.21
9583.221949,67.77,175.08,175.08
9583.249691,67.77,174.66,174.66
9583.267248,67.77,175.28,175.28
9583.282594,67.77,174.50,174.50
9583.308362,67.77,174.99,174.99
9583.316779,67.77,175.44,175.44
9583.333260,67.77,175.73,175.73
9583.349899,67.77,175.77,175.77
9583.367163,67.77,176.26,176.26
9583.384003,67.77,176.78,176.78
9583.401057,67.77,176.65,176.65
9583.423032,67.77,176.71,176.71
9583.437873,67.77,177.40,177.40
9583.454186,67.77,177.59,177.59
9583.466075,67.77,177.65,177.65
9583.483784,67.77,178.63,178.63
9583.504345,67.77,178.59,178.59
9583.533441,67.77,178.65,178.65
9583.550883,67.77,178.59,178.59
9583.567462,67.77,177.87,177.87
9583.584975,67.77,177.98,177.98
9583.606667,67.77,178.13,178.13
9583.624873,67.77,177.77,177.77
9583.633972,67.77,177.81,177.81
9583.656485,67.77,177.86,177.86
9583.682991,67.77,177.41,177.41
9583.699669,67.77,177.28,177.28
9583.717594,67.77,176.37,176.37
9583.749605,67.77,176.60,176.60
9583.766220,67.77,179.73,179.73
9583.782855,67.77,180.09,180.09
9583.801353,67.77,178.72,178.72
9583.819309,67.77,178.99,178.99
9583.836599,67.77,178.02,178.02
9583.856735,67.77,177.71,177.71
9583.872853,67.77,177.44,177.44
9583.884609,67.77,177.36,177.36
9583.899337,67.77,176.41,176.41
9583.916644,67.77,176.72,176.72
9583.933409,67.77,175.87,175.87
9583.949997,67.77,175.82,175.82
9583.966013,67.77,175.52,175.52
9583.983508,67.77,175.51,175.51
9584.001945,67.77,175.52,175.52
9584.016417,67.77,175.36,175.36
9584.032704,67.77,176.26,176.26
9584.050243,67.77,175.81,175.81
9584.066252,67.77,175.27,175.27
9584.082332,67.77,176.08,176.08
9584.100238,67.77,174.29,174.29
9584.117683,67.77,175.07,175.07
9584.149936,67.77,175.39,175.39
9584.166429,67.77,175.54,175.54
9584.183486,67.77,175.69,175.69
9584.199730,67.77,175.60,175.60
9584.249736,67.77,175.83,175.83
9584.273773,67.77,174.92,174.92
9584.292068,67.77,173.88,173.88
9584.308443,67.77,173.67,173.67
9584.334035,67.77,173.15,173.15
9584.350358,67.77,173.46,173.46
9584.367578,67.77,173.44,173.44
9584.389553,67.77,173.36,173.36
9584.405849,67.77,173.44,173.44
9584.421883,67.77,173.23,173.23
9584.434295,67.77,172.94,172.94
9584.450113,67.77,173.68,173.68
9584.467018,67.77,172.79,172.79
9584.483063,67.77,172.81,172.81
9584.500555,67.77,173.24,173.24
9584.517265,67.77,173.55,173.55
9584.533210,67.77,173.71,173.71
9584.551202,67.77,173.81,173.81
9584.566650,67.77,173.86,173.86
9584.591238,67.77,173.84,173.84
9584.600428,67.77,173.54,173.54
9584.616546,67.77,173.28,173.28
9584.649879,67.77,172.05,172.05
9584.666297,67.77,171.50,171.50
9584.688202,67.77,171.43,171.43
9584.700582,67.77,171.93,171.93
9584.716483,67.77,171.32,171.32
9584.733081,67.77,170.72,170.72
9584.749649,67.77,170.14,170.14
9584.766864,67.77,169.39,169.39
9584.783530,67.77,168.95,168.95
9584.800834,67.77,168.33,168.33
9584.816888,67.77,168.07,168.07
9584.833914,67.77,167.49,167.49
9584.849958,67.77,166.96,166.96
9584.866468,67.77,166.73,166.73
9584.882804,67.77,166.76,166.76
9584.899681,67.77,166.71,166.71
9584.916265,67.77,166.83,166.83
9584.932618,67.77,166.49,166.49
9584.949696,67.77,166.72,166.72
9584.966562,67.77,166.37,166.37
9584.991895,67.77,166.02,166.02
9585.005599,67.77,165.89,165.89
9585.017748,67.77,165.89,165.89
9585.034458,67.77,165.68,165.68
9585.067142,67.77,165.42,165.42
9585.083625,67.77,165.70,165.70
9585.099435,67.77,165.93,165.93
9585.118214,67.77,165.14,165.14
9585.133092,67.77,164.92,164.92
9585.149974,67.77,164.02,164.02
9585.166535,67.77,164.16,164.16
9585.182755,67.77,163.37,163.37
9585.198812,67.77,163.23,163.23
9585.216597,67.77,162.87,162.87
9585.233578,67.77,162.87,162.87
9585.266749,67.77,161.08,161.08
9585.283183,67.77,159.81,159.81
9585.300344,67.77,159.80,159.80
9585.317069,67.77,159.67,159.67
9585.334444,67.77,159.65,159.65
9585.350577,67.77,159.71,159.71
9585.373869,67.77,159.76,159.76
9585.384941,67.77,159.25,159.25
9585.398754,67.77,159.08,159.08
9585.416738,67.77,159.14,159.14
9585.432918,67.77,159.02,159.02
9585.448794,67.77,159.10,159.10
9585.466545,67.77,159.07,159.07
9585.483583,67.77,159.32,159.32
9585.500859,67.77,159.49,159.49
9585.516895,67.77,159.64,159.64
9585.533780,67.77,159.77,159.77
9585.551867,67.77,159.99,159.99
9585.568336,67.77,160.30,160.30
9585.583112,67.77,160.65,160.65
9585.599145,67.77,161.17,161.17
9585.616899,67.77,161.25,161.25
9585.649325,67.77,162.59,162.59
9585.665384,67.77,163.58,163.58
9585.683058,67.77,164.08,164.08
9585.699946,67.77,165.01,165.01
9585.716286,67.77,166.15,166.15
9585.733435,67.77,166.84,166.84
9585.750930,67.77,167.89,167.89
9585.765992,67.77,169.03,169.03
9585.784146,67.77,169.79,169.79
9585.799457,67.77,170.84,170.84
9585.817010,67.77,171.72,171.72
9585.851121,67.77,172.19,172.19
9585.866395,67.77,174.31,174.31
9585.883044,67.77,174.70,174.70
9585.900882,67.77,177.39,177.39
9585.917076,67.77,181.29,181.29
9585.933244,67.77,181.63,181.63
9585.951220,67.77,181.61,181.61
9585.965743,67.77,181.82,181.82
9585.982908,67.77,182.10,182.10
9585.999760,67.77,182.11,182.11
9586.016257,67.77,182.36,182.36
9586.034760,67.77,182.41,182.41
9586.050570,67.77,183.46,183.46
9586.071851,67.77,182.99,182.99
9586.083752,67.77,185.87,185.87
9586.100476,67.77,185.71,185.71
9586.125860,67.77,185.47,185.47
9586.132269,67.77,185.32,185.32
9586.150288,67.77,185.07,185.07
9586.166118,67.77,184.64,184.64
9586.182114,67.77,184.61,184.61
9586.198974,67.77,184.64,184.64
9586.217633,67.77,184.13,184.13
9586.232461,67.77,184.23,184.23
9586.248885,67.77,187.03,187.03
9586.265227,67.77,187.33,187.33
9586.283861,67.77,187.10,187.10
9586.300136,67.77,187.08,187.08
9586.318573,67.77,186.26,186.26
9586.332941,67.77,186.29,186.29
9586.350507,67.77,185.84,185.84
9586.366209,67.77,185.46,185.46
9586.383824,67.77,185.53,185.53
9586.402357,67.77,185.16,185.16
9586.416888,67.77,185.17,185.17
9586.434480,67.77,184.55,184.55
9586.450734,67.77,184.30,184.30
9586.467467,67.77,184.44,184.44
9586.482738,67.77,184.13,184.13
9586.500660,67.77,184.31,184.31
9586.517655,67.77,183.96,183.96
9586.533381,67.77,184.51,184.51
9586.549563,67.77,184.11,184.11
9586.568010,67.77,184.74,184.74
9586.582703,67.77,184.40,184.40
9586.599605,67.77,185.01,185.01
9586.615968,67.77,184.40,184.40
9586.632466,67.77,184.66,184.66
9586.650014,67.77,183.43,183.43
9586.665252,67.77,183.70,183.70
9586.683462,67.77,182.37,182.37
9586.699114,67.77,182.04,182.04
9586.717972,67.77,181.93,181.93
9586.734927,67.77,182.60,182.60
9586.750470,67.77,182.64,182.64
9586.766599,67.77,182.82,182.82
9586.782607,67.77,182.11,182.11
9586.801744,67.77,182.44,182.44
9586.816373,67.77,181.81,181.81
9586.836255,67.77,181.63,181.63
9586.848558,67.77,180.32,180.32
9586.869816,67.77,180.70,180.70
9586.882227,67.77,179.79,179.79
9586.899500,67.77,179.39,179.39
9586.931694,67.77,178.41,178.41
9586.951846,67.77,178.56,178.56
9586.966143,67.77,178.38,178.38
9586.985936,67.77,177.38,177.38
9587.003959,67.77,176.91,176.91
9587.015887,67.77,176.87,176.87
9587.037468,67.77,177.02,177.02
9587.064960,67.77,176.96,176.96
9587.082563,67.77,176.96,176.96
9587.104353,67.77,177.08,177.08
9587.117995,67.77,176.86,176.86
9587.131936,67.77,176.52,176.52
9587.150980,67.77,176.43,176.43
9587.166536,67.77,176.12,176.12
9587.181444,67.77,176.24,176.24
9587.199443,67.77,176.00,176.00
9587.214969,67.77,176.00,176.00
9587.232597,67.77,175.23,175.23
9587.247338,67.77,174.85,174.85
9587.266252,67.77,174.29,174.29
9587.281754,67.77,173.94,173.94
9587.300448,67.77,173.85,173.85
9587.318978,67.77,173.71,173.71
9587.336535,67.77,173.50,173.50
9587.347958,67.77,173.04,173.04
9587.364974,67.77,173.05,173.05
9587.384725,67.77,172.76,172.76
9587.399458,67.77,172.34,172.34
9587.414831,67.77,172.42,172.42
9587.431783,67.77,172.38,172.38
9587.448559,67.77,171.75,171.75
9587.466350,67.77,171.52,171.52
9587.481726,67.77,171.43,171.43
9587.515262,67.77,170.53,170.53
9587.531161,67.77,170.30,170.30
9587.560234,67.77,169.88,169.88
9587.576519,67.77,169.05,169.05
9587.587369,67.77,168.60,168.60
9587.598805,67.77,167.80,167.80
9587.615851,67.77,167.09,167.09
9587.631010,67.77,166.01,166.01
9587.651153,67.77,168.90,168.90
9587.664397,67.77,169.12,169.12
9587.682115,67.77,169.05,169.05
9587.699750,67.77,168.50,168.50
9587.716072,67.77,167.81,167.81
9587.732209,67.77,167.44,167.44
9587.750619,67.77,166.60,166.60
9587.768347,67.77,166.19,166.19
9587.781283,67.77,165.74,165.74
9587.799421,67.77,165.60,165.60
9587.815042,67.77,165.47,165.47
9587.833318,67.77,165.43,165.43
9587.848131,67.77,165.44,165.44
9587.868493,67.77,164.64,164.64
9587.882298,67.77,163.58,163.58
9587.898429,67.77,163.28,163.28
9587.916441,67.77,162.27,162.27
9587.932757,67.77,162.54,162.54
9587.947889,67.77,161.18,161.18
9587.965999,67.77,160.80,160.80
9587.983944,67.77,160.29,160.29
9588.001371,67.77,159.90,159.90
9588.016405,67.77,158.09,158.09
9588.037115,67.77,158.29,158.29
9588.050195,67.77,157.49,157.49
9588.064882,67.77,157.75,157.75
9588.081191,67.77,157.11,157.11
9588.098203,67.77,157.08,157.08
9588.117799,67.77,156.75,156.75
9588.132559,67.77,156.67,156.67
9588.147794,67.77,155.20,155.20
9588.164788,67.77,155.72,155.72
9588.181633,67.77,154.74,154.74
9588.199696,67.77,154.52,154.52
9588.216058,67.77,154.86,154.86
9588.231688,67.77,154.59,154.59
9588.251597,67.77,154.34,154.34
9588.281104,67.77,154.25,154.25
9588.297817,67.77,153.43,153.43
9588.314782,67.77,153.03,153.03
9588.334044,67.77,152.54,152.54
9588.348055,67.77,152.48,152.48
9588.366242,67.77,152.07,152.07
9588.381545,67.77,152.01,152.01
9588.400221,67.77,151.55,151.55
9588.414687,67.77,151.30,151.30
9588.433107,67.77,150.37,150.37
9588.447923,67.77,149.95,149.95
9588.465595,67.77,150.21,150.21
9588.480879,67.77,149.57,149.57
9588.498067,67.77,149.35,149.35
9588.516942,67.77,151.41,151.41
9588.532857,67.77,150.91,150.91
9588.567614,67.77,151.02,151.02
9588.582963,67.77,150.37,150.37
9588.599244,67.77,149.73,149.73
9588.614612,67.77,149.72,149.72
9588.647983,67.77,148.23,148.23
9588.664715,67.77,147.90,147.90
9588.680326,67.77,146.87,146.87
9588.698948,67.77,146.59,146.59
9588.714369,67.77,145.41,145.41
9588.735405,67.77,144.47,144.47
9588.747547,67.77,146.91,146.91
9588.766792,67.77,146.07,146.07
9588.781181,67.77,147.05,147.05
9588.802216,67.77,145.96,145.96
9588.815486,67.77,145.46,145.46
9588.865171,67.77,143.81,143.81
9588.881531,67.77,142.74,142.74
9588.898983,67.77,141.62,141.62
9588.915406,67.77,140.60,140.60
9588.932162,67.77,140.17,140.17
9588.949804,67.77,142.81,142.81
9588.964835,67.77,141.99,141.99
9588.981548,67.77,141.69,141.69
9588.999728,67.77,141.25,141.25
9589.014283,67.77,140.87,140.87
9589.048299,67.77,140.51,140.51
9589.066833,67.77,139.70,139.70
9589.081939,67.77,139.30,139.30
9589.102780,67.77,139.04,139.04
9589.117910,67.77,138.89,138.89
9589.134047,67.77,138.71,138.71
9589.152730,67.77,138.66,138.66
9589.166119,67.77,138.31,138.31
9589.180974,67.77,138.77,138.77
9589.200286,67.77,138.98,138.98
9589.214269,67.77,138.96,138.96
9589.232133,67.77,139.55,139.55
9589.248081,67.77,139.57,139.57
9589.264429,67.77,139.92,139.92
9589.280925,67.77,139.73,139.73
9589.301194,67.77,140.56,140.56
9589.315182,67.77,141.21,141.21
9589.332214,67.77,140.60,140.60
9589.349419,67.77,141.44,141.44
9589.366091,67.77,142.06,142.06
9589.381081,67.77,140.51,140.51
9589.399906,67.77,140.57,140.57
9589.414920,67.77,140.01,140.01
9589.438877,67.77,140.19,140.19
9589.448350,67.77,137.71,137.71
9589.480471,67.77,137.52,137.52
9589.498982,67.77,137.52,137.52
9589.516037,67.77,137.45,137.45
9589.533302,67.77,138.22,138.22
9589.548499,67.77,138.37,138.37
9589.565349,67.77,138.28,138.28
9589.587273,67.77,138.95,138.95
9589.598620,67.77,139.69,139.69
9589.615606,67.77,139.06,139.06
9589.648040,67.77,138.62,138.62
9589.666612,67.77,139.40,139.40
9589.680371,67.77,143.32,143.32
9589.799515,67.77,142.58,142.58
9589.815899,67.77,143.95,143.95
9589.832426,67.77,143.49,143.49
9589.865485,67.77,142.20,142.20
9589.878967,67.77,144.13,144.13
9589.901900,67.77,146.30,146.30
9589.918921,67.77,148.53,148.53
9589.933052,67.77,150.74,150.74
9589.956131,67.77,156.27,156.27
9589.968588,67.77,157.22,157.22
9589.982567,67.77,157.66,157.66
9590.002736,67.77,158.81,158.81
9590.015818,67.77,153.54,153.54
9590.034435,67.77,154.35,154.35
9590.049309,67.77,154.44,154.44
9590.067306,67.77,154.32,154.32
9590.082096,67.77,155.73,155.73
9590.099012,67.77,155.02,155.02
9590.116448,67.77,156.55,156.55
9590.137664,67.77,155.72,155.72
9590.150558,67.77,154.95,154.95
9590.166784,67.77,152.28,152.28
9590.182540,67.77,149.88,149.88
9590.200965,67.77,147.20,147.20
9590.220996,67.77,144.49,144.49
9590.257816,67.77,143.96,143.96
9590.273118,67.77,143.90,143.90
9590.288328,67.77,143.81,143.81
9590.304074,67.77,143.14,143.14
9590.318439,67.77,143.53,143.53
9590.332884,67.77,143.63,143.63
9590.349130,67.77,142.96,142.96
9590.368081,67.77,142.29,142.29
9590.382918,67.77,142.82,142.82
9590.414482,67.77,142.98,142.98
9590.445917,67.77,143.48,143.48
9590.458820,67.77,143.71,143.71
9590.472608,67.77,143.82,143.82
9590.487508,67.77,143.90,143.90
9590.500328,67.77,143.71,143.71
9590.531863,67.77,143.26,143.26
9590.549166,67.77,143.03,143.03
9590.567413,67.77,143.30,143.30
9590.586742,67.77,143.82,143.82
9590.599526,67.77,144.21,144.21
9590.616665,67.77,144.47,144.47
9590.634928,67.77,145.16,145.16
9590.650048,67.77,144.62,144.62
9590.667183,67.77,144.84,144.84
9590.685561,67.77,144.93,144.93
9590.704051,67.77,145.67,145.67
9590.717948,67.77,146.53,146.53
9590.732472,67.77,143.73,143.73
9590.767070,67.77,144.05,144.05
9590.781688,67.77,145.82,145.82
9590.799516,67.77,146.57,146.57
9590.816217,67.77,147.46,147.46
9590.834203,67.77,147.45,147.45
9590.866252,67.77,147.87,147.87
9590.881240,67.77,147.76,147.76
9590.899605,67.77,147.50,147.50
9590.915465,67.77,147.54,147.54
9590.935782,67.77,148.14,148.14
9590.949040,67.77,148.81,148.81
9590.975056,67.77,149.00,149.00
9590.981016,67.77,149.66,149.66
9591.000957,67.77,150.28,150.28
9591.016042,67.77,150.49,150.49
9591.035182,67.77,151.36,151.36
9591.050711,67.77,150.68,150.68
9591.066330,67.77,151.30,151.30
9591.082694,67.77,150.68,150.68
9591.098801,67.77,150.56,150.56
9591.116160,67.77,151.09,151.09
9591.136332,67.77,152.51,152.51
9591.151131,67.77,152.21,152.21
9591.166318,67.77,153.73,153.73
9591.200540,67.77,152.89,152.89
9591.216913,67.77,153.26,153.26
9591.232149,67.77,152.01,152.01
9591.258717,67.77,152.05,152.05
9591.281578,67.77,150.83,150.83
9591.298693,67.77,151.40,151.40
9591.323371,67.77,151.43,151.43
9591.368199,67.77,150.92,150.92
9591.383546,67.77,151.42,151.42
9591.400131,67.77,151.12,151.12
9591.415642,67.77,150.39,150.39
9591.436116,67.77,150.62,150.62
9591.449908,67.77,150.46,150.46
9591.465383,67.77,150.83,150.83
9591.483359,67.77,150.20,150.20
9591.503750,67.77,150.51,150.51
9591.516274,67.77,150.54,150.54
9591.537060,67.77,150.81,150.81
9591.565612,67.77,150.92,150.92
9591.589182,67.77,151.12,151.12
9591.603491,67.77,152.24,152.24
9591.616727,67.77,152.83,152.83
9591.651282,67.77,153.21,153.21
9591.668620,67.77,154.40,154.40
9591.682830,67.77,154.57,154.57
9591.698542,67.77,155.84,155.84
9591.716925,67.77,155.46,155.46
9591.735779,67.77,155.25,155.25
9591.751161,67.77,155.08,155.08
9591.767235,67.77,156.13,156.13
9591.782655,67.77,155.40,155.40
9591.796707,67.77,155.40,155.40
9591.816993,67.77,155.75,155.75
9591.833400,67.77,155.58,155.58
9591.849276,67.77,155.10,155.10
9591.867106,67.77,155.94,155.94
9591.883316,67.77,156.19,156.19
9591.904060,67.77,156.49,156.49
9591.915359,67.77,156.35,156.35
9591.931257,67.77,156.05,156.05
9591.969909,67.77,155.70,155.70
9591.983302,67.77,155.87,155.87
9592.001385,67.77,155.84,155.84
9592.018274,67.77,156.38,156.38
9592.033741,67.77,156.92,156.92
9592.050281,67.77,156.93,156.93
9592.065291,67.77,156.47,156.47
9592.083232,67.77,156.81,156.81
9592.102333,67.77,156.89,156.89
9592.115812,67.77,157.59,157.59
9592.146914,67.77,157.35,157.35
9592.166273,67.77,157.31,157.31
9592.181373,67.77,156.98,156.98
9592.196083,67.77,157.13,157.13
9592.213245,67.77,156.86,156.86
9592.236927,67.77,156.54,156.54
9592.247193,67.77,157.08,157.08
9592.265988,67.77,160.29,160.29
9592.282571,67.77,159.31,159.31
9592.300269,67.77,160.54,160.54
9592.316020,67.77,159.96,159.96
9592.331993,67.77,159.96,159.96
9592.349716,67.77,160.34,160.34
9592.365440,67.77,160.66,160.66
9592.381826,67.77,160.57,160.57
9592.397237,67.77,160.44,160.44
9592.416505,67.77,160.44,160.44
9592.449367,67.77,160.26,160.26
9592.468111,67.77,162.94,162.94
9592.485058,67.77,162.61,162.61
9592.497642,67.77,162.69,162.69
9592.515094,67.77,162.49,162.49
9592.533398,67.77,162.46,162.46
9592.551314,67.77,162.00,162.00
9592.566522,67.77,162.05,162.05
9592.585680,67.77,161.56,161.56
9592.599147,67.77,160.91,160.91
9592.614854,67.77,160.27,160.27
9592.648377,67.77,159.87,159.87
9592.664508,67.77,160.13,160.13
9592.680487,67.77,162.02,162.02
9592.696938,67.77,161.87,161.87
9592.717295,67.77,161.42,161.42
9592.733347,67.77,161.01,161.01
9592.749881,67.77,161.14,161.14
9592.764191,67.77,161.41,161.41
9592.781315,67.77,161.61,161.61
9592.800683,67.77,161.38,161.38
9592.819133,67.77,161.20,161.20
9592.830542,67.77,161.12,161.12
9592.846148,67.77,161.12,161.12
9592.863825,67.77,161.24,161.24
9592.882891,67.77,160.86,160.86
9592.898542,67.77,160.92,160.92
9592.915337,67.77,160.82,160.82
9592.929225,67.77,160.06,160.06
9592.949752,67.77,159.52,159.52
9592.965963,67.77,159.55,159.55
9592.983220,67.77,159.76,159.76
9593.003754,67.77,159.61,159.61
9593.017794,67.77,160.05,160.05
9593.062348,67.77,159.83,159.83
9593.086501,67.77,159.45,159.45
9593.100444,67.77,159.26,159.26
9593.115212,67.77,159.03,159.03
9593.135846,67.77,158.48,158.48
9593.147501,67.77,158.27,158.27
9593.168891,67.77,158.09,158.09
9593.179136,67.77,157.35,157.35
9593.196253,67.77,157.20,157.20
9593.212660,67.77,156.63,156.63
9593.229934,67.77,156.11,156.11
9593.246403,67.77,155.60,155.60
9593.262463,67.77,155.09,155.09
9593.279375,67.77,155.20,155.20
9593.296223,67.77,155.34,155.34
9593.313448,67.77,154.64,154.64
9593.330679,67.77,153.84,153.84
9593.350166,67.77,153.69,153.69
9593.365028,67.77,153.25,153.25
9593.379385,67.77,153.48,153.48
9593.402870,67.77,153.41,153.41
9593.415568,67.77,153.32,153.32
9593.432829,67.77,153.50,153.50
9593.446942,67.77,153.47,153.47
9593.465004,67.77,153.33,153.33
9593.479447,67.77,153.39,153.39
9593.497190,67.77,153.26,153.26
9593.513784,67.77,153.00,153.00
9593.534270,67.77,153.01,153.01
9593.550210,67.77,153.25,153.25
9593.579691,67.77,153.04,153.04
9593.599200,67.77,153.00,153.00
9593.612357,67.77,152.89,152.89
9593.650593,67.77,152.66,152.66
9593.662948,67.77,152.94,152.94
9593.681431,67.77,153.06,153.06
9593.703723,67.77,153.26,153.26
9593.714738,67.77,152.98,152.98
9593.729406,67.77,152.64,152.64
9593.762544,67.77,152.50,152.50
9593.781323,67.77,153.18,153.18
9593.801010,67.77,153.01,153.01
9593.816457,67.77,152.93,152.93
9593.835338,67.77,153.02,153.02
9593.862338,67.77,153.20,153.20
9593.879665,67.77,153.20,153.20
9593.897978,67.77,152.99,152.99
9593.913358,67.77,152.96,152.96
9593.931741,67.77,153.19,153.19
9593.946691,67.77,153.40,153.40
9593.962139,67.77,153.56,153.56
9593.984864,67.77,153.22,153.22
9593.998336,67.77,153.03,153.03
9594.012244,67.77,153.68,153.68
9594.029336,67.77,153.51,153.51
9594.046054,67.77,153.60,153.60
9594.063129,67.77,153.53,153.53
9594.079891,67.77,153.12,153.12
9594.098821,67.77,153.29,153.29
9594.117481,67.77,152.23,152.23
9594.130333,67.77,152.37,152.37
9594.150492,67.77,152.29,152.29
9594.164047,67.77,152.21,152.21
9594.180563,67.77,152.27,152.27
9594.195871,67.77,152.75,152.75
9594.213167,67.77,152.77,152.77
9594.229986,67.77,152.92,152.92
9594.248594,67.77,152.05,152.05
9594.279669,67.77,151.98,151.98
9594.296339,67.77,152.73,152.73
9594.312450,67.77,153.12,153.12
9594.329864,67.77,153.26,153.26
9594.345640,67.77,152.93,152.93
9594.363303,67.77,154.10,154.10
9594.379559,67.77,154.03,154.03
9594.396732,67.77,153.97,153.97
9594.412615,67.77,154.08,154.08
9594.430678,67.77,154.20,154.20
9594.462613,67.77,154.15,154.15
9594.479123,67.77,154.48,154.48
9594.496102,67.77,154.61,154.61
9594.512951,67.77,154.75,154.75
9594.529789,67.77,155.13,155.13
9594.546139,67.77,155.38,155.38
9594.562281,67.77,154.71,154.71
9594.579716,67.77,154.69,154.69
9594.596422,67.77,154.17,154.17
9594.614208,67.77,154.15,154.15
9594.629886,67.77,153.45,153.45
9594.680219,67.77,152.64,152.64
9594.696358,67.77,152.52,152.52
9594.714777,67.77,152.30,152.30
9594.730562,67.77,152.52,152.52
9594.752537,67.77,152.73,152.73
9594.770443,67.77,152.78,152.78
9594.789383,67.77,153.06,153.06
9594.805960,67.77,152.78,152.78
9594.823404,67.77,152.65,152.65
9594.829849,67.77,152.64,152.64
9594.853751,67.77,153.07,153.07
9594.869509,67.77,152.96,152.96
9594.885237,67.77,153.07,153.07
9594.895199,67.77,153.58,153.58
9594.913081,67.77,153.77,153.77
9594.928537,67.77,154.01,154.01
9594.946403,67.77,153.92,153.92
9594.962247,67.77,154.20,154.20
9594.978877,67.77,154.56,154.56
9594.996610,67.77,154.60,154.60
9595.012098,67.77,154.74,154.74
9595.030836,67.77,153.95,153.95
9595.046925,67.77,153.80,153.80
9595.062929,67.77,151.53,151.53
9595.080040,67.77,151.04,151.04
9595.095647,67.77,151.12,151.12
9595.113519,67.77,151.03,151.03
9595.133306,67.77,150.99,150.99
9595.147005,67.77,150.84,150.84
9595.179145,67.77,150.86,150.86
9595.195683,67.77,150.71,150.71
9595.230336,67.77,150.81,150.81
9595.250640,67.77,150.95,150.95
9595.263581,67.77,151.32,151.32
9595.278711,67.77,151.09,151.09
9595.295614,67.77,151.58,151.58
9595.311618,67.77,152.40,152.40
9595.330515,67.77,155.69,155.69
9595.346666,67.77,157.43,157.43
9595.363209,67.77,159.07,159.07
9595.379510,67.77,160.22,160.22
9595.396836,67.77,160.82,160.82
9595.413351,67.77,161.50,161.50
9595.431175,67.77,161.74,161.74
9595.446897,67.77,162.27,162.27
9595.463490,67.77,162.99,162.99
9595.479693,67.77,163.16,163.16
9595.496232,67.77,163.14,163.14
9595.511693,67.77,163.18,163.18
9595.531014,67.77,163.18,163.18
9595.547537,67.77,163.21,163.21
9595.562621,67.77,163.22,163.22
9595.579835,67.77,162.47,162.47
9595.595146,67.77,161.43,161.43
9595.612877,67.77,159.03,159.03
9595.629443,67.77,156.45,156.45
9595.647554,67.77,154.27,154.27
9595.664315,67.77,152.65,152.65
9595.680279,67.77,152.73,152.73
9595.696654,67.77,152.68,152.68
9595.713132,67.77,155.73,155.73
9595.729953,67.77,155.91,155.91
9595.746505,67.77,156.39,156.39
9595.762091,67.77,156.66,156.66
9595.780157,67.77,156.13,156.13
9595.795113,67.77,155.55,155.55
9595.812319,67.77,155.55,155.55
9595.829636,67.77,155.44,155.44
9595.847035,67.77,155.41,155.41
9595.863441,67.77,154.99,154.99
9595.880035,67.77,154.81,154.81
9595.895918,67.77,155.23,155.23
9595.913051,67.77,155.14,155.14
9595.928167,67.77,155.31,155.31
9595.962285,67.77,158.36,158.36
9595.979103,67.77,158.25,158.25
9595.996815,67.77,158.69,158.69
9596.011017,67.77,158.40,158.40
9596.033555,67.77,158.97,158.97
9596.046318,67.77,158.78,158.78
9596.062169,67.77,159.10,159.10
9596.079545,67.77,158.71,158.71
9596.097131,67.77,158.58,158.58
9596.112041,67.77,158.60,158.60
9596.130954,67.77,158.61,158.61
9596.145506,67.77,158.52,158.52
9596.163082,67.77,158.72,158.72
9596.177891,67.77,158.51,158.51
9596.195661,67.77,158.36,158.36
9596.212102,67.77,158.25,158.25
9596.228731,67.77,158.20,158.20
9596.246102,67.77,158.15,158.15
9596.262931,67.77,158.12,158.12
9596.285020,67.77,157.94,157.94
9596.296765,67.77,157.89,157.89
9596.312202,67.77,157.99,157.99
9596.328777,67.77,157.84,157.84
9596.344555,67.77,157.96,157.96
9596.363920,67.77,157.88,157.88
9596.377931,67.77,158.00,158.00
9596.395699,67.77,157.97,157.97
9596.412469,67.77,157.91,157.91
9596.428481,67.77,158.15,158.15
9596.445573,67.77,158.12,158.12
9596.463386,67.77,157.92,157.92
9596.479668,67.77,157.70,157.70
9596.495526,67.77,157.56,157.56
9596.513247,67.77,157.79,157.79
9596.528991,67.77,157.70,157.70
9596.561708,67.77,157.51,157.51
9596.578140,67.77,157.20,157.20
9596.594316,67.77,157.30,157.30
9596.611427,67.77,157.56,157.56
9596.629552,67.77,157.37,157.37
9596.647063,67.77,157.46,157.46
9596.662253,67.77,157.53,157.53
9596.679801,67.77,157.50,157.50
9596.695751,67.77,157.43,157.43
9596.712982,67.77,157.42,157.42
9596.728051,67.77,157.44,157.44
9596.746395,67.77,157.64,157.64
9596.762512,67.77,157.62,157.62
9596.779734,67.77,157.45,157.45
9596.797122,67.77,157.63,157.63
9596.811761,67.77,157.75,157.75
9596.828182,67.77,157.54,157.54
9596.845684,67.77,157.34,157.34
9596.860763,67.77,157.34,157.34
9596.879474,67.77,157.39,157.39
9596.894497,67.77,157.16,157.16
9596.912217,67.77,157.09,157.09
9596.930350,67.77,157.20,157.20
9596.953008,67.77,157.21,157.21
9596.961188,67.77,156.43,156.43
9596.977917,67.77,156.20,156.20
9596.994436,67.77,156.17,156.17
9597.016021,67.77,156.34,156.34
9597.032909,67.77,156.56,156.56
9597.047924,67.77,156.39,156.39
9597.063501,67.77,156.09,156.09
9597.078766,67.77,156.23,156.23
9597.095642,67.77,156.26,156.26
9597.113272,67.77,156.55,156.55
9597.137385,67.77,155.93,155.93
9597.145644,67.77,155.94,155.94
9597.160873,67.77,155.57,155.57
9597.180847,67.77,155.03,155.03
9597.194113,67.77,152.86,152.86
9597.216024,67.77,149.80,149.80
9597.228841,67.77,158.15,158.15
9597.263440,67.77,172.33,172.33
9597.295818,67.77,208.63,208.63
9597.311733,67.77,225.84,225.84
9597.328038,67.77,222.85,222.85
9597.344458,67.77,223.88,223.88
9597.360574,67.77,220.78,220.78
9597.378259,67.77,219.54,219.54
9597.394002,67.77,221.04,221.04
9597.410765,67.77,219.21,219.21
9597.428782,67.77,222.97,222.97
9597.443807,67.77,219.52,219.52
9597.460630,67.77,221.93,221.93
9597.477541,67.77,219.36,219.36
9597.493628,67.77,222.51,222.51
9597.512056,67.77,223.30,223.30
9597.528429,67.77,226.97,226.97
9597.544263,67.77,226.19,226.19
9597.561317,67.77,229.64,229.64
9597.577305,67.77,228.25,228.25
9597.595158,67.77,229.18,229.18
9597.610759,67.77,228.37,228.37
9597.627230,67.77,230.50,230.50
9597.648636,67.77,230.89,230.89
9597.660805,67.77,235.44,235.44
9597.679192,67.77,238.61,238.61
9597.694546,67.77,241.92,241.92
9597.710842,67.77,241.66,241.66
9597.727252,67.77,248.75,248.75
9597.747791,67.77,249.22,249.22
9597.761682,67.77,250.08,250.08
9597.782372,67.77,251.78,251.78
9597.794526,67.77,254.16,254.16
9597.813045,67.77,256.54,256.54
9597.827899,67.77,258.25,258.25
9597.845773,67.77,260.20,260.20
9597.860609,67.77,261.98,261.98
9597.879543,67.77,263.61,263.61
9597.894759,67.77,264.49,264.49
9597.911840,67.77,265.83,265.83
9597.931366,67.77,266.53,266.53
9597.945886,67.77,266.94,266.94
9597.960557,67.77,266.07,266.07
9597.977482,67.77,267.02,267.02
9597.994134,67.77,266.35,266.35
9598.014157,67.77,266.83,266.83
9598.032549,67.77,266.23,266.23
9598.045237,67.77,266.51,266.51
9598.061587,67.77,266.50,266.50
9598.079359,67.77,267.41,267.41
9598.093963,67.77,266.40,266.40
9598.112602,67.77,267.01,267.01
9598.128423,67.77,266.29,266.29
9598.144050,67.77,266.90,266.90
9598.162830,67.77,266.53,266.53
9598.178866,67.77,266.30,266.30
9598.194649,67.77,266.20,266.20
9598.211845,67.77,266.24,266.24
9598.227045,67.77,265.75,265.75
9598.247024,67.77,265.78,265.78
9598.260851,67.77,265.31,265.31
9598.278529,67.77,266.33,266.33
9598.295227,67.77,266.51,266.51
9598.312212,67.77,264.51,264.51
9598.328532,67.77,262.51,262.51
9598.346979,67.77,259.02,259.02
9598.361205,67.77,257.54,257.54
9598.379942,67.77,253.73,253.73
9598.395029,67.77,251.16,251.16
9598.411051,67.77,247.55,247.55
9598.430180,67.77,247.28,247.28
9598.448827,67.77,245.26,245.26
9598.461017,67.77,245.42,245.42
9598.479490,67.77,240.47,240.47
9598.493602,67.77,237.56,237.56
9598.512267,67.77,230.58,230.58
9598.527786,67.77,223.45,223.45
9598.559367,67.77,215.43,215.43
9598.568806,67.77,211.57,211.57
9598.578866,67.77,207.71,207.71
9598.593458,67.77,208.76,208.76
9598.616546,67.77,206.51,206.51
9598.627835,67.77,210.62,210.62
9598.648326,67.77,212.32,212.32
9598.661155,67.77,216.75,216.75
9598.680638,67.77,220.71,220.71
9598.701622,67.77,225.92,225.92
9598.715960,67.77,229.41,229.41
9598.730681,67.77,230.83,230.83
9598.746206,67.77,230.57,230.57
9598.763424,67.77,225.31,225.31
9598.780696,67.77,221.33,221.33
9598.795409,67.77,216.56,216.56
9598.813961,67.77,215.03,215.03
9598.830658,67.77,214.59,214.59
9598.847521,67.77,214.93,214.93
9598.861900,67.77,216.41,216.41
9598.880671,67.77,217.34,217.34
9598.895986,67.77,217.52,217.52
9598.915536,67.77,217.82,217.82
9598.930126,67.77,217.51,217.51
9598.948452,67.77,216.80,216.80
9598.962975,67.77,215.16,215.16
9598.982259,67.77,216.64,216.64
9599.000685,67.77,216.51,216.51
9599.013719,67.77,217.54,217.54
9599.032249,67.77,217.93,217.93
9599.047326,67.77,218.81,218.81
9599.067307,67.77,220.14,220.14
9599.097018,67.77,222.69,222.69
9599.113169,67.77,224.61,224.61
9599.144899,67.77,227.04,227.04
9599.160603,67.77,227.04,227.04
9599.210833,67.77,229.40,229.40
9599.227909,67.77,230.95,230.95
9599.248934,67.77,195.84,195.84
9599.262415,67.77,195.84,195.84
9599.281874,67.77,178.85,178.85
9599.296652,67.77,168.01,168.01
9599.314684,67.77,164.68,164.68
9599.330031,67.77,156.53,156.53
9599.356630,67.77,150.57,150.57
9599.386414,67.77,134.61,134.61
9599.416410,67.77,127.03,127.03
9599.464156,67.77,116.60,116.60
9599.480006,67.77,115.17,115.17
9599.508865,67.77,115.05,115.05
9599.522014,67.77,115.12,115.12
9599.545274,67.77,115.21,115.21
9599.562959,67.77,113.13,113.13
9599.582979,67.77,112.59,112.59
9599.601623,67.77,113.15,113.15
9599.616658,67.77,113.22,113.22
9599.628539,67.77,111.97,111.97
9599.666325,67.77,114.60,114.60
9599.682211,67.77,116.34,116.34
9599.698766,67.77,121.99,121.99
9599.716440,67.77,123.84,123.84
9599.727609,67.77,127.18,127.18
9599.745793,67.77,127.03,127.03
9599.761769,67.77,128.44,128.44
9599.788602,67.77,129.56,129.56
9599.797628,67.77,130.98,130.98
9599.816318,67.77,130.99,130.99
9599.832039,67.77,131.01,131.01
9599.865460,67.77,130.14,130.14
9599.895353,67.77,130.32,130.32
9599.926169,67.77,130.26,130.26
9599.937685,67.77,130.53,130.53
9599.953545,67.77,147.88,147.88
9599.967130,67.77,147.10,147.10
9599.986798,67.77,125.64,125.64
9600.016295,67.77,125.64,125.64
9600.043882,67.77,17.75,17.75
9600.051826,67.77,10.05,10.05
9600.059198,67.77,10.69,10.69
9600.082206,67.77,10.45,10.45
9600.089347,67.77,10.68,10.68
9600.100822,67.77,10.95,10.95
9600.113879,67.77,10.96,10.96
9600.125170,67.77,10.81,10.81
9600.134401,67.77,11.48,11.48
9600.146934,67.77,11.18,11.18
9600.156255,67.77,10.95,10.95
9600.168286,67.77,10.99,10.99
9600.178327,67.77,10.78,10.78
9600.189973,67.77,11.33,11.33
9600.199716,67.77,10.89,10.89
9600.211350,67.77,10.79,10.79
9600.225550,67.77,11.46,11.46
9600.251654,67.77,11.47,11.47
9600.260024,67.77,10.92,10.92
9600.269552,67.77,10.75,10.75
9600.280708,67.77,10.96,10.96
9600.290081,67.77,10.96,10.96
9600.299958,67.77,10.96,10.96
9600.319694,67.77,10.96,10.96
9600.323279,67.77,10.96,10.96
9600.335857,67.77,10.93,10.93
9600.344534,67.77,11.98,11.98
9600.368153,67.77,10.57,10.57
9600.381328,67.77,9.26,9.26
9600.390643,67.77,14.28,14.28
9600.401265,67.77,14.14,14.14
9600.412699,67.77,14.09,14.09
9600.423419,67.77,14.58,14.58
9600.440374,67.77,15.08,15.08
9600.448007,67.77,14.88,14.88
9600.460426,67.77,14.88,14.88
9600.473810,67.77,15.93,15.93
9600.490441,67.77,15.95,15.95
9600.503434,67.77,16.02,16.02
9600.514130,67.77,17.32,17.32
9600.537086,67.77,16.43,16.43
9600.546506,67.77,15.94,15.94
9600.557622,67.77,16.28,16.28
9600.567269,67.77,15.90,15.90
9600.578847,67.77,15.97,15.97
9600.593356,67.77,16.33,16.3