3687270
3687270
3687270
3687270
3687270
3687270
3687270
3687270
3687270
3687270
3687270
3687270
3687270
3687270
3687270
3687270
3687270
3687270
3687270
3687270
3687270
3687270
3687270
3687270
3687270
3687270
3687270
3687270
3687270
3687270
3687270
3687270
3687270
3687270
3687270
3687270
3687270
3687270
3687270
3687270
3687270
3687270
3687270
3687270
3687270
3687270
3687270
3687270
3687270
3687270
3687270
3687270
3687270
3687270
3687270
3687270
3687270
3687270
3687270
3687270
3687270
3687270
3687270
3687270
3687270
3687270
3687270
3687270
3687270
3687270
3687270
3687270
3687270
3687270
3687270
3687270
3687270
3687270
3687270
3687270
3687270
3687270
