cpu  63634 12535 46900 283376 248 5978 2377 0 0 0
cpu0 6703 764 5754 44643 131 2472 745 0 0 0
cpu1 6815 809 5421 33326 14 1840 606 0 0 0
cpu2 7610 1859 7277 33748 11 347 269 0 0 0
cpu3 7324 2106 6720 34075 10 340 289 0 0 0
cpu4 8661 2893 7402 33217 10 368 130 0 0 0
cpu5 8584 3121 6909 33409 13 349 128 0 0 0
cpu6 8519 104 3557 35627 31 137 117 0 0 0
cpu7 9415 875 3858 35327 24 121 90 0 0 0
cpu  63645 12536 46914 283510 248 5980 2377 0 0 0
cpu0 6703 764 5756 44660 131 2472 745 0 0 0
cpu1 6816 809 5423 33342 14 1842 606 0 0 0
cpu2 7611 1859 7279 33765 11 348 269 0 0 0
cpu3 7325 2106 6720 34093 10 340 290 0 0 0
cpu4 8662 2893 7403 33235 10 368 130 0 0 0
cpu5 8585 3122 6911 33426 13 349 128 0 0 0
cpu6 8521 104 3558 35644 31 137 117 0 0 0
cpu7 9418 875 3861 35341 24 121 90 0 0 0
cpu  63661 12536 46932 283652 248 5983 2378 0 0 0
cpu0 6704 764 5758 44679 131 2473 745 0 0 0
cpu1 6816 809 5425 33360 14 1843 606 0 0 0
cpu2 7613 1859 7282 33784 11 348 269 0 0 0
cpu3 7328 2106 6721 34112 10 340 290 0 0 0
cpu4 8664 2893 7406 33252 10 368 130 0 0 0
cpu5 8586 3122 6912 33444 13 349 128 0 0 0
cpu6 8525 104 3558 35663 31 137 117 0 0 0
cpu7 9422 875 3867 35355 24 121 90 0 0 0
cpu  63667 12537 46946 283815 248 5985 2378 0 0 0
cpu0 6704 764 5760 44699 131 2473 745 0 0 0
cpu1 6816 809 5426 33380 14 1844 606 0 0 0
cpu2 7613 1859 7282 33806 11 348 269 0 0 0
cpu3 7330 2106 6722 34134 10 340 290 0 0 0
cpu4 8664 2894 7408 33272 10 368 130 0 0 0
cpu5 8587 3122 6914 33465 13 349 128 0 0 0
cpu6 8527 104 3561 35681 31 138 117 0 0 0
cpu7 9422 875 3869 35375 24 121 90 0 0 0
cpu  63675 12544 46960 283952 248 5987 2379 0 0 0
cpu0 6705 764 5764 44715 131 2474 746 0 0 0
cpu1 6816 810 5429 33397 14 1845 606 0 0 0
cpu2 7613 1859 7282 33824 11 348 269 0 0 0
cpu3 7331 2107 6724 34151 10 340 290 0 0 0
cpu4 8665 2899 7409 33287 10 368 130 0 0 0
cpu5 8589 3122 6916 33482 13 349 128 0 0 0
cpu6 8529 104 3564 35697 31 138 117 0 0 0
cpu7 9423 875 3870 35394 24 121 90 0 0 0
cpu  63705 12549 46991 284047 248 5990 2379 0 0 0
cpu0 6707 766 5769 44726 131 2474 746 0 0 0
cpu1 6820 810 5430 33408 14 1847 606 0 0 0
cpu2 7617 1860 7288 33834 11 348 269 0 0 0
cpu3 7336 2107 6728 34163 10 341 290 0 0 0
cpu4 8667 2901 7411 33301 10 368 130 0 0 0
cpu5 8594 3123 6919 33493 13 349 128 0 0 0
cpu6 8534 104 3569 35709 31 138 117 0 0 0
cpu7 9426 875 3873 35410 24 122 90 0 0 0
cpu  63724 12549 47001 284144 248 5991 2379 0 0 0
cpu0 6708 766 5771 44738 131 2475 746 0 0 0
cpu1 6821 810 5432 33421 14 1848 606 0 0 0
cpu2 7620 1860 7289 33846 11 348 269 0 0 0
cpu3 7339 2107 6729 34176 10 341 290 0 0 0
cpu4 8669 2901 7411 33313 10 368 130 0 0 0
cpu5 8598 3123 6921 33504 13 350 128 0 0 0
cpu6 8537 104 3570 35722 31 138 117 0 0 0
cpu7 9430 875 3875 35420 24 122 90 0 0 0
cpu  63738 12549 47011 284245 248 5993 2380 0 0 0
cpu0 6710 766 5772 44751 131 2475 746 0 0 0
cpu1 6823 810 5433 33433 14 1849 606 0 0 0
cpu2 7622 1860 7291 33858 11 348 269 0 0 0
cpu3 7339 2107 6731 34188 10 341 290 0 0 0
cpu4 8670 2901 7413 33326 10 368 130 0 0 0
cpu5 8600 3123 6921 33517 13 350 128 0 0 0
cpu6 8538 104 3571 35736 31 138 117 0 0 0
cpu7 9433 875 3876 35432 24 122 90 0 0 0
cpu  63750 12549 47019 284351 248 5994 2380 0 0 0
cpu0 6710 766 5773 44764 131 2475 746 0 0 0
cpu1 6824 810 5434 33446 14 1849 606 0 0 0
cpu2 7623 1860 7291 33872 11 348 269 0 0 0
cpu3 7340 2107 6732 34202 10 341 290 0 0 0
cpu4 8672 2901 7414 33339 10 368 130 0 0 0
cpu5 8602 3123 6922 33531 13 350 128 0 0 0
cpu6 8539 104 3572 35749 31 138 117 0 0 0
cpu7 9436 875 3878 35444 24 122 90 0 0 0
cpu  63761 12549 47028 284455 248 5995 2380 0 0 0
cpu0 6712 766 5775 44777 131 2475 746 0 0 0
cpu1 6824 810 5435 33459 14 1850 606 0 0 0
cpu2 7624 1860 7292 33886 11 348 269 0 0 0
cpu3 7342 2107 6732 34215 10 341 290 0 0 0
cpu4 8672 2901 7414 33353 10 368 130 0 0 0
cpu5 8604 3123 6923 33544 13 350 128 0 0 0
cpu6 8542 104 3573 35763 31 138 117 0 0 0
cpu7 9438 875 3880 35455 24 122 90 0 0 0
cpu  63798 12552 47066 284530 248 5998 2380 0 0 0
cpu0 6717 767 5778 44787 131 2476 746 0 0 0
cpu1 6829 810 5438 33468 14 1851 606 0 0 0
cpu2 7629 1861 7295 33896 11 348 269 0 0 0
cpu3 7347 2107 6737 34224 10 341 290 0 0 0
cpu4 8677 2901 7418 33362 10 368 130 0 0 0
cpu5 8608 3123 6934 33548 13 350 128 0 0 0
cpu6 8544 104 3578 35774 31 138 117 0 0 0
cpu7 9443 877 3883 35467 24 122 90 0 0 0
cpu  63904 12561 47144 284600 248 6006 2381 0 0 0
cpu0 6726 770 5791 44795 131 2477 746 0 0 0
cpu1 6839 810 5449 33475 15 1857 606 0 0 0
cpu2 7645 1862 7304 33904 11 349 269 0 0 0
cpu3 7358 2108 6747 34234 10 341 290 0 0 0
cpu4 8691 2901 7429 33371 10 369 130 0 0 0
cpu5 8620 3124 6945 33558 13 350 128 0 0 0
cpu6 8557 104 3588 35784 31 138 117 0 0 0
cpu7 9463 878 3888 35475 24 122 90 0 0 0
cpu  63993 12563 47237 284675 248 6014 2382 0 0 0
cpu0 6738 770 5804 44801 131 2478 746 0 0 0
cpu1 6847 810 5462 33480 15 1862 607 0 0 0
cpu2 7659 1862 7316 33913 11 349 270 0 0 0
cpu3 7369 2108 6756 34246 10 342 290 0 0 0
cpu4 8700 2902 7443 33380 10 369 131 0 0 0
cpu5 8632 3124 6957 33569 13 350 128 0 0 0
cpu6 8570 104 3595 35797 31 138 117 0 0 0
cpu7 9475 878 3901 35485 24 122 90 0 0 0
cpu  64065 12563 47288 284775 248 6021 2383 0 0 0
cpu0 6750 770 5810 44812 131 2479 746 0 0 0
cpu1 6854 810 5468 33489 15 1866 607 0 0 0
cpu2 7671 1862 7323 33923 11 349 270 0 0 0
cpu3 7378 2108 6761 34259 10 342 290 0 0 0
cpu4 8706 2902 7450 33395 10 369 131 0 0 0
cpu5 8637 3124 6966 33583 13 351 128 0 0 0
cpu6 8583 104 3599 35811 31 138 117 0 0 0
cpu7 9483 878 3908 35500 24 122 90 0 0 0
cpu  64150 12564 47353 284869 248 6030 2385 0 0 0
cpu0 6762 770 5817 44821 131 2481 746 0 0 0
cpu1 6865 810 5473 33500 15 1871 608 0 0 0
cpu2 7680 1863 7331 33936 11 350 270 0 0 0
cpu3 7389 2108 6770 34269 10 342 290 0 0 0
cpu4 8715 2902 7457 33409 10 370 131 0 0 0
cpu5 8645 3124 6976 33596 13 351 129 0 0 0
cpu6 8595 104 3608 35824 31 139 117 0 0 0
cpu7 9495 878 3917 35511 24 123 90 0 0 0
cpu  64230 12564 47396 284974 248 6038 2386 0 0 0
cpu0 6775 770 5821 44832 131 2482 747 0 0 0
cpu1 6872 810 5480 33510 15 1876 609 0 0 0
cpu2 7689 1863 7335 33950 11 350 270 0 0 0
cpu3 7396 2108 6778 34283 10 343 290 0 0 0
cpu4 8724 2902 7462 33423 10 370 131 0 0 0
cpu5 8659 3124 6983 33606 13 352 129 0 0 0
cpu6 8608 104 3612 35838 31 139 117 0 0 0
cpu7 9504 878 3921 35529 24 123 90 0 0 0
cpu  64365 12565 47454 285082 248 6048 2388 0 0 0
cpu0 6793 770 5832 44844 131 2483 747 0 0 0
cpu1 6886 810 5486 33521 15 1882 610 0 0 0
cpu2 7704 1864 7342 33964 11 351 270 0 0 0
cpu3 7414 2108 6786 34295 10 343 290 0 0 0
cpu4 8736 2903 7472 33439 10 371 131 0 0 0
cpu5 8672 3125 6990 33622 13 352 129 0 0 0
cpu6 8627 104 3618 35852 31 139 118 0 0 0
cpu7 9529 878 3924 35542 24 123 90 0 0 0
cpu  64478 12565 47518 285188 248 6058 2389 0 0 0
cpu0 6810 770 5838 44856 131 2485 747 0 0 0
cpu1 6899 810 5493 33530 15 1888 610 0 0 0
cpu2 7719 1864 7349 33977 11 351 270 0 0 0
cpu3 7427 2108 6798 34310 10 344 291 0 0 0
cpu4 8747 2903 7480 33454 10 371 131 0 0 0
cpu5 8684 3125 7001 33635 13 353 129 0 0 0
cpu6 8646 104 3624 35866 31 139 118 0 0 0
cpu7 9543 878 3932 35557 24 123 90 0 0 0
cpu  64560 12565 47554 285276 248 6064 2391 0 0 0
cpu0 6824 770 5841 44866 131 2485 747 0 0 0
cpu1 6908 810 5498 33537 15 1892 611 0 0 0
cpu2 7730 1864 7352 33988 11 352 270 0 0 0
cpu3 7436 2108 6803 34321 10 344 291 0 0 0
cpu4 8756 2903 7486 33466 10 372 131 0 0 0
cpu5 8693 3125 7005 33647 13 353 129 0 0 0
cpu6 8657 104 3629 35877 31 139 118 0 0 0
cpu7 9553 878 3936 35570 24 123 90 0 0 0
cpu  64639 12565 47598 285353 248 6071 2392 0 0 0
cpu0 6834 770 5847 44875 131 2486 747 0 0 0
cpu1 6918 810 5503 33545 15 1896 611 0 0 0
cpu2 7739 1864 7359 33998 11 352 271 0 0 0
cpu3 7445 2108 6808 34331 10 345 291 0 0 0
cpu4 8765 2903 7491 33477 10 372 131 0 0 0
cpu5 8702 3125 7013 33657 13 353 129 0 0 0
cpu6 8669 104 3635 35886 31 139 118 0 0 0
cpu7 9565 878 3939 35581 24 124 90 0 0 0
cpu  64711 12565 47650 285440 248 6077 2393 0 0 0
cpu0 6842 770 5857 44885 131 2486 747 0 0 0
cpu1 6923 810 5507 33554 15 1900 612 0 0 0
cpu2 7749 1864 7364 34010 11 353 271 0 0 0
cpu3 7453 2108 6816 34343 10 345 291 0 0 0
cpu4 8773 2903 7499 33488 10 372 131 0 0 0
cpu5 8709 3125 7020 33669 13 354 129 0 0 0
cpu6 8683 104 3638 35895 31 140 118 0 0 0
cpu7 9575 878 3946 35592 24 124 90 0 0 0
cpu  64779 12565 47693 285509 248 6082 2394 0 0 0
cpu0 6851 770 5862 44894 131 2487 747 0 0 0
cpu1 6929 810 5512 33563 15 1904 612 0 0 0
cpu2 7756 1864 7373 34019 11 353 271 0 0 0
cpu3 7461 2108 6821 34352 10 345 291 0 0 0
cpu4 8778 2903 7506 33499 10 372 131 0 0 0
cpu5 8715 3125 7027 33680 13 354 129 0 0 0
cpu6 8698 104 3638 35902 31 140 118 0 0 0
cpu7 9587 878 3950 35598 24 124 91 0 0 0
cpu  64850 12565 47736 285605 248 6088 2395 0 0 0
cpu0 6860 770 5868 44906 131 2488 748 0 0 0
cpu1 6935 810 5518 33573 15 1908 613 0 0 0
cpu2 7764 1864 7380 34029 11 353 271 0 0 0
cpu3 7468 2108 6825 34366 10 345 291 0 0 0
cpu4 8784 2903 7515 33512 10 373 131 0 0 0
cpu5 8723 3125 7031 33694 13 354 129 0 0 0
cpu6 8710 104 3643 35912 31 140 118 0 0 0
cpu7 9602 878 3952 35610 24 124 91 0 0 0
cpu  64918 12566 47776 285690 248 6094 2396 0 0 0
cpu0 6868 770 5873 44917 131 2489 748 0 0 0
cpu1 6942 810 5523 33582 15 1911 614 0 0 0
cpu2 7773 1864 7385 34040 11 353 271 0 0 0
cpu3 7477 2108 6830 34377 10 346 291 0 0 0
cpu4 8792 2903 7521 33522 10 373 131 0 0 0
cpu5 8729 3125 7034 33706 13 354 129 0 0 0
cpu6 8720 104 3650 35922 31 140 118 0 0 0
cpu7 9614 878 3956 35621 24 124 91 0 0 0
cpu  64987 12586 47812 285768 248 6099 2397 0 0 0
cpu0 6877 770 5878 44928 131 2489 748 0 0 0
cpu1 6949 810 5528 33592 15 1914 614 0 0 0
cpu2 7783 1864 7390 34053 11 354 271 0 0 0
cpu3 7486 2108 6834 34389 10 346 291 0 0 0
cpu4 8799 2915 7525 33525 10 373 132 0 0 0
cpu5 8739 3133 7036 33712 13 355 129 0 0 0
cpu6 8731 104 3654 35934 31 140 118 0 0 0
cpu7 9621 878 3964 35632 24 124 91 0 0 0
cpu  65069 12588 47850 285845 248 6105 2398 0 0 0
cpu0 6885 770 5884 44939 131 2490 748 0 0 0
cpu1 6957 810 5532 33600 15 1918 615 0 0 0
cpu2 7791 1864 7395 34065 11 354 271 0 0 0
cpu3 7491 2108 6840 34401 10 346 292 0 0 0
cpu4 8808 2915 7529 33535 10 374 132 0 0 0
cpu5 8746 3134 7041 33723 13 355 129 0 0 0
cpu6 8748 104 3656 35941 31 140 118 0 0 0
cpu7 9639 878 3968 35637 24 124 91 0 0 0
cpu  65159 12589 47897 285945 248 6111 2399 0 0 0
cpu0 6895 771 5892 44952 131 2491 748 0 0 0
cpu1 6964 810 5540 33612 15 1922 615 0 0 0
cpu2 7803 1865 7398 34078 11 354 271 0 0 0
cpu3 7501 2108 6847 34416 10 347 292 0 0 0
cpu4 8819 2915 7535 33550 10 374 132 0 0 0
cpu5 8753 3135 7050 33736 13 355 130 0 0 0
cpu6 8765 104 3661 35950 31 140 118 0 0 0
cpu7 9656 878 3971 35647 24 125 91 0 0 0
cpu  65231 12589 47938 286033 248 6117 2401 0 0 0
cpu0 6903 771 5897 44963 131 2491 748 0 0 0
cpu1 6971 810 5545 33621 15 1926 616 0 0 0
cpu2 7812 1865 7405 34089 11 355 271 0 0 0
cpu3 7510 2108 6851 34429 10 347 292 0 0 0
cpu4 8827 2915 7542 33561 10 374 132 0 0 0
cpu5 8759 3135 7057 33747 13 355 130 0 0 0
cpu6 8773 104 3664 35963 31 141 118 0 0 0
cpu7 9672 878 3973 35657 24 125 91 0 0 0
cpu  65311 12589 47982 286133 248 6123 2402 0 0 0
cpu0 6913 771 5902 44976 131 2492 748 0 0 0
cpu1 6981 810 5551 33631 15 1930 616 0 0 0
cpu2 7818 1865 7410 34102 11 355 271 0 0 0
cpu3 7520 2108 6857 34442 10 347 292 0 0 0
cpu4 8835 2915 7547 33575 10 375 132 0 0 0
cpu5 8769 3135 7064 33759 13 356 130 0 0 0
cpu6 8786 104 3668 35976 31 141 118 0 0 0
cpu7 9684 878 3979 35669 24 125 91 0 0 0
cpu  65389 12599 48031 286210 248 6129 2403 0 0 0
cpu0 6922 771 5911 44986 131 2493 748 0 0 0
cpu1 6989 810 5557 33641 15 1933 617 0 0 0
cpu2 7828 1865 7418 34113 11 355 271 0 0 0
cpu3 7529 2108 6863 34455 10 347 292 0 0 0
cpu4 8843 2920 7554 33582 10 375 132 0 0 0
cpu5 8777 3140 7070 33768 13 356 130 0 0 0
cpu6 8798 104 3674 35985 31 141 118 0 0 0
cpu7 9699 878 3983 35677 24 125 91 0 0 0
cpu  65450 12606 48076 286295 248 6135 2404 0 0 0
cpu0 6928 771 5918 44998 131 2494 748 0 0 0
cpu1 6995 810 5561 33651 15 1937 617 0 0 0
cpu2 7834 1865 7426 34124 11 356 271 0 0 0
cpu3 7537 2108 6868 34467 10 348 292 0 0 0
cpu4 8848 2920 7561 33593 10 375 132 0 0 0
cpu5 8783 3146 7074 33776 13 356 130 0 0 0
cpu6 8812 104 3677 35994 31 141 118 0 0 0
cpu7 9708 878 3987 35689 24 125 91 0 0 0
cpu  65519 12606 48118 286386 248 6141 2405 0 0 0
cpu0 6934 771 5924 45010 131 2495 748 0 0 0
cpu1 7003 810 5569 33660 15 1940 618 0 0 0
cpu2 7842 1865 7430 34136 11 356 271 0 0 0
cpu3 7546 2108 6873 34479 10 348 292 0 0 0
cpu4 8856 2920 7566 33605 10 375 132 0 0 0
cpu5 8792 3146 7080 33787 13 357 130 0 0 0
cpu6 8825 104 3681 36003 31 141 118 0 0 0
cpu7 9717 878 3992 35702 24 125 91 0 0 0
cpu  65585 12606 48161 286476 248 6146 2406 0 0 0
cpu0 6944 771 5927 45020 131 2495 749 0 0 0
cpu1 7011 810 5574 33669 15 1944 619 0 0 0
cpu2 7850 1865 7436 34147 11 356 272 0 0 0
cpu3 7550 2108 6879 34492 10 348 292 0 0 0
cpu4 8864 2920 7572 33617 10 376 132 0 0 0
cpu5 8799 3146 7085 33800 13 357 130 0 0 0
cpu6 8833 104 3689 36014 31 141 118 0 0 0
cpu7 9729 878 3996 35714 24 125 91 0 0 0
cpu  65675 12606 48208 286559 248 6153 2407 0 0 0
cpu0 6954 771 5934 45031 131 2496 749 0 0 0
cpu1 7018 810 5580 33678 15 1948 619 0 0 0
cpu2 7861 1865 7442 34157 11 356 272 0 0 0
cpu3 7561 2108 6885 34503 10 349 292 0 0 0
cpu4 8875 2921 7578 33629 10 376 132 0 0 0
cpu5 8810 3146 7091 33811 13 357 130 0 0 0
cpu6 8848 104 3694 36024 31 141 118 0 0 0
cpu7 9745 878 4000 35723 24 126 91 0 0 0
cpu  65754 12609 48254 286660 248 6159 2408 0 0 0
cpu0 6964 771 5941 45043 131 2497 749 0 0 0
cpu1 7026 811 5588 33687 15 1952 620 0 0 0
cpu2 7869 1865 7449 34170 11 357 272 0 0 0
cpu3 7571 2108 6889 34518 10 349 292 0 0 0
cpu4 8883 2921 7585 33642 10 376 132 0 0 0
cpu5 8818 3146 7097 33824 13 358 130 0 0 0
cpu6 8862 104 3697 36038 31 142 118 0 0 0
cpu7 9758 878 4006 35734 24 126 91 0 0 0
cpu  65821 12609 48290 286739 248 6165 2409 0 0 0
cpu0 6973 771 5945 45052 131 2498 749 0 0 0
cpu1 7033 811 5592 33696 15 1955 620 0 0 0
cpu2 7877 1865 7454 34180 11 357 272 0 0 0
cpu3 7579 2108 6892 34528 10 349 292 0 0 0
cpu4 8889 2921 7590 33653 10 377 133 0 0 0
cpu5 8826 3146 7103 33835 13 358 130 0 0 0
cpu6 8873 104 3700 36047 31 142 119 0 0 0
cpu7 9767 878 4010 35745 24 126 91 0 0 0
cpu  65891 12609 48336 286824 248 6170 2410 0 0 0
cpu0 6981 771 5950 45062 131 2498 749 0 0 0
cpu1 7041 811 5596 33705 15 1959 621 0 0 0
cpu2 7886 1865 7461 34190 11 357 272 0 0 0
cpu3 7587 2108 6900 34538 10 349 292 0 0 0
cpu4 8898 2921 7596 33664 10 377 133 0 0 0
cpu5 8835 3146 7109 33847 13 358 130 0 0 0
cpu6 8883 104 3703 36059 31 142 119 0 0 0
cpu7 9776 878 4017 35756 24 126 91 0 0 0
cpu  66021 12609 48403 286946 248 6179 2412 0 0 0
cpu0 6997 771 5957 45079 131 2500 749 0 0 0
cpu1 7055 811 5603 33719 15 1964 622 0 0 0
cpu2 7897 1865 7473 34209 11 358 272 0 0 0
cpu3 7604 2109 6911 34553 10 350 292 0 0 0
cpu4 8911 2921 7604 33682 10 377 133 0 0 0
cpu5 8850 3146 7121 33860 13 359 130 0 0 0
cpu6 8906 104 3708 36072 31 142 119 0 0 0
cpu7 9797 878 4023 35768 24 126 91 0 0 0
cpu  66093 12609 48445 287029 248 6185 2413 0 0 0
cpu0 7006 771 5963 45089 131 2500 749 0 0 0
cpu1 7063 811 5607 33728 15 1968 622 0 0 0
cpu2 7905 1865 7479 34220 11 358 272 0 0 0
cpu3 7612 2109 6915 34566 10 350 293 0 0 0
cpu4 8922 2921 7609 33693 10 378 133 0 0 0
cpu5 8854 3146 7128 33873 13 359 130 0 0 0
cpu6 8922 104 3709 36080 31 142 119 0 0 0
cpu7 9805 878 4031 35778 24 126 91 0 0 0
cpu  66217 12610 48504 287117 248 6193 2415 0 0 0
cpu0 7021 771 5971 45100 131 2501 749 0 0 0
cpu1 7076 811 5614 33738 15 1973 623 0 0 0
cpu2 7917 1865 7486 34233 11 359 273 0 0 0
cpu3 7624 2109 6925 34578 10 351 293 0 0 0
cpu4 8938 2921 7618 33702 10 378 133 0 0 0
cpu5 8868 3146 7137 33886 13 359 130 0 0 0
cpu6 8945 104 3714 36089 31 142 119 0 0 0
cpu7 9825 878 4036 35788 24 127 91 0 0 0
cpu  66326 12610 48557 287214 248 6201 2417 0 0 0
cpu0 7032 771 5979 45111 131 2503 749 0 0 0
cpu1 7088 811 5619 33749 15 1977 624 0 0 0
cpu2 7930 1865 7492 34247 11 359 273 0 0 0
cpu3 7637 2109 6934 34589 10 351 293 0 0 0
cpu4 8950 2921 7625 33717 10 378 133 0 0 0
cpu5 8876 3146 7145 33901 13 360 131 0 0 0
cpu6 8965 104 3719 36099 31 143 119 0 0 0
cpu7 9844 878 4040 35799 24 127 92 0 0 0
cpu  66408 12610 48599 287326 249 6208 2418 0 0 0
cpu0 7045 771 5984 45123 131 2503 749 0 0 0
cpu1 7099 811 5622 33761 15 1982 624 0 0 0
cpu2 7937 1865 7495 34263 11 360 273 0 0 0
cpu3 7646 2109 6938 34605 11 352 293 0 0 0
cpu4 8956 2921 7632 33733 10 379 133 0 0 0
cpu5 8886 3146 7156 33910 13 360 131 0 0 0
cpu6 8979 104 3723 36114 31 143 119 0 0 0
cpu7 9856 878 4046 35814 24 127 92 0 0 0
cpu  66503 12610 48643 287440 249 6215 2421 0 0 0
cpu0 7059 771 5989 45135 131 2504 750 0 0 0
cpu1 7107 811 5627 33773 15 1986 625 0 0 0
cpu2 7946 1865 7502 34277 11 360 275 0 0 0
cpu3 7656 2109 6945 34621 11 352 293 0 0 0
cpu4 8967 2921 7638 33748 10 379 133 0 0 0
cpu5 8896 3146 7163 33924 13 360 131 0 0 0
cpu6 8998 104 3726 36129 31 143 119 0 0 0
cpu7 9871 878 4050 35830 24 127 92 0 0 0
cpu  66611 12610 48693 287541 249 6224 2426 0 0 0
cpu0 7073 771 5994 45147 131 2506 750 0 0 0
cpu1 7118 811 5634 33784 15 1991 626 0 0 0
cpu2 7959 1865 7506 34290 11 361 277 0 0 0
cpu3 7669 2109 6951 34634 11 352 294 0 0 0
cpu4 8980 2921 7649 33759 10 379 133 0 0 0
cpu5 8908 3146 7170 33939 13 361 131 0 0 0
cpu6 9015 104 3730 36142 31 143 119 0 0 0
cpu7 9885 878 4054 35843 24 127 92 0 0 0
cpu  66680 12610 48733 287627 249 6230 2431 0 0 0
cpu0 7081 771 6000 45157 131 2507 752 0 0 0
cpu1 7126 811 5639 33793 15 1994 627 0 0 0
cpu2 7969 1865 7511 34300 11 361 280 0 0 0
cpu3 7677 2109 6956 34646 11 353 294 0 0 0
cpu4 8987 2921 7657 33770 10 380 133 0 0 0
cpu5 8914 3146 7175 33951 13 361 131 0 0 0
cpu6 9028 104 3733 36152 31 143 119 0 0 0
cpu7 9896 878 4059 35853 24 127 92 0 0 0
cpu  66755 12610 48776 287723 249 6236 2435 0 0 0
cpu0 7092 771 6004 45169 131 2508 752 0 0 0
cpu1 7132 811 5644 33803 15 1999 628 0 0 0
cpu2 7978 1865 7515 34313 11 361 282 0 0 0
cpu3 7685 2109 6962 34659 11 353 294 0 0 0
cpu4 8995 2921 7665 33781 10 380 133 0 0 0
cpu5 8922 3146 7180 33965 13 361 131 0 0 0
cpu6 9041 104 3739 36163 31 144 119 0 0 0
cpu7 9906 878 4064 35866 24 128 92 0 0 0
cpu  66849 12610 48813 287795 249 6243 2436 0 0 0
cpu0 7101 771 6010 45178 131 2509 752 0 0 0
cpu1 7142 811 5648 33812 15 2002 629 0 0 0
cpu2 7986 1865 7520 34324 11 362 282 0 0 0
cpu3 7696 2109 6967 34670 11 353 294 0 0 0
cpu4 9004 2921 7670 33793 10 380 133 0 0 0
cpu5 8934 3146 7184 33975 13 361 131 0 0 0
cpu6 9059 104 3743 36168 31 144 119 0 0 0
cpu7 9925 878 4067 35871 24 128 92 0 0 0
cpu  66990 12611 48869 287883 249 6251 2438 0 0 0
cpu0 7117 771 6017 45191 131 2510 752 0 0 0
cpu1 7154 811 5654 33824 15 2007 630 0 0 0
cpu2 7999 1865 7528 34338 11 362 282 0 0 0
cpu3 7708 2109 6976 34685 11 354 294 0 0 0
cpu4 9018 2921 7679 33805 10 381 134 0 0 0
cpu5 8950 3147 7192 33986 13 362 131 0 0 0
cpu6 9088 104 3748 36172 31 144 119 0 0 0
cpu7 9954 878 4071 35878 24 128 92 0 0 0
cpu  67067 12611 48919 287966 249 6256 2439 0 0 0
cpu0 7127 771 6022 45201 131 2510 752 0 0 0
cpu1 7162 811 5659 33834 15 2011 630 0 0 0
cpu2 8005 1865 7537 34350 11 362 282 0 0 0
cpu3 7718 2109 6984 34693 11 354 294 0 0 0
cpu4 9028 2921 7685 33816 10 381 134 0 0 0
cpu5 8960 3147 7198 33997 13 362 131 0 0 0
cpu6 9101 104 3753 36182 31 144 119 0 0 0
cpu7 9962 878 4078 35889 24 128 92 0 0 0
cpu  67166 12611 48968 288065 249 6263 2440 0 0 0
cpu0 7143 771 6027 45214 131 2511 753 0 0 0
cpu1 7173 811 5664 33844 15 2015 631 0 0 0
cpu2 8016 1865 7543 34364 11 363 282 0 0 0
cpu3 7728 2109 6991 34707 11 354 294 0 0 0
cpu4 9038 2922 7695 33829 10 381 134 0 0 0
cpu5 8969 3147 7205 34010 13 362 131 0 0 0
cpu6 9114 104 3759 36194 31 144 119 0 0 0
cpu7 9982 878 4081 35900 24 128 92 0 0 0
cpu  67240 12611 49029 288163 249 6270 2441 0 0 0
cpu0 7150 771 6038 45225 131 2513 753 0 0 0
cpu1 7180 811 5670 33854 15 2019 631 0 0 0
cpu2 8024 1865 7551 34378 11 363 282 0 0 0
cpu3 7737 2109 7001 34719 11 355 295 0 0 0
cpu4 9048 2922 7702 33841 10 382 134 0 0 0
cpu5 8978 3147 7215 34024 13 363 131 0 0 0
cpu6 9126 104 3764 36206 31 144 120 0 0 0
cpu7 9994 878 4084 35913 24 128 92 0 0 0
cpu  67317 12611 49079 288254 249 6277 2443 0 0 0
cpu0 7161 771 6045 45236 131 2514 753 0 0 0
cpu1 7188 811 5677 33863 15 2023 632 0 0 0
cpu2 8032 1865 7558 34391 11 364 283 0 0 0
cpu3 7746 2109 7010 34730 11 355 295 0 0 0
cpu4 9057 2922 7709 33852 10 382 134 0 0 0
cpu5 8986 3147 7221 34037 13 363 131 0 0 0
cpu6 9139 104 3767 36217 31 145 120 0 0 0
cpu7 10005 878 4089 35924 24 129 92 0 0 0
cpu  67399 12611 49128 288349 249 6283 2444 0 0 0
cpu0 7173 771 6050 45247 131 2514 753 0 0 0
cpu1 7197 811 5684 33873 15 2027 633 0 0 0
cpu2 8042 1865 7563 34403 11 364 283 0 0 0
cpu3 7755 2109 7018 34743 11 355 295 0 0 0
cpu4 9066 2922 7714 33867 10 382 134 0 0 0
cpu5 8993 3147 7229 34049 13 363 132 0 0 0
cpu6 9153 104 3770 36229 31 145 120 0 0 0
cpu7 10017 878 4096 35935 24 129 92 0 0 0
cpu  67474 12612 49170 288433 249 6290 2445 0 0 0
cpu0 7182 771 6056 45257 131 2516 753 0 0 0
cpu1 7206 811 5689 33882 15 2031 633 0 0 0
cpu2 8048 1865 7571 34414 11 364 283 0 0 0
cpu3 7765 2109 7023 34754 11 355 295 0 0 0
cpu4 9075 2922 7719 33878 10 383 134 0 0 0
cpu5 9002 3147 7236 34061 13 364 132 0 0 0
cpu6 9166 104 3773 36239 31 145 120 0 0 0
cpu7 10028 878 4100 35945 24 129 92 0 0 0
cpu  67549 12612 49213 288526 249 6296 2446 0 0 0
cpu0 7192 771 6062 45267 131 2517 753 0 0 0
cpu1 7215 811 5694 33892 15 2035 634 0 0 0
cpu2 8055 1865 7577 34427 11 364 283 0 0 0
cpu3 7775 2109 7029 34764 11 356 295 0 0 0
cpu4 9080 2922 7725 33893 10 383 134 0 0 0
cpu5 9009 3147 7242 34073 13 364 132 0 0 0
cpu6 9177 104 3778 36251 31 145 120 0 0 0
cpu7 10043 878 4103 35957 24 129 92 0 0 0
cpu  67615 12612 49259 288613 249 6301 2447 0 0 0
cpu0 7200 771 6069 45279 131 2517 753 0 0 0
cpu1 7223 811 5699 33899 15 2038 635 0 0 0
cpu2 8062 1865 7582 34439 11 365 283 0 0 0
cpu3 7784 2109 7033 34775 11 356 295 0 0 0
cpu4 9087 2922 7732 33905 10 383 134 0 0 0
cpu5 9019 3147 7248 34084 13 364 132 0 0 0
cpu6 9188 104 3782 36261 31 145 120 0 0 0
cpu7 10050 878 4110 35968 24 129 93 0 0 0
cpu  67688 12612 49302 288707 249 6307 2449 0 0 0
cpu0 7207 771 6075 45291 131 2518 753 0 0 0
cpu1 7230 811 5706 33909 15 2042 635 0 0 0
cpu2 8071 1865 7586 34452 11 365 283 0 0 0
cpu3 7794 2109 7036 34787 11 356 295 0 0 0
cpu4 9096 2922 7739 33916 10 383 134 0 0 0
cpu5 9027 3147 7254 34096 13 364 132 0 0 0
cpu6 9199 104 3787 36272 31 145 120 0 0 0
cpu7 10061 878 4114 35981 24 129 93 0 0 0
cpu  67778 12612 49347 288801 249 6315 2450 0 0 0
cpu0 7218 772 6081 45302 131 2520 753 0 0 0
cpu1 7239 811 5712 33918 15 2046 636 0 0 0
cpu2 8082 1865 7592 34465 11 365 283 0 0 0
cpu3 7803 2109 7042 34801 11 357 295 0 0 0
cpu4 9107 2922 7748 33928 10 384 134 0 0 0
cpu5 9036 3147 7261 34108 13 365 132 0 0 0
cpu6 9214 104 3791 36284 31 146 120 0 0 0
cpu7 10076 878 4117 35993 24 130 93 0 0 0
cpu  67873 12613 49389 288897 249 6321 2451 0 0 0
cpu0 7231 772 6085 45314 131 2520 754 0 0 0
cpu1 7248 811 5717 33929 15 2050 636 0 0 0
cpu2 8091 1865 7600 34478 11 366 283 0 0 0
cpu3 7812 2109 7049 34813 11 357 295 0 0 0
cpu4 9119 2922 7753 33940 10 384 134 0 0 0
cpu5 9047 3147 7267 34122 13 365 132 0 0 0
cpu6 9229 104 3794 36295 31 146 120 0 0 0
cpu7 10092 878 4121 36003 24 130 93 0 0 0
cpu  67962 12613 49435 288988 249 6328 2453 0 0 0
cpu0 7241 772 6091 45325 131 2521 754 0 0 0
cpu1 7255 811 5723 33939 15 2054 637 0 0 0
cpu2 8101 1865 7607 34490 11 366 283 0 0 0
cpu3 7824 2109 7054 34826 11 357 295 0 0 0
cpu4 9128 2922 7761 33952 10 384 135 0 0 0
cpu5 9058 3147 7273 34134 13 365 132 0 0 0
cpu6 9244 104 3798 36305 31 146 120 0 0 0
cpu7 10106 878 4125 36013 24 130 93 0 0 0
cpu  68061 12614 49495 289062 249 6335 2454 0 0 0
cpu0 7253 772 6099 45334 131 2522 754 0 0 0
cpu1 7267 811 5729 33947 15 2058 638 0 0 0
cpu2 8114 1865 7614 34501 11 366 283 0 0 0
cpu3 7837 2110 7059 34835 11 358 295 0 0 0
cpu4 9138 2922 7775 33959 10 385 135 0 0 0
cpu5 9070 3148 7281 34143 13 366 132 0 0 0
cpu6 9259 104 3801 36316 31 146 120 0 0 0
cpu7 10119 878 4133 36024 24 130 93 0 0 0
cpu  68146 12614 49542 289164 249 6342 2455 0 0 0
cpu0 7262 772 6104 45348 131 2523 754 0 0 0
cpu1 7277 812 5736 33957 15 2063 638 0 0 0
cpu2 8123 1865 7622 34513 11 367 283 0 0 0
cpu3 7849 2110 7065 34847 11 358 296 0 0 0
cpu4 9145 2922 7781 33974 10 385 135 0 0 0
cpu5 9077 3148 7286 34159 13 366 132 0 0 0
cpu6 9278 104 3804 36326 31 146 120 0 0 0
cpu7 10131 878 4139 36038 24 130 93 0 0 0
cpu  68210 12615 49583 289259 249 6348 2456 0 0 0
cpu0 7268 772 6110 45360 131 2524 754 0 0 0
cpu1 7282 812 5741 33967 15 2067 639 0 0 0
cpu2 8129 1865 7628 34526 11 367 284 0 0 0
cpu3 7855 2110 7073 34858 11 358 296 0 0 0
cpu4 9153 2922 7784 33987 10 385 135 0 0 0
cpu5 9085 3148 7291 34171 13 366 132 0 0 0
cpu6 9291 104 3808 36338 31 146 120 0 0 0
cpu7 10143 878 4144 36050 24 130 93 0 0 0
cpu  68275 12615 49626 289346 249 6354 2457 0 0 0
cpu0 7276 772 6114 45370 131 2525 754 0 0 0
cpu1 7288 812 5747 33976 15 2071 640 0 0 0
cpu2 8137 1865 7636 34536 11 367 284 0 0 0
cpu3 7862 2110 7078 34870 11 359 296 0 0 0
cpu4 9161 2922 7790 33998 10 386 135 0 0 0
cpu5 9092 3148 7297 34182 13 366 132 0 0 0
cpu6 9302 104 3814 36347 31 147 120 0 0 0
cpu7 10152 878 4146 36063 24 130 93 0 0 0
cpu  68373 12615 49677 289427 249 6361 2459 0 0 0
cpu0 7288 772 6120 45382 131 2526 754 0 0 0
cpu1 7298 812 5752 33986 15 2075 640 0 0 0
cpu2 8145 1865 7645 34547 11 368 284 0 0 0
cpu3 7874 2110 7085 34880 11 359 296 0 0 0
cpu4 9171 2922 7798 34010 10 386 135 0 0 0
cpu5 9101 3148 7306 34193 13 367 132 0 0 0
cpu6 9320 104 3817 36356 31 147 120 0 0 0
cpu7 10172 878 4151 36069 24 131 93 0 0 0
cpu  68463 12615 49727 289525 249 6368 2460 0 0 0
cpu0 7298 772 6125 45394 131 2527 754 0 0 0
cpu1 7307 812 5757 33998 15 2079 641 0 0 0
cpu2 8153 1865 7655 34558 11 368 284 0 0 0
cpu3 7883 2110 7093 34894 11 359 296 0 0 0
cpu4 9183 2922 7805 34022 10 386 135 0 0 0
cpu5 9114 3148 7312 34206 13 367 133 0 0 0
cpu6 9333 104 3821 36368 31 147 120 0 0 0
cpu7 10188 878 4154 36081 24 131 93 0 0 0
cpu  68540 12615 49772 289620 249 6374 2461 0 0 0
cpu0 7306 772 6132 45405 131 2528 755 0 0 0
cpu1 7314 812 5762 34008 15 2082 642 0 0 0
cpu2 8162 1865 7663 34570 11 368 284 0 0 0
cpu3 7890 2110 7099 34907 11 360 296 0 0 0
cpu4 9194 2922 7810 34036 10 387 135 0 0 0
cpu5 9123 3148 7319 34219 13 367 133 0 0 0
cpu6 9347 104 3825 36379 31 147 120 0 0 0
cpu7 10200 878 4159 36092 24 131 93 0 0 0
cpu  68617 12615 49810 289706 249 6380 2462 0 0 0
cpu0 7315 772 6138 45416 131 2529 755 0 0 0
cpu1 7321 812 5766 34017 15 2086 642 0 0 0
cpu2 8172 1865 7669 34579 11 368 284 0 0 0
cpu3 7898 2110 7103 34920 11 360 296 0 0 0
cpu4 9203 2922 7816 34047 10 387 135 0 0 0
cpu5 9133 3148 7323 34231 13 368 133 0 0 0
cpu6 9359 104 3829 36390 31 147 121 0 0 0
cpu7 10212 878 4163 36103 24 131 93 0 0 0
cpu  68716 12615 49857 289816 249 6388 2464 0 0 0
cpu0 7328 772 6144 45429 131 2532 755 0 0 0
cpu1 7333 812 5771 34030 15 2090 643 0 0 0
cpu2 8182 1865 7676 34594 11 369 284 0 0 0
cpu3 7909 2110 7109 34936 11 360 296 0 0 0
cpu4 9214 2922 7824 34058 10 387 135 0 0 0
cpu5 9142 3148 7329 34248 13 368 133 0 0 0
cpu6 9375 104 3834 36402 31 147 121 0 0 0
cpu7 10230 878 4167 36115 24 131 93 0 0 0
cpu  68794 12616 49910 289888 249 6395 2465 0 0 0
cpu0 7341 772 6149 45438 131 2533 755 0 0 0
cpu1 7342 812 5777 34035 15 2094 644 0 0 0
cpu2 8189 1865 7684 34603 11 369 284 0 0 0
cpu3 7915 2110 7119 34945 11 360 296 0 0 0
cpu4 9220 2922 7832 34069 10 387 135 0 0 0
cpu5 9153 3149 7336 34256 13 368 133 0 0 0
cpu6 9388 104 3839 36412 31 147 121 0 0 0
cpu7 10243 878 4173 36126 24 132 93 0 0 0
cpu  68892 12617 49960 289984 249 6402 2466 0 0 0
cpu0 7352 772 6156 45449 131 2534 755 0 0 0
cpu1 7355 812 5783 34043 15 2098 645 0 0 0
cpu2 8200 1865 7692 34615 11 370 284 0 0 0
cpu3 7924 2110 7126 34959 11 361 296 0 0 0
cpu4 9232 2923 7838 34082 10 388 136 0 0 0
cpu5 9164 3149 7344 34268 13 369 133 0 0 0
cpu6 9405 104 3842 36426 31 148 121 0 0 0
cpu7 10258 878 4177 36138 24 132 93 0 0 0
cpu  68982 12617 50017 290064 249 6410 2468 0 0 0
cpu0 7362 772 6165 45457 131 2536 755 0 0 0
cpu1 7366 812 5788 34051 15 2103 645 0 0 0
cpu2 8209 1865 7700 34625 11 370 285 0 0 0
cpu3 7938 2110 7133 34969 11 361 297 0 0 0
cpu4 9245 2923 7845 34091 10 388 136 0 0 0
cpu5 9173 3149 7353 34279 13 369 133 0 0 0
cpu6 9417 104 3848 36437 31 148 121 0 0 0
cpu7 10268 878 4183 36150 24 132 93 0 0 0
cpu  69136 12619 50108 290108 249 6421 2469 0 0 0
cpu0 7377 772 6181 45462 131 2538 755 0 0 0
cpu1 7381 812 5799 34055 15 2109 646 0 0 0
cpu2 8232 1865 7711 34629 11 371 285 0 0 0
cpu3 7957 2110 7147 34974 11 362 297 0 0 0
cpu4 9267 2923 7854 34096 10 389 136 0 0 0
cpu5 9193 3151 7363 34283 13 369 133 0 0 0
cpu6 9435 104 3858 36448 31 148 121 0 0 0
cpu7 10291 878 4193 36157 24 132 94 0 0 0
cpu  69266 12621 50181 290157 249 6431 2470 0 0 0
cpu0 7391 772 6191 45467 131 2539 755 0 0 0
cpu1 7394 812 5808 34059 15 2115 647 0 0 0
cpu2 8249 1865 7722 34634 11 371 285 0 0 0
cpu3 7975 2110 7155 34981 11 362 297 0 0 0
cpu4 9286 2923 7863 34102 10 389 136 0 0 0
cpu5 9210 3153 7371 34289 13 370 133 0 0 0
cpu6 9451 104 3867 36457 31 148 121 0 0 0
cpu7 10306 878 4201 36165 24 132 94 0 0 0
cpu  69448 12632 50290 290212 249 6445 2473 0 0 0
cpu0 7409 775 6209 45473 131 2542 755 0 0 0
cpu1 7416 812 5819 34063 15 2123 648 0 0 0
cpu2 8275 1865 7734 34641 11 372 285 0 0 0
cpu3 7997 2112 7171 34986 11 363 297 0 0 0
cpu4 9312 2924 7877 34107 10 390 136 0 0 0
cpu5 9232 3154 7387 34295 13 371 134 0 0 0
cpu6 9472 104 3880 36469 31 149 121 0 0 0
cpu7 10331 883 4211 36173 24 133 94 0 0 0
cpu  69472 12635 50332 290311 249 6448 2473 0 0 0
cpu0 7411 775 6215 45486 131 2543 756 0 0 0
cpu1 7420 812 5823 34074 15 2125 648 0 0 0
cpu2 8278 1866 7737 34655 11 372 285 0 0 0
cpu3 8000 2112 7178 34998 11 363 297 0 0 0
cpu4 9315 2925 7889 34113 10 390 136 0 0 0
cpu5 9236 3155 7390 34309 13 371 134 0 0 0
cpu6 9475 104 3884 36483 31 149 121 0 0 0
cpu7 10334 883 4214 36189 24 133 94 0 0 0
cpu  69500 12635 50370 290392 249 6451 2473 0 0 0
cpu0 7414 775 6222 45496 131 2544 756 0 0 0
cpu1 7423 812 5827 34085 15 2126 648 0 0 0
cpu2 8282 1866 7739 34665 11 372 285 0 0 0
cpu3 8004 2112 7181 35010 11 363 297 0 0 0
cpu4 9320 2925 7894 34122 10 390 136 0 0 0
cpu5 9238 3155 7401 34314 13 371 134 0 0 0
cpu6 9477 104 3886 36498 31 149 121 0 0 0
cpu7 10339 883 4219 36200 24 133 94 0 0 0
cpu  69551 12638 50402 290493 250 6454 2474 0 0 0
cpu0 7418 776 6225 45509 131 2545 756 0 0 0
cpu1 7428 812 5831 34097 15 2128 648 0 0 0
cpu2 8291 1867 7743 34676 11 372 285 0 0 0
cpu3 8011 2113 7185 35020 11 363 297 0 0 0
cpu4 9328 2925 7896 34134 10 390 136 0 0 0
cpu5 9246 3155 7407 34325 13 371 134 0 0 0
cpu6 9481 104 3888 36514 31 149 121 0 0 0
cpu7 10344 883 4224 36215 24 133 94 0 0 0
cpu  69573 12638 50422 290594 250 6456 2474 0 0 0
cpu0 7420 776 6230 45521 131 2545 756 0 0 0
cpu1 7429 812 5833 34109 15 2129 648 0 0 0
cpu2 8295 1867 7746 34689 11 372 285 0 0 0
cpu3 8016 2113 7186 35033 11 363 297 0 0 0
cpu4 9329 2925 7898 34147 10 391 136 0 0 0
cpu5 9249 3155 7409 34337 13 371 134 0 0 0
cpu6 9484 104 3889 36527 31 149 121 0 0 0
cpu7 10347 883 4228 36228 24 133 94 0 0 0
cpu  69584 12638 50435 290720 250 6458 2474 0 0 0
cpu0 7421 776 6231 45537 131 2546 756 0 0 0
cpu1 7430 812 5835 34125 15 2129 648 0 0 0
cpu2 8296 1867 7747 34705 11 372 285 0 0 0
cpu3 8019 2113 7186 35049 11 363 297 0 0 0
cpu4 9330 2925 7900 34162 10 391 136 0 0 0
cpu5 9251 3155 7412 34353 13 371 134 0 0 0
cpu6 9485 104 3890 36544 31 149 121 0 0 0
cpu7 10349 883 4230 36241 24 133 94 0 0 0
cpu  69590 12638 50443 290867 250 6460 2475 0 0 0
cpu0 7422 776 6232 45555 131 2547 756 0 0 0
cpu1 7430 812 5836 34143 15 2130 648 0 0 0
cpu2 8297 1867 7748 34724 11 372 285 0 0 0
cpu3 8019 2113 7187 35068 11 363 297 0 0 0
cpu4 9331 2925 7902 34181 10 391 136 0 0 0
cpu5 9251 3155 7413 34372 13 371 134 0 0 0
cpu6 9485 104 3891 36564 31 149 121 0 0 0
cpu7 10351 883 4232 36258 24 133 94 0 0 0
cpu  69598 12640 50454 290991 250 6462 2475 0 0 0
cpu0 7422 776 6232 45570 131 2547 756 0 0 0
cpu1 7431 812 5838 34158 15 2131 648 0 0 0
cpu2 8297 1867 7749 34740 11 373 285 0 0 0
cpu3 8020 2114 7189 35084 11 364 297 0 0 0
cpu4 9332 2927 7902 34195 10 391 136 0 0 0
cpu5 9253 3155 7413 34388 13 371 134 0 0 0
cpu6 9487 104 3893 36578 31 149 121 0 0 0
cpu7 10352 883 4234 36274 24 133 94 0 0 0
