9795.831275,67.77,149.26,149.26
9795.834942,67.77,148.55,148.55
9795.862976,67.77,147.45,147.45
9795.878964,67.77,147.13,147.13
9795.896327,67.77,147.07,147.07
9795.912716,67.77,147.29,147.29
9795.928212,67.77,148.45,148.45
9795.945949,67.77,149.15,149.15
9795.961968,67.77,150.31,150.31
9795.992445,67.77,151.95,151.95
9796.000299,67.77,152.49,152.49
9796.012200,67.77,152.90,152.90
9796.030107,67.77,154.34,154.34
9796.045271,67.77,155.33,155.33
9796.062620,67.77,155.68,155.68
9796.079117,67.77,156.53,156.53
9796.094357,67.77,156.54,156.54
9796.113221,67.77,156.30,156.30
9796.130269,67.77,155.79,155.79
9796.145571,67.77,155.65,155.65
9796.163969,67.77,155.32,155.32
9796.180772,67.77,154.55,154.55
9796.200089,67.77,154.74,154.74
9796.213242,67.77,154.63,154.63
9796.228576,67.77,154.21,154.21
9796.248659,67.77,153.71,153.71
9796.264424,67.77,158.05,158.05
9796.289610,67.77,157.53,157.53
9796.297037,67.77,158.97,158.97
9796.330449,67.77,158.28,158.28
9796.345521,67.77,157.91,157.91
9796.381389,67.77,157.02,157.02
9796.395903,67.77,157.04,157.04
9796.411224,67.77,159.07,159.07
9796.428794,67.77,158.67,158.67
9796.445452,67.77,163.52,163.52
9796.460456,67.77,162.44,162.44
9796.478849,67.77,160.96,160.96
9796.496445,67.77,159.01,159.01
9796.513460,67.77,157.83,157.83
9796.529390,67.77,159.55,159.55
9796.548335,67.77,158.13,158.13
9796.562070,67.77,160.94,160.94
9796.580369,67.77,159.39,159.39
9796.595221,67.77,158.09,158.09
9796.613124,67.77,156.54,156.54
9796.628187,67.77,154.75,154.75
9796.646777,67.77,153.07,153.07
9796.661191,67.77,153.29,153.29
9796.679975,67.77,152.55,152.55
9796.695168,67.77,151.69,151.69
9796.714419,67.77,150.16,150.16
9796.746573,67.77,162.03,162.03
9796.766660,67.77,161.41,161.41
9796.782004,67.77,159.01,159.01
9796.794945,67.77,158.33,158.33
9796.813513,67.77,156.62,156.62
9796.828933,67.77,155.84,155.84
9796.847740,67.77,155.08,155.08
9796.861231,67.77,156.87,156.87
9796.877788,67.77,156.24,156.24
9796.894701,67.77,155.42,155.42
9796.912040,67.77,153.48,153.48
9796.928000,67.77,151.58,151.58
9796.944955,67.77,149.65,149.65
9796.960396,67.77,148.25,148.25
9796.977900,67.77,146.51,146.51
9796.995113,67.77,144.26,144.26
9797.012644,67.77,141.07,141.07
9797.027096,67.77,136.92,136.92
9797.044968,67.77,133.93,133.93
9797.060529,67.77,131.69,131.69
9797.078945,67.77,129.85,129.85
9797.095983,67.77,129.71,129.71
9797.112634,67.77,128.38,128.38
9797.128414,67.77,128.28,128.28
9797.147535,67.77,127.37,127.37
9797.161462,67.77,128.92,128.92
9797.182276,67.77,128.44,128.44
9797.195312,67.77,128.42,128.42
9797.213159,67.77,128.47,128.47
9797.227935,67.77,123.95,123.95
9797.246373,67.77,123.93,123.93
9797.261528,67.77,123.01,123.01
9797.279899,67.77,122.31,122.31
9797.296434,67.77,122.16,122.16
9797.311214,67.77,122.21,122.21
9797.331209,67.77,122.30,122.30
9797.346406,67.77,122.24,122.24
9797.361825,67.77,125.07,125.07
9797.380358,67.77,125.50,125.50
9797.395275,67.77,125.21,125.21
9797.415028,67.77,124.70,124.70
9797.445632,67.77,123.52,123.52
9797.461130,67.77,122.50,122.50
9797.481196,67.77,120.85,120.85
9797.494475,67.77,120.17,120.17
9797.511581,67.77,119.89,119.89
9797.529401,67.77,119.46,119.46
9797.545598,67.77,119.71,119.71
9797.562680,67.77,120.76,120.76
9797.580073,67.77,121.82,121.82
9797.595603,67.77,122.32,122.32
9797.613837,67.77,123.11,123.11
9797.630541,67.77,123.44,123.44
9797.645382,67.77,124.02,124.02
9797.663690,67.77,124.02,124.02
9797.680259,67.77,123.67,123.67
9797.695868,67.77,123.72,123.72
9797.712404,67.77,123.19,123.19
9797.727358,67.77,124.35,124.35
9797.746498,67.77,125.21,125.21
9797.761953,67.77,126.31,126.31
9797.779676,67.77,127.00,127.00
9797.796528,67.77,126.72,126.72
9797.814526,67.77,124.61,124.61
9797.830453,67.77,123.40,123.40
9797.845469,67.77,122.10,122.10
9797.879594,67.77,123.36,123.36
9797.897448,67.77,124.28,124.28
9797.912315,67.77,126.37,126.37
9797.930312,67.77,125.96,125.96
9797.946623,67.77,125.65,125.65
9797.979186,67.77,124.98,124.98
9797.994452,67.77,123.63,123.63
9798.013950,67.77,121.64,121.64
9798.027321,67.77,123.08,123.08
9798.046052,67.77,126.27,126.27
9798.061373,67.77,129.33,129.33
9798.078049,67.77,132.56,132.56
9798.094105,67.77,135.60,135.60
9798.112276,67.77,137.87,137.87
9798.127218,67.77,140.40,140.40
9798.147231,67.77,140.41,140.41
9798.160119,67.77,142.67,142.67
9798.179368,67.77,143.57,143.57
9798.195796,67.77,146.02,146.02
9798.210954,67.77,145.41,145.41
9798.228269,67.77,147.19,147.19
9798.248565,67.77,149.77,149.77
9798.260751,67.77,148.43,148.43
9798.278958,67.77,150.21,150.21
9798.295863,67.77,150.02,150.02
9798.312502,67.77,151.51,151.51
9798.327223,67.77,151.04,151.04
9798.347482,67.77,152.45,152.45
9798.363292,67.77,152.13,152.13
9798.382391,67.77,153.71,153.71
9798.396317,67.77,155.33,155.33
9798.414166,67.77,156.16,156.16
9798.449224,67.77,157.19,157.19
9798.478542,67.77,156.37,156.37
9798.494275,67.77,157.47,157.47
9798.514889,67.77,158.74,158.74
9798.528806,67.77,157.70,157.70
9798.548003,67.77,159.03,159.03
9798.579613,67.77,158.14,158.14
9798.597068,67.77,161.48,161.48
9798.611571,67.77,159.63,159.63
9798.627418,67.77,159.51,159.51
9798.646691,67.77,159.39,159.39
9798.661627,67.77,159.32,159.32
9798.681332,67.77,158.55,158.55
9798.695234,67.77,158.10,158.10
9798.713711,67.77,157.04,157.04
9798.744959,67.77,156.33,156.33
9798.764508,67.77,156.21,156.21
9798.776573,67.77,157.86,157.86
9798.796208,67.77,157.05,157.05
9798.810682,67.77,157.30,157.30
9798.828413,67.77,157.88,157.88
9798.849412,67.77,156.85,156.85
9798.867270,67.77,156.37,156.37
9798.879094,67.77,157.14,157.14
9798.894858,67.77,158.12,158.12
9798.915386,67.77,158.79,158.79
9798.927687,67.77,158.89,158.89
9798.946830,67.77,159.59,159.59
9798.961675,67.77,161.25,161.25
9798.977649,67.77,161.11,161.11
9798.993901,67.77,161.11,161.11
9799.011728,67.77,161.39,161.39
9799.029374,67.77,161.44,161.44
9799.046295,67.77,162.32,162.32
9799.063353,67.77,162.49,162.49
9799.080695,67.77,163.58,163.58
9799.094851,67.77,163.28,163.28
9799.113719,67.77,162.84,162.84
9799.130177,67.77,161.40,161.40
9799.144733,67.77,160.49,160.49
9799.158949,67.77,159.34,159.34
9799.182009,67.77,158.67,158.67
9799.197563,67.77,158.03,158.03
9799.220989,67.77,161.50,161.50
9799.244565,67.77,160.56,160.56
9799.262160,67.77,160.40,160.40
9799.297895,67.77,160.05,160.05
9799.313556,67.77,160.39,160.39
9799.348727,67.77,159.16,159.16
9799.378082,67.77,160.95,160.95
9799.394347,67.77,161.81,161.81
9799.408889,67.77,162.28,162.28
9799.426024,67.77,162.34,162.34
9799.445556,67.77,161.69,161.69
9799.460978,67.77,161.19,161.19
9799.476039,67.77,161.35,161.35
9799.492480,67.77,161.91,161.91
9799.513217,67.77,162.26,162.26
9799.528724,67.77,162.44,162.44
9799.547423,67.77,161.51,161.51
9799.560518,67.77,161.72,161.72
9799.579181,67.77,163.24,163.24
9799.595267,67.77,164.43,164.43
9799.622813,67.77,165.80,165.80
9799.644176,67.77,167.18,167.18
9799.662574,67.77,167.10,167.10
9799.681161,67.77,165.67,165.67
9799.698615,67.77,164.76,164.76
9799.728120,67.77,164.39,164.39
9799.743544,67.77,163.75,163.75
9799.759456,67.77,167.71,167.71
9799.777651,67.77,167.59,167.59
9799.794581,67.77,167.24,167.24
9799.812889,67.77,166.63,166.63
9799.827948,67.77,165.97,165.97
9799.844565,67.77,165.17,165.17
9799.862898,67.77,164.52,164.52
9799.880089,67.77,164.30,164.30
9799.892844,67.77,164.37,164.37
9799.911980,67.77,164.11,164.11
9799.934745,67.77,163.63,163.63
9799.959887,67.77,162.86,162.86
9799.975524,67.77,161.72,161.72
9799.997467,67.77,161.48,161.48
9800.008468,67.77,160.91,160.91
9800.042737,67.77,158.65,158.65
9800.063449,67.77,157.38,157.38
9800.078246,67.77,155.90,155.90
9800.090886,67.77,155.16,155.16
9800.108722,67.77,155.03,155.03
9800.141423,67.77,154.38,154.38
9800.159337,67.77,154.19,154.19
9800.174311,67.77,153.99,153.99
9800.194386,67.77,154.03,154.03
9800.211599,67.77,153.93,153.93
9800.229398,67.77,153.17,153.17
9800.246542,67.77,151.99,151.99
9800.261803,67.77,150.43,150.43
9800.274096,67.77,148.05,148.05
9800.291325,67.77,148.62,148.62
9800.310120,67.77,146.94,146.94
9800.327168,67.77,145.81,145.81
9800.340874,67.77,145.40,145.40
9800.357373,67.77,143.26,143.26
9800.380898,67.77,142.91,142.91
9800.390774,67.77,139.81,139.81
9800.406902,67.77,139.85,139.85
9800.440748,67.77,137.82,137.82
9800.457858,67.77,136.98,136.98
9800.474196,67.77,134.66,134.66
9800.490661,67.77,133.46,133.46
9800.510590,67.77,130.66,130.66
9800.524506,67.77,129.88,129.88
9800.558221,67.77,126.94,126.94
9800.574065,67.77,124.64,124.64
9800.591950,67.77,124.25,124.25
9800.607587,67.77,122.06,122.06
9800.625835,67.77,121.80,121.80
9800.641420,67.77,119.29,119.29
9800.658156,67.77,119.39,119.39
9800.674239,67.77,118.29,118.29
9800.690484,67.77,117.61,117.61
9800.706643,67.77,115.41,115.41
9800.723928,67.77,114.47,114.47
9800.743140,67.77,113.45,113.45
9800.758192,67.77,113.09,113.09
9800.775874,67.77,112.05,112.05
9800.790746,67.77,111.20,111.20
9800.810274,67.77,111.00,111.00
9800.827800,67.77,110.98,110.98
9800.841122,67.77,110.79,110.79
9800.858273,67.77,110.26,110.26
9800.877354,67.77,110.14,110.14
9800.896613,67.77,109.77,109.77
9800.907137,67.77,109.63,109.63
9800.941504,67.77,108.75,108.75
9800.957587,67.77,108.45,108.45
9800.980181,67.77,107.76,107.76
9800.997894,67.77,107.24,107.24
9801.018484,67.77,109.83,109.83
9801.056912,67.77,111.66,111.66
9801.073256,67.77,115.26,115.26
9801.089923,67.77,116.56,116.56
9801.112901,67.77,117.23,117.23
9801.132477,67.77,117.49,117.49
9801.141430,67.77,119.47,119.47
9801.156540,67.77,120.19,120.19
9801.174512,67.77,123.84,123.84
9801.189910,67.77,124.61,124.61
9801.209052,67.77,125.76,125.76
9801.224469,67.77,127.64,127.64
9801.240082,67.77,129.68,129.68
9801.257414,67.77,132.10,132.10
9801.283070,67.77,135.30,135.30
9801.293142,67.77,137.37,137.37
9801.307243,67.77,143.01,143.01
9801.340495,67.77,143.94,143.94
9801.358280,67.77,144.71,144.71
9801.374010,67.77,145.65,145.65
9801.390613,67.77,145.96,145.96
9801.407416,67.77,146.28,146.28
9801.440060,67.77,146.02,146.02
9801.462009,67.77,149.57,149.57
9801.474423,67.77,151.31,151.31
9801.495662,67.77,150.68,150.68
9801.507814,67.77,151.24,151.24
9801.523702,67.77,150.97,150.97
9801.540955,67.77,150.39,150.39
9801.557095,67.77,150.42,150.42
9801.573808,67.77,149.31,149.31
9801.589522,67.77,148.89,148.89
9801.607393,67.77,147.99,147.99
9801.623555,67.77,147.31,147.31
9801.642738,67.77,147.38,147.38
9801.657553,67.77,147.53,147.53
9801.674087,67.77,151.51,151.51
9801.690328,67.77,151.34,151.34
9801.707993,67.77,151.28,151.28
9801.724468,67.77,150.47,150.47
9801.757601,67.77,150.64,150.64
9801.774361,67.77,150.60,150.60
9801.808061,67.77,150.07,150.07
9801.823651,67.77,149.64,149.64
9801.840939,67.77,150.02,150.02
9801.856313,67.77,150.45,150.45
9801.873810,67.77,150.93,150.93
9801.890021,67.77,151.60,151.60
9801.907801,67.77,151.61,151.61
9801.924255,67.77,151.92,151.92
9801.940479,67.77,151.89,151.89
9801.957711,67.77,152.06,152.06
9801.973659,67.77,152.35,152.35
9801.990258,67.77,153.64,153.64
9802.008389,67.77,155.11,155.11
9802.024596,67.77,156.15,156.15
9802.043122,67.77,158.94,158.94
9802.058166,67.77,158.77,158.77
9802.073961,67.77,159.44,159.44
9802.096483,67.77,158.05,158.05
9802.123662,67.77,160.06,160.06
9802.145890,67.77,160.20,160.20
9802.157555,67.77,161.76,161.76
9802.174578,67.77,163.36,163.36
9802.190438,67.77,165.66,165.66
9802.207094,67.77,168.72,168.72
9802.240055,67.77,173.58,173.58
9802.258751,67.77,174.13,174.13
9802.273239,67.77,173.98,173.98
9802.291275,67.77,173.70,173.70
9802.306836,67.77,174.99,174.99
9802.340396,67.77,177.51,177.51
9802.356534,67.77,178.97,178.97
9802.407204,67.77,180.21,180.21
9802.422908,67.77,184.51,184.51
9802.439789,67.77,185.05,185.05
9802.457226,67.77,184.09,184.09
9802.475602,67.77,187.66,187.66
9802.490854,67.77,186.05,186.05
9802.509878,67.77,184.45,184.45
9802.530815,67.77,182.47,182.47
9802.540458,67.77,181.11,181.11
9802.557355,67.77,180.81,180.81
9802.572276,67.77,180.84,180.84
9802.590114,67.77,180.26,180.26
9802.606067,67.77,180.25,180.25
9802.624959,67.77,179.56,179.56
9802.641193,67.77,178.95,178.95
9802.656231,67.77,178.61,178.61
9802.672900,67.77,177.98,177.98
9802.690655,67.77,177.58,177.58
9802.707264,67.77,176.05,176.05
9802.723108,67.77,176.09,176.09
9802.740038,67.77,174.85,174.85
9802.773472,67.77,174.87,174.87
9802.790620,67.77,174.39,174.39
9802.809715,67.77,174.10,174.10
9802.823304,67.77,175.44,175.44
9802.840033,67.77,175.98,175.98
9802.856959,67.77,177.36,177.36
9802.873653,67.77,178.54,178.54
9802.889591,67.77,179.61,179.61
9802.905993,67.77,178.01,178.01
9802.922620,67.77,178.49,178.49
9802.939216,67.77,178.20,178.20
9802.956420,67.77,180.22,180.22
9802.973187,67.77,182.99,182.99
9802.989434,67.77,185.86,185.86
9803.007460,67.77,187.46,187.46
9803.039778,67.77,189.03,189.03
9803.055648,67.77,189.03,189.03
9803.072969,67.77,189.28,189.28
9803.089577,67.77,188.38,188.38
9803.106081,67.77,187.66,187.66
9803.139694,67.77,187.03,187.03
9803.157106,67.77,187.61,187.61
9803.174486,67.77,188.13,188.13
9803.190449,67.77,188.24,188.24
9803.206807,67.77,186.82,186.82
9803.223419,67.77,186.56,186.56
9803.238696,67.77,186.26,186.26
9803.255511,67.77,185.90,185.90
9803.273124,67.77,185.00,185.00
9803.290650,67.77,184.57,184.57
9803.305537,67.77,183.82,183.82
9803.332541,67.77,183.45,183.45
9803.348228,67.77,182.89,182.89
9803.356952,67.77,182.11,182.11
9803.372557,67.77,181.91,181.91
9803.389013,67.77,181.55,181.55
9803.409664,67.77,181.32,181.32
9803.421933,67.77,181.25,181.25
9803.442908,67.77,180.83,180.83
9803.460657,67.77,180.50,180.50
9803.472092,67.77,180.46,180.46
9803.506889,67.77,181.07,181.07
9803.510391,67.77,182.16,182.16
9803.556056,67.77,183.59,183.59
9803.572447,67.77,182.54,182.54
9803.588803,67.77,180.55,180.55
9803.607029,67.77,179.15,179.15
9803.623118,67.77,179.06,179.06
9803.639909,67.77,181.52,181.52
9803.655471,67.77,182.17,182.17
9803.673171,67.77,184.27,184.27
9803.688937,67.77,183.49,183.49
9803.706658,67.77,185.84,185.84
9803.722062,67.77,185.73,185.73
9803.739764,67.77,183.54,183.54
9803.757620,67.77,182.73,182.73
9803.773831,67.77,182.82,182.82
9803.790498,67.77,181.50,181.50
9803.805152,67.77,179.72,179.72
9803.838580,67.77,177.83,177.83
9803.855262,67.77,176.09,176.09
9803.875794,67.77,177.26,177.26
9803.888497,67.77,177.66,177.66
9803.909431,67.77,178.32,178.32
9803.922250,67.77,177.89,177.89
9803.938518,67.77,177.17,177.17
9803.956761,67.77,176.99,176.99
9803.971450,67.77,176.42,176.42
9803.989278,67.77,175.72,175.72
9804.006918,67.77,175.29,175.29
9804.024787,67.77,175.06,175.06
9804.038357,67.77,173.66,173.66
9804.056604,67.77,173.01,173.01
9804.071699,67.77,173.24,173.24
9804.090792,67.77,173.04,173.04
9804.105355,67.77,174.03,174.03
9804.122296,67.77,176.31,176.31
9804.140611,67.77,175.15,175.15
9804.155449,67.77,174.76,174.76
9804.173433,67.77,174.55,174.55
9804.190574,67.77,175.76,175.76
9804.205466,67.77,176.33,176.33
9804.221645,67.77,177.12,177.12
9804.238040,67.77,177.11,177.11
9804.256382,67.77,177.25,177.25
9804.271475,67.77,177.34,177.34
9804.291877,67.77,177.65,177.65
9804.304649,67.77,175.75,175.75
9804.355080,67.77,175.93,175.93
9804.371032,67.77,175.78,175.78
9804.390452,67.77,176.54,176.54
9804.404650,67.77,177.08,177.08
9804.423300,67.77,177.29,177.29
9804.438061,67.77,178.59,178.59
9804.458114,67.77,178.24,178.24
9804.471956,67.77,179.90,179.90
9804.487439,67.77,179.99,179.99
9804.504371,67.77,179.49,179.49
9804.521734,67.77,179.65,179.65
9804.555643,67.77,178.90,178.90
9804.570786,67.77,178.76,178.76
9804.589296,67.77,178.11,178.11
9804.609968,67.77,177.77,177.77
9804.621383,67.77,177.06,177.06
9804.639861,67.77,176.78,176.78
9804.655554,67.77,176.82,176.82
9804.673441,67.77,176.90,176.90
9804.689173,67.77,176.38,176.38
9804.706003,67.77,176.10,176.10
9804.723148,67.77,175.59,175.59
9804.738928,67.77,175.10,175.10
9804.756720,67.77,175.42,175.42
9804.791091,67.77,175.50,175.50
9804.803917,67.77,175.32,175.32
9804.821266,67.77,174.94,174.94
9804.837538,67.77,174.99,174.99
9804.853996,67.77,174.44,174.44
9804.870109,67.77,173.79,173.79
9804.887250,67.77,174.07,174.07
9804.905103,67.77,174.54,174.54
9804.922470,67.77,174.97,174.97
9804.938200,67.77,174.89,174.89
9804.954868,67.77,175.06,175.06
9804.970443,67.77,174.84,174.84
9804.988072,67.77,176.19,176.19
9805.004589,67.77,176.25,176.25
9805.023976,67.77,175.05,175.05
9805.037518,67.77,174.01,174.01
9805.054591,67.77,173.29,173.29
9805.071537,67.77,173.38,173.38
9805.090179,67.77,173.25,173.25
9805.105600,67.77,177.43,177.43
9805.122954,67.77,177.50,177.50
9805.140016,67.77,177.65,177.65
9805.154836,67.77,177.37,177.37
9805.171035,67.77,176.59,176.59
9805.190291,67.77,175.48,175.48
9805.203838,67.77,175.44,175.44
9805.221254,67.77,175.78,175.78
9805.238379,67.77,175.34,175.34
9805.255590,67.77,175.53,175.53
9805.270770,67.77,176.07,176.07
9805.288168,67.77,175.79,175.79
9805.303832,67.77,175.30,175.30
9805.323581,67.77,175.48,175.48
9805.339017,67.77,176.08,176.08
9805.359707,67.77,175.84,175.84
9805.370398,67.77,176.45,176.45
9805.387622,67.77,177.33,177.33
9805.403429,67.77,177.85,177.85
9805.421077,67.77,177.16,177.16
9805.436815,67.77,177.21,177.21
9805.454737,67.77,178.78,178.78
9805.470504,67.77,179.21,179.21
9805.488617,67.77,179.58,179.58
9805.504257,67.77,179.71,179.71
9805.521429,67.77,180.19,180.19
9805.537564,67.77,180.08,180.08
9805.556530,67.77,179.52,179.52
9805.571313,67.77,179.79,179.79
9805.589218,67.77,180.62,180.62
9805.605426,67.77,180.06,180.06
9805.621539,67.77,180.11,180.11
9805.637445,67.77,180.26,180.26
9805.653889,67.77,179.98,179.98
9805.671462,67.77,180.14,180.14
9805.687030,67.77,180.81,180.81
9805.703354,67.77,181.17,181.17
9805.721483,67.77,181.21,181.21
9805.756469,67.77,181.38,181.38
9805.771675,67.77,181.05,181.05
9805.795585,67.77,181.00,181.00
9805.809612,67.77,181.08,181.08
9805.822990,67.77,180.68,180.68
9805.836788,67.77,180.61,180.61
9805.854458,67.77,180.10,180.10
9805.871222,67.77,179.69,179.69
9805.887448,67.77,179.13,179.13
9805.905332,67.77,178.40,178.40
9805.926733,67.77,178.09,178.09
9805.953605,67.77,178.07,178.07
9805.970166,67.77,178.64,178.64
9805.988177,67.77,178.28,178.28
9806.004280,67.77,178.02,178.02
9806.022178,67.77,177.90,177.90
9806.036303,67.77,178.32,178.32
9806.055847,67.77,178.92,178.92
9806.071246,67.77,179.09,179.09
9806.087630,67.77,178.83,178.83
9806.102931,67.77,179.48,179.48
9806.122478,67.77,179.71,179.71
9806.137543,67.77,180.21,180.21
9806.154558,67.77,180.49,180.49
9806.170187,67.77,180.65,180.65
9806.204893,67.77,181.17,181.17
9806.220796,67.77,181.08,181.08
9806.256381,67.77,181.84,181.84
9806.270316,67.77,181.95,181.95
9806.288620,67.77,181.97,181.97
9806.304096,67.77,181.72,181.72
9806.322226,67.77,181.88,181.88
9806.337626,67.77,180.93,180.93
9806.356367,67.77,181.10,181.10
9806.370546,67.77,181.62,181.62
9806.388768,67.77,181.76,181.76
9806.403741,67.77,181.59,181.59
9806.420887,67.77,181.42,181.42
9806.436697,67.77,181.16,181.16
9806.453789,67.77,180.81,180.81
9806.471095,67.77,181.20,181.20
9806.490638,67.77,181.37,181.37
9806.504102,67.77,181.01,181.01
9806.522570,67.77,181.31,181.31
9806.554931,67.77,179.85,179.85
9806.571318,67.77,179.06,179.06
9806.588212,67.77,179.31,179.31
9806.605483,67.77,179.17,179.17
9806.622291,67.77,178.84,178.84
9806.656834,67.77,179.51,179.51
9806.671362,67.77,178.98,178.98
9806.688621,67.77,178.67,178.67
9806.720363,67.77,178.33,178.33
9806.729531,67.77,177.78,177.78
9806.739416,67.77,177.87,177.87
9806.756865,67.77,177.80,177.80
9806.770378,67.77,177.70,177.70
9806.788931,67.77,177.85,177.85
9806.804427,67.77,177.66,177.66
9806.826972,67.77,177.44,177.44
9806.857761,67.77,176.90,176.90
9806.870493,67.77,176.64,176.64
9806.888065,67.77,176.66,176.66
9806.903658,67.77,176.80,176.80
9806.920756,67.77,176.60,176.60
9806.936299,67.77,176.49,176.49
9806.955271,67.77,176.41,176.41
9806.970113,67.77,176.17,176.17
9806.988265,67.77,175.99,175.99
9807.005243,67.77,176.37,176.37
9807.024156,67.77,176.21,176.21
9807.036460,67.77,176.81,176.81
9807.055891,67.77,176.66,176.66
9807.069950,67.77,176.60,176.60
9807.092199,67.77,176.65,176.65
9807.105873,67.77,176.79,176.79
9807.122401,67.77,176.83,176.83
9807.137193,67.77,177.51,177.51
9807.157126,67.77,177.36,177.36
9807.170519,67.77,177.35,177.35
9807.187541,67.77,177.15,177.15
9807.206221,67.77,176.60,176.60
9807.222937,67.77,176.76,176.76
9807.237472,67.77,177.07,177.07
9807.256974,67.77,176.48,176.48
9807.270051,67.77,176.56,176.56
9807.288776,67.77,176.94,176.94
9807.303970,67.77,176.53,176.53
9807.322270,67.77,176.53,176.53
9807.337151,67.77,176.64,176.64
9807.355533,67.77,176.69,176.69
9807.371169,67.77,177.06,177.06
9807.390529,67.77,177.17,177.17
9807.406288,67.77,177.90,177.90
9807.422938,67.77,178.08,178.08
9807.454065,67.77,178.03,178.03
9807.469750,67.77,177.71,177.71
9807.488736,67.77,177.97,177.97
9807.504752,67.77,178.15,178.15
9807.521049,67.77,178.47,178.47
9807.538674,67.77,178.49,178.49
9807.555072,67.77,178.00,178.00
9807.571993,67.77,178.00,178.00
9807.588316,67.77,177.90,177.90
9807.605686,67.77,177.78,177.78
9807.639470,67.77,177.86,177.86
9807.656531,67.77,178.00,178.00
9807.670487,67.77,178.26,178.26
9807.689113,67.77,178.28,178.28
9807.703810,67.77,178.07,178.07
9807.723129,67.77,178.17,178.17
9807.736242,67.77,178.49,178.49
9807.755779,67.77,178.76,178.76
9807.769720,67.77,178.90,178.90
9807.789864,67.77,178.68,178.68
9807.805083,67.77,179.23,179.23
9807.841985,67.77,178.15,178.15
9807.855339,67.77,177.46,177.46
9807.871877,67.77,177.15,177.15
9807.888452,67.77,177.98,177.98
9807.903436,67.77,177.61,177.61
9807.921609,67.77,177.50,177.50
9807.936503,67.77,177.89,177.89
9807.956579,67.77,177.84,177.84
9807.971704,67.77,178.01,178.01
9807.990093,67.77,177.99,177.99
9808.003367,67.77,177.67,177.67
9808.021761,67.77,177.70,177.70
9808.038194,67.77,177.72,177.72
9808.055367,67.77,178.04,178.04
9808.092119,67.77,178.14,178.14
9808.104267,67.77,178.02,178.02
9808.120991,67.77,177.88,177.88
9808.138187,67.77,178.17,178.17
9808.154790,67.77,178.42,178.42
9808.170887,67.77,178.44,178.44
9808.188988,67.77,178.39,178.39
9808.208884,67.77,178.41,178.41
9808.236320,67.77,178.62,178.62
9808.253915,67.77,178.68,178.68
9808.271368,67.77,178.59,178.59
9808.289881,67.77,178.42,178.42
9808.301983,67.77,178.30,178.30
9808.340730,67.77,178.46,178.46
9808.362507,67.77,178.79,178.79
9808.404704,67.77,178.55,178.55
9808.420187,67.77,178.56,178.56
9808.436364,67.77,178.92,178.92
9808.455134,67.77,178.91,178.91
9808.473234,67.77,179.22,179.22
9808.488994,67.77,179.28,179.28
9808.503450,67.77,179.07,179.07
9808.535390,67.77,179.17,179.17
9808.556706,67.77,178.94,178.94
9808.570317,67.77,178.95,178.95
9808.591230,67.77,179.10,179.10
9808.620917,67.77,179.22,179.22
9808.638968,67.77,179.07,179.07
9808.669636,67.77,179.08,179.08
9808.690245,67.77,179.26,179.26
9808.704608,67.77,179.50,179.50
9808.736681,67.77,179.68,179.68
9808.752782,67.77,179.78,179.78
9808.770158,67.77,179.85,179.85
9808.787433,67.77,180.00,180.00
9808.802343,67.77,180.02,180.02
9808.820103,67.77,180.15,180.15
9808.837031,67.77,180.08,180.08
9808.855169,67.77,179.99,179.99
9808.872285,67.77,180.06,180.06
9808.891284,67.77,180.05,180.05
9808.904981,67.77,179.56,179.56
9808.937231,67.77,179.37,179.37
9808.953243,67.77,179.61,179.61
9808.969902,67.77,179.55,179.55
9808.986903,67.77,179.40,179.40
9809.002952,67.77,179.34,179.34
9809.023134,67.77,179.42,179.42
9809.040888,67.77,179.46,179.46
9809.054800,67.77,179.54,179.54
9809.069928,67.77,179.55,179.55
9809.090931,67.77,179.58,179.58
9809.104603,67.77,179.29,179.29
9809.121765,67.77,179.10,179.10
9809.139127,67.77,178.86,178.86
9809.156531,67.77,178.93,178.93
9809.169114,67.77,178.84,178.84
9809.184644,67.77,178.96,178.96
9809.217595,67.77,178.94,178.94
9809.234010,67.77,178.98,178.98
9809.253233,67.77,179.15,179.15
9809.267985,67.77,179.27,179.27
9809.286657,67.77,179.04,179.04
9809.301020,67.77,178.83,178.83
9809.317279,67.77,178.53,178.53
9809.334757,67.77,178.45,178.45
9809.350755,67.77,178.39,178.39
9809.368545,67.77,178.46,178.46
9809.388207,67.77,178.43,178.43
9809.401933,67.77,178.51,178.51
9809.436646,67.77,178.55,178.55
9809.455162,67.77,178.52,178.52
9809.471865,67.77,178.30,178.30
9809.484759,67.77,178.56,178.56
9809.502050,67.77,178.51,178.51
9809.524924,67.77,178.52,178.52
9809.535856,67.77,178.68,178.68
9809.551534,67.77,178.66,178.66
9809.570095,67.77,178.60,178.60
9809.588781,67.77,178.83,178.83
9809.601642,67.77,179.20,179.20
9809.618938,67.77,179.23,179.23
9809.652947,67.77,178.43,178.43
9809.666934,67.77,179.03,179.03
9809.685900,67.77,179.19,179.19
9809.707053,67.77,178.85,178.85
9809.723120,67.77,178.99,178.99
9809.733367,67.77,178.90,178.90
9809.749796,67.77,178.76,178.76
9809.769587,67.77,179.22,179.22
9809.784198,67.77,179.19,179.19
9809.799986,67.77,180.18,180.18
9809.919963,67.77,180.56,180.56
9809.936882,67.77,180.20,180.20
9809.951014,67.77,180.00,180.00
9809.972785,67.77,180.07,180.07
9809.987041,67.77,181.57,181.57
9810.001468,67.77,183.41,183.41
9810.044198,67.77,186.75,186.75
9810.072970,67.77,189.81,189.81
9810.090234,67.77,192.11,192.11
9810.105106,67.77,192.16,192.16
9810.114292,67.77,192.43,192.43
9810.127799,67.77,193.21,193.21
9810.140757,67.77,193.77,193.77
9810.151660,67.77,193.63,193.63
9810.172017,67.77,194.31,194.31
9810.185925,67.77,194.65,194.65
9810.201697,67.77,194.57,194.57
9810.221663,67.77,194.57,194.57
9810.233950,67.77,194.53,194.53
9810.253011,67.77,194.54,194.54
9810.266409,67.77,194.29,194.29
9810.283110,67.77,193.98,193.98
9810.300042,67.77,193.12,193.12
9810.324215,67.77,190.98,190.98
9810.335080,67.77,188.55,188.55
9810.350272,67.77,186.29,186.29
9810.367108,67.77,184.49,184.49
9810.383071,67.77,184.11,184.11
9810.400421,67.77,183.96,183.96
9810.424050,67.77,183.21,183.21
9810.441418,67.77,182.68,182.68
9810.463908,67.77,182.97,182.97
9810.473845,67.77,183.14,183.14
9810.483676,67.77,183.19,183.19
9810.499985,67.77,183.01,183.01
9810.519138,67.77,182.88,182.88
9810.533193,67.77,182.81,182.81
9810.549560,67.77,182.70,182.70
9810.566356,67.77,182.62,182.62
9810.583893,67.77,182.46,182.46
9810.600771,67.77,182.86,182.86
9810.616663,67.77,183.15,183.15
9810.632811,67.77,183.14,183.14
9810.649859,67.77,183.28,183.28
9810.666929,67.77,182.88,182.88
9810.682683,67.77,182.82,182.82
9810.699730,67.77,182.83,182.83
9810.715817,67.77,182.97,182.97
9810.733853,67.77,183.14,183.14
9810.750667,67.77,183.09,183.09
9810.773929,67.77,182.77,182.77
9810.783440,67.77,182.51,182.51
9810.805018,67.77,182.93,182.93
9810.822148,67.77,182.43,182.43
9810.832881,67.77,182.21,182.21
9810.849674,67.77,182.17,182.17
9810.865768,67.77,182.40,182.40
9810.885381,67.77,182.18,182.18
9810.903545,67.77,181.88,181.88
9810.918926,67.77,182.16,182.16
9810.933123,67.77,181.81,181.81
9810.948992,67.77,181.83,181.83
9810.973780,67.77,182.10,182.10
9810.991457,67.77,182.07,182.07
9810.998968,67.77,182.25,182.25
9811.017020,67.77,181.54,181.54
9811.032488,67.77,182.44,182.44
9811.051713,67.77,182.49,182.49
9811.066172,67.77,182.60,182.60
9811.084061,67.77,186.04,186.04
9811.099908,67.77,185.99,185.99
9811.117111,67.77,186.39,186.39
9811.133118,67.77,186.17,186.17
9811.150496,67.77,186.23,186.23
9811.166383,67.77,186.27,186.27
9811.183431,67.77,186.13,186.13
9811.200261,67.77,186.23,186.23
9811.215756,67.77,186.28,186.28
9811.233030,67.77,186.33,186.33
9811.250332,67.77,186.30,186.30
9811.267606,67.77,186.12,186.12
9811.283164,67.77,186.28,186.28
9811.299914,67.77,186.21,186.21
9811.316596,67.77,185.99,185.99
9811.349811,67.77,185.89,185.89
9811.367607,67.77,186.13,186.13
9811.382336,67.77,186.51,186.51
9811.399512,67.77,186.30,186.30
9811.416612,67.77,186.12,186.12
9811.438881,67.77,185.77,185.77
9811.448548,67.77,185.52,185.52
9811.483098,67.77,185.74,185.74
9811.498846,67.77,185.76,185.76
9811.516715,67.77,185.96,185.96
9811.531729,67.77,185.66,185.66
9811.549970,67.77,185.38,185.38
9811.565330,67.77,185.08,185.08
9811.584569,67.77,184.93,184.93
9811.599449,67.77,184.62,184.62
9811.615722,67.77,184.12,184.12
9811.633193,67.77,183.51,183.51
9811.649707,67.77,182.76,182.76
9811.665645,67.77,183.04,183.04
9811.682142,67.77,183.16,183.16
9811.699620,67.77,183.56,183.56
9811.716098,67.77,183.33,183.33
9811.732843,67.77,182.91,182.91
9811.749700,67.77,183.46,183.46
9811.767673,67.77,183.52,183.52
9811.782447,67.77,183.50,183.50
9811.799078,67.77,183.24,183.24
9811.816773,67.77,183.02,183.02
9811.849270,67.77,183.14,183.14
9811.866818,67.77,182.78,182.78
9811.883047,67.77,183.10,183.10
9811.905841,67.77,182.82,182.82
9811.915310,67.77,183.16,183.16
9811.949413,67.77,182.95,182.95
9811.966111,67.77,182.86,182.86
9811.990645,67.77,183.40,183.40
9812.004432,67.77,183.14,183.14
9812.015192,67.77,182.35,182.35
9812.049789,67.77,182.10,182.10
9812.065026,67.77,182.49,182.49
9812.083042,67.77,181.53,181.53
9812.099217,67.77,181.24,181.24
9812.115192,67.77,180.88,180.88
9812.132039,67.77,179.73,179.73
9812.165771,67.77,179.81,179.81
9812.181883,67.77,180.31,180.31
9812.216438,67.77,179.43,179.43
9812.233183,67.77,179.39,179.39
9812.248561,67.77,179.26,179.26
9812.265161,67.77,179.27,179.27
9812.283504,67.77,179.60,179.60
9812.298453,67.77,178.85,178.85
9812.315014,67.77,178.81,178.81
9812.336912,67.77,178.91,178.91
9812.348375,67.77,179.12,179.12
9812.364560,67.77,179.62,179.62
9812.381198,67.77,179.57,179.57
9812.398076,67.77,179.86,179.86
9812.415456,67.77,179.99,179.99
9812.432985,67.77,179.96,179.96
9812.449269,67.77,179.68,179.68
9812.466097,67.77,179.51,179.51
9812.481201,67.77,179.12,179.12
9812.498236,67.77,178.91,178.91
9812.516038,67.77,178.96,178.96
9812.550323,67.77,179.34,179.34
9812.571891,67.77,179.20,179.20
9812.582440,67.77,179.45,179.45
9812.597983,67.77,179.54,179.54
9812.615980,67.77,179.42,179.42
9812.631592,67.77,179.66,179.66
9812.648862,67.77,179.47,179.47
9812.665203,67.77,179.27,179.27
9812.682914,67.77,179.06,179.06
9812.699276,67.77,179.05,179.05
9812.715091,67.77,179.21,179.21
9812.731129,67.77,179.16,179.16
9812.748325,67.77,179.22,179.22
9812.765583,67.77,179.20,179.20
9812.782233,67.77,178.87,178.87
9812.798508,67.77,178.96,178.96
9812.816438,67.77,179.15,179.15
9812.831989,67.77,178.80,178.80
9812.865866,67.77,178.30,178.30
9812.882524,67.77,178.02,178.02
9812.900001,67.77,178.20,178.20
9812.914955,67.77,178.36,178.36
9812.934214,67.77,178.62,178.62
9812.956134,67.77,178.72,178.72
9812.964160,67.77,178.40,178.40
9812.981943,67.77,176.82,176.82
9812.997617,67.77,177.12,177.12
9813.022399,67.77,175.92,175.92
9813.030495,67.77,175.94,175.94
9813.048336,67.77,174.66,174.66
9813.064465,67.77,174.79,174.79
9813.080584,67.77,174.51,174.51
9813.099128,67.77,174.41,174.41
9813.118430,67.77,174.51,174.51
9813.133089,67.77,174.50,174.50
9813.150020,67.77,174.41,174.41
9813.167120,67.77,174.54,174.54
9813.182859,67.77,174.65,174.65
9813.200376,67.77,174.77,174.77
9813.215186,67.77,175.09,175.09
9813.248193,67.77,174.86,174.86
9813.266566,67.77,174.62,174.62
9813.281144,67.77,174.25,174.25
9813.296904,67.77,174.34,174.34
9813.315189,67.77,175.00,175.00
9813.330854,67.77,175.02,175.02
9813.349511,67.77,174.52,174.52
9813.363818,67.77,174.14,174.14
9813.382686,67.77,174.15,174.15
9813.398454,67.77,174.31,174.31
9813.417994,67.77,174.26,174.26
9813.432177,67.77,174.39,174.39
9813.450335,67.77,174.24,174.24
9813.464346,67.77,174.46,174.46
9813.489218,67.77,175.22,175.22
9813.508352,67.77,175.19,175.19
9813.523628,67.77,175.05,175.05
9813.533819,67.77,175.02,175.02
9813.548971,67.77,174.79,174.79
9813.566754,67.77,174.62,174.62
9813.581770,67.77,175.09,175.09
9813.597317,67.77,175.11,175.11
9813.616575,67.77,174.88,174.88
9813.631003,67.77,174.91,174.91
9813.648718,67.77,174.56,174.56
9813.663359,67.77,174.58,174.58
9813.683371,67.77,174.56,174.56
9813.698221,67.77,174.28,174.28
9813.714385,67.77,174.08,174.08
9813.730450,67.77,173.85,173.85
9813.765050,67.77,173.97,173.97
9813.784176,67.77,174.06,174.06
9813.797359,67.77,173.73,173.73
9813.813934,67.77,173.69,173.69
9813.830902,67.77,174.45,174.45
9813.848636,67.77,174.34,174.34
9813.863757,67.77,174.32,174.32
9813.880497,67.77,174.88,174.88
9813.897011,67.77,177.14,177.14
9813.914373,67.77,179.67,179.67
9813.931870,67.77,181.42,181.42
9813.946678,67.77,183.52,183.52
9813.964264,67.77,184.33,184.33
9813.983642,67.77,184.44,184.44
9813.998141,67.77,184.35,184.35
9814.016406,67.77,184.54,184.54
9814.039524,67.77,185.27,185.27
9814.050688,67.77,185.14,185.14
9814.063834,67.77,185.29,185.29
9814.082954,67.77,185.05,185.05
9814.098897,67.77,185.24,185.24
9814.115454,67.77,185.16,185.16
9814.132722,67.77,185.16,185.16
9814.148193,67.77,184.49,184.49
9814.164130,67.77,183.63,183.63
9814.180583,67.77,181.13,181.13
9814.196370,67.77,177.97,177.97
9814.214214,67.77,174.99,174.99
9814.232544,67.77,173.20,173.20
9814.251533,67.77,172.73,172.73
9814.266091,67.77,172.97,172.97
9814.281787,67.77,172.43,172.43
9814.297807,67.77,172.09,172.09
9814.315927,67.77,172.75,172.75
9814.333008,67.77,173.09,173.09
9814.348923,67.77,172.36,172.36
9814.366513,67.77,172.01,172.01
9814.382852,67.77,170.98,170.98
9814.398634,67.77,170.95,170.95
9814.416394,67.77,170.58,170.58
9814.430576,67.77,170.32,170.32
9814.447132,67.77,170.28,170.28
9814.464048,67.77,170.42,170.42
9814.479752,67.77,170.30,170.30
9814.498161,67.77,170.35,170.35
9814.514459,67.77,170.39,170.39
9814.530467,67.77,170.50,170.50
9814.546090,67.77,170.58,170.58
9814.563799,67.77,170.68,170.68
9814.579281,67.77,170.68,170.68
9814.596509,67.77,170.85,170.85
9814.614784,67.77,170.67,170.67
9814.631047,67.77,170.65,170.65
9814.645867,67.77,170.63,170.63
9814.663731,67.77,170.62,170.62
9814.679851,67.77,170.53,170.53
9814.696470,67.77,170.80,170.80
9814.713285,67.77,171.27,171.27
9814.731520,67.77,171.46,171.46
9814.745380,67.77,171.48,171.48
9814.764294,67.77,171.57,171.57
9814.779632,67.77,171.46,171.46
9814.798383,67.77,171.30,171.30
9814.812321,67.77,171.10,171.10
9814.830176,67.77,171.42,171.42
9814.846967,67.77,171.39,171.39
9814.864191,67.77,171.10,171.10
9814.880997,67.77,171.24,171.24
9814.897102,67.77,171.50,171.50
9814.912616,67.77,171.26,171.26
9814.948442,67.77,171.40,171.40
9814.963155,67.77,171.45,171.45
9814.980893,67.77,171.40,171.40
9814.996311,67.77,171.42,171.42
9815.014487,67.77,171.24,171.24
9815.030473,67.77,170.91,170.91
9815.047970,67.77,170.84,170.84
9815.063907,67.77,170.79,170.79
9815.081510,67.77,170.87,170.87
9815.099111,67.77,170.86,170.86
9815.113855,67.77,170.67,170.67
9815.130511,67.77,170.70,170.70
9815.151205,67.77,170.70,170.70
9815.163112,67.77,170.61,170.61
9815.180683,67.77,170.65,170.65
9815.195918,67.77,170.66,170.66
9815.212984,67.77,170.94,170.94
9815.229197,67.77,171.23,171.23
9815.245849,67.77,171.18,171.18
9815.263690,67.77,171.16,171.16
9815.280134,67.77,171.40,171.40
9815.296764,67.77,172.20,172.20
9815.314694,67.77,172.55,172.55
9815.345443,67.77,172.35,172.35
9815.364456,67.77,172.86,172.86
9815.380566,67.77,174.38,174.38
9815.398099,67.77,175.22,175.22
9815.415419,67.77,176.43,176.43
9815.430265,67.77,177.96,177.96
9815.445336,67.77,180.06,180.06
9815.463768,67.77,183.07,183.07
9815.477828,67.77,189.80,189.80
9815.495342,67.77,193.76,193.76
9815.511743,67.77,196.46,196.46
9815.534028,67.77,192.81,192.81
9815.547359,67.77,187.54,187.54
9815.563974,67.77,183.06,183.06
9815.578660,67.77,177.63,177.63
9815.595627,67.77,174.24,174.24
9815.612090,67.77,177.04,177.04
9815.628969,67.77,178.13,178.13
9815.645640,67.77,186.70,186.70
9815.662522,67.77,186.53,186.53
9815.678730,67.77,191.92,191.92
9815.696149,67.77,190.11,190.11
9815.712178,67.77,189.80,189.80
9815.729288,67.77,184.59,184.59
9815.748987,67.77,181.66,181.66
9815.763757,67.77,175.45,175.45
9815.779781,67.77,175.33,175.33
9815.797083,67.77,171.02,171.02
9815.811331,67.77,174.42,174.42
9815.828723,67.77,171.31,171.31
9815.844774,67.77,174.62,174.62
9815.862232,67.77,174.31,174.31
9815.878464,67.77,179.55,179.55
9815.898085,67.77,179.63,179.63
9815.912704,67.77,182.06,182.06
9815.963348,67.77,197.92,197.92
9815.979490,67.77,200.81,200.81
9815.998784,67.77,202.40,202.40
9816.014386,67.77,202.50,202.50
9816.034922,67.77,202.21,202.21
9816.045139,67.77,202.12,202.12
9816.063776,67.77,203.40,203.40
9816.078731,67.77,204.13,204.13
9816.096427,67.77,205.56,205.56
9816.112071,67.77,207.09,207.09
9816.128594,67.77,208.46,208.46
9816.145552,67.77,210.56,210.56
9816.164792,67.77,212.95,212.95
9816.179152,67.77,215.00,215.00
9816.197561,67.77,216.26,216.26
9816.215139,67.77,216.16,216.16
9816.228274,67.77,216.18,216.18
9816.262823,67.77,216.75,216.75
9816.279540,67.77,216.81,216.81
9816.294319,67.77,216.29,216.29
9816.323689,67.77,215.39,215.39
9816.344814,67.77,216.34,216.34
9816.361936,67.77,218.23,218.23
9816.378486,67.77,220.45,220.45
9816.394709,67.77,221.47,221.47
9816.414923,67.77,223.02,223.02
9816.428686,67.77,219.73,219.73
9816.446084,67.77,218.01,218.01
9816.462774,67.77,217.49,217.49
9816.479339,67.77,217.61,217.61
9816.496680,67.77,216.89,216.89
9816.514514,67.77,215.79,215.79
9816.531239,67.77,213.27,213.27
9816.547943,67.77,208.65,208.65
9816.562122,67.77,204.07,204.07
9816.581494,67.77,197.34,197.34
9816.596626,67.77,193.31,193.31
9816.610609,67.77,190.55,190.55
9816.629701,67.77,187.52,187.52
9816.648064,67.77,186.95,186.95
9816.662270,67.77,183.92,183.92
9816.677029,67.77,184.47,184.47
9816.695891,67.77,181.10,181.10
9816.711829,67.77,179.58,179.58
9816.729932,67.77,172.47,172.47
9816.744466,67.77,166.60,166.60
9816.761971,67.77,157.65,157.65
9816.777546,67.77,152.66,152.66
9816.797485,67.77,147.34,147.34
9816.811077,67.77,149.49,149.49
9816.843917,67.77,159.21,159.21
9816.865011,67.77,162.30,162.30
9816.877572,67.77,167.83,167.83
9816.896596,67.77,169.29,169.29
9816.919125,67.77,169.72,169.72
9816.934385,67.77,170.29,170.29
9816.944202,67.77,160.53,160.53
9816.964580,67.77,165.67,165.67
9816.979622,67.77,170.77,170.77
9817.007070,67.77,174.85,174.85
9817.018196,67.77,180.71,180.71
9817.030294,67.77,180.24,180.24
9817.050153,67.77,178.04,178.04
9817.065202,67.77,175.46,175.46
9817.081659,67.77,169.47,169.47
9817.098221,67.77,168.16,168.16
9817.117421,67.77,166.11,166.11
9817.131613,67.77,166.56,166.56
9817.149384,67.77,166.09,166.09
9817.164264,67.77,166.02,166.02
9817.183297,67.77,166.90,166.90
9817.200804,67.77,167.13,167.13
9817.216120,67.77,166.96,166.96
9817.233979,67.77,166.54,166.54
9817.248106,67.77,167.88,167.88
9817.277940,67.77,169.01,169.01
9817.310253,67.77,169.09,169.09
9817.324171,67.77,169.08,169.08
9817.366317,67.77,171.50,171.50
9817.395576,67.77,177.55,177.55
9817.433736,67.77,179.65,179.65
9817.459932,67.77,180.53,180.53
9817.470447,67.77,181.84,181.84
9817.490076,67.77,182.27,182.27
9817.506846,67.77,183.01,183.01
9817.524143,67.77,182.65,182.65
9817.530823,67.77,182.17,182.17
9817.563447,67.77,176.68,176.68
9817.640673,67.77,176.07,176.07
9817.664182,67.77,100.72,100.72
9817.684445,67.77,93.74,93.74
9817.731008,67.77,92.01,92.01
9817.743011,67.77,91.72,91.72
9817.761943,67.77,90.86,90.86
9817.774911,67.77,90.19,90.19
9817.790250,67.77,90.19,90.19
9817.811889,67.77,89.98,89.98
9817.844051,67.77,90.02,90.02
9817.862103,67.77,89.96,89.96
9817.882444,67.77,88.27,88.27
9817.891842,67.77,88.45,88.45
9817.910506,67.77,90.34,90.34
9817.935466,67.77,91.76,91.76
9817.946587,67.77,93.41,93.41
9817.969001,67.77,94.91,94.91
9817.985211,67.77,95.33,95.33
9818.000615,67.77,95.32,95.32
9818.030065,67.77,96.18,96.18
9818.037162,67.77,98.76,98.76
9818.053873,67.77,98.22,98.22
9818.068597,67.77,98.77,98.77
9818.101110,67.77,98.84,98.84
9818.113501,67.77,98.40,98.40
9818.136441,67.77,99.29,99.29
9818.196227,67.77,101.71,101.71
9818.220463,67.77,97.38,97.38
9818.244138,67.77,97.55,97.55
9818.286880,67.77,58.50,58.50
9818.312972,67.77,33.50,33.50
9818.333273,67.77,15.38,15.38
9818.363206,67.77,11.85,11.85
9818.377310,67.77,11.02,11.02
9818.385369,67.77,11.18,11.18
9818.396783,67.77,11.34,11.34
9818.407123,67.77,11.01,11.01
9818.424713,67.77,10.87,10.87
9818.449738,67.77,10.94,10.94
9818.487472,67.77,10.75,10.75
9818.496921,67.77,10.90,10.90
9818.505008,67.77,11.24,11.24
9818.520645,67.77,10.72,10.72
9818.545362,67.77,10.67,10.67
9818.554536,67.77,10.74,10.74
9818.580423,67.77,10.76,10.76
9818.586218,67.77,10.72,10.72
9818.597267,67.77,10.69,10.69
9818.605024,67.77,10.72,10.72
9818.617595,67.77,10.72,10.72
9818.650103,67.77,10.72,10.72
9818.661143,67.77,10.72,10.72
9818.671836,67.77,10.72,10.72
9818.684138,67.77,10.72,10.72
9818.697689,67.77,10.94,10.94
9818.708825,67.77,11.25,11.25
9818.718060,67.77,10.23,10.23
9818.731045,67.77,8.74,8.74
9818.740487,67.77,10.77,10.77
9818.752719,67.77,13.30,13.30
9818.773816,67.77,12.20,12.20
9818.803039,67.77,13.59,13.59
9818.816749,67.77,13.95,13.95
9818.831047,67.77,13.91,13.91
9818.843447,67.77,15.07,15.07
9818.857342,67.77,15.39,15.39
9818.865612,67.77,16.18,16.18
9818.875457,67.77,15.27,15.27
9818.886617,67.77,15.32,15.32
9818.895818,67.77,15.82,15.82
9818.905926,67.77,15.92,15.92
9818.918631,67.77,15.37,15.37
9818.931662,67.77,16.50,16.50
9818.942851,67.77,17.08,17.08
9818.959449,67.77,18.08,18.08
9818.973529,67.77,