9317.453492,67.77,135.92,135.92
9317.464812,67.77,134.26,134.26
9317.472386,67.77,134.38,134.38
9317.481060,67.77,134.90,134.90
9317.493754,67.77,134.40,134.40
9317.513150,67.77,133.70,133.70
9317.526233,67.77,133.29,133.29
9317.559027,67.77,133.82,133.82
9317.578201,67.77,134.00,134.00
9317.601401,67.77,134.78,134.78
9317.611537,67.77,134.51,134.51
9317.627477,67.77,134.74,134.74
9317.660908,67.77,136.36,136.36
9317.677459,67.77,137.04,137.04
9317.693834,67.77,138.63,138.63
9317.710092,67.77,141.61,141.61
9317.727799,67.77,142.26,142.26
9317.746798,67.77,142.05,142.05
9317.760921,67.77,142.95,142.95
9317.793955,67.77,144.39,144.39
9317.810578,67.77,144.10,144.10
9317.828072,67.77,145.15,145.15
9317.860114,67.77,146.44,146.44
9317.876517,67.77,152.26,152.26
9317.898946,67.77,151.60,151.60
9317.911710,67.77,153.30,153.30
9317.926718,67.77,153.14,153.14
9317.947277,67.77,153.06,153.06
9317.958921,67.77,153.66,153.66
9317.977288,67.77,153.71,153.71
9317.991983,67.77,153.77,153.77
9318.009344,67.77,153.76,153.76
9318.028670,67.77,153.83,153.83
9318.043410,67.77,157.77,157.77
9318.059364,67.77,157.73,157.73
9318.075991,67.77,158.27,158.27
9318.096069,67.77,158.59,158.59
9318.112227,67.77,158.74,158.74
9318.125593,67.77,158.51,158.51
9318.176470,67.77,158.67,158.67
9318.192688,67.77,158.44,158.44
9318.209863,67.77,158.98,158.98
9318.229660,67.77,158.81,158.81
9318.243606,67.77,158.16,158.16
9318.276475,67.77,158.14,158.14
9318.291971,67.77,158.27,158.27
9318.308649,67.77,157.57,157.57
9318.326390,67.77,157.19,157.19
9318.349771,67.77,156.05,156.05
9318.362349,67.77,155.64,155.64
9318.376609,67.77,154.80,154.80
9318.393848,67.77,154.66,154.66
9318.410014,67.77,153.49,153.49
9318.426367,67.77,153.56,153.56
9318.443890,67.77,153.37,153.37
9318.460680,67.77,152.90,152.90
9318.476468,67.77,152.45,152.45
9318.494960,67.77,152.86,152.86
9318.510132,67.77,153.15,153.15
9318.526215,67.77,152.59,152.59
9318.545102,67.77,151.70,151.70
9318.562591,67.77,151.81,151.81
9318.575456,67.77,149.90,149.90
9318.592776,67.77,150.26,150.26
9318.609643,67.77,150.15,150.15
9318.626151,67.77,150.01,150.01
9318.643753,67.77,149.92,149.92
9318.659857,67.77,149.26,149.26
9318.676195,67.77,149.57,149.57
9318.692491,67.77,149.73,149.73
9318.708102,67.77,146.81,146.81
9318.726127,67.77,146.31,146.31
9318.743295,67.77,146.74,146.74
9318.760101,67.77,146.47,146.47
9318.775295,67.77,146.46,146.46
9318.792879,67.77,147.10,147.10
9318.808650,67.77,149.50,149.50
9318.860702,67.77,149.56,149.56
9318.881684,67.77,150.69,150.69
9318.894656,67.77,150.46,150.46
9318.908696,67.77,151.04,151.04
9318.925053,67.77,150.96,150.96
9318.941984,67.77,155.00,155.00
9318.959235,67.77,154.82,154.82
9318.974869,67.77,155.65,155.65
9318.991817,67.77,155.88,155.88
9319.008601,67.77,156.71,156.71
9319.027133,67.77,157.25,157.25
9319.044788,67.77,156.78,156.78
9319.058495,67.77,157.54,157.54
9319.075931,67.77,157.88,157.88
9319.093366,67.77,157.82,157.82
9319.108978,67.77,157.72,157.72
9319.126529,67.77,157.69,157.69
9319.142327,67.77,158.53,158.53
9319.160143,67.77,158.53,158.53
9319.175045,67.77,158.24,158.24
9319.191911,67.77,158.36,158.36
9319.208878,67.77,158.43,158.43
9319.226190,67.77,158.35,158.35
9319.246313,67.77,161.46,161.46
9319.258792,67.77,161.10,161.10
9319.275377,67.77,162.07,162.07
9319.293219,67.77,162.00,162.00
9319.308437,67.77,162.14,162.14
9319.327023,67.77,162.16,162.16
9319.343734,67.77,161.90,161.90
9319.357914,67.77,162.18,162.18
9319.376716,67.77,162.21,162.21
9319.394720,67.77,161.52,161.52
9319.409867,67.77,160.86,160.86
9319.426568,67.77,160.89,160.89
9319.442250,67.77,161.02,161.02
9319.458214,67.77,161.16,161.16
9319.475307,67.77,160.65,160.65
9319.491515,67.77,160.65,160.65
9319.508327,67.77,160.71,160.71
9319.528209,67.77,160.56,160.56
9319.542962,67.77,161.51,161.51
9319.559564,67.77,161.57,161.57
9319.575717,67.77,162.15,162.15
9319.594706,67.77,162.72,162.72
9319.608781,67.77,162.83,162.83
9319.625543,67.77,163.47,163.47
9319.642167,67.77,163.41,163.41
9319.657946,67.77,163.04,163.04
9319.674195,67.77,163.03,163.03
9319.694908,67.77,163.07,163.07
9319.707918,67.77,162.87,162.87
9319.725137,67.77,163.07,163.07
9319.742841,67.77,166.31,166.31
9319.794157,67.77,167.48,167.48
9319.809536,67.77,167.16,167.16
9319.825166,67.77,167.06,167.06
9319.845065,67.77,166.53,166.53
9319.858739,67.77,167.48,167.48
9319.874210,67.77,167.34,167.34
9319.892752,67.77,166.19,166.19
9319.910466,67.77,165.60,165.60
9319.927656,67.77,165.78,165.78
9319.944044,67.77,165.72,165.72
9319.958407,67.77,165.70,165.70
9319.974183,67.77,165.81,165.81
9319.992594,67.77,165.81,165.81
9320.007676,67.77,166.00,166.00
9320.025847,67.77,165.74,165.74
9320.042261,67.77,165.82,165.82
9320.060308,67.77,166.05,166.05
9320.075350,67.77,166.32,166.32
9320.092705,67.77,166.75,166.75
9320.107719,67.77,166.58,166.58
9320.126867,67.77,166.59,166.59
9320.144075,67.77,166.41,166.41
9320.160721,67.77,166.57,166.57
9320.243073,67.77,166.49,166.49
9320.274241,67.77,165.95,165.95
9320.294474,67.77,165.84,165.84
9320.308540,67.77,166.54,166.54
9320.325904,67.77,166.66,166.66
9320.341755,67.77,166.98,166.98
9320.359798,67.77,168.50,168.50
9320.374604,67.77,172.15,172.15
9320.398456,67.77,174.54,174.54
9320.418610,67.77,176.49,176.49
9320.427541,67.77,177.68,177.68
9320.477731,67.77,178.75,178.75
9320.493122,67.77,179.87,179.87
9320.509576,67.77,180.01,180.01
9320.526092,67.77,180.92,180.92
9320.550107,67.77,180.84,180.84
9320.560364,67.77,180.47,180.47
9320.576692,67.77,179.93,179.93
9320.593006,67.77,180.89,180.89
9320.609836,67.77,180.78,180.78
9320.627173,67.77,180.29,180.29
9320.641632,67.77,179.65,179.65
9320.659360,67.77,178.52,178.52
9320.674343,67.77,175.70,175.70
9320.693980,67.77,173.14,173.14
9320.708355,67.77,170.88,170.88
9320.726316,67.77,169.31,169.31
9320.759569,67.77,168.76,168.76
9320.777979,67.77,168.06,168.06
9320.794178,67.77,167.70,167.70
9320.809499,67.77,167.50,167.50
9320.834275,67.77,167.92,167.92
9320.842374,67.77,167.61,167.61
9320.867630,67.77,167.03,167.03
9320.893067,67.77,166.90,166.90
9320.908107,67.77,167.31,167.31
9320.926896,67.77,166.69,166.69
9320.942570,67.77,166.55,166.55
9320.964395,67.77,166.45,166.45
9320.975593,67.77,166.26,166.26
9320.992885,67.77,165.98,165.98
9321.008872,67.77,166.12,166.12
9321.025471,67.77,166.21,166.21
9321.041648,67.77,166.31,166.31
9321.060265,67.77,166.35,166.35
9321.075208,67.77,165.99,165.99
9321.093025,67.77,166.06,166.06
9321.108744,67.77,165.81,165.81
9321.128560,67.77,165.95,165.95
9321.147055,67.77,166.05,166.05
9321.160440,67.77,166.22,166.22
9321.178220,67.77,166.14,166.14
9321.193735,67.77,165.43,165.43
9321.208776,67.77,164.91,164.91
9321.231226,67.77,164.83,164.83
9321.251289,67.77,165.03,165.03
9321.262717,67.77,165.06,165.06
9321.293217,67.77,164.97,164.97
9321.308865,67.77,165.01,165.01
9321.326277,67.77,165.63,165.63
9321.342095,67.77,166.58,166.58
9321.365223,67.77,166.26,166.26
9321.380626,67.77,165.41,165.41
9321.393355,67.77,165.26,165.26
9321.428728,67.77,164.65,164.65
9321.444022,67.77,164.43,164.43
9321.462336,67.77,162.97,162.97
9321.479411,67.77,162.77,162.77
9321.501597,67.77,162.49,162.49
9321.510442,67.77,162.40,162.40
9321.525997,67.77,162.07,162.07
9321.559787,67.77,162.27,162.27
9321.577937,67.77,162.46,162.46
9321.593522,67.77,162.65,162.65
9321.612154,67.77,162.46,162.46
9321.635338,67.77,162.75,162.75
9321.668260,67.77,163.48,163.48
9321.696837,67.77,162.86,162.86
9321.715695,67.77,162.64,162.64
9321.759784,67.77,162.53,162.53
9321.774937,67.77,162.66,162.66
9321.809314,67.77,161.98,161.98
9321.829175,67.77,162.39,162.39
9321.859901,67.77,162.52,162.52
9321.877942,67.77,162.92,162.92
9321.910412,67.77,162.30,162.30
9321.927468,67.77,162.29,162.29
9321.963132,67.77,162.54,162.54
9321.995429,67.77,162.25,162.25
9322.026893,67.77,162.03,162.03
9322.040931,67.77,161.86,161.86
9322.062057,67.77,162.01,162.01
9322.078812,67.77,162.26,162.26
9322.092733,67.77,162.60,162.60
9322.108105,67.77,162.73,162.73
9322.126446,67.77,162.55,162.55
9322.165174,67.77,162.17,162.17
9322.176608,67.77,162.14,162.14
9322.195581,67.77,162.33,162.33
9322.227618,67.77,162.50,162.50
9322.243304,67.77,162.37,162.37
9322.259609,67.77,162.40,162.40
9322.275549,67.77,162.76,162.76
9322.293201,67.77,162.92,162.92
9322.307747,67.77,162.99,162.99
9322.325668,67.77,163.02,163.02
9322.343975,67.77,163.15,163.15
9322.363215,67.77,163.27,163.27
9322.377121,67.77,163.42,163.42
9322.397005,67.77,163.47,163.47
9322.409022,67.77,163.48,163.48
9322.426099,67.77,163.64,163.64
9322.442959,67.77,163.66,163.66
9322.463692,67.77,163.27,163.27
9322.476522,67.77,162.67,162.67
9322.493302,67.77,162.52,162.52
9322.507094,67.77,162.27,162.27
9322.525132,67.77,162.20,162.20
9322.541049,67.77,162.21,162.21
9322.575564,67.77,162.22,162.22
9322.594235,67.77,162.30,162.30
9322.608582,67.77,162.66,162.66
9322.626196,67.77,162.92,162.92
9322.642365,67.77,162.98,162.98
9322.657478,67.77,163.04,163.04
9322.693848,67.77,163.49,163.49
9322.709165,67.77,163.55,163.55
9322.728909,67.77,163.78,163.78
9322.745124,67.77,163.89,163.89
9322.762300,67.77,163.81,163.81
9322.777035,67.77,163.82,163.82
9322.794876,67.77,163.98,163.98
9322.808811,67.77,163.62,163.62
9322.826441,67.77,163.26,163.26
9322.841853,67.77,163.11,163.11
9322.874620,67.77,163.23,163.23
9322.884359,67.77,163.53,163.53
9322.892497,67.77,163.99,163.99
9322.908100,67.77,164.16,164.16
9322.924851,67.77,164.19,164.19
9322.942497,67.77,163.79,163.79
9322.960528,67.77,163.89,163.89
9322.975354,67.77,163.74,163.74
9322.991780,67.77,161.93,161.93
9323.007177,67.77,164.15,164.15
9323.027681,67.77,164.13,164.13
9323.042237,67.77,163.74,163.74
9323.076882,67.77,163.81,163.81
9323.093453,67.77,163.17,163.17
9323.109552,67.77,162.86,162.86
9323.124594,67.77,161.96,161.96
9323.141378,67.77,161.35,161.35
9323.160377,67.77,160.69,160.69
9323.174912,67.77,159.83,159.83
9323.193257,67.77,159.05,159.05
9323.208313,67.77,158.01,158.01
9323.226421,67.77,156.90,156.90
9323.241806,67.77,156.47,156.47
9323.261819,67.77,155.17,155.17
9323.275117,67.77,154.61,154.61
9323.298816,67.77,153.46,153.46
9323.308673,67.77,152.67,152.67
9323.324832,67.77,152.15,152.15
9323.342335,67.77,151.22,151.22
9323.361122,67.77,150.29,150.29
9323.373501,67.77,149.56,149.56
9323.394456,67.77,149.41,149.41
9323.406296,67.77,147.60,147.60
9323.426496,67.77,147.60,147.60
9323.441068,67.77,146.79,146.79
9323.459543,67.77,146.06,146.06
9323.478864,67.77,145.21,145.21
9323.494560,67.77,144.40,144.40
9323.508530,67.77,142.75,142.75
9323.525797,67.77,142.35,142.35
9323.541267,67.77,141.98,141.98
9323.566509,67.77,141.42,141.42
9323.591670,67.77,140.71,140.71
9323.609255,67.77,140.11,140.11
9323.626114,67.77,140.23,140.23
9323.642365,67.77,139.95,139.95
9323.659403,67.77,139.36,139.36
9323.676930,67.77,138.84,138.84
9323.690617,67.77,132.71,132.71
9323.709379,67.77,132.98,132.98
9323.728176,67.77,133.11,133.11
9323.745670,67.77,133.15,133.15
9323.760271,67.77,133.14,133.14
9323.775357,67.77,132.85,132.85
9323.797163,67.77,132.42,132.42
9323.812768,67.77,132.40,132.40
9323.827306,67.77,132.42,132.42
9323.842641,67.77,132.36,132.36
9323.861910,67.77,132.54,132.54
9323.876091,67.77,132.67,132.67
9323.893709,67.77,132.70,132.70
9323.908836,67.77,132.76,132.76
9323.928082,67.77,132.80,132.80
9323.942835,67.77,132.86,132.86
9323.961525,67.77,133.00,133.00
9323.976104,67.77,132.90,132.90
9323.993626,67.77,132.77,132.77
9324.010005,67.77,132.38,132.38
9324.025676,67.77,132.08,132.08
9324.042218,67.77,131.96,131.96
9324.062820,67.77,131.81,131.81
9324.078307,67.77,131.77,131.77
9324.093020,67.77,131.68,131.68
9324.108561,67.77,131.62,131.62
9324.128468,67.77,131.57,131.57
9324.141729,67.77,131.57,131.57
9324.160410,67.77,131.59,131.59
9324.176964,67.77,131.79,131.79
9324.208833,67.77,131.81,131.81
9324.227428,67.77,131.81,131.81
9324.243956,67.77,131.91,131.91
9324.262127,67.77,131.93,131.93
9324.277516,67.77,131.95,131.95
9324.294449,67.77,131.90,131.90
9324.309574,67.77,131.72,131.72
9324.328117,67.77,131.55,131.55
9324.342348,67.77,131.75,131.75
9324.358474,67.77,131.83,131.83
9324.408684,67.77,131.96,131.96
9324.426675,67.77,131.97,131.97
9324.442939,67.77,132.01,132.01
9324.461201,67.77,132.55,132.55
9324.479155,67.77,133.07,133.07
9324.493801,67.77,132.97,132.97
9324.507461,67.77,132.93,132.93
9324.527624,67.77,133.23,133.23
9324.540752,67.77,134.87,134.87
9324.560423,67.77,136.54,136.54
9324.577104,67.77,137.64,137.64
9324.594079,67.77,138.79,138.79
9324.609556,67.77,138.99,138.99
9324.626893,67.77,139.12,139.12
9324.657879,67.77,139.49,139.49
9324.674181,67.77,139.76,139.76
9324.695899,67.77,140.64,140.64
9324.713795,67.77,140.64,140.64
9324.731155,67.77,140.79,140.79
9324.745632,67.77,140.79,140.79
9324.757844,67.77,140.69,140.69
9324.782505,67.77,140.31,140.31
9324.796629,67.77,140.31,140.31
9324.810560,67.77,139.59,139.59
9324.824322,67.77,138.93,138.93
9324.840941,67.77,137.36,137.36
9324.859350,67.77,135.68,135.68
9324.874016,67.77,134.04,134.04
9324.889488,67.77,132.93,132.93
9324.905376,67.77,132.68,132.68
9324.925728,67.77,132.80,132.80
9324.944262,67.77,132.72,132.72
9324.961627,67.77,132.75,132.75
9324.979201,67.77,133.53,133.53
9324.996547,67.77,133.98,133.98
9325.010227,67.77,133.37,133.37
9325.027021,67.77,132.63,132.63
9325.042663,67.77,132.76,132.76
9325.060220,67.77,132.94,132.94
9325.074618,67.77,132.78,132.78
9325.094971,67.77,132.71,132.71
9325.111231,67.77,132.86,132.86
9325.133431,67.77,132.97,132.97
9325.166986,67.77,132.90,132.90
9325.179520,67.77,132.90,132.90
9325.190779,67.77,132.88,132.88
9325.209987,67.77,133.16,133.16
9325.225302,67.77,133.12,133.12
9325.242079,67.77,132.94,132.94
9325.258853,67.77,132.75,132.75
9325.273911,67.77,132.62,132.62
9325.287746,67.77,132.64,132.64
9325.308271,67.77,133.02,133.02
9325.327959,67.77,133.68,133.68
9325.345723,67.77,133.88,133.88
9325.363875,67.77,133.40,133.40
9325.376457,67.77,132.97,132.97
9325.392162,67.77,133.08,133.08
9325.408202,67.77,133.29,133.29
9325.427783,67.77,133.25,133.25
9325.444071,67.77,133.18,133.18
9325.462470,67.77,133.09,133.09
9325.477856,67.77,132.91,132.91
9325.494497,67.77,132.96,132.96
9325.508282,67.77,133.14,133.14
9325.528718,67.77,133.03,133.03
9325.544383,67.77,133.04,133.04
9325.554728,67.77,133.30,133.30
9325.594765,67.77,132.74,132.74
9325.609847,67.77,132.76,132.76
9325.629201,67.77,132.77,132.77
9325.643924,67.77,132.61,132.61
9325.658306,67.77,132.38,132.38
9325.674078,67.77,132.23,132.23
9325.694571,67.77,132.07,132.07
9325.711868,67.77,132.01,132.01
9325.723231,67.77,132.23,132.23
9325.738010,67.77,132.50,132.50
9325.756305,67.77,132.84,132.84
9325.774256,67.77,133.29,133.29
9325.791821,67.77,133.53,133.53
9325.811495,67.77,133.55,133.55
9325.822041,67.77,133.23,133.23
9325.840595,67.77,132.81,132.81
9325.861017,67.77,132.98,132.98
9325.874486,67.77,133.21,133.21
9325.892758,67.77,133.18,133.18
9325.907978,67.77,133.02,133.02
9325.923227,67.77,132.88,132.88
9325.937579,67.77,132.68,132.68
9325.962589,67.77,132.58,132.58
9325.974200,67.77,132.65,132.65
9325.994859,67.77,132.64,132.64
9326.014154,67.77,132.42,132.42
9326.030153,67.77,132.25,132.25
9326.047432,67.77,132.32,132.32
9326.075917,67.77,132.31,132.31
9326.091497,67.77,132.51,132.51
9326.108406,67.77,132.87,132.87
9326.121630,67.77,132.73,132.73
9326.139778,67.77,132.80,132.80
9326.160574,67.77,132.71,132.71
9326.175952,67.77,132.26,132.26
9326.192672,67.77,132.22,132.22
9326.207586,67.77,132.35,132.35
9326.226346,67.77,132.32,132.32
9326.241732,67.77,132.28,132.28
9326.261415,67.77,132.00,132.00
9326.273237,67.77,132.21,132.21
9326.289207,67.77,132.13,132.13
9326.305264,67.77,131.89,131.89
9326.321160,67.77,136.27,136.27
9326.337470,67.77,137.24,137.24
9326.354708,67.77,143.96,143.96
9326.373955,67.77,145.47,145.47
9326.389938,67.77,144.49,144.49
9326.408274,67.77,142.35,142.35
9326.420674,67.77,140.12,140.12
9326.437463,67.77,141.04,141.04
9326.457772,67.77,145.14,145.14
9326.474608,67.77,150.96,150.96
9326.487270,67.77,163.30,163.30
9326.503809,67.77,165.45,165.45
9326.521130,67.77,167.73,167.73
9326.541159,67.77,165.34,165.34
9326.560269,67.77,170.56,170.56
9326.572946,67.77,169.03,169.03
9326.588254,67.77,176.28,176.28
9326.608280,67.77,174.48,174.48
9326.628243,67.77,183.24,183.24
9326.641917,67.77,181.10,181.10
9326.657505,67.77,181.22,181.22
9326.675052,67.77,179.59,179.59
9326.695296,67.77,179.09,179.09
9326.707416,67.77,177.51,177.51
9326.723345,67.77,177.98,177.98
9326.740039,67.77,174.53,174.53
9326.758661,67.77,176.01,176.01
9326.777304,67.77,173.02,173.02
9326.787600,67.77,175.75,175.75
9326.804253,67.77,175.07,175.07
9326.820428,67.77,178.47,178.47
9326.837454,67.77,179.40,179.40
9326.853580,67.77,184.47,184.47
9326.875153,67.77,186.00,186.00
9326.887066,67.77,190.40,190.40
9326.906338,67.77,191.07,191.07
9326.925507,67.77,195.99,195.99
9326.938102,67.77,197.10,197.10
9326.956117,67.77,197.99,197.99
9326.971597,67.77,199.98,199.98
9326.997871,67.77,191.61,191.61
9327.004206,67.77,192.59,192.59
9327.021327,67.77,193.15,193.15
9327.037332,67.77,193.61,193.61
9327.054636,67.77,198.95,198.95
9327.070790,67.77,200.43,200.43
9327.087428,67.77,205.83,205.83
9327.104727,67.77,207.93,207.93
9327.123358,67.77,209.03,209.03
9327.144126,67.77,210.57,210.57
9327.159120,67.77,211.39,211.39
9327.187515,67.77,214.08,214.08
9327.213591,67.77,215.25,215.25
9327.225635,67.77,213.82,213.82
9327.237906,67.77,214.46,214.46
9327.254029,67.77,211.93,211.93
9327.271485,67.77,212.45,212.45
9327.287524,67.77,211.39,211.39
9327.304210,67.77,212.31,212.31
9327.326874,67.77,210.87,210.87
9327.344317,67.77,211.03,211.03
9327.365169,67.77,208.63,208.63
9327.380069,67.77,209.20,209.20
9327.392786,67.77,208.27,208.27
9327.412209,67.77,208.71,208.71
9327.430554,67.77,210.97,210.97
9327.438447,67.77,209.58,209.58
9327.461564,67.77,207.39,207.39
9327.477616,67.77,208.84,208.84
9327.499971,67.77,209.57,209.57
9327.507044,67.77,208.08,208.08
9327.521562,67.77,207.89,207.89
9327.536871,67.77,202.47,202.47
9327.554867,67.77,198.23,198.23
9327.570490,67.77,189.83,189.83
9327.588468,67.77,184.55,184.55
9327.605638,67.77,179.35,179.35
9327.621572,67.77,177.79,177.79
9327.637284,67.77,175.62,175.62
9327.654787,67.77,177.73,177.73
9327.675991,67.77,176.65,176.65
9327.688548,67.77,178.43,178.43
9327.711336,67.77,176.84,176.84
9327.721966,67.77,176.60,176.60
9327.744096,67.77,171.81,171.81
9327.762849,67.77,166.22,166.22
9327.774664,67.77,161.01,161.01
9327.787242,67.77,156.86,156.86
9327.804326,67.77,154.25,154.25
9327.821538,67.77,155.42,155.42
9327.847034,67.77,153.94,153.94
9327.868663,67.77,156.88,156.88
9327.879995,67.77,155.54,155.54
9327.896501,67.77,155.97,155.97
9327.921454,67.77,157.83,157.83
9327.936851,67.77,162.79,162.79
9327.958969,67.77,174.75,174.75
9328.002736,67.77,177.00,177.00
9328.013497,67.77,177.30,177.30
9328.029792,67.77,176.11,176.11
9328.045620,67.77,168.96,168.96
9328.061887,67.77,166.81,166.81
9328.078995,67.77,166.90,166.90
9328.094820,67.77,167.18,167.18
9328.115153,67.77,167.40,167.40
9328.137033,67.77,167.30,167.30
9328.151639,67.77,168.23,168.23
9328.179064,67.77,169.27,169.27
9328.193248,67.77,167.42,167.42
9328.207928,67.77,167.34,167.34
9328.229630,67.77,165.52,165.52
9328.244495,67.77,166.78,166.78
9328.265213,67.77,167.43,167.43
9328.279020,67.77,168.66,168.66
9328.300730,67.77,168.63,168.63
9328.316605,67.77,170.37,170.37
9328.352862,67.77,172.61,172.61
9328.384558,67.77,175.43,175.43
9328.404521,67.77,178.42,178.42
9328.445043,67.77,178.92,178.92
9328.471555,67.77,179.84,179.84
9328.545774,67.77,171.61,171.61
9328.588089,67.77,170.62,170.62
9328.610963,67.77,165.34,165.34
9328.655146,67.77,156.90,156.90
9328.665222,67.77,151.23,151.23
9328.702628,67.77,151.93,151.93
9328.730731,67.77,150.65,150.65
9328.746581,67.77,149.12,149.12
9328.770691,67.77,147.24,147.24
9328.817693,67.77,147.13,147.13
9328.822049,67.77,145.61,145.61
9328.848765,67.77,145.82,145.82
9328.867953,67.77,145.74,145.74
9328.880729,67.77,145.22,145.22
9328.906150,67.77,144.01,144.01
9328.927491,67.77,144.18,144.18
9328.938178,67.77,144.18,144.18
9328.952611,67.77,126.59,126.59
9328.979039,67.77,117.48,117.48
9328.998566,67.77,114.37,114.37
9329.013156,67.77,106.82,106.82
9329.036624,67.77,102.14,102.14
9329.048472,67.77,97.71,97.71
9329.065724,67.77,97.55,97.55
9329.077966,67.77,96.39,96.39
9329.097495,67.77,96.37,96.37
9329.118292,67.77,96.47,96.47
9329.134728,67.77,97.85,97.85
9329.161304,67.77,97.72,97.72
9329.171823,67.77,96.79,96.79
9329.186800,67.77,98.37,98.37
9329.206551,67.77,98.28,98.28
9329.218070,67.77,97.22,97.22
9329.236723,67.77,97.96,97.96
9329.253880,67.77,98.33,98.33
9329.275643,67.77,99.15,99.15
9329.298856,67.77,99.84,99.84
9329.313206,67.77,100.46,100.46
9329.327494,67.77,100.84,100.84
9329.350074,67.77,100.44,100.44
9329.387882,67.77,100.03,100.03
9329.432547,67.77,100.03,100.03
9329.452498,67.77,99.93,99.93
9329.466187,67.77,100.00,100.00
9329.531379,67.77,100.72,100.72
9329.549193,67.77,101.53,101.53
9329.568381,67.77,101.80,101.80
9329.580339,67.77,102.28,102.28
9329.590176,67.77,102.28,102.28
9329.601572,67.77,102.29,102.29
9329.607140,67.77,102.29,102.29
9329.624048,67.77,102.29,102.29
9329.635965,67.77,102.29,102.29
9329.647769,67.77,102.29,102.29
9329.654705,67.77,102.29,102.29
9329.666487,67.77,102.29,102.29
9329.673749,67.77,102.29,102.29
9329.683252,67.77,102.29,102.29
9329.691536,67.77,102.29,102.29
9329.702755,67.77,102.29,102.29
9329.714457,67.77,102.28,102.28
9329.736583,67.77,102.28,102.28
9329.750066,67.77,102.29,102.29
9329.767991,67.77,102.29,102.29
9329.772995,67.77,102.29,102.29
9329.781995,67.77,102.29,102.29
9329.789362,67.77,102.29,102.29
9329.800833,67.77,102.28,102.28
9329.811574,67.77,102.29,102.29
9329.821095,67.77,102.29,102.29
9329.832908,67.77,102.29,102.29
9329.843536,67.77,102.29,102.29
9329.854660,67.77,102.29,102.29
9329.870342,67.77,102.29,102.29
9329.877160,67.77,102.29,102.29
9329.887950,67.77,102.29,102.29
9329.898655,67.77,102.29,102.29
9329.909744,67.77,102.29,102.29
9329.920781,67.77,102.29,102.29
9329.932314,67.77,102.28,102.28
9329.943056,67.77,102.28,102.28
9329.955551,67.77,102.28,102.28
9329.965050,67.77,102.28,102.28
9329.975896,67.77,102.28,102.28
9329.987520,67.77,102.28,102.28
9329.999759,67.77,102.28,102.28
9330.010439,67.77,102.28,102.28
9330.021568,67.77,102.29,102.29
9330.032303,67.77,102.29,102.29
9330.042907,67.77,102.29,102.29
9330.053798,67.77,102.29,102.29
9330.065666,67.77,102.29,102.29
9330.076484,67.77,102.29,102.29
9330.087703,67.77,102.28,102.28
9330.099753,67.77,102.28,102.28
9330.109850,67.77,102.28,102.28
9330.120813,67.77,102.28,102.28
9330.133064,67.77,102.29,102.29
9330.152810,67.77,102.29,102.29
9330.174543,67.77,102.29,102.29
9330.196359,67.77,102.29,102.29
9330.219900,67.77,102.29,102.29
9330.242376,67.77,102.29,102.29
9330.264368,67.77,102.29,102.29
9330.277140,67.77,102.29,102.29
9330.288133,67.77,102.29,102.29
9330.311555,67.77,102.29,102.29
9330.321854,67.77,102.29,102.29
9330.331446,67.77,102.29,102.29
9330.354156,67.77,102.29,102.29
9330.376834,67.77,102.29,102.29
9330.398660,67.77,102.29,102.29
9331.403447,67.77,102.29,102.29
9331.424856,67.77,102.29,102.29
9331.443372,67.77,102.29,102.29
9331.460844,67.77,102.29,102.29
9331.476486,67.77,102.29,102.29
9331.516103,67.77,102.29,102.29
9331.549311,67.77,102.29,102.29
9331.584099,67.77,102.29,102.29
9331.615020,67.77,102.29,102.29
9331.646319,67.77,102.29,102.29
9331.679402,67.77,102.29,102.29
9332.137229,67.77,102.29,102.29
9332.219698,67.77,100.30,100.30
9332.230947,67.77,99.58,99.58
9332.241521,67.77,100.55,100.55
9332.253494,67.77,99.57,99.57
9332.264100,67.77,100.23,100.23
9332.275413,67.77,100.72,100.72
9332.285680,67.77,99.53,99.53
9332.297470,67.77,100.13,100.13
9332.309511,67.77,100.21,100.21
9332.319702,67.77,100.59,100.59
9332.329858,67.77,100.26,100.26
9332.341424,67.77,99.46,99.46
9332.352268,67.77,100.14,100.14
9332.362972,67.77,100.08,100.08
9332.374443,67.77,100.20,100.20
9332.386383,67.77,100.44,100.44
9332.396700,67.77,100.58,100.58
9332.408570,67.77,100.64,100.64
9332.419040,67.77,100.35,100.35
9332.430126,67.77,99.61,99.61
9332.441644,67.77,99.44,99.44
9332.452499,67.77,99.44,99.44
9332.463914,67.77,99.87,99.87
9332.474790,67.77,100.24,100.24
9332.486742,67.77,100.15,100.15
9332.497220,67.77,100.09,100.09
9332.508340,67.77,100.06,100.06
9332.518765,67.77,100.05,100.05
9332.530040,67.77,100.04,100.04
9332.541216,67.77,100.03,100.03
9332.552000,67.77,100.03,100.03
9332.563162,67.77,100.03,100.03
9332.574766,67.77,100.03,100.03
9332.586598,67.77,100.03,100.03
9332.597587,67.77,100.03,100.03
9332.608262,67.77,100.03,100.03
9332.619620,67.77,100.03,100.03
9332.630400,67.77,100.03,100.03
9332.641799,67.77,100.03,100.03
9332.652771,67.77,100.04,100.04
9332.663802,67.77,100.04,100.04
9332.674746,67.77,83.06,83.06
9332.685790,67.77,69.88,69.88
9332.696544,67.77,59.00,59.00
9332.707733,67.77,49.34,49.34
9332.718809,67.77,41.33,41.33
9332.730899,67.77,34.79,34.79
9332.741030,67.77,29.02,29.02
9332.752373,67.77,24.26,24.26
9332.763316,67.77,20.70,20.70
9332.775034,67.77,16.82,16.82
9332.785802,67.77,14.58,14.58
9332.796989,67.77,12.71,12.71
9332.808760,67.77,10.94,10.94
9332.819848,67.77,9.83,9.83
9332.831163,67.77,8.60,8.60
9332.842052,67.77,7.95,7.95
9332.853271,67.77,7.29,7.29
9332.864104,67.77,7.03,7.03
9332.874994,67.77,6.84,6.84
9332.886988,67.77,6.94,6.94
9332.897379,67.77,7.09,7.09
9332.909216,67.77,7.36,7.36
9332.919728,67.77,7.91,7.91
9332.930659,67.77,8.40,8.40
9332.941618,67.77,9.26,9.26
9332.953984,67.77,10.04,10.04
9332.963321,67.77,11.13,11.13
9332.975493,67.77,12.48,12.48
9332.985656,67.77,14.16,14.16
9332.997463,67.77,15.74,15.74
9333.008476,67.77,18.06,18.06
9333.019247,67.77,20.25,20.25
9333.033118,67.77,23.29,23.29
9333.041155,67.77,25.67,25.67
9333.052293,67.77,26.50,26.50
9333.064277,67.77,26.47,26.47
9333.074324,67.77,26.45,26.45
9333.086407,67.77,26.41,26.41
9333.119552,67.77,26.42,26.42
9333.141321,67.77,26.39,26.39
9333.152787,67.77,26.37,26.37
9333.186365,67.77,26.36,26.36
9333.210565,67.77,26.36,26.36
9333.230651,67.77,26.35,26.35
9333.253187,67.77,26.35,26.35
9333.275439,67.77,26.35,26.35
9333.297754,67.77,26.34,26.34
9333.319502,67.77,26.33,26.33
9333.342614,67.77,26.34,26.34
9333.366778,67.77,26.33,26.33
9333.386129,67.77,26.33,26.33
9333.408114,67.77,26.33,26.33
9333.431055,67.77,26.32,26.32
9333.452567,67.77,26.32,26.32
9333.475692,67.77,26.33,26.33
9333.497631,67.77,26.32,26.32
9333.520658,67.77,26.32,26.32
9333.543346,67.77,26.32,26.32
9333.564286,67.77,26.32,26.32
9333.586623,67.77,26.32,26.32
9333.608678,67.77,26.33,26.33
9333.630688,67.77,26.33,26.33
9333.653655,67.77,26.33,26.33
9333.675672,67.77,26.33,26.33
9333.697614,67.77,26.33,26.33
9333.720386,67.77,26.33,26.33
9333.742718,67.77,26.33,26.33
9333.764986,67.77,26.33,26.33
9333.785901,67.77,26.32,26.32
9333.808768,67.77,26.33,26.33
9333.829783,67.77,26.33,26.33
9333.852997,67.77,26.33,26.33
9333.873985,67.77,26.33,26.33
9333.896319,67.77,26.33,26.33
9333.919568,67.77,26.33,26.33
9333.943030,67.77,26.33,26.33
9333.964065,67.77,26.33,26.33
9333.987244,67.77,26.33,26.33
9334.008010,67.77,26.33,26.33
9334.031052,67.77,26.33,26.33
9334.052775,67.77,26.33,26.33
9334.075125,67.77,26.33,26.33
9334.097257,67.77,26.33,26.33
9334.119334,67.77,26.33,26.33
9334.142000,67.77,26.33,26.33
9334.164379,67.77,26.33,26.33
9334.186044,67.77,26.33,26.33
9334.208088,67.77,26.34,26.34
9334.230957,67.77,22.01,22.01
9334.241506,67.77,16.35,16.35
9334.251786,67.77,11.94,11.94
9334.262388,67.77,10.02,10.02
9334.274089,67.77,8.72,8.72
9334.285359,67.77,8.01,8.01
9334.296726,67.77,7.66,7.66
9334.306967,67.77,7.22,7.22
9334.318987,67.77,6.71,6.71
9334.329415,67.77,6.34,6.34
9334.340569,67.77,6.02,6.02
9334.351697,67.77,5.61,5.61
9334.362835,67.77,5.44,5.44
9334.374074,67.77,5.31,5.31
9334.385523,67.77,5.16,5.16
9334.396847,67.77,5.24,5.24
9334.406996,67.77,5.04,5.04
9334.418265,67.77,4.91,4.91
9334.429223,67.77,4.73,4.73
9334.440292,67.77,4.55,4.55
9334.451384,67.77,4.42,4.42
9334.462133,67.77,4.33,4.33
9334.473924,67.77,4.46,4.46
9334.485333,67.77,4.30,4.30
9334.495276,67.77,5.19,5.19
9334.506525,67.77,6.03,6.03
9334.517712,67.77,6.76,6.76
9334.529332,67.77,7.46,7.46
9334.540532,67.77,7.95,7.95
9334.551099,67.77,8.46,8.46
9334.562714,67.77,9.13,9.13
9334.574261,67.77,9.34,9.34
9334.586564,67.77,9.89,9.89
9334.595364,67.77,10.27,10.27
9334.607057,67.77,10.41,10.41
9334.618928,67.77,10.41,10.41
9334.629548,67.77,9.95,9.95
9334.640397,67.77,9.42,9.42
9334.651404,67.77,9.33,9.33
9334.662356,67.77,9.13,9.13
9334.673738,67.77,8.89,8.89
9334.684481,67.77,8.87,8.87
9334.695198,67.77,8.49,8.49
9334.706743,67.77,8.49,8.49
9334.717643,67.77,8.51,8.51
9334.728524,67.77,8.51,8.51
9334.739770,67.77,8.34,8.34
9334.751125,67.77,8.34,8.34
9334.762103,67.77,8.34,8.34
9334.773215,67.77,8.34,8.34
9334.806563,67.77,8.13,8.13
9334.817437,67.77,8.13,8.13
9334.828802,67.77,8.13,8.13
9334.840145,67.77,8.13,8.13
9334.851197,67.77,8.13,8.13
9334.862020,67.77,8.14,8.14
9334.873163,67.77,8.17,8.17
9334.884180,67.77,8.12,8.12
9334.895221,67.77,7.76,7.76
9334.907265,67.77,7.73,7.73
9334.919260,67.77,7.67,7.67
9334.930208,67.77,7.67,7.67
9334.940508,67.77,7.67,7.67
9334.951154,67.77,7.73,7.73
9334.962551,67.77,5.40,5.40
9334.973706,67.77,4.76,4.76
9334.985158,67.77,4.87,4.87
9334.996913,67.77,5.62,5.62
9335.007331,67.77,6.61,6.61
9335.018681,67.77,7.23,7.23
9335.032552,67.77,8.90,8.90
9335.040254,67.77,10.99,10.99
9335.052033,67.77,14.43,14.43
9335.062719,67.77,19.04,19.04
9335.074159,67.77,26.44,26.44
9335.085155,67.77,26.42,26.42
9335.095931,67.77,26.43,26.43
9335.106912,67.77,26.42,26.42
9335.130514,67.77,26.39,26.39
9335.152645,67.77,26.38,26.38
9335.184710,67.77,26.38,26.38
9335.206464,67.77,26.38,26.38
9335.218469,67.77,26.39,26.39
9335.250988,67.77,26.39,26.39
9335.272239,67.77,26.38,26.38
9335.294828,67.77,26.37,26.37
9335.317117,67.77,26.37,26.37
9335.339709,67.77,26.37,26.37
9335.350097,67.77,26.37,26.37
9335.373853,67.77,26.37,26.37
9335.396832,67.77,26.04,26.04
9335.406977,67.77,26.15,26.15
9335.417375,67.77,26.24,26.24
9335.429220,67.77,25.57,25.57
9335.440324,67.77,25.29,25.29
9335.452628,67.77,24.47,24.47
9335.463282,67.77,24.43,24.43
9335.473711,67.77,24.74,24.74
9335.484846,67.77,24.12,24.12
9335.495414,67.77,23.86,23.86
9335.506862,67.77,23.64,23.64
9335.519414,67.77,23.64,23.64
9335.528974,67.77,23.64,23.64
9335.541066,67.77,18.46,18.46
9335.551221,67.77,14.32,14.32
9335.562121,67.77,12.44,12.44
9335.574968,67.77,12.69,12.69
9335.584839,67.77,14.98,14.98
9335.595474,67.77,20.85,20.85
9335.606345,67.77,28.55,28.55
9335.618416,67.77,38.33,38.33
9335.628916,67.77,49.23,49.23
9335.640458,67.77,61.41,61.41
9335.651114,67.77,72.85,72.85
9335.662381,67.77,81.24,81.24
9335.674228,67.77,88.15,88.15
9335.684219,67.77,93.81,93.81
9335.695399,67.77,98.30,98.30
9335.706935,67.77,100.00,100.00
9335.718149,67.77,99.40,99.40
9335.728918,67.77,100.00,100.00
9335.739896,67.77,100.19,100.19
9335.751378,67.77,100.66,100.66
9335.763037,67.77,99.48,99.48
9335.774160,67.77,100.37,100.37
9335.785680,67.77,99.57,99.57
9335.795323,67.77,100.81,100.81
9335.806995,67.77,100.39,100.39
9335.817797,67.77,100.92,100.92
9335.829096,67.77,99.92,99.92
9335.840519,67.77,100.61,100.61
9335.851613,67.77,101.14,101.14
9335.862312,67.77,100.17,100.17
9335.873640,67.77,100.88,100.88
9335.885271,67.77,100.33,100.33
9335.897233,67.77,101.44,101.44
9335.906129,67.77,102.30,102.30
9335.917380,67.77,102.29,102.29
9335.928760,67.77,102.29,102.29
9335.951124,67.77,102.29,102.29
9335.974415,67.77,102.29,102.29
9335.996738,67.77,102.29,102.29
9336.020634,67.77,102.29,102.29
9336.040803,67.77,102.29,102.29
9336.061507,67.77,102.29,102.29
9336.076596,67.77,102.07,102.07
9336.084027,67.77,101.99,101.99
9336.095052,67.77,101.87,101.87
9336.108104,67.77,101.45,101.45
9336.117266,67.77,96.95,96.95
9336.128804,67.77,89.11,89.11
9336.140303,67.77,96.22,96.22
9336.150974,67.77,64.39,64.39
9336.162054,67.77,39.15,39.15
9336.173257,67.77,22.78,22.78
9336.184537,67.77,13.99,13.99
9336.196806,67.77,10.81,10.81
9336.208054,67.77,11.08,11.08
9336.218052,67.77,11.90,11.90
9336.229649,67.77,11.82,11.82
9336.241281,67.77,11.62,11.62
9336.252981,67.77,11.47,11.47
9336.262217,67.77,11.96,11.96
9336.274404,67.77,11.66,11.66
9336.284043,67.77,12.13,12.13
9336.295107,67.77,11.61,11.61
9336.307229,67.77,11.86,11.86
9336.317804,67.77,11.60,11.60
9336.328966,67.77,11.94,11.94
9336.339977,67.77,11.61,11.61
9336.351116,67.77,12.30,12.30
9336.362202,67.77,11.89,11.89
9336.373825,67.77,11.81,11.81
9336.385917,67.77,11.65,11.65
9336.395987,67.77,11.57,11.57
9336.407764,67.77,12.39,12.39
9336.418329,67.77,11.85,11.85
9336.429310,67.77,11.52,11.52
9336.440629,67.77,11.35,11.35
9336.451782,67.77,11.38,11.38
9336.463164,67.77,11.41,11.41
9336.473254,67.77,11.40,11.40
9336.484931,67.77,11.38,11.38
9336.495384,67.7